<testsuite errors="0" failures="0" tests="42" skipped="0" name="org.elasticsearch.index.engine.InternalEngineTests" hostname="nohost.nodomain" time="9.263" timestamp="2016-04-18T03:00:47">
   <properties class="java.util.ArrayList">
      <property name="awt.toolkit" value="sun.lwawt.macosx.LWCToolkit"/>
      <property name="es.logger.level" value="WARN"/>
      <property name="file.encoding" value="UTF-8"/>
      <property name="file.encoding.pkg" value="sun.io"/>
      <property name="file.separator" value="/"/>
      <property name="ftp.nonProxyHosts" value="local|*.local|169.254/16|*.169.254/16"/>
      <property name="gopherProxySet" value="false"/>
      <property name="http.nonProxyHosts" value="local|*.local|169.254/16|*.169.254/16"/>
      <property name="java.awt.graphicsenv" value="sun.awt.CGraphicsEnvironment"/>
      <property name="java.awt.headless" value="true"/>
      <property name="java.awt.printerjob" value="sun.lwawt.macosx.CPrinterJob"/>
      <property name="java.class.path" value="/Users/lwiskowski/CSE2410_spring2016_projectileDysfunction/core/build/classes/test:/Users/lwiskowski/CSE2410_spring2016_projectileDysfunction/core/build/resources/test:/Users/lwiskowski/CSE2410_spring2016_projectileDysfunction/core/build/classes/main:/Users/lwiskowski/CSE2410_spring2016_projectileDysfunction/core/build/resources/main:/Users/lwiskowski/.gradle/caches/modules-2/files-2.1/org.apache.lucene/lucene-core/5.5.0-snapshot-1721183/f6854c65c7f4c6d9de583f4daa4fd3ae8a3800f1/lucene-core-5.5.0-snapshot-1721183.jar:/Users/lwiskowski/.gradle/caches/modules-2/files-2.1/org.apache.lucene/lucene-analyzers-common/5.5.0-snapshot-1721183/69e187ef1d2d9c9570363eb4186821e0341df5b8/lucene-analyzers-common-5.5.0-snapshot-1721183.jar:/Users/lwiskowski/.gradle/caches/modules-2/files-2.1/org.apache.lucene/lucene-backward-codecs/5.5.0-snapshot-1721183/fa00a45ff9bc6a4df44db81f2e4e44ea94bf88e/lucene-backward-codecs-5.5.0-snapshot-1721183.jar:/Users/lwiskowski/.gradle/caches/modules-2/files-2.1/org.apache.lucene/lucene-grouping/5.5.0-snapshot-1721183/e996e6c723eb415ba2cfa7f5e98bbf194a4918dd/lucene-grouping-5.5.0-snapshot-1721183.jar:/Users/lwiskowski/.gradle/caches/modules-2/files-2.1/org.apache.lucene/lucene-highlighter/5.5.0-snapshot-1721183/3b7a5d97b10885f16eb53deb15d64c942b9f9fdb/lucene-highlighter-5.5.0-snapshot-1721183.jar:/Users/lwiskowski/.gradle/caches/modules-2/files-2.1/org.apache.lucene/lucene-join/5.5.0-snapshot-1721183/e4dda3eeb76e340aa4713a3b20d68c4a1504e505/lucene-join-5.5.0-snapshot-1721183.jar:/Users/lwiskowski/.gradle/caches/modules-2/files-2.1/org.apache.lucene/lucene-memory/5.5.0-snapshot-1721183/800442a5d7612ce4c8748831871b4d436a50554e/lucene-memory-5.5.0-snapshot-1721183.jar:/Users/lwiskowski/.gradle/caches/modules-2/files-2.1/org.apache.lucene/lucene-misc/5.5.0-snapshot-1721183/bdf184de9b5773c7af3ae908af78eeb1e512470c/lucene-misc-5.5.0-snapshot-1721183.jar:/Users/lwiskowski/.gradle/caches/modules-2/files-2.1/org.apache.lucene/lucene-queries/5.5.0-snapshot-1721183/fc59de52bd2c7e420edfd235723cb8b0dd44e92d/lucene-queries-5.5.0-snapshot-1721183.jar:/Users/lwiskowski/.gradle/caches/modules-2/files-2.1/org.apache.lucene/lucene-queryparser/5.5.0-snapshot-1721183/1d341e6a4f11f3170773ccffdbe6815b45967e3d/lucene-queryparser-5.5.0-snapshot-1721183.jar:/Users/lwiskowski/.gradle/caches/modules-2/files-2.1/org.apache.lucene/lucene-sandbox/5.5.0-snapshot-1721183/a1b02c2b595ac92f45f0d2be03841a3a7fcae1f1/lucene-sandbox-5.5.0-snapshot-1721183.jar:/Users/lwiskowski/.gradle/caches/modules-2/files-2.1/org.apache.lucene/lucene-spatial/5.5.0-snapshot-1721183/e3ea422b56734329fb6974e9cf9f66478adb5793/lucene-spatial-5.5.0-snapshot-1721183.jar:/Users/lwiskowski/.gradle/caches/modules-2/files-2.1/org.apache.lucene/lucene-spatial3d/5.5.0-snapshot-1721183/5eadbd4e63120b59ab6445e39489205f98420471/lucene-spatial3d-5.5.0-snapshot-1721183.jar:/Users/lwiskowski/.gradle/caches/modules-2/files-2.1/org.apache.lucene/lucene-suggest/5.5.0-snapshot-1721183/a336287e65d082535f02a8427666dbe46b1b9b74/lucene-suggest-5.5.0-snapshot-1721183.jar:/Users/lwiskowski/.gradle/caches/modules-2/files-2.1/org.elasticsearch/securesm/1.0/c0c6cf986ba0057390bfcc80c366a0e3157f944b/securesm-1.0.jar:/Users/lwiskowski/.gradle/caches/modules-2/files-2.1/commons-cli/commons-cli/1.3.1/1303efbc4b181e5a58bf2e967dc156a3132b97c0/commons-cli-1.3.1.jar:/Users/lwiskowski/.gradle/caches/modules-2/files-2.1/com.carrotsearch/hppc/0.7.1/8b5057f74ea378c0150a1860874a3ebdcb713767/hppc-0.7.1.jar:/Users/lwiskowski/.gradle/caches/modules-2/files-2.1/joda-time/joda-time/2.8.2/d27c24204c5e507b16fec01006b3d0f1ec42aed4/joda-time-2.8.2.jar:/Users/lwiskowski/.gradle/caches/modules-2/files-2.1/org.joda/joda-convert/1.2/35ec554f0cd00c956cc69051514d9488b1374dec/joda-convert-1.2.jar:/Users/lwiskowski/.gradle/caches/modules-2/files-2.1/com.fasterxml.jackson.core/jackson-core/2.6.2/123f29333b2c6b3516b14252b6e93226bfcd6e37/jackson-core-2.6.2.jar:/Users/lwiskowski/.gradle/caches/modules-2/files-2.1/com.fasterxml.jackson.dataformat/jackson-dataformat-smile/2.6.2/395d18c1a1dd730b8026ee59c4067e5d2b45ba6e/jackson-dataformat-smile-2.6.2.jar:/Users/lwiskowski/.gradle/caches/modules-2/files-2.1/com.fasterxml.jackson.dataformat/jackson-dataformat-yaml/2.6.2/4ae23088dd3fae47c66843f2e4251d7255ee140e/jackson-dataformat-yaml-2.6.2.jar:/Users/lwiskowski/.gradle/caches/modules-2/files-2.1/com.fasterxml.jackson.dataformat/jackson-dataformat-cbor/2.6.2/1e13c575f914c83761bb8e2aca7dfd9e4c647579/jackson-dataformat-cbor-2.6.2.jar:/Users/lwiskowski/.gradle/caches/modules-2/files-2.1/io.netty/netty/3.10.5.Final/9ca7d55d246092bddd29b867706e2f6c7db701a0/netty-3.10.5.Final.jar:/Users/lwiskowski/.gradle/caches/modules-2/files-2.1/com.tdunning/t-digest/3.0/84ccf145ac2215e6bfa63baa3101c0af41017cfc/t-digest-3.0.jar:/Users/lwiskowski/.gradle/caches/modules-2/files-2.1/org.hdrhistogram/HdrHistogram/2.1.6/7495feb7f71ee124bd2a7e7d83590e296d71d80e/HdrHistogram-2.1.6.jar:/Users/lwiskowski/.gradle/caches/modules-2/files-2.1/com.spatial4j/spatial4j/0.5/6e16edaf6b1ba76db7f08c2f3723fce3b358ecc3/spatial4j-0.5.jar:/Users/lwiskowski/.gradle/caches/modules-2/files-2.1/com.vividsolutions/jts/1.13/3ccfb9b60f04d71add996a666ceb8902904fd805/jts-1.13.jar:/Users/lwiskowski/.gradle/caches/modules-2/files-2.1/log4j/log4j/1.2.17/5af35056b4d257e4b64b9e8069c0746e8b08629f/log4j-1.2.17.jar:/Users/lwiskowski/.gradle/caches/modules-2/files-2.1/log4j/apache-log4j-extras/1.2.17/85863614d82185d7e51fe21c00aa9117a523a8b6/apache-log4j-extras-1.2.17.jar:/Users/lwiskowski/.gradle/caches/modules-2/files-2.1/org.slf4j/slf4j-api/1.6.2/8619e95939167fb37245b5670135e4feb0ec7d50/slf4j-api-1.6.2.jar:/Users/lwiskowski/.gradle/caches/modules-2/files-2.1/net.java.dev.jna/jna/4.1.0/1c12d070e602efd8021891cdd7fd18bc129372d4/jna-4.1.0.jar:/Users/lwiskowski/CSE2410_spring2016_projectileDysfunction/test/framework/build/libs/framework-3.0.0-SNAPSHOT.jar:/Users/lwiskowski/.gradle/caches/modules-2/files-2.1/com.carrotsearch.randomizedtesting/randomizedtesting-runner/2.3.2/307965917fe8a22b7ee72deba39ef4b8e6ebc069/randomizedtesting-runner-2.3.2.jar:/Users/lwiskowski/.gradle/caches/modules-2/files-2.1/junit/junit/4.11/4e031bb61df09069aeb2bffb4019e7a5034a4ee0/junit-4.11.jar:/Users/lwiskowski/.gradle/caches/modules-2/files-2.1/org.hamcrest/hamcrest-all/1.3/63a21ebc981131004ad02e0434e799fd7f3a8d5a/hamcrest-all-1.3.jar:/Users/lwiskowski/.gradle/caches/modules-2/files-2.1/org.apache.lucene/lucene-test-framework/5.5.0-snapshot-1721183/a8d851d0ad82182b3a02f4b30c336e7aa0e173cb/lucene-test-framework-5.5.0-snapshot-1721183.jar:/Users/lwiskowski/.gradle/caches/modules-2/files-2.1/org.apache.lucene/lucene-codecs/5.5.0-snapshot-1721183/8aa59442b028c7a2c1a516accb6142a8910ba5fc/lucene-codecs-5.5.0-snapshot-1721183.jar:/Users/lwiskowski/.gradle/caches/modules-2/files-2.1/org.apache.httpcomponents/httpclient/4.3.6/4c47155e3e6c9a41a28db36680b828ced53b8af4/httpclient-4.3.6.jar:/Users/lwiskowski/.gradle/caches/modules-2/files-2.1/org.apache.httpcomponents/httpcore/4.3.3/f91b7a4aadc5cf486df6e4634748d7dd7a73f06d/httpcore-4.3.3.jar:/Users/lwiskowski/.gradle/caches/modules-2/files-2.1/commons-logging/commons-logging/1.1.3/f6f66e966c70a83ffbdb6f17a0919eaf7c8aca7f/commons-logging-1.1.3.jar:/Users/lwiskowski/.gradle/caches/modules-2/files-2.1/commons-codec/commons-codec/1.10/4b95f4897fa13f2cd904aee711aeafc0c5295cd8/commons-codec-1.10.jar:/Users/lwiskowski/.gradle/caches/modules-2/files-2.1/org.elasticsearch/securemock/1.2/98201d4ad5ac93f6b415ae9172d52b5e7cda490e/securemock-1.2.jar:/Users/lwiskowski/.gradle/caches/modules-2/files-2.1/com.carrotsearch.randomizedtesting/junit4-ant/2.3.2/dc8f03f6111974092491f35b8269eb0fc57f52f7/junit4-ant-2.3.2.jar"/>
      <property name="java.class.version" value="52.0"/>
      <property name="java.endorsed.dirs" value="/Library/Java/JavaVirtualMachines/jdk1.8.0_71.jdk/Contents/Home/jre/lib/endorsed"/>
      <property name="java.ext.dirs" value="/Users/lwiskowski/Library/Java/Extensions:/Library/Java/JavaVirtualMachines/jdk1.8.0_71.jdk/Contents/Home/jre/lib/ext:/Library/Java/Extensions:/Network/Library/Java/Extensions:/System/Library/Java/Extensions:/usr/lib/java"/>
      <property name="java.home" value="/Library/Java/JavaVirtualMachines/jdk1.8.0_71.jdk/Contents/Home/jre"/>
      <property name="java.io.tmpdir" value="./temp"/>
      <property name="java.library.path" value="/Users/lwiskowski/Library/Java/Extensions:/Library/Java/Extensions:/Network/Library/Java/Extensions:/System/Library/Java/Extensions:/usr/lib/java:."/>
      <property name="java.runtime.name" value="Java(TM) SE Runtime Environment"/>
      <property name="java.runtime.version" value="1.8.0_71-b15"/>
      <property name="java.specification.name" value="Java Platform API Specification"/>
      <property name="java.specification.vendor" value="Oracle Corporation"/>
      <property name="java.specification.version" value="1.8"/>
      <property name="java.vendor" value="Oracle Corporation"/>
      <property name="java.vendor.url" value="http://java.oracle.com/"/>
      <property name="java.vendor.url.bug" value="http://bugreport.sun.com/bugreport/"/>
      <property name="java.version" value="1.8.0_71"/>
      <property name="java.vm.info" value="mixed mode"/>
      <property name="java.vm.name" value="Java HotSpot(TM) 64-Bit Server VM"/>
      <property name="java.vm.specification.name" value="Java Virtual Machine Specification"/>
      <property name="java.vm.specification.vendor" value="Oracle Corporation"/>
      <property name="java.vm.specification.version" value="1.8"/>
      <property name="java.vm.vendor" value="Oracle Corporation"/>
      <property name="java.vm.version" value="25.71-b15"/>
      <property name="junit4.childvm.count" value="4"/>
      <property name="junit4.childvm.cwd" value="/Users/lwiskowski/CSE2410_spring2016_projectileDysfunction/core/build/testrun/test/J1"/>
      <property name="junit4.childvm.id" value="1"/>
      <property name="junit4.memory.total" value="514850816"/>
      <property name="junit4.pidString" value="3677@host238-95.aruba.fit.edu"/>
      <property name="junit4.processors" value="8"/>
      <property name="line.separator" value="
"/>
      <property name="os.arch" value="x86_64"/>
      <property name="os.name" value="Mac OS X"/>
      <property name="os.version" value="10.11.4"/>
      <property name="path.separator" value=":"/>
      <property name="socksNonProxyHosts" value="local|*.local|169.254/16|*.169.254/16"/>
      <property name="sun.arch.data.model" value="64"/>
      <property name="sun.boot.class.path" value="/Library/Java/JavaVirtualMachines/jdk1.8.0_71.jdk/Contents/Home/jre/lib/resources.jar:/Library/Java/JavaVirtualMachines/jdk1.8.0_71.jdk/Contents/Home/jre/lib/rt.jar:/Library/Java/JavaVirtualMachines/jdk1.8.0_71.jdk/Contents/Home/jre/lib/sunrsasign.jar:/Library/Java/JavaVirtualMachines/jdk1.8.0_71.jdk/Contents/Home/jre/lib/jsse.jar:/Library/Java/JavaVirtualMachines/jdk1.8.0_71.jdk/Contents/Home/jre/lib/jce.jar:/Library/Java/JavaVirtualMachines/jdk1.8.0_71.jdk/Contents/Home/jre/lib/charsets.jar:/Library/Java/JavaVirtualMachines/jdk1.8.0_71.jdk/Contents/Home/jre/lib/jfr.jar:/Library/Java/JavaVirtualMachines/jdk1.8.0_71.jdk/Contents/Home/jre/classes"/>
      <property name="sun.boot.library.path" value="/Library/Java/JavaVirtualMachines/jdk1.8.0_71.jdk/Contents/Home/jre/lib"/>
      <property name="sun.cpu.endian" value="little"/>
      <property name="sun.cpu.isalist" value=""/>
      <property name="sun.io.unicode.encoding" value="UnicodeBig"/>
      <property name="sun.java.command" value="com.carrotsearch.ant.tasks.junit4.slave.SlaveMainSafe -eventsfile /Users/lwiskowski/CSE2410_spring2016_projectileDysfunction/core/build/testrun/test/temp/junit4-J1-20160418_030013_807.events @/Users/lwiskowski/CSE2410_spring2016_projectileDysfunction/core/build/testrun/test/temp/junit4-J1-20160418_030013_807.suites -stdin"/>
      <property name="sun.java.launcher" value="SUN_STANDARD"/>
      <property name="sun.jnu.encoding" value="UTF-8"/>
      <property name="sun.management.compiler" value="HotSpot 64-Bit Tiered Compilers"/>
      <property name="sun.os.patch.level" value="unknown"/>
      <property name="tests.artifact" value="core"/>
      <property name="tests.ifNoTests" value="fail"/>
      <property name="tests.maven" value="true"/>
      <property name="tests.prefix" value="tests"/>
      <property name="tests.security.manager" value="true"/>
      <property name="tests.seed" value="C877FAF7F7268FEE"/>
      <property name="tests.task" value=":core:test"/>
      <property name="user.country" value="US"/>
      <property name="user.dir" value="/Users/lwiskowski/CSE2410_spring2016_projectileDysfunction/core/build/testrun/test/J1"/>
      <property name="user.home" value="/Users/lwiskowski"/>
      <property name="user.language" value="en"/>
      <property name="user.name" value="lwiskowski"/>
      <property name="user.timezone" value=""/>
   </properties>
   <testcase classname="org.elasticsearch.index.engine.InternalEngineTests" name="testExternalVersioningIndexConflict" time="0.289"/>
   <testcase classname="org.elasticsearch.index.engine.InternalEngineTests" name="testConcurrentGetAndFlush" time="0.689"/>
   <testcase classname="org.elasticsearch.index.engine.InternalEngineTests" name="testVersioningIndexConflictWithFlush" time="0.296"/>
   <testcase classname="org.elasticsearch.index.engine.InternalEngineTests" name="testSegmentsWithMergeFlag" time="1.665"/>
   <testcase classname="org.elasticsearch.index.engine.InternalEngineTests" name="testUpgradeOldIndex" time="0.546"/>
   <testcase classname="org.elasticsearch.index.engine.InternalEngineTests" name="testIndexWriterInfoStream" time="0.128"/>
   <testcase classname="org.elasticsearch.index.engine.InternalEngineTests" name="testVersioningDeleteConflictWithFlush" time="0.084"/>
   <testcase classname="org.elasticsearch.index.engine.InternalEngineTests" name="testSimpleOperations" time="0.966"/>
   <testcase classname="org.elasticsearch.index.engine.InternalEngineTests" name="testIndexWriterIFDInfoStream" time="0.357"/>
   <testcase classname="org.elasticsearch.index.engine.InternalEngineTests" name="testIndexSearcherWrapper" time="0.05"/>
   <testcase classname="org.elasticsearch.index.engine.InternalEngineTests" name="testCreatedFlagAfterFlush" time="0.035"/>
   <testcase classname="org.elasticsearch.index.engine.InternalEngineTests" name="testExtractShardId" time="0.014"/>
   <testcase classname="org.elasticsearch.index.engine.InternalEngineTests" name="testSegments" time="0.046"/>
   <testcase classname="org.elasticsearch.index.engine.InternalEngineTests" name="testVerboseSegments" time="0.021"/>
   <testcase classname="org.elasticsearch.index.engine.InternalEngineTests" name="testTranslogReplayWithFailure" time="0.056"/>
   <testcase classname="org.elasticsearch.index.engine.InternalEngineTests" name="testForceMerge" time="0.293"/>
   <testcase classname="org.elasticsearch.index.engine.InternalEngineTests" name="testSkipTranslogReplay" time="0.014"/>
   <testcase classname="org.elasticsearch.index.engine.InternalEngineTests" name="testVersioningIndexConflict" time="0.01"/>
   <testcase classname="org.elasticsearch.index.engine.InternalEngineTests" name="testVersioningCreateExistsExceptionWithFlush" time="0.017"/>
   <testcase classname="org.elasticsearch.index.engine.InternalEngineTests" name="testRecoverFromForeignTranslog" time="0.028"/>
   <testcase classname="org.elasticsearch.index.engine.InternalEngineTests" name="testVersioningReplicaConflict1" time="0.011"/>
   <testcase classname="org.elasticsearch.index.engine.InternalEngineTests" name="testForceMergeAndClose" time="0.747"/>
   <testcase classname="org.elasticsearch.index.engine.InternalEngineTests" name="testVersioningCreateExistsException" time="0.023"/>
   <testcase classname="org.elasticsearch.index.engine.InternalEngineTests" name="testExternalVersioningNewIndex" time="0.022"/>
   <testcase classname="org.elasticsearch.index.engine.InternalEngineTests" name="testEnableGcDeletes" time="1.071"/>
   <testcase classname="org.elasticsearch.index.engine.InternalEngineTests" name="testVersioningDeleteConflict" time="0.015"/>
   <testcase classname="org.elasticsearch.index.engine.InternalEngineTests" name="testVersioningNewIndex" time="0.013"/>
   <testcase classname="org.elasticsearch.index.engine.InternalEngineTests" name="testSycnedFlushSurvivesEngineRestart" time="0.023"/>
   <testcase classname="org.elasticsearch.index.engine.InternalEngineTests" name="testSyncedFlush" time="0.029"/>
   <testcase classname="org.elasticsearch.index.engine.InternalEngineTests" name="testShardNotAvailableExceptionWhenEngineClosedConcurrently" time="0.014"/>
   <testcase classname="org.elasticsearch.index.engine.InternalEngineTests" name="testVersioningReplicaConflict2" time="0.016"/>
   <testcase classname="org.elasticsearch.index.engine.InternalEngineTests" name="testMissingTranslog" time="0.018"/>
   <testcase classname="org.elasticsearch.index.engine.InternalEngineTests" name="testVersioningNewCreate" time="0.018"/>
   <testcase classname="org.elasticsearch.index.engine.InternalEngineTests" name="testCommitStats" time="0.083"/>
   <testcase classname="org.elasticsearch.index.engine.InternalEngineTests" name="testSearchResultRelease" time="0.337"/>
   <testcase classname="org.elasticsearch.index.engine.InternalEngineTests" name="testExternalVersioningIndexConflictWithFlush" time="0.06"/>
   <testcase classname="org.elasticsearch.index.engine.InternalEngineTests" name="testSettings" time="0.036"/>
   <testcase classname="org.elasticsearch.index.engine.InternalEngineTests" name="testTranslogReplay" time="0.072"/>
   <testcase classname="org.elasticsearch.index.engine.InternalEngineTests" name="testRenewSyncFlush" time="0.261"/>
   <testcase classname="org.elasticsearch.index.engine.InternalEngineTests" name="testBasicCreatedFlag" time="0.032"/>
   <testcase classname="org.elasticsearch.index.engine.InternalEngineTests" name="testSycnedFlushVanishesOnReplay" time="0.193"/>
   <testcase classname="org.elasticsearch.index.engine.InternalEngineTests" name="testFailStart" time="0.451"/>
   <system-out><![CDATA[[2016-04-18 03:00:51,453][TRACE][org.elasticsearch.index.engine]  [index][1] acquired flush lock immediately
[2016-04-18 03:00:51,454][TRACE][org.elasticsearch.index.translog]  [index][1] current translog set to [3]
[2016-04-18 03:00:51,454][TRACE][org.elasticsearch.index.engine]  [index][1] starting commit for flush; commitTranslog=true
[2016-04-18 03:00:51,454][TRACE][org.elasticsearch.index.engine]  [index][1] committing writer with translog id [3]  and sync id [null] 
[2016-04-18 03:00:51,455][TRACE][org.elasticsearch.index.engine.lucene.iw]  [index][1] TEST-InternalEngineTests.testIndexWriterInfoStream-seed#[C877FAF7F7268FEE] IW: commit: start
[2016-04-18 03:00:51,455][TRACE][org.elasticsearch.index.engine.lucene.iw]  [index][1] TEST-InternalEngineTests.testIndexWriterInfoStream-seed#[C877FAF7F7268FEE] IW: commit: enter lock
[2016-04-18 03:00:51,455][TRACE][org.elasticsearch.index.engine.lucene.iw]  [index][1] TEST-InternalEngineTests.testIndexWriterInfoStream-seed#[C877FAF7F7268FEE] IW: commit: now prepare
[2016-04-18 03:00:51,455][TRACE][org.elasticsearch.index.engine.lucene.iw]  [index][1] TEST-InternalEngineTests.testIndexWriterInfoStream-seed#[C877FAF7F7268FEE] IW: prepareCommit: flush
[2016-04-18 03:00:51,455][TRACE][org.elasticsearch.index.engine.lucene.iw]  [index][1] TEST-InternalEngineTests.testIndexWriterInfoStream-seed#[C877FAF7F7268FEE] IW:   index before flush _0(5.5.0):c1
[2016-04-18 03:00:51,455][TRACE][org.elasticsearch.index.engine.lucene.iw]  [index][1] TEST-InternalEngineTests.testIndexWriterInfoStream-seed#[C877FAF7F7268FEE] DW: startFullFlush
[2016-04-18 03:00:51,455][TRACE][org.elasticsearch.index.engine.lucene.iw]  [index][1] TEST-InternalEngineTests.testIndexWriterInfoStream-seed#[C877FAF7F7268FEE] DW: anyChanges? numDocsInRam=1 deletes=false hasTickets:false pendingChangesInFullFlush: false
[2016-04-18 03:00:51,455][TRACE][org.elasticsearch.index.engine.lucene.iw]  [index][1] TEST-InternalEngineTests.testIndexWriterInfoStream-seed#[C877FAF7F7268FEE] DWFC: addFlushableState DocumentsWriterPerThread [pendingDeletes=gen=0, segment=_1, aborted=false, numDocsInRAM=1, deleteQueue=DWDQ: [ generation: 4 ]]
[2016-04-18 03:00:51,455][TRACE][org.elasticsearch.index.engine.lucene.iw]  [index][1] TEST-InternalEngineTests.testIndexWriterInfoStream-seed#[C877FAF7F7268FEE] DWPT: flush postings as segment _1 numDocs=1
[2016-04-18 03:00:51,458][TRACE][org.elasticsearch.index.engine.lucene.iw]  [index][1] TEST-InternalEngineTests.testIndexWriterInfoStream-seed#[C877FAF7F7268FEE] DWPT: new segment has 0 deleted docs
[2016-04-18 03:00:51,458][TRACE][org.elasticsearch.index.engine.lucene.iw]  [index][1] TEST-InternalEngineTests.testIndexWriterInfoStream-seed#[C877FAF7F7268FEE] DWPT: new segment has no vectors; norms; docValues; prox; freqs
[2016-04-18 03:00:51,458][TRACE][org.elasticsearch.index.engine.lucene.iw]  [index][1] TEST-InternalEngineTests.testIndexWriterInfoStream-seed#[C877FAF7F7268FEE] DWPT: flushedFiles=[_1_Asserting_0.dvm, _1_Asserting_0.tip, _1.nvd, _1_Asserting_0.doc, _1_Asserting_0.tim, _1_Asserting_0.dvd, _1_Asserting_0.pos, _1.fdx, _1.nvm, _1.fnm, _1.fdt]
[2016-04-18 03:00:51,458][TRACE][org.elasticsearch.index.engine.lucene.iw]  [index][1] TEST-InternalEngineTests.testIndexWriterInfoStream-seed#[C877FAF7F7268FEE] DWPT: flushed codec=Asserting(Lucene54)
[2016-04-18 03:00:51,458][TRACE][org.elasticsearch.index.engine.lucene.iw]  [index][1] TEST-InternalEngineTests.testIndexWriterInfoStream-seed#[C877FAF7F7268FEE] DWPT: flushed: segment=_1 ramUsed=0.087 MB newFlushedSize=0.001 MB docs/MB=772.147
[2016-04-18 03:00:51,458][TRACE][org.elasticsearch.index.engine.lucene.iw]  [index][1] TEST-InternalEngineTests.testIndexWriterInfoStream-seed#[C877FAF7F7268FEE] IW: create compound file
[2016-04-18 03:00:51,459][TRACE][org.elasticsearch.index.engine.lucene.iw]  [index][1] TEST-InternalEngineTests.testIndexWriterInfoStream-seed#[C877FAF7F7268FEE] DW: publishFlushedSegment seg-private updates=null
[2016-04-18 03:00:51,459][TRACE][org.elasticsearch.index.engine.lucene.iw]  [index][1] TEST-InternalEngineTests.testIndexWriterInfoStream-seed#[C877FAF7F7268FEE] IW: publishFlushedSegment
[2016-04-18 03:00:51,459][TRACE][org.elasticsearch.index.engine.lucene.iw]  [index][1] TEST-InternalEngineTests.testIndexWriterInfoStream-seed#[C877FAF7F7268FEE] IW: publish sets newSegment delGen=6 seg=_1(5.5.0):c1
[2016-04-18 03:00:51,459][TRACE][org.elasticsearch.index.engine.lucene.iw.ifd]  [index][1] TEST-InternalEngineTests.testIndexWriterInfoStream-seed#[C877FAF7F7268FEE] IFD: now checkpoint "_0(5.5.0):c1 _1(5.5.0):c1" [2 segments ; isCommit = false]
[2016-04-18 03:00:51,459][TRACE][org.elasticsearch.index.engine.lucene.iw.ifd]  [index][1] TEST-InternalEngineTests.testIndexWriterInfoStream-seed#[C877FAF7F7268FEE] IFD: 0 msec to checkpoint
[2016-04-18 03:00:51,459][TRACE][org.elasticsearch.index.engine.lucene.iw.ifd]  [index][1] TEST-InternalEngineTests.testIndexWriterInfoStream-seed#[C877FAF7F7268FEE] IFD: will delete new file "_1_Asserting_0.dvm"
[2016-04-18 03:00:51,459][TRACE][org.elasticsearch.index.engine.lucene.iw.ifd]  [index][1] TEST-InternalEngineTests.testIndexWriterInfoStream-seed#[C877FAF7F7268FEE] IFD: will delete new file "_1_Asserting_0.tip"
[2016-04-18 03:00:51,459][TRACE][org.elasticsearch.index.engine.lucene.iw.ifd]  [index][1] TEST-InternalEngineTests.testIndexWriterInfoStream-seed#[C877FAF7F7268FEE] IFD: will delete new file "_1.nvd"
[2016-04-18 03:00:51,459][TRACE][org.elasticsearch.index.engine.lucene.iw.ifd]  [index][1] TEST-InternalEngineTests.testIndexWriterInfoStream-seed#[C877FAF7F7268FEE] IFD: will delete new file "_1_Asserting_0.doc"
[2016-04-18 03:00:51,459][TRACE][org.elasticsearch.index.engine.lucene.iw.ifd]  [index][1] TEST-InternalEngineTests.testIndexWriterInfoStream-seed#[C877FAF7F7268FEE] IFD: will delete new file "_1_Asserting_0.tim"
[2016-04-18 03:00:51,460][TRACE][org.elasticsearch.index.engine.lucene.iw.ifd]  [index][1] TEST-InternalEngineTests.testIndexWriterInfoStream-seed#[C877FAF7F7268FEE] IFD: will delete new file "_1_Asserting_0.dvd"
[2016-04-18 03:00:51,460][TRACE][org.elasticsearch.index.engine.lucene.iw.ifd]  [index][1] TEST-InternalEngineTests.testIndexWriterInfoStream-seed#[C877FAF7F7268FEE] IFD: will delete new file "_1_Asserting_0.pos"
[2016-04-18 03:00:51,460][TRACE][org.elasticsearch.index.engine.lucene.iw.ifd]  [index][1] TEST-InternalEngineTests.testIndexWriterInfoStream-seed#[C877FAF7F7268FEE] IFD: will delete new file "_1.fdx"
[2016-04-18 03:00:51,460][TRACE][org.elasticsearch.index.engine.lucene.iw.ifd]  [index][1] TEST-InternalEngineTests.testIndexWriterInfoStream-seed#[C877FAF7F7268FEE] IFD: will delete new file "_1.nvm"
[2016-04-18 03:00:51,460][TRACE][org.elasticsearch.index.engine.lucene.iw.ifd]  [index][1] TEST-InternalEngineTests.testIndexWriterInfoStream-seed#[C877FAF7F7268FEE] IFD: will delete new file "_1.fnm"
[2016-04-18 03:00:51,460][TRACE][org.elasticsearch.index.engine.lucene.iw.ifd]  [index][1] TEST-InternalEngineTests.testIndexWriterInfoStream-seed#[C877FAF7F7268FEE] IFD: will delete new file "_1.fdt"
[2016-04-18 03:00:51,460][TRACE][org.elasticsearch.index.engine.lucene.iw.ifd]  [index][1] TEST-InternalEngineTests.testIndexWriterInfoStream-seed#[C877FAF7F7268FEE] IFD: delete "_1_Asserting_0.dvm"
[2016-04-18 03:00:51,460][TRACE][org.elasticsearch.index.store.deletes] [index][1] StoreDirectory.deleteFile: delete file _1_Asserting_0.dvm
[2016-04-18 03:00:51,460][TRACE][org.elasticsearch.index.engine.lucene.iw.ifd]  [index][1] TEST-InternalEngineTests.testIndexWriterInfoStream-seed#[C877FAF7F7268FEE] IFD: delete "_1_Asserting_0.tip"
[2016-04-18 03:00:51,460][TRACE][org.elasticsearch.index.store.deletes] [index][1] StoreDirectory.deleteFile: delete file _1_Asserting_0.tip
[2016-04-18 03:00:51,460][TRACE][org.elasticsearch.index.engine.lucene.iw.ifd]  [index][1] TEST-InternalEngineTests.testIndexWriterInfoStream-seed#[C877FAF7F7268FEE] IFD: delete "_1.nvd"
[2016-04-18 03:00:51,460][TRACE][org.elasticsearch.index.store.deletes] [index][1] StoreDirectory.deleteFile: delete file _1.nvd
[2016-04-18 03:00:51,466][TRACE][org.elasticsearch.index.engine.lucene.iw.ifd]  [index][1] TEST-InternalEngineTests.testIndexWriterInfoStream-seed#[C877FAF7F7268FEE] IFD: delete "_1_Asserting_0.doc"
[2016-04-18 03:00:51,466][TRACE][org.elasticsearch.index.store.deletes] [index][1] StoreDirectory.deleteFile: delete file _1_Asserting_0.doc
[2016-04-18 03:00:51,468][TRACE][org.elasticsearch.index.engine.lucene.iw.ifd]  [index][1] TEST-InternalEngineTests.testIndexWriterInfoStream-seed#[C877FAF7F7268FEE] IFD: unable to remove file "_1_Asserting_0.doc": java.io.IOException: cannot delete file: _1_Asserting_0.doc, a virus scanner has it open; Will re-try later.
[2016-04-18 03:00:51,468][TRACE][org.elasticsearch.index.engine.lucene.iw.ifd]  [index][1] TEST-InternalEngineTests.testIndexWriterInfoStream-seed#[C877FAF7F7268FEE] IFD: delete "_1_Asserting_0.tim"
[2016-04-18 03:00:51,468][TRACE][org.elasticsearch.index.store.deletes] [index][1] StoreDirectory.deleteFile: delete file _1_Asserting_0.tim
[2016-04-18 03:00:51,468][TRACE][org.elasticsearch.index.engine.lucene.iw.ifd]  [index][1] TEST-InternalEngineTests.testIndexWriterInfoStream-seed#[C877FAF7F7268FEE] IFD: delete "_1_Asserting_0.dvd"
[2016-04-18 03:00:51,468][TRACE][org.elasticsearch.index.store.deletes] [index][1] StoreDirectory.deleteFile: delete file _1_Asserting_0.dvd
[2016-04-18 03:00:51,468][TRACE][org.elasticsearch.index.engine.lucene.iw.ifd]  [index][1] TEST-InternalEngineTests.testIndexWriterInfoStream-seed#[C877FAF7F7268FEE] IFD: delete "_1_Asserting_0.pos"
[2016-04-18 03:00:51,468][TRACE][org.elasticsearch.index.store.deletes] [index][1] StoreDirectory.deleteFile: delete file _1_Asserting_0.pos
[2016-04-18 03:00:51,469][TRACE][org.elasticsearch.index.engine.lucene.iw.ifd]  [index][1] TEST-InternalEngineTests.testIndexWriterInfoStream-seed#[C877FAF7F7268FEE] IFD: delete "_1.fdx"
[2016-04-18 03:00:51,469][TRACE][org.elasticsearch.index.store.deletes] [index][1] StoreDirectory.deleteFile: delete file _1.fdx
[2016-04-18 03:00:51,470][TRACE][org.elasticsearch.index.engine.lucene.iw.ifd]  [index][1] TEST-InternalEngineTests.testIndexWriterInfoStream-seed#[C877FAF7F7268FEE] IFD: delete "_1.nvm"
[2016-04-18 03:00:51,470][TRACE][org.elasticsearch.index.store.deletes] [index][1] StoreDirectory.deleteFile: delete file _1.nvm
[2016-04-18 03:00:51,470][TRACE][org.elasticsearch.index.engine.lucene.iw.ifd]  [index][1] TEST-InternalEngineTests.testIndexWriterInfoStream-seed#[C877FAF7F7268FEE] IFD: delete "_1.fnm"
[2016-04-18 03:00:51,470][TRACE][org.elasticsearch.index.store.deletes] [index][1] StoreDirectory.deleteFile: delete file _1.fnm
[2016-04-18 03:00:51,470][TRACE][org.elasticsearch.index.engine.lucene.iw.ifd]  [index][1] TEST-InternalEngineTests.testIndexWriterInfoStream-seed#[C877FAF7F7268FEE] IFD: delete "_1.fdt"
[2016-04-18 03:00:51,470][TRACE][org.elasticsearch.index.store.deletes] [index][1] StoreDirectory.deleteFile: delete file _1.fdt
[2016-04-18 03:00:51,470][TRACE][org.elasticsearch.index.engine.lucene.iw]  [index][1] TEST-InternalEngineTests.testIndexWriterInfoStream-seed#[C877FAF7F7268FEE] IW: apply all deletes during flush
[2016-04-18 03:00:51,471][TRACE][org.elasticsearch.index.engine.lucene.iw]  [index][1] TEST-InternalEngineTests.testIndexWriterInfoStream-seed#[C877FAF7F7268FEE] IW: now apply all deletes for all segments maxDoc=2
[2016-04-18 03:00:51,471][TRACE][org.elasticsearch.index.engine.lucene.iw]  [index][1] TEST-InternalEngineTests.testIndexWriterInfoStream-seed#[C877FAF7F7268FEE] BD: applyDeletes: open segment readers took 0 msec
[2016-04-18 03:00:51,471][TRACE][org.elasticsearch.index.engine.lucene.iw]  [index][1] TEST-InternalEngineTests.testIndexWriterInfoStream-seed#[C877FAF7F7268FEE] BD: applyDeletes: no segments; skipping
[2016-04-18 03:00:51,471][TRACE][org.elasticsearch.index.engine.lucene.iw]  [index][1] TEST-InternalEngineTests.testIndexWriterInfoStream-seed#[C877FAF7F7268FEE] BD: prune sis=segments_2: _0(5.5.0):c1 _1(5.5.0):c1 minGen=3 packetCount=0
[2016-04-18 03:00:51,471][TRACE][org.elasticsearch.index.engine.lucene.iw]  [index][1] TEST-InternalEngineTests.testIndexWriterInfoStream-seed#[C877FAF7F7268FEE] DW: TEST-InternalEngineTests.testIndexWriterInfoStream-seed#[C877FAF7F7268FEE] finishFullFlush success=true
[2016-04-18 03:00:51,471][TRACE][org.elasticsearch.index.engine.lucene.iw]  [index][1] TEST-InternalEngineTests.testIndexWriterInfoStream-seed#[C877FAF7F7268FEE] IW: 
dir=store(MockDirectoryWrapper(RAMDirectory@389fe903 lockFactory=org.apache.lucene.store.SingleInstanceLockFactory@44588b0c))
index=_0(5.5.0):c1 _1(5.5.0):c1
version=5.5.0
analyzer=org.apache.lucene.analysis.MockAnalyzer
ramBufferSizeMB=256.0
maxBufferedDocs=-1
maxBufferedDeleteTerms=-1
mergedSegmentWarmer=org.elasticsearch.index.engine.InternalEngine$1@485b2b2b
delPolicy=org.apache.lucene.index.SnapshotDeletionPolicy
commit=null
openMode=CREATE
similarity=org.apache.lucene.search.RandomSimilarityProvider
mergeScheduler=EngineMergeScheduler: maxThreadCount=1, maxMergeCount=6, ioThrottle=true
default WRITE_LOCK_TIMEOUT=0
writeLockTimeout=5000
codec=Asserting(Lucene54)
infoStream=org.elasticsearch.common.lucene.LoggerInfoStream
mergePolicy=ElasticsearchMergePolicy([AlcoholicMergePolicy: minMergeSize=0, mergeFactor=10, maxMergeSize=1111298018, maxMergeSizeForForcedMerge=9223372036854775807, calibrateSizeByDeletes=true, maxMergeDocs=2147483647, maxCFSSegmentSizeMB=8.796093022207999E12, noCFSRatio=0.1])
indexerThreadPool=org.apache.lucene.index.DocumentsWriterPerThreadPool@74b11b8d
readerPooling=false
perThreadHardLimitMB=1945
useCompoundFile=true
commitOnClose=false
writer=org.apache.lucene.index.IndexWriter@5d63bfe2

[2016-04-18 03:00:51,471][TRACE][org.elasticsearch.index.engine.lucene.iw]  [index][1] TEST-InternalEngineTests.testIndexWriterInfoStream-seed#[C877FAF7F7268FEE] IW: MMapDirectory.UNMAP_SUPPORTED=true
[2016-04-18 03:00:51,471][TRACE][org.elasticsearch.index.engine.lucene.iw]  [index][1] TEST-InternalEngineTests.testIndexWriterInfoStream-seed#[C877FAF7F7268FEE] LMP: findMerges: 2 segments
[2016-04-18 03:00:51,472][TRACE][org.elasticsearch.index.engine.lucene.iw]  [index][1] TEST-InternalEngineTests.testIndexWriterInfoStream-seed#[C877FAF7F7268FEE] LMP: seg=_0(5.5.0):c1 level=3.3324385 size=0.002 MB
[2016-04-18 03:00:51,477][TRACE][org.elasticsearch.index.engine.lucene.iw]  [index][1] TEST-InternalEngineTests.testIndexWriterInfoStream-seed#[C877FAF7F7268FEE] LMP: seg=_1(5.5.0):c1 level=3.3324385 size=0.002 MB
[2016-04-18 03:00:51,477][TRACE][org.elasticsearch.index.engine.lucene.iw]  [index][1] TEST-InternalEngineTests.testIndexWriterInfoStream-seed#[C877FAF7F7268FEE] LMP:   level 2.5824385 to 3.3324385: 2 segments
[2016-04-18 03:00:51,477][TRACE][org.elasticsearch.index.engine.lucene.iw]  [index][1] TEST-InternalEngineTests.testIndexWriterInfoStream-seed#[C877FAF7F7268FEE] MS: now merge
[2016-04-18 03:00:51,477][TRACE][org.elasticsearch.index.engine.lucene.iw]  [index][1] TEST-InternalEngineTests.testIndexWriterInfoStream-seed#[C877FAF7F7268FEE] MS:   index: _0(5.5.0):c1 _1(5.5.0):c1
[2016-04-18 03:00:51,477][TRACE][org.elasticsearch.index.engine.lucene.iw]  [index][1] TEST-InternalEngineTests.testIndexWriterInfoStream-seed#[C877FAF7F7268FEE] MS:   no more merges pending; now return
[2016-04-18 03:00:51,477][TRACE][org.elasticsearch.index.engine.lucene.iw]  [index][1] TEST-InternalEngineTests.testIndexWriterInfoStream-seed#[C877FAF7F7268FEE] IW: startCommit(): start
[2016-04-18 03:00:51,477][TRACE][org.elasticsearch.index.engine.lucene.iw]  [index][1] TEST-InternalEngineTests.testIndexWriterInfoStream-seed#[C877FAF7F7268FEE] IW: startCommit index=_0(5.5.0):c1 _1(5.5.0):c1 changeCount=11
[2016-04-18 03:00:51,495][TRACE][org.elasticsearch.index.engine.lucene.iw]  [index][1] TEST-InternalEngineTests.testIndexWriterInfoStream-seed#[C877FAF7F7268FEE] IW: startCommit: wrote pending segments file "pending_segments_3"
[2016-04-18 03:00:51,495][TRACE][org.elasticsearch.index.engine.lucene.iw]  [index][1] TEST-InternalEngineTests.testIndexWriterInfoStream-seed#[C877FAF7F7268FEE] IW: done all syncs: [_1.cfs, _0.cfe, _0.si, _1.cfe, _1.si, _0.cfs]
[2016-04-18 03:00:51,495][TRACE][org.elasticsearch.index.engine.lucene.iw]  [index][1] TEST-InternalEngineTests.testIndexWriterInfoStream-seed#[C877FAF7F7268FEE] IW: commit: pendingCommit != null
[2016-04-18 03:00:51,495][TRACE][org.elasticsearch.index.engine.lucene.iw]  [index][1] TEST-InternalEngineTests.testIndexWriterInfoStream-seed#[C877FAF7F7268FEE] IW: commit: done writing segments file "segments_3"
[2016-04-18 03:00:51,495][TRACE][org.elasticsearch.index.engine.lucene.iw.ifd]  [index][1] TEST-InternalEngineTests.testIndexWriterInfoStream-seed#[C877FAF7F7268FEE] IFD: now checkpoint "_0(5.5.0):c1 _1(5.5.0):c1" [2 segments ; isCommit = true]
[2016-04-18 03:00:51,495][TRACE][org.elasticsearch.index.engine.lucene.iw.ifd]  [index][1] TEST-InternalEngineTests.testIndexWriterInfoStream-seed#[C877FAF7F7268FEE] IFD: deleteCommits: now decRef commit "segments_2"
[2016-04-18 03:00:51,496][TRACE][org.elasticsearch.index.engine.lucene.iw.ifd]  [index][1] TEST-InternalEngineTests.testIndexWriterInfoStream-seed#[C877FAF7F7268FEE] IFD: delete "segments_2"
[2016-04-18 03:00:51,496][TRACE][org.elasticsearch.index.store.deletes] [index][1] StoreDirectory.deleteFile: delete file segments_2
[2016-04-18 03:00:51,496][TRACE][org.elasticsearch.index.engine.lucene.iw.ifd]  [index][1] TEST-InternalEngineTests.testIndexWriterInfoStream-seed#[C877FAF7F7268FEE] IFD: delete "_1_Asserting_0.doc"
[2016-04-18 03:00:51,496][TRACE][org.elasticsearch.index.store.deletes] [index][1] StoreDirectory.deleteFile: delete file _1_Asserting_0.doc
[2016-04-18 03:00:51,496][TRACE][org.elasticsearch.index.engine.lucene.iw.ifd]  [index][1] TEST-InternalEngineTests.testIndexWriterInfoStream-seed#[C877FAF7F7268FEE] IFD: 0 msec to checkpoint
[2016-04-18 03:00:51,496][TRACE][org.elasticsearch.index.engine.lucene.iw]  [index][1] TEST-InternalEngineTests.testIndexWriterInfoStream-seed#[C877FAF7F7268FEE] IW: commit: took 41.1 msec
[2016-04-18 03:00:51,496][TRACE][org.elasticsearch.index.engine.lucene.iw]  [index][1] TEST-InternalEngineTests.testIndexWriterInfoStream-seed#[C877FAF7F7268FEE] IW: commit: done
[2016-04-18 03:00:51,496][TRACE][org.elasticsearch.index.engine]  [index][1] finished commit for flush
[2016-04-18 03:00:51,496][TRACE][org.elasticsearch.index.engine.lucene.iw]  [index][1] TEST-InternalEngineTests.testIndexWriterInfoStream-seed#[C877FAF7F7268FEE] IW: nrtIsCurrent: infoVersion matches: false; DW changes: false; BD changes: false
[2016-04-18 03:00:51,496][TRACE][org.elasticsearch.index.engine.lucene.iw]  [index][1] TEST-InternalEngineTests.testIndexWriterInfoStream-seed#[C877FAF7F7268FEE] IW: flush at getReader
[2016-04-18 03:00:51,496][TRACE][org.elasticsearch.index.engine.lucene.iw]  [index][1] TEST-InternalEngineTests.testIndexWriterInfoStream-seed#[C877FAF7F7268FEE] DW: startFullFlush
[2016-04-18 03:00:51,496][TRACE][org.elasticsearch.index.engine.lucene.iw]  [index][1] TEST-InternalEngineTests.testIndexWriterInfoStream-seed#[C877FAF7F7268FEE] IW: apply all deletes during flush
[2016-04-18 03:00:51,496][TRACE][org.elasticsearch.index.engine.lucene.iw]  [index][1] TEST-InternalEngineTests.testIndexWriterInfoStream-seed#[C877FAF7F7268FEE] IW: now apply all deletes for all segments maxDoc=2
[2016-04-18 03:00:51,496][TRACE][org.elasticsearch.index.engine.lucene.iw]  [index][1] TEST-InternalEngineTests.testIndexWriterInfoStream-seed#[C877FAF7F7268FEE] BD: applyDeletes: open segment readers took 0 msec
[2016-04-18 03:00:51,496][TRACE][org.elasticsearch.index.engine.lucene.iw]  [index][1] TEST-InternalEngineTests.testIndexWriterInfoStream-seed#[C877FAF7F7268FEE] BD: applyDeletes: no segments; skipping
[2016-04-18 03:00:51,496][TRACE][org.elasticsearch.index.engine.lucene.iw]  [index][1] TEST-InternalEngineTests.testIndexWriterInfoStream-seed#[C877FAF7F7268FEE] BD: prune sis=segments_3: _0(5.5.0):c1 _1(5.5.0):c1 minGen=3 packetCount=0
[2016-04-18 03:00:51,498][TRACE][org.elasticsearch.index.engine.lucene.iw]  [index][1] TEST-InternalEngineTests.testIndexWriterInfoStream-seed#[C877FAF7F7268FEE] IW: incRefDeleter for NRT reader version=11 segments=_0(5.5.0):c1 _1(5.5.0):c1
[2016-04-18 03:00:51,498][TRACE][org.elasticsearch.index.engine.lucene.iw]  [index][1] TEST-InternalEngineTests.testIndexWriterInfoStream-seed#[C877FAF7F7268FEE] IW: return reader version=11 reader=StandardDirectoryReader(segments_3:11:nrt _0(5.5.0):c1 _1(5.5.0):c1)
[2016-04-18 03:00:51,498][TRACE][org.elasticsearch.index.engine.lucene.iw]  [index][1] TEST-InternalEngineTests.testIndexWriterInfoStream-seed#[C877FAF7F7268FEE] DW: TEST-InternalEngineTests.testIndexWriterInfoStream-seed#[C877FAF7F7268FEE] finishFullFlush success=true
[2016-04-18 03:00:51,498][TRACE][org.elasticsearch.index.engine.lucene.iw]  [index][1] TEST-InternalEngineTests.testIndexWriterInfoStream-seed#[C877FAF7F7268FEE] IW: getReader took 2 msec
[2016-04-18 03:00:51,498][TRACE][org.elasticsearch.index.engine.lucene.iw]  [index][1] TEST-InternalEngineTests.testIndexWriterInfoStream-seed#[C877FAF7F7268FEE] IW: decRefDeleter for NRT reader version=7 segments=_0(5.5.0):c1
[2016-04-18 03:00:51,499][TRACE][org.elasticsearch.index.translog]  [index][1] delete translog file - not referenced and not current anymore /Users/lwiskowski/CSE2410_spring2016_projectileDysfunction/core/build/testrun/test/J1/temp/org.elasticsearch.index.engine.InternalEngineTests_C877FAF7F7268FEE-001/translog-primary-006/translog-2.tlog
[2016-04-18 03:00:52,870][TRACE][org.elasticsearch.index.engine.lucene.iw.ifd]  [index][1] TEST-InternalEngineTests.testIndexWriterIFDInfoStream-seed#[C877FAF7F7268FEE] IFD: now checkpoint "_0(5.5.0):c1 _1(5.5.0):c1" [2 segments ; isCommit = false]
[2016-04-18 03:00:52,871][TRACE][org.elasticsearch.index.engine.lucene.iw.ifd]  [index][1] TEST-InternalEngineTests.testIndexWriterIFDInfoStream-seed#[C877FAF7F7268FEE] IFD: 0 msec to checkpoint
[2016-04-18 03:00:52,871][TRACE][org.elasticsearch.index.engine.lucene.iw.ifd]  [index][1] TEST-InternalEngineTests.testIndexWriterIFDInfoStream-seed#[C877FAF7F7268FEE] IFD: will delete new file "_1_Asserting_0.dvm"
[2016-04-18 03:00:52,871][TRACE][org.elasticsearch.index.engine.lucene.iw.ifd]  [index][1] TEST-InternalEngineTests.testIndexWriterIFDInfoStream-seed#[C877FAF7F7268FEE] IFD: will delete new file "_1_Asserting_0.tip"
[2016-04-18 03:00:52,871][TRACE][org.elasticsearch.index.engine.lucene.iw.ifd]  [index][1] TEST-InternalEngineTests.testIndexWriterIFDInfoStream-seed#[C877FAF7F7268FEE] IFD: will delete new file "_1.nvd"
[2016-04-18 03:00:52,871][TRACE][org.elasticsearch.index.engine.lucene.iw.ifd]  [index][1] TEST-InternalEngineTests.testIndexWriterIFDInfoStream-seed#[C877FAF7F7268FEE] IFD: will delete new file "_1_Asserting_0.doc"
[2016-04-18 03:00:52,871][TRACE][org.elasticsearch.index.engine.lucene.iw.ifd]  [index][1] TEST-InternalEngineTests.testIndexWriterIFDInfoStream-seed#[C877FAF7F7268FEE] IFD: will delete new file "_1_Asserting_0.tim"
[2016-04-18 03:00:52,871][TRACE][org.elasticsearch.index.engine.lucene.iw.ifd]  [index][1] TEST-InternalEngineTests.testIndexWriterIFDInfoStream-seed#[C877FAF7F7268FEE] IFD: will delete new file "_1_Asserting_0.dvd"
[2016-04-18 03:00:52,871][TRACE][org.elasticsearch.index.engine.lucene.iw.ifd]  [index][1] TEST-InternalEngineTests.testIndexWriterIFDInfoStream-seed#[C877FAF7F7268FEE] IFD: will delete new file "_1_Asserting_0.pos"
[2016-04-18 03:00:52,871][TRACE][org.elasticsearch.index.engine.lucene.iw.ifd]  [index][1] TEST-InternalEngineTests.testIndexWriterIFDInfoStream-seed#[C877FAF7F7268FEE] IFD: will delete new file "_1.fdx"
[2016-04-18 03:00:52,871][TRACE][org.elasticsearch.index.engine.lucene.iw.ifd]  [index][1] TEST-InternalEngineTests.testIndexWriterIFDInfoStream-seed#[C877FAF7F7268FEE] IFD: will delete new file "_1.nvm"
[2016-04-18 03:00:52,871][TRACE][org.elasticsearch.index.engine.lucene.iw.ifd]  [index][1] TEST-InternalEngineTests.testIndexWriterIFDInfoStream-seed#[C877FAF7F7268FEE] IFD: will delete new file "_1.fnm"
[2016-04-18 03:00:52,871][TRACE][org.elasticsearch.index.engine.lucene.iw.ifd]  [index][1] TEST-InternalEngineTests.testIndexWriterIFDInfoStream-seed#[C877FAF7F7268FEE] IFD: will delete new file "_1.fdt"
[2016-04-18 03:00:52,871][TRACE][org.elasticsearch.index.engine.lucene.iw.ifd]  [index][1] TEST-InternalEngineTests.testIndexWriterIFDInfoStream-seed#[C877FAF7F7268FEE] IFD: delete "_1_Asserting_0.dvm"
[2016-04-18 03:00:52,877][TRACE][org.elasticsearch.index.engine.lucene.iw.ifd]  [index][1] TEST-InternalEngineTests.testIndexWriterIFDInfoStream-seed#[C877FAF7F7268FEE] IFD: delete "_1_Asserting_0.tip"
[2016-04-18 03:00:52,878][TRACE][org.elasticsearch.index.engine.lucene.iw.ifd]  [index][1] TEST-InternalEngineTests.testIndexWriterIFDInfoStream-seed#[C877FAF7F7268FEE] IFD: delete "_1.nvd"
[2016-04-18 03:00:52,881][TRACE][org.elasticsearch.index.engine.lucene.iw.ifd]  [index][1] TEST-InternalEngineTests.testIndexWriterIFDInfoStream-seed#[C877FAF7F7268FEE] IFD: delete "_1_Asserting_0.doc"
[2016-04-18 03:00:52,888][TRACE][org.elasticsearch.index.engine.lucene.iw.ifd]  [index][1] TEST-InternalEngineTests.testIndexWriterIFDInfoStream-seed#[C877FAF7F7268FEE] IFD: unable to remove file "_1_Asserting_0.doc": java.io.IOException: cannot delete file: _1_Asserting_0.doc, a virus scanner has it open; Will re-try later.
[2016-04-18 03:00:52,888][TRACE][org.elasticsearch.index.engine.lucene.iw.ifd]  [index][1] TEST-InternalEngineTests.testIndexWriterIFDInfoStream-seed#[C877FAF7F7268FEE] IFD: delete "_1_Asserting_0.tim"
[2016-04-18 03:00:52,888][TRACE][org.elasticsearch.index.engine.lucene.iw.ifd]  [index][1] TEST-InternalEngineTests.testIndexWriterIFDInfoStream-seed#[C877FAF7F7268FEE] IFD: unable to remove file "_1_Asserting_0.tim": java.io.IOException: cannot delete file: _1_Asserting_0.tim, a virus scanner has it open; Will re-try later.
[2016-04-18 03:00:52,888][TRACE][org.elasticsearch.index.engine.lucene.iw.ifd]  [index][1] TEST-InternalEngineTests.testIndexWriterIFDInfoStream-seed#[C877FAF7F7268FEE] IFD: delete "_1_Asserting_0.dvd"
[2016-04-18 03:00:52,890][TRACE][org.elasticsearch.index.engine.lucene.iw.ifd]  [index][1] TEST-InternalEngineTests.testIndexWriterIFDInfoStream-seed#[C877FAF7F7268FEE] IFD: delete "_1_Asserting_0.pos"
[2016-04-18 03:00:52,891][TRACE][org.elasticsearch.index.engine.lucene.iw.ifd]  [index][1] TEST-InternalEngineTests.testIndexWriterIFDInfoStream-seed#[C877FAF7F7268FEE] IFD: delete "_1.fdx"
[2016-04-18 03:00:52,891][TRACE][org.elasticsearch.index.engine.lucene.iw.ifd]  [index][1] TEST-InternalEngineTests.testIndexWriterIFDInfoStream-seed#[C877FAF7F7268FEE] IFD: delete "_1.nvm"
[2016-04-18 03:00:52,891][TRACE][org.elasticsearch.index.engine.lucene.iw.ifd]  [index][1] TEST-InternalEngineTests.testIndexWriterIFDInfoStream-seed#[C877FAF7F7268FEE] IFD: delete "_1.fnm"
[2016-04-18 03:00:52,891][TRACE][org.elasticsearch.index.engine.lucene.iw.ifd]  [index][1] TEST-InternalEngineTests.testIndexWriterIFDInfoStream-seed#[C877FAF7F7268FEE] IFD: delete "_1.fdt"
[2016-04-18 03:00:52,893][TRACE][org.elasticsearch.index.engine.lucene.iw.ifd]  [index][1] TEST-InternalEngineTests.testIndexWriterIFDInfoStream-seed#[C877FAF7F7268FEE] IFD: now checkpoint "_0(5.5.0):c1 _1(5.5.0):c1" [2 segments ; isCommit = true]
[2016-04-18 03:00:52,893][TRACE][org.elasticsearch.index.engine.lucene.iw.ifd]  [index][1] TEST-InternalEngineTests.testIndexWriterIFDInfoStream-seed#[C877FAF7F7268FEE] IFD: deleteCommits: now decRef commit "segments_2"
[2016-04-18 03:00:52,893][TRACE][org.elasticsearch.index.engine.lucene.iw.ifd]  [index][1] TEST-InternalEngineTests.testIndexWriterIFDInfoStream-seed#[C877FAF7F7268FEE] IFD: delete "segments_2"
[2016-04-18 03:00:52,893][TRACE][org.elasticsearch.index.engine.lucene.iw.ifd]  [index][1] TEST-InternalEngineTests.testIndexWriterIFDInfoStream-seed#[C877FAF7F7268FEE] IFD: delete "_1_Asserting_0.doc"
[2016-04-18 03:00:52,893][TRACE][org.elasticsearch.index.engine.lucene.iw.ifd]  [index][1] TEST-InternalEngineTests.testIndexWriterIFDInfoStream-seed#[C877FAF7F7268FEE] IFD: delete "_1_Asserting_0.tim"
[2016-04-18 03:00:52,893][TRACE][org.elasticsearch.index.engine.lucene.iw.ifd]  [index][1] TEST-InternalEngineTests.testIndexWriterIFDInfoStream-seed#[C877FAF7F7268FEE] IFD: 0 msec to checkpoint
[2016-04-18 03:00:53,094][WARN ][org.elasticsearch.index.engine]  [index][1] failed engine [index]
java.io.IOException: a random IOException (_0.fdx)
	at org.apache.lucene.store.MockDirectoryWrapper.maybeThrowIOException(MockDirectoryWrapper.java:445)
	at org.apache.lucene.store.MockIndexOutputWrapper.writeBytes(MockIndexOutputWrapper.java:151)
	at org.apache.lucene.store.MockIndexOutputWrapper.writeByte(MockIndexOutputWrapper.java:127)
	at org.apache.lucene.store.DataOutput.writeInt(DataOutput.java:70)
	at org.apache.lucene.codecs.CodecUtil.writeHeader(CodecUtil.java:91)
	at org.apache.lucene.codecs.CodecUtil.writeIndexHeader(CodecUtil.java:134)
	at org.apache.lucene.codecs.compressing.CompressingStoredFieldsWriter.<init>(CompressingStoredFieldsWriter.java:116)
	at org.apache.lucene.codecs.compressing.CompressingStoredFieldsFormat.fieldsWriter(CompressingStoredFieldsFormat.java:128)
	at org.apache.lucene.codecs.lucene50.Lucene50StoredFieldsFormat.fieldsWriter(Lucene50StoredFieldsFormat.java:183)
	at org.apache.lucene.codecs.asserting.AssertingStoredFieldsFormat.fieldsWriter(AssertingStoredFieldsFormat.java:49)
	at org.apache.lucene.index.DefaultIndexingChain.initStoredFieldsWriter(DefaultIndexingChain.java:81)
	at org.apache.lucene.index.DefaultIndexingChain.startStoredFields(DefaultIndexingChain.java:258)
	at org.apache.lucene.index.DefaultIndexingChain.processDocument(DefaultIndexingChain.java:295)
	at org.apache.lucene.index.DocumentsWriterPerThread.updateDocument(DocumentsWriterPerThread.java:234)
	at org.apache.lucene.index.DocumentsWriter.updateDocument(DocumentsWriter.java:450)
	at org.apache.lucene.index.IndexWriter.updateDocument(IndexWriter.java:1477)
	at org.apache.lucene.index.IndexWriter.addDocument(IndexWriter.java:1256)
	at org.elasticsearch.index.engine.InternalEngine.innerIndex(InternalEngine.java:399)
	at org.elasticsearch.index.engine.InternalEngine.index(InternalEngine.java:348)
	at org.elasticsearch.index.shard.TranslogRecoveryPerformer.performRecoveryOperation(TranslogRecoveryPerformer.java:141)
	at org.elasticsearch.index.engine.InternalEngine.recoverFromTranslog(InternalEngine.java:239)
	at org.elasticsearch.index.engine.InternalEngine.<init>(InternalEngine.java:172)
	at org.elasticsearch.index.engine.InternalEngineTests.createEngine(InternalEngineTests.java:264)
	at org.elasticsearch.index.engine.InternalEngineTests.createEngine(InternalEngineTests.java:260)
	at org.elasticsearch.index.engine.InternalEngineTests.testTranslogReplayWithFailure(InternalEngineTests.java:1635)
	at sun.reflect.NativeMethodAccessorImpl.invoke0(Native Method)
	at sun.reflect.NativeMethodAccessorImpl.invoke(NativeMethodAccessorImpl.java:62)
	at sun.reflect.DelegatingMethodAccessorImpl.invoke(DelegatingMethodAccessorImpl.java:43)
	at java.lang.reflect.Method.invoke(Method.java:497)
	at com.carrotsearch.randomizedtesting.RandomizedRunner.invoke(RandomizedRunner.java:1764)
	at com.carrotsearch.randomizedtesting.RandomizedRunner$8.evaluate(RandomizedRunner.java:871)
	at com.carrotsearch.randomizedtesting.RandomizedRunner$9.evaluate(RandomizedRunner.java:907)
	at com.carrotsearch.randomizedtesting.RandomizedRunner$10.evaluate(RandomizedRunner.java:921)
	at com.carrotsearch.randomizedtesting.rules.StatementAdapter.evaluate(StatementAdapter.java:36)
	at org.apache.lucene.util.TestRuleSetupTeardownChained$1.evaluate(TestRuleSetupTeardownChained.java:50)
	at org.apache.lucene.util.AbstractBeforeAfterRule$1.evaluate(AbstractBeforeAfterRule.java:46)
	at org.apache.lucene.util.TestRuleThreadAndTestName$1.evaluate(TestRuleThreadAndTestName.java:49)
	at org.apache.lucene.util.TestRuleIgnoreAfterMaxFailures$1.evaluate(TestRuleIgnoreAfterMaxFailures.java:65)
	at org.apache.lucene.util.TestRuleMarkFailure$1.evaluate(TestRuleMarkFailure.java:48)
	at com.carrotsearch.randomizedtesting.rules.StatementAdapter.evaluate(StatementAdapter.java:36)
	at com.carrotsearch.randomizedtesting.ThreadLeakControl$StatementRunner.run(ThreadLeakControl.java:367)
	at com.carrotsearch.randomizedtesting.ThreadLeakControl.forkTimeoutingTask(ThreadLeakControl.java:809)
	at com.carrotsearch.randomizedtesting.ThreadLeakControl$3.evaluate(ThreadLeakControl.java:460)
	at com.carrotsearch.randomizedtesting.RandomizedRunner.runSingleTest(RandomizedRunner.java:880)
	at com.carrotsearch.randomizedtesting.RandomizedRunner$5.evaluate(RandomizedRunner.java:781)
	at com.carrotsearch.randomizedtesting.RandomizedRunner$6.evaluate(RandomizedRunner.java:816)
	at com.carrotsearch.randomizedtesting.RandomizedRunner$7.evaluate(RandomizedRunner.java:827)
	at org.apache.lucene.util.AbstractBeforeAfterRule$1.evaluate(AbstractBeforeAfterRule.java:46)
	at com.carrotsearch.randomizedtesting.rules.StatementAdapter.evaluate(StatementAdapter.java:36)
	at org.apache.lucene.util.TestRuleStoreClassName$1.evaluate(TestRuleStoreClassName.java:42)
	at com.carrotsearch.randomizedtesting.rules.NoShadowingOrOverridesOnMethodsRule$1.evaluate(NoShadowingOrOverridesOnMethodsRule.java:40)
	at com.carrotsearch.randomizedtesting.rules.NoShadowingOrOverridesOnMethodsRule$1.evaluate(NoShadowingOrOverridesOnMethodsRule.java:40)
	at com.carrotsearch.randomizedtesting.rules.StatementAdapter.evaluate(StatementAdapter.java:36)
	at com.carrotsearch.randomizedtesting.rules.StatementAdapter.evaluate(StatementAdapter.java:36)
	at com.carrotsearch.randomizedtesting.rules.StatementAdapter.evaluate(StatementAdapter.java:36)
	at org.apache.lucene.util.TestRuleAssertionsRequired$1.evaluate(TestRuleAssertionsRequired.java:54)
	at org.apache.lucene.util.TestRuleMarkFailure$1.evaluate(TestRuleMarkFailure.java:48)
	at org.apache.lucene.util.TestRuleIgnoreAfterMaxFailures$1.evaluate(TestRuleIgnoreAfterMaxFailures.java:65)
	at org.apache.lucene.util.TestRuleIgnoreTestSuites$1.evaluate(TestRuleIgnoreTestSuites.java:55)
	at com.carrotsearch.randomizedtesting.rules.StatementAdapter.evaluate(StatementAdapter.java:36)
	at com.carrotsearch.randomizedtesting.ThreadLeakControl$StatementRunner.run(ThreadLeakControl.java:367)
	at java.lang.Thread.run(Thread.java:745)
[2016-04-18 03:00:53,101][WARN ][org.elasticsearch.index.engine]  [index][1] failed engine [index]
java.io.IOException: a random IOException (_1.fdt)
	at org.apache.lucene.store.MockDirectoryWrapper.maybeThrowIOException(MockDirectoryWrapper.java:445)
	at org.apache.lucene.store.MockIndexOutputWrapper.writeBytes(MockIndexOutputWrapper.java:151)
	at org.apache.lucene.store.MockIndexOutputWrapper.writeByte(MockIndexOutputWrapper.java:127)
	at org.apache.lucene.store.DataOutput.writeInt(DataOutput.java:70)
	at org.apache.lucene.codecs.CodecUtil.writeHeader(CodecUtil.java:91)
	at org.apache.lucene.codecs.CodecUtil.writeIndexHeader(CodecUtil.java:134)
	at org.apache.lucene.codecs.compressing.CompressingStoredFieldsWriter.<init>(CompressingStoredFieldsWriter.java:117)
	at org.apache.lucene.codecs.compressing.CompressingStoredFieldsFormat.fieldsWriter(CompressingStoredFieldsFormat.java:128)
	at org.apache.lucene.codecs.lucene50.Lucene50StoredFieldsFormat.fieldsWriter(Lucene50StoredFieldsFormat.java:183)
	at org.apache.lucene.codecs.asserting.AssertingStoredFieldsFormat.fieldsWriter(AssertingStoredFieldsFormat.java:49)
	at org.apache.lucene.index.DefaultIndexingChain.initStoredFieldsWriter(DefaultIndexingChain.java:81)
	at org.apache.lucene.index.DefaultIndexingChain.startStoredFields(DefaultIndexingChain.java:258)
	at org.apache.lucene.index.DefaultIndexingChain.processDocument(DefaultIndexingChain.java:295)
	at org.apache.lucene.index.DocumentsWriterPerThread.updateDocument(DocumentsWriterPerThread.java:234)
	at org.apache.lucene.index.DocumentsWriter.updateDocument(DocumentsWriter.java:450)
	at org.apache.lucene.index.IndexWriter.updateDocument(IndexWriter.java:1477)
	at org.apache.lucene.index.IndexWriter.addDocument(IndexWriter.java:1256)
	at org.elasticsearch.index.engine.InternalEngine.innerIndex(InternalEngine.java:399)
	at org.elasticsearch.index.engine.InternalEngine.index(InternalEngine.java:348)
	at org.elasticsearch.index.shard.TranslogRecoveryPerformer.performRecoveryOperation(TranslogRecoveryPerformer.java:141)
	at org.elasticsearch.index.engine.InternalEngine.recoverFromTranslog(InternalEngine.java:239)
	at org.elasticsearch.index.engine.InternalEngine.<init>(InternalEngine.java:172)
	at org.elasticsearch.index.engine.InternalEngineTests.createEngine(InternalEngineTests.java:264)
	at org.elasticsearch.index.engine.InternalEngineTests.createEngine(InternalEngineTests.java:260)
	at org.elasticsearch.index.engine.InternalEngineTests.testTranslogReplayWithFailure(InternalEngineTests.java:1635)
	at sun.reflect.NativeMethodAccessorImpl.invoke0(Native Method)
	at sun.reflect.NativeMethodAccessorImpl.invoke(NativeMethodAccessorImpl.java:62)
	at sun.reflect.DelegatingMethodAccessorImpl.invoke(DelegatingMethodAccessorImpl.java:43)
	at java.lang.reflect.Method.invoke(Method.java:497)
	at com.carrotsearch.randomizedtesting.RandomizedRunner.invoke(RandomizedRunner.java:1764)
	at com.carrotsearch.randomizedtesting.RandomizedRunner$8.evaluate(RandomizedRunner.java:871)
	at com.carrotsearch.randomizedtesting.RandomizedRunner$9.evaluate(RandomizedRunner.java:907)
	at com.carrotsearch.randomizedtesting.RandomizedRunner$10.evaluate(RandomizedRunner.java:921)
	at com.carrotsearch.randomizedtesting.rules.StatementAdapter.evaluate(StatementAdapter.java:36)
	at org.apache.lucene.util.TestRuleSetupTeardownChained$1.evaluate(TestRuleSetupTeardownChained.java:50)
	at org.apache.lucene.util.AbstractBeforeAfterRule$1.evaluate(AbstractBeforeAfterRule.java:46)
	at org.apache.lucene.util.TestRuleThreadAndTestName$1.evaluate(TestRuleThreadAndTestName.java:49)
	at org.apache.lucene.util.TestRuleIgnoreAfterMaxFailures$1.evaluate(TestRuleIgnoreAfterMaxFailures.java:65)
	at org.apache.lucene.util.TestRuleMarkFailure$1.evaluate(TestRuleMarkFailure.java:48)
	at com.carrotsearch.randomizedtesting.rules.StatementAdapter.evaluate(StatementAdapter.java:36)
	at com.carrotsearch.randomizedtesting.ThreadLeakControl$StatementRunner.run(ThreadLeakControl.java:367)
	at com.carrotsearch.randomizedtesting.ThreadLeakControl.forkTimeoutingTask(ThreadLeakControl.java:809)
	at com.carrotsearch.randomizedtesting.ThreadLeakControl$3.evaluate(ThreadLeakControl.java:460)
	at com.carrotsearch.randomizedtesting.RandomizedRunner.runSingleTest(RandomizedRunner.java:880)
	at com.carrotsearch.randomizedtesting.RandomizedRunner$5.evaluate(RandomizedRunner.java:781)
	at com.carrotsearch.randomizedtesting.RandomizedRunner$6.evaluate(RandomizedRunner.java:816)
	at com.carrotsearch.randomizedtesting.RandomizedRunner$7.evaluate(RandomizedRunner.java:827)
	at org.apache.lucene.util.AbstractBeforeAfterRule$1.evaluate(AbstractBeforeAfterRule.java:46)
	at com.carrotsearch.randomizedtesting.rules.StatementAdapter.evaluate(StatementAdapter.java:36)
	at org.apache.lucene.util.TestRuleStoreClassName$1.evaluate(TestRuleStoreClassName.java:42)
	at com.carrotsearch.randomizedtesting.rules.NoShadowingOrOverridesOnMethodsRule$1.evaluate(NoShadowingOrOverridesOnMethodsRule.java:40)
	at com.carrotsearch.randomizedtesting.rules.NoShadowingOrOverridesOnMethodsRule$1.evaluate(NoShadowingOrOverridesOnMethodsRule.java:40)
	at com.carrotsearch.randomizedtesting.rules.StatementAdapter.evaluate(StatementAdapter.java:36)
	at com.carrotsearch.randomizedtesting.rules.StatementAdapter.evaluate(StatementAdapter.java:36)
	at com.carrotsearch.randomizedtesting.rules.StatementAdapter.evaluate(StatementAdapter.java:36)
	at org.apache.lucene.util.TestRuleAssertionsRequired$1.evaluate(TestRuleAssertionsRequired.java:54)
	at org.apache.lucene.util.TestRuleMarkFailure$1.evaluate(TestRuleMarkFailure.java:48)
	at org.apache.lucene.util.TestRuleIgnoreAfterMaxFailures$1.evaluate(TestRuleIgnoreAfterMaxFailures.java:65)
	at org.apache.lucene.util.TestRuleIgnoreTestSuites$1.evaluate(TestRuleIgnoreTestSuites.java:55)
	at com.carrotsearch.randomizedtesting.rules.StatementAdapter.evaluate(StatementAdapter.java:36)
	at com.carrotsearch.randomizedtesting.ThreadLeakControl$StatementRunner.run(ThreadLeakControl.java:367)
	at java.lang.Thread.run(Thread.java:745)
[2016-04-18 03:00:53,110][WARN ][org.elasticsearch.index.engine]  [index][1] failed engine [index]
java.io.FileNotFoundException: a random IOException (_0.fdt)
	at org.apache.lucene.store.MockDirectoryWrapper.maybeThrowIOExceptionOnOpen(MockDirectoryWrapper.java:458)
	at org.apache.lucene.store.MockDirectoryWrapper.createOutput(MockDirectoryWrapper.java:548)
	at org.apache.lucene.store.FilterDirectory.createOutput(FilterDirectory.java:73)
	at org.apache.lucene.store.LockValidatingDirectoryWrapper.createOutput(LockValidatingDirectoryWrapper.java:44)
	at org.apache.lucene.store.TrackingDirectoryWrapper.createOutput(TrackingDirectoryWrapper.java:43)
	at org.apache.lucene.codecs.compressing.CompressingStoredFieldsWriter.<init>(CompressingStoredFieldsWriter.java:111)
	at org.apache.lucene.codecs.compressing.CompressingStoredFieldsFormat.fieldsWriter(CompressingStoredFieldsFormat.java:128)
	at org.apache.lucene.codecs.lucene50.Lucene50StoredFieldsFormat.fieldsWriter(Lucene50StoredFieldsFormat.java:183)
	at org.apache.lucene.codecs.asserting.AssertingStoredFieldsFormat.fieldsWriter(AssertingStoredFieldsFormat.java:49)
	at org.apache.lucene.index.DefaultIndexingChain.initStoredFieldsWriter(DefaultIndexingChain.java:81)
	at org.apache.lucene.index.DefaultIndexingChain.startStoredFields(DefaultIndexingChain.java:258)
	at org.apache.lucene.index.DefaultIndexingChain.processDocument(DefaultIndexingChain.java:295)
	at org.apache.lucene.index.DocumentsWriterPerThread.updateDocument(DocumentsWriterPerThread.java:234)
	at org.apache.lucene.index.DocumentsWriter.updateDocument(DocumentsWriter.java:450)
	at org.apache.lucene.index.IndexWriter.updateDocument(IndexWriter.java:1477)
	at org.apache.lucene.index.IndexWriter.addDocument(IndexWriter.java:1256)
	at org.elasticsearch.index.engine.InternalEngine.innerIndex(InternalEngine.java:399)
	at org.elasticsearch.index.engine.InternalEngine.index(InternalEngine.java:348)
	at org.elasticsearch.index.shard.TranslogRecoveryPerformer.performRecoveryOperation(TranslogRecoveryPerformer.java:141)
	at org.elasticsearch.index.engine.InternalEngine.recoverFromTranslog(InternalEngine.java:239)
	at org.elasticsearch.index.engine.InternalEngine.<init>(InternalEngine.java:172)
	at org.elasticsearch.index.engine.InternalEngineTests.createEngine(InternalEngineTests.java:264)
	at org.elasticsearch.index.engine.InternalEngineTests.createEngine(InternalEngineTests.java:260)
	at org.elasticsearch.index.engine.InternalEngineTests.testTranslogReplayWithFailure(InternalEngineTests.java:1635)
	at sun.reflect.NativeMethodAccessorImpl.invoke0(Native Method)
	at sun.reflect.NativeMethodAccessorImpl.invoke(NativeMethodAccessorImpl.java:62)
	at sun.reflect.DelegatingMethodAccessorImpl.invoke(DelegatingMethodAccessorImpl.java:43)
	at java.lang.reflect.Method.invoke(Method.java:497)
	at com.carrotsearch.randomizedtesting.RandomizedRunner.invoke(RandomizedRunner.java:1764)
	at com.carrotsearch.randomizedtesting.RandomizedRunner$8.evaluate(RandomizedRunner.java:871)
	at com.carrotsearch.randomizedtesting.RandomizedRunner$9.evaluate(RandomizedRunner.java:907)
	at com.carrotsearch.randomizedtesting.RandomizedRunner$10.evaluate(RandomizedRunner.java:921)
	at com.carrotsearch.randomizedtesting.rules.StatementAdapter.evaluate(StatementAdapter.java:36)
	at org.apache.lucene.util.TestRuleSetupTeardownChained$1.evaluate(TestRuleSetupTeardownChained.java:50)
	at org.apache.lucene.util.AbstractBeforeAfterRule$1.evaluate(AbstractBeforeAfterRule.java:46)
	at org.apache.lucene.util.TestRuleThreadAndTestName$1.evaluate(TestRuleThreadAndTestName.java:49)
	at org.apache.lucene.util.TestRuleIgnoreAfterMaxFailures$1.evaluate(TestRuleIgnoreAfterMaxFailures.java:65)
	at org.apache.lucene.util.TestRuleMarkFailure$1.evaluate(TestRuleMarkFailure.java:48)
	at com.carrotsearch.randomizedtesting.rules.StatementAdapter.evaluate(StatementAdapter.java:36)
	at com.carrotsearch.randomizedtesting.ThreadLeakControl$StatementRunner.run(ThreadLeakControl.java:367)
	at com.carrotsearch.randomizedtesting.ThreadLeakControl.forkTimeoutingTask(ThreadLeakControl.java:809)
	at com.carrotsearch.randomizedtesting.ThreadLeakControl$3.evaluate(ThreadLeakControl.java:460)
	at com.carrotsearch.randomizedtesting.RandomizedRunner.runSingleTest(RandomizedRunner.java:880)
	at com.carrotsearch.randomizedtesting.RandomizedRunner$5.evaluate(RandomizedRunner.java:781)
	at com.carrotsearch.randomizedtesting.RandomizedRunner$6.evaluate(RandomizedRunner.java:816)
	at com.carrotsearch.randomizedtesting.RandomizedRunner$7.evaluate(RandomizedRunner.java:827)
	at org.apache.lucene.util.AbstractBeforeAfterRule$1.evaluate(AbstractBeforeAfterRule.java:46)
	at com.carrotsearch.randomizedtesting.rules.StatementAdapter.evaluate(StatementAdapter.java:36)
	at org.apache.lucene.util.TestRuleStoreClassName$1.evaluate(TestRuleStoreClassName.java:42)
	at com.carrotsearch.randomizedtesting.rules.NoShadowingOrOverridesOnMethodsRule$1.evaluate(NoShadowingOrOverridesOnMethodsRule.java:40)
	at com.carrotsearch.randomizedtesting.rules.NoShadowingOrOverridesOnMethodsRule$1.evaluate(NoShadowingOrOverridesOnMethodsRule.java:40)
	at com.carrotsearch.randomizedtesting.rules.StatementAdapter.evaluate(StatementAdapter.java:36)
	at com.carrotsearch.randomizedtesting.rules.StatementAdapter.evaluate(StatementAdapter.java:36)
	at com.carrotsearch.randomizedtesting.rules.StatementAdapter.evaluate(StatementAdapter.java:36)
	at org.apache.lucene.util.TestRuleAssertionsRequired$1.evaluate(TestRuleAssertionsRequired.java:54)
	at org.apache.lucene.util.TestRuleMarkFailure$1.evaluate(TestRuleMarkFailure.java:48)
	at org.apache.lucene.util.TestRuleIgnoreAfterMaxFailures$1.evaluate(TestRuleIgnoreAfterMaxFailures.java:65)
	at org.apache.lucene.util.TestRuleIgnoreTestSuites$1.evaluate(TestRuleIgnoreTestSuites.java:55)
	at com.carrotsearch.randomizedtesting.rules.StatementAdapter.evaluate(StatementAdapter.java:36)
	at com.carrotsearch.randomizedtesting.ThreadLeakControl$StatementRunner.run(ThreadLeakControl.java:367)
	at java.lang.Thread.run(Thread.java:745)
[2016-04-18 03:00:53,118][WARN ][org.elasticsearch.index.engine]  [index][1] failed engine [index]
java.io.IOException: a random IOException (_1.fdx)
	at org.apache.lucene.store.MockDirectoryWrapper.maybeThrowIOExceptionOnOpen(MockDirectoryWrapper.java:456)
	at org.apache.lucene.store.MockDirectoryWrapper.createOutput(MockDirectoryWrapper.java:548)
	at org.apache.lucene.store.FilterDirectory.createOutput(FilterDirectory.java:73)
	at org.apache.lucene.store.LockValidatingDirectoryWrapper.createOutput(LockValidatingDirectoryWrapper.java:44)
	at org.apache.lucene.store.TrackingDirectoryWrapper.createOutput(TrackingDirectoryWrapper.java:43)
	at org.apache.lucene.codecs.compressing.CompressingStoredFieldsWriter.<init>(CompressingStoredFieldsWriter.java:108)
	at org.apache.lucene.codecs.compressing.CompressingStoredFieldsFormat.fieldsWriter(CompressingStoredFieldsFormat.java:128)
	at org.apache.lucene.codecs.lucene50.Lucene50StoredFieldsFormat.fieldsWriter(Lucene50StoredFieldsFormat.java:183)
	at org.apache.lucene.codecs.asserting.AssertingStoredFieldsFormat.fieldsWriter(AssertingStoredFieldsFormat.java:49)
	at org.apache.lucene.index.DefaultIndexingChain.initStoredFieldsWriter(DefaultIndexingChain.java:81)
	at org.apache.lucene.index.DefaultIndexingChain.startStoredFields(DefaultIndexingChain.java:258)
	at org.apache.lucene.index.DefaultIndexingChain.processDocument(DefaultIndexingChain.java:295)
	at org.apache.lucene.index.DocumentsWriterPerThread.updateDocument(DocumentsWriterPerThread.java:234)
	at org.apache.lucene.index.DocumentsWriter.updateDocument(DocumentsWriter.java:450)
	at org.apache.lucene.index.IndexWriter.updateDocument(IndexWriter.java:1477)
	at org.apache.lucene.index.IndexWriter.addDocument(IndexWriter.java:1256)
	at org.elasticsearch.index.engine.InternalEngine.innerIndex(InternalEngine.java:399)
	at org.elasticsearch.index.engine.InternalEngine.index(InternalEngine.java:348)
	at org.elasticsearch.index.shard.TranslogRecoveryPerformer.performRecoveryOperation(TranslogRecoveryPerformer.java:141)
	at org.elasticsearch.index.engine.InternalEngine.recoverFromTranslog(InternalEngine.java:239)
	at org.elasticsearch.index.engine.InternalEngine.<init>(InternalEngine.java:172)
	at org.elasticsearch.index.engine.InternalEngineTests.createEngine(InternalEngineTests.java:264)
	at org.elasticsearch.index.engine.InternalEngineTests.createEngine(InternalEngineTests.java:260)
	at org.elasticsearch.index.engine.InternalEngineTests.testTranslogReplayWithFailure(InternalEngineTests.java:1635)
	at sun.reflect.NativeMethodAccessorImpl.invoke0(Native Method)
	at sun.reflect.NativeMethodAccessorImpl.invoke(NativeMethodAccessorImpl.java:62)
	at sun.reflect.DelegatingMethodAccessorImpl.invoke(DelegatingMethodAccessorImpl.java:43)
	at java.lang.reflect.Method.invoke(Method.java:497)
	at com.carrotsearch.randomizedtesting.RandomizedRunner.invoke(RandomizedRunner.java:1764)
	at com.carrotsearch.randomizedtesting.RandomizedRunner$8.evaluate(RandomizedRunner.java:871)
	at com.carrotsearch.randomizedtesting.RandomizedRunner$9.evaluate(RandomizedRunner.java:907)
	at com.carrotsearch.randomizedtesting.RandomizedRunner$10.evaluate(RandomizedRunner.java:921)
	at com.carrotsearch.randomizedtesting.rules.StatementAdapter.evaluate(StatementAdapter.java:36)
	at org.apache.lucene.util.TestRuleSetupTeardownChained$1.evaluate(TestRuleSetupTeardownChained.java:50)
	at org.apache.lucene.util.AbstractBeforeAfterRule$1.evaluate(AbstractBeforeAfterRule.java:46)
	at org.apache.lucene.util.TestRuleThreadAndTestName$1.evaluate(TestRuleThreadAndTestName.java:49)
	at org.apache.lucene.util.TestRuleIgnoreAfterMaxFailures$1.evaluate(TestRuleIgnoreAfterMaxFailures.java:65)
	at org.apache.lucene.util.TestRuleMarkFailure$1.evaluate(TestRuleMarkFailure.java:48)
	at com.carrotsearch.randomizedtesting.rules.StatementAdapter.evaluate(StatementAdapter.java:36)
	at com.carrotsearch.randomizedtesting.ThreadLeakControl$StatementRunner.run(ThreadLeakControl.java:367)
	at com.carrotsearch.randomizedtesting.ThreadLeakControl.forkTimeoutingTask(ThreadLeakControl.java:809)
	at com.carrotsearch.randomizedtesting.ThreadLeakControl$3.evaluate(ThreadLeakControl.java:460)
	at com.carrotsearch.randomizedtesting.RandomizedRunner.runSingleTest(RandomizedRunner.java:880)
	at com.carrotsearch.randomizedtesting.RandomizedRunner$5.evaluate(RandomizedRunner.java:781)
	at com.carrotsearch.randomizedtesting.RandomizedRunner$6.evaluate(RandomizedRunner.java:816)
	at com.carrotsearch.randomizedtesting.RandomizedRunner$7.evaluate(RandomizedRunner.java:827)
	at org.apache.lucene.util.AbstractBeforeAfterRule$1.evaluate(AbstractBeforeAfterRule.java:46)
	at com.carrotsearch.randomizedtesting.rules.StatementAdapter.evaluate(StatementAdapter.java:36)
	at org.apache.lucene.util.TestRuleStoreClassName$1.evaluate(TestRuleStoreClassName.java:42)
	at com.carrotsearch.randomizedtesting.rules.NoShadowingOrOverridesOnMethodsRule$1.evaluate(NoShadowingOrOverridesOnMethodsRule.java:40)
	at com.carrotsearch.randomizedtesting.rules.NoShadowingOrOverridesOnMethodsRule$1.evaluate(NoShadowingOrOverridesOnMethodsRule.java:40)
	at com.carrotsearch.randomizedtesting.rules.StatementAdapter.evaluate(StatementAdapter.java:36)
	at com.carrotsearch.randomizedtesting.rules.StatementAdapter.evaluate(StatementAdapter.java:36)
	at com.carrotsearch.randomizedtesting.rules.StatementAdapter.evaluate(StatementAdapter.java:36)
	at org.apache.lucene.util.TestRuleAssertionsRequired$1.evaluate(TestRuleAssertionsRequired.java:54)
	at org.apache.lucene.util.TestRuleMarkFailure$1.evaluate(TestRuleMarkFailure.java:48)
	at org.apache.lucene.util.TestRuleIgnoreAfterMaxFailures$1.evaluate(TestRuleIgnoreAfterMaxFailures.java:65)
	at org.apache.lucene.util.TestRuleIgnoreTestSuites$1.evaluate(TestRuleIgnoreTestSuites.java:55)
	at com.carrotsearch.randomizedtesting.rules.StatementAdapter.evaluate(StatementAdapter.java:36)
	at com.carrotsearch.randomizedtesting.ThreadLeakControl$StatementRunner.run(ThreadLeakControl.java:367)
	at java.lang.Thread.run(Thread.java:745)
[2016-04-18 03:00:56,684][WARN ][org.elasticsearch.index.engine]  [index][1] failed engine [lucene commit failed]
java.io.IOException: a random IOException (pending_segments_1)
	at org.apache.lucene.store.MockDirectoryWrapper.maybeThrowIOException(MockDirectoryWrapper.java:445)
	at org.apache.lucene.store.MockIndexOutputWrapper.writeBytes(MockIndexOutputWrapper.java:151)
	at org.apache.lucene.store.MockIndexOutputWrapper.writeByte(MockIndexOutputWrapper.java:127)
	at org.apache.lucene.store.DataOutput.writeInt(DataOutput.java:70)
	at org.apache.lucene.codecs.CodecUtil.writeHeader(CodecUtil.java:91)
	at org.apache.lucene.codecs.CodecUtil.writeIndexHeader(CodecUtil.java:134)
	at org.apache.lucene.index.SegmentInfos.write(SegmentInfos.java:517)
	at org.apache.lucene.index.SegmentInfos.prepareCommit(SegmentInfos.java:809)
	at org.apache.lucene.index.IndexWriter.startCommit(IndexWriter.java:4418)
	at org.apache.lucene.index.IndexWriter.prepareCommitInternal(IndexWriter.java:2860)
	at org.apache.lucene.index.IndexWriter.commitInternal(IndexWriter.java:2963)
	at org.apache.lucene.index.IndexWriter.commit(IndexWriter.java:2930)
	at org.elasticsearch.index.engine.InternalEngine.commitIndexWriter(InternalEngine.java:1166)
	at org.elasticsearch.index.engine.InternalEngine.commitIndexWriter(InternalEngine.java:1174)
	at org.elasticsearch.index.engine.InternalEngine.openTranslog(InternalEngine.java:214)
	at org.elasticsearch.index.engine.InternalEngine.<init>(InternalEngine.java:149)
	at org.elasticsearch.index.engine.InternalEngineTests.createEngine(InternalEngineTests.java:264)
	at org.elasticsearch.index.engine.InternalEngineTests.createEngine(InternalEngineTests.java:260)
	at org.elasticsearch.index.engine.InternalEngineTests.testFailStart(InternalEngineTests.java:1554)
	at sun.reflect.NativeMethodAccessorImpl.invoke0(Native Method)
	at sun.reflect.NativeMethodAccessorImpl.invoke(NativeMethodAccessorImpl.java:62)
	at sun.reflect.DelegatingMethodAccessorImpl.invoke(DelegatingMethodAccessorImpl.java:43)
	at java.lang.reflect.Method.invoke(Method.java:497)
	at com.carrotsearch.randomizedtesting.RandomizedRunner.invoke(RandomizedRunner.java:1764)
	at com.carrotsearch.randomizedtesting.RandomizedRunner$8.evaluate(RandomizedRunner.java:871)
	at com.carrotsearch.randomizedtesting.RandomizedRunner$9.evaluate(RandomizedRunner.java:907)
	at com.carrotsearch.randomizedtesting.RandomizedRunner$10.evaluate(RandomizedRunner.java:921)
	at com.carrotsearch.randomizedtesting.rules.StatementAdapter.evaluate(StatementAdapter.java:36)
	at org.apache.lucene.util.TestRuleSetupTeardownChained$1.evaluate(TestRuleSetupTeardownChained.java:50)
	at org.apache.lucene.util.AbstractBeforeAfterRule$1.evaluate(AbstractBeforeAfterRule.java:46)
	at org.apache.lucene.util.TestRuleThreadAndTestName$1.evaluate(TestRuleThreadAndTestName.java:49)
	at org.apache.lucene.util.TestRuleIgnoreAfterMaxFailures$1.evaluate(TestRuleIgnoreAfterMaxFailures.java:65)
	at org.apache.lucene.util.TestRuleMarkFailure$1.evaluate(TestRuleMarkFailure.java:48)
	at com.carrotsearch.randomizedtesting.rules.StatementAdapter.evaluate(StatementAdapter.java:36)
	at com.carrotsearch.randomizedtesting.ThreadLeakControl$StatementRunner.run(ThreadLeakControl.java:367)
	at com.carrotsearch.randomizedtesting.ThreadLeakControl.forkTimeoutingTask(ThreadLeakControl.java:809)
	at com.carrotsearch.randomizedtesting.ThreadLeakControl$3.evaluate(ThreadLeakControl.java:460)
	at com.carrotsearch.randomizedtesting.RandomizedRunner.runSingleTest(RandomizedRunner.java:880)
	at com.carrotsearch.randomizedtesting.RandomizedRunner$5.evaluate(RandomizedRunner.java:781)
	at com.carrotsearch.randomizedtesting.RandomizedRunner$6.evaluate(RandomizedRunner.java:816)
	at com.carrotsearch.randomizedtesting.RandomizedRunner$7.evaluate(RandomizedRunner.java:827)
	at org.apache.lucene.util.AbstractBeforeAfterRule$1.evaluate(AbstractBeforeAfterRule.java:46)
	at com.carrotsearch.randomizedtesting.rules.StatementAdapter.evaluate(StatementAdapter.java:36)
	at org.apache.lucene.util.TestRuleStoreClassName$1.evaluate(TestRuleStoreClassName.java:42)
	at com.carrotsearch.randomizedtesting.rules.NoShadowingOrOverridesOnMethodsRule$1.evaluate(NoShadowingOrOverridesOnMethodsRule.java:40)
	at com.carrotsearch.randomizedtesting.rules.NoShadowingOrOverridesOnMethodsRule$1.evaluate(NoShadowingOrOverridesOnMethodsRule.java:40)
	at com.carrotsearch.randomizedtesting.rules.StatementAdapter.evaluate(StatementAdapter.java:36)
	at com.carrotsearch.randomizedtesting.rules.StatementAdapter.evaluate(StatementAdapter.java:36)
	at com.carrotsearch.randomizedtesting.rules.StatementAdapter.evaluate(StatementAdapter.java:36)
	at org.apache.lucene.util.TestRuleAssertionsRequired$1.evaluate(TestRuleAssertionsRequired.java:54)
	at org.apache.lucene.util.TestRuleMarkFailure$1.evaluate(TestRuleMarkFailure.java:48)
	at org.apache.lucene.util.TestRuleIgnoreAfterMaxFailures$1.evaluate(TestRuleIgnoreAfterMaxFailures.java:65)
	at org.apache.lucene.util.TestRuleIgnoreTestSuites$1.evaluate(TestRuleIgnoreTestSuites.java:55)
	at com.carrotsearch.randomizedtesting.rules.StatementAdapter.evaluate(StatementAdapter.java:36)
	at com.carrotsearch.randomizedtesting.ThreadLeakControl$StatementRunner.run(ThreadLeakControl.java:367)
	at java.lang.Thread.run(Thread.java:745)
[2016-04-18 03:00:56,688][WARN ][org.elasticsearch.index.engine]  [index][1] failed engine [lucene commit failed]
java.io.IOException: a random IOException (pending_segments_1)
	at org.apache.lucene.store.MockDirectoryWrapper.maybeThrowIOException(MockDirectoryWrapper.java:445)
	at org.apache.lucene.store.MockDirectoryWrapper.sync(MockDirectoryWrapper.java:224)
	at org.apache.lucene.store.FilterDirectory.sync(FilterDirectory.java:78)
	at org.apache.lucene.store.LockValidatingDirectoryWrapper.sync(LockValidatingDirectoryWrapper.java:62)
	at org.apache.lucene.index.SegmentInfos.write(SegmentInfos.java:580)
	at org.apache.lucene.index.SegmentInfos.prepareCommit(SegmentInfos.java:809)
	at org.apache.lucene.index.IndexWriter.startCommit(IndexWriter.java:4418)
	at org.apache.lucene.index.IndexWriter.prepareCommitInternal(IndexWriter.java:2860)
	at org.apache.lucene.index.IndexWriter.commitInternal(IndexWriter.java:2963)
	at org.apache.lucene.index.IndexWriter.commit(IndexWriter.java:2930)
	at org.elasticsearch.index.engine.InternalEngine.commitIndexWriter(InternalEngine.java:1166)
	at org.elasticsearch.index.engine.InternalEngine.commitIndexWriter(InternalEngine.java:1174)
	at org.elasticsearch.index.engine.InternalEngine.openTranslog(InternalEngine.java:214)
	at org.elasticsearch.index.engine.InternalEngine.<init>(InternalEngine.java:149)
	at org.elasticsearch.index.engine.InternalEngineTests.createEngine(InternalEngineTests.java:264)
	at org.elasticsearch.index.engine.InternalEngineTests.createEngine(InternalEngineTests.java:260)
	at org.elasticsearch.index.engine.InternalEngineTests.testFailStart(InternalEngineTests.java:1554)
	at sun.reflect.NativeMethodAccessorImpl.invoke0(Native Method)
	at sun.reflect.NativeMethodAccessorImpl.invoke(NativeMethodAccessorImpl.java:62)
	at sun.reflect.DelegatingMethodAccessorImpl.invoke(DelegatingMethodAccessorImpl.java:43)
	at java.lang.reflect.Method.invoke(Method.java:497)
	at com.carrotsearch.randomizedtesting.RandomizedRunner.invoke(RandomizedRunner.java:1764)
	at com.carrotsearch.randomizedtesting.RandomizedRunner$8.evaluate(RandomizedRunner.java:871)
	at com.carrotsearch.randomizedtesting.RandomizedRunner$9.evaluate(RandomizedRunner.java:907)
	at com.carrotsearch.randomizedtesting.RandomizedRunner$10.evaluate(RandomizedRunner.java:921)
	at com.carrotsearch.randomizedtesting.rules.StatementAdapter.evaluate(StatementAdapter.java:36)
	at org.apache.lucene.util.TestRuleSetupTeardownChained$1.evaluate(TestRuleSetupTeardownChained.java:50)
	at org.apache.lucene.util.AbstractBeforeAfterRule$1.evaluate(AbstractBeforeAfterRule.java:46)
	at org.apache.lucene.util.TestRuleThreadAndTestName$1.evaluate(TestRuleThreadAndTestName.java:49)
	at org.apache.lucene.util.TestRuleIgnoreAfterMaxFailures$1.evaluate(TestRuleIgnoreAfterMaxFailures.java:65)
	at org.apache.lucene.util.TestRuleMarkFailure$1.evaluate(TestRuleMarkFailure.java:48)
	at com.carrotsearch.randomizedtesting.rules.StatementAdapter.evaluate(StatementAdapter.java:36)
	at com.carrotsearch.randomizedtesting.ThreadLeakControl$StatementRunner.run(ThreadLeakControl.java:367)
	at com.carrotsearch.randomizedtesting.ThreadLeakControl.forkTimeoutingTask(ThreadLeakControl.java:809)
	at com.carrotsearch.randomizedtesting.ThreadLeakControl$3.evaluate(ThreadLeakControl.java:460)
	at com.carrotsearch.randomizedtesting.RandomizedRunner.runSingleTest(RandomizedRunner.java:880)
	at com.carrotsearch.randomizedtesting.RandomizedRunner$5.evaluate(RandomizedRunner.java:781)
	at com.carrotsearch.randomizedtesting.RandomizedRunner$6.evaluate(RandomizedRunner.java:816)
	at com.carrotsearch.randomizedtesting.RandomizedRunner$7.evaluate(RandomizedRunner.java:827)
	at org.apache.lucene.util.AbstractBeforeAfterRule$1.evaluate(AbstractBeforeAfterRule.java:46)
	at com.carrotsearch.randomizedtesting.rules.StatementAdapter.evaluate(StatementAdapter.java:36)
	at org.apache.lucene.util.TestRuleStoreClassName$1.evaluate(TestRuleStoreClassName.java:42)
	at com.carrotsearch.randomizedtesting.rules.NoShadowingOrOverridesOnMethodsRule$1.evaluate(NoShadowingOrOverridesOnMethodsRule.java:40)
	at com.carrotsearch.randomizedtesting.rules.NoShadowingOrOverridesOnMethodsRule$1.evaluate(NoShadowingOrOverridesOnMethodsRule.java:40)
	at com.carrotsearch.randomizedtesting.rules.StatementAdapter.evaluate(StatementAdapter.java:36)
	at com.carrotsearch.randomizedtesting.rules.StatementAdapter.evaluate(StatementAdapter.java:36)
	at com.carrotsearch.randomizedtesting.rules.StatementAdapter.evaluate(StatementAdapter.java:36)
	at org.apache.lucene.util.TestRuleAssertionsRequired$1.evaluate(TestRuleAssertionsRequired.java:54)
	at org.apache.lucene.util.TestRuleMarkFailure$1.evaluate(TestRuleMarkFailure.java:48)
	at org.apache.lucene.util.TestRuleIgnoreAfterMaxFailures$1.evaluate(TestRuleIgnoreAfterMaxFailures.java:65)
	at org.apache.lucene.util.TestRuleIgnoreTestSuites$1.evaluate(TestRuleIgnoreTestSuites.java:55)
	at com.carrotsearch.randomizedtesting.rules.StatementAdapter.evaluate(StatementAdapter.java:36)
	at com.carrotsearch.randomizedtesting.ThreadLeakControl$StatementRunner.run(ThreadLeakControl.java:367)
	at java.lang.Thread.run(Thread.java:745)
[2016-04-18 03:00:56,693][WARN ][org.elasticsearch.index.engine]  [index][1] failed engine [lucene commit failed]
java.io.IOException: a random IOException (pending_segments_1)
	at org.apache.lucene.store.MockDirectoryWrapper.maybeThrowIOException(MockDirectoryWrapper.java:445)
	at org.apache.lucene.store.MockIndexOutputWrapper.writeBytes(MockIndexOutputWrapper.java:151)
	at org.apache.lucene.store.MockIndexOutputWrapper.writeByte(MockIndexOutputWrapper.java:127)
	at org.apache.lucene.store.DataOutput.writeInt(DataOutput.java:70)
	at org.apache.lucene.codecs.CodecUtil.writeHeader(CodecUtil.java:91)
	at org.apache.lucene.codecs.CodecUtil.writeIndexHeader(CodecUtil.java:134)
	at org.apache.lucene.index.SegmentInfos.write(SegmentInfos.java:517)
	at org.apache.lucene.index.SegmentInfos.prepareCommit(SegmentInfos.java:809)
	at org.apache.lucene.index.IndexWriter.startCommit(IndexWriter.java:4418)
	at org.apache.lucene.index.IndexWriter.prepareCommitInternal(IndexWriter.java:2860)
	at org.apache.lucene.index.IndexWriter.commitInternal(IndexWriter.java:2963)
	at org.apache.lucene.index.IndexWriter.commit(IndexWriter.java:2930)
	at org.elasticsearch.index.engine.InternalEngine.commitIndexWriter(InternalEngine.java:1166)
	at org.elasticsearch.index.engine.InternalEngine.commitIndexWriter(InternalEngine.java:1174)
	at org.elasticsearch.index.engine.InternalEngine.openTranslog(InternalEngine.java:214)
	at org.elasticsearch.index.engine.InternalEngine.<init>(InternalEngine.java:149)
	at org.elasticsearch.index.engine.InternalEngineTests.createEngine(InternalEngineTests.java:264)
	at org.elasticsearch.index.engine.InternalEngineTests.createEngine(InternalEngineTests.java:260)
	at org.elasticsearch.index.engine.InternalEngineTests.testFailStart(InternalEngineTests.java:1554)
	at sun.reflect.NativeMethodAccessorImpl.invoke0(Native Method)
	at sun.reflect.NativeMethodAccessorImpl.invoke(NativeMethodAccessorImpl.java:62)
	at sun.reflect.DelegatingMethodAccessorImpl.invoke(DelegatingMethodAccessorImpl.java:43)
	at java.lang.reflect.Method.invoke(Method.java:497)
	at com.carrotsearch.randomizedtesting.RandomizedRunner.invoke(RandomizedRunner.java:1764)
	at com.carrotsearch.randomizedtesting.RandomizedRunner$8.evaluate(RandomizedRunner.java:871)
	at com.carrotsearch.randomizedtesting.RandomizedRunner$9.evaluate(RandomizedRunner.java:907)
	at com.carrotsearch.randomizedtesting.RandomizedRunner$10.evaluate(RandomizedRunner.java:921)
	at com.carrotsearch.randomizedtesting.rules.StatementAdapter.evaluate(StatementAdapter.java:36)
	at org.apache.lucene.util.TestRuleSetupTeardownChained$1.evaluate(TestRuleSetupTeardownChained.java:50)
	at org.apache.lucene.util.AbstractBeforeAfterRule$1.evaluate(AbstractBeforeAfterRule.java:46)
	at org.apache.lucene.util.TestRuleThreadAndTestName$1.evaluate(TestRuleThreadAndTestName.java:49)
	at org.apache.lucene.util.TestRuleIgnoreAfterMaxFailures$1.evaluate(TestRuleIgnoreAfterMaxFailures.java:65)
	at org.apache.lucene.util.TestRuleMarkFailure$1.evaluate(TestRuleMarkFailure.java:48)
	at com.carrotsearch.randomizedtesting.rules.StatementAdapter.evaluate(StatementAdapter.java:36)
	at com.carrotsearch.randomizedtesting.ThreadLeakControl$StatementRunner.run(ThreadLeakControl.java:367)
	at com.carrotsearch.randomizedtesting.ThreadLeakControl.forkTimeoutingTask(ThreadLeakControl.java:809)
	at com.carrotsearch.randomizedtesting.ThreadLeakControl$3.evaluate(ThreadLeakControl.java:460)
	at com.carrotsearch.randomizedtesting.RandomizedRunner.runSingleTest(RandomizedRunner.java:880)
	at com.carrotsearch.randomizedtesting.RandomizedRunner$5.evaluate(RandomizedRunner.java:781)
	at com.carrotsearch.randomizedtesting.RandomizedRunner$6.evaluate(RandomizedRunner.java:816)
	at com.carrotsearch.randomizedtesting.RandomizedRunner$7.evaluate(RandomizedRunner.java:827)
	at org.apache.lucene.util.AbstractBeforeAfterRule$1.evaluate(AbstractBeforeAfterRule.java:46)
	at com.carrotsearch.randomizedtesting.rules.StatementAdapter.evaluate(StatementAdapter.java:36)
	at org.apache.lucene.util.TestRuleStoreClassName$1.evaluate(TestRuleStoreClassName.java:42)
	at com.carrotsearch.randomizedtesting.rules.NoShadowingOrOverridesOnMethodsRule$1.evaluate(NoShadowingOrOverridesOnMethodsRule.java:40)
	at com.carrotsearch.randomizedtesting.rules.NoShadowingOrOverridesOnMethodsRule$1.evaluate(NoShadowingOrOverridesOnMethodsRule.java:40)
	at com.carrotsearch.randomizedtesting.rules.StatementAdapter.evaluate(StatementAdapter.java:36)
	at com.carrotsearch.randomizedtesting.rules.StatementAdapter.evaluate(StatementAdapter.java:36)
	at com.carrotsearch.randomizedtesting.rules.StatementAdapter.evaluate(StatementAdapter.java:36)
	at org.apache.lucene.util.TestRuleAssertionsRequired$1.evaluate(TestRuleAssertionsRequired.java:54)
	at org.apache.lucene.util.TestRuleMarkFailure$1.evaluate(TestRuleMarkFailure.java:48)
	at org.apache.lucene.util.TestRuleIgnoreAfterMaxFailures$1.evaluate(TestRuleIgnoreAfterMaxFailures.java:65)
	at org.apache.lucene.util.TestRuleIgnoreTestSuites$1.evaluate(TestRuleIgnoreTestSuites.java:55)
	at com.carrotsearch.randomizedtesting.rules.StatementAdapter.evaluate(StatementAdapter.java:36)
	at com.carrotsearch.randomizedtesting.ThreadLeakControl$StatementRunner.run(ThreadLeakControl.java:367)
	at java.lang.Thread.run(Thread.java:745)
[2016-04-18 03:00:56,697][WARN ][org.elasticsearch.index.engine]  [index][1] failed engine [lucene commit failed]
java.io.IOException: a random IOException (pending_segments_1)
	at org.apache.lucene.store.MockDirectoryWrapper.maybeThrowIOExceptionOnOpen(MockDirectoryWrapper.java:456)
	at org.apache.lucene.store.MockDirectoryWrapper.createOutput(MockDirectoryWrapper.java:548)
	at org.apache.lucene.store.FilterDirectory.createOutput(FilterDirectory.java:73)
	at org.apache.lucene.store.LockValidatingDirectoryWrapper.createOutput(LockValidatingDirectoryWrapper.java:44)
	at org.apache.lucene.index.SegmentInfos.write(SegmentInfos.java:516)
	at org.apache.lucene.index.SegmentInfos.prepareCommit(SegmentInfos.java:809)
	at org.apache.lucene.index.IndexWriter.startCommit(IndexWriter.java:4418)
	at org.apache.lucene.index.IndexWriter.prepareCommitInternal(IndexWriter.java:2860)
	at org.apache.lucene.index.IndexWriter.commitInternal(IndexWriter.java:2963)
	at org.apache.lucene.index.IndexWriter.commit(IndexWriter.java:2930)
	at org.elasticsearch.index.engine.InternalEngine.commitIndexWriter(InternalEngine.java:1166)
	at org.elasticsearch.index.engine.InternalEngine.commitIndexWriter(InternalEngine.java:1174)
	at org.elasticsearch.index.engine.InternalEngine.openTranslog(InternalEngine.java:214)
	at org.elasticsearch.index.engine.InternalEngine.<init>(InternalEngine.java:149)
	at org.elasticsearch.index.engine.InternalEngineTests.createEngine(InternalEngineTests.java:264)
	at org.elasticsearch.index.engine.InternalEngineTests.createEngine(InternalEngineTests.java:260)
	at org.elasticsearch.index.engine.InternalEngineTests.testFailStart(InternalEngineTests.java:1554)
	at sun.reflect.NativeMethodAccessorImpl.invoke0(Native Method)
	at sun.reflect.NativeMethodAccessorImpl.invoke(NativeMethodAccessorImpl.java:62)
	at sun.reflect.DelegatingMethodAccessorImpl.invoke(DelegatingMethodAccessorImpl.java:43)
	at java.lang.reflect.Method.invoke(Method.java:497)
	at com.carrotsearch.randomizedtesting.RandomizedRunner.invoke(RandomizedRunner.java:1764)
	at com.carrotsearch.randomizedtesting.RandomizedRunner$8.evaluate(RandomizedRunner.java:871)
	at com.carrotsearch.randomizedtesting.RandomizedRunner$9.evaluate(RandomizedRunner.java:907)
	at com.carrotsearch.randomizedtesting.RandomizedRunner$10.evaluate(RandomizedRunner.java:921)
	at com.carrotsearch.randomizedtesting.rules.StatementAdapter.evaluate(StatementAdapter.java:36)
	at org.apache.lucene.util.TestRuleSetupTeardownChained$1.evaluate(TestRuleSetupTeardownChained.java:50)
	at org.apache.lucene.util.AbstractBeforeAfterRule$1.evaluate(AbstractBeforeAfterRule.java:46)
	at org.apache.lucene.util.TestRuleThreadAndTestName$1.evaluate(TestRuleThreadAndTestName.java:49)
	at org.apache.lucene.util.TestRuleIgnoreAfterMaxFailures$1.evaluate(TestRuleIgnoreAfterMaxFailures.java:65)
	at org.apache.lucene.util.TestRuleMarkFailure$1.evaluate(TestRuleMarkFailure.java:48)
	at com.carrotsearch.randomizedtesting.rules.StatementAdapter.evaluate(StatementAdapter.java:36)
	at com.carrotsearch.randomizedtesting.ThreadLeakControl$StatementRunner.run(ThreadLeakControl.java:367)
	at com.carrotsearch.randomizedtesting.ThreadLeakControl.forkTimeoutingTask(ThreadLeakControl.java:809)
	at com.carrotsearch.randomizedtesting.ThreadLeakControl$3.evaluate(ThreadLeakControl.java:460)
	at com.carrotsearch.randomizedtesting.RandomizedRunner.runSingleTest(RandomizedRunner.java:880)
	at com.carrotsearch.randomizedtesting.RandomizedRunner$5.evaluate(RandomizedRunner.java:781)
	at com.carrotsearch.randomizedtesting.RandomizedRunner$6.evaluate(RandomizedRunner.java:816)
	at com.carrotsearch.randomizedtesting.RandomizedRunner$7.evaluate(RandomizedRunner.java:827)
	at org.apache.lucene.util.AbstractBeforeAfterRule$1.evaluate(AbstractBeforeAfterRule.java:46)
	at com.carrotsearch.randomizedtesting.rules.StatementAdapter.evaluate(StatementAdapter.java:36)
	at org.apache.lucene.util.TestRuleStoreClassName$1.evaluate(TestRuleStoreClassName.java:42)
	at com.carrotsearch.randomizedtesting.rules.NoShadowingOrOverridesOnMethodsRule$1.evaluate(NoShadowingOrOverridesOnMethodsRule.java:40)
	at com.carrotsearch.randomizedtesting.rules.NoShadowingOrOverridesOnMethodsRule$1.evaluate(NoShadowingOrOverridesOnMethodsRule.java:40)
	at com.carrotsearch.randomizedtesting.rules.StatementAdapter.evaluate(StatementAdapter.java:36)
	at com.carrotsearch.randomizedtesting.rules.StatementAdapter.evaluate(StatementAdapter.java:36)
	at com.carrotsearch.randomizedtesting.rules.StatementAdapter.evaluate(StatementAdapter.java:36)
	at org.apache.lucene.util.TestRuleAssertionsRequired$1.evaluate(TestRuleAssertionsRequired.java:54)
	at org.apache.lucene.util.TestRuleMarkFailure$1.evaluate(TestRuleMarkFailure.java:48)
	at org.apache.lucene.util.TestRuleIgnoreAfterMaxFailures$1.evaluate(TestRuleIgnoreAfterMaxFailures.java:65)
	at org.apache.lucene.util.TestRuleIgnoreTestSuites$1.evaluate(TestRuleIgnoreTestSuites.java:55)
	at com.carrotsearch.randomizedtesting.rules.StatementAdapter.evaluate(StatementAdapter.java:36)
	at com.carrotsearch.randomizedtesting.ThreadLeakControl$StatementRunner.run(ThreadLeakControl.java:367)
	at java.lang.Thread.run(Thread.java:745)
[2016-04-18 03:00:56,705][WARN ][org.elasticsearch.index.engine]  [index][1] failed engine [lucene commit failed]
java.nio.file.NoSuchFileException: a random IOException (pending_segments_1)
	at org.apache.lucene.store.MockDirectoryWrapper.maybeThrowIOExceptionOnOpen(MockDirectoryWrapper.java:458)
	at org.apache.lucene.store.MockDirectoryWrapper.createOutput(MockDirectoryWrapper.java:548)
	at org.apache.lucene.store.FilterDirectory.createOutput(FilterDirectory.java:73)
	at org.apache.lucene.store.LockValidatingDirectoryWrapper.createOutput(LockValidatingDirectoryWrapper.java:44)
	at org.apache.lucene.index.SegmentInfos.write(SegmentInfos.java:516)
	at org.apache.lucene.index.SegmentInfos.prepareCommit(SegmentInfos.java:809)
	at org.apache.lucene.index.IndexWriter.startCommit(IndexWriter.java:4418)
	at org.apache.lucene.index.IndexWriter.prepareCommitInternal(IndexWriter.java:2860)
	at org.apache.lucene.index.IndexWriter.commitInternal(IndexWriter.java:2963)
	at org.apache.lucene.index.IndexWriter.commit(IndexWriter.java:2930)
	at org.elasticsearch.index.engine.InternalEngine.commitIndexWriter(InternalEngine.java:1166)
	at org.elasticsearch.index.engine.InternalEngine.commitIndexWriter(InternalEngine.java:1174)
	at org.elasticsearch.index.engine.InternalEngine.openTranslog(InternalEngine.java:214)
	at org.elasticsearch.index.engine.InternalEngine.<init>(InternalEngine.java:149)
	at org.elasticsearch.index.engine.InternalEngineTests.createEngine(InternalEngineTests.java:264)
	at org.elasticsearch.index.engine.InternalEngineTests.createEngine(InternalEngineTests.java:260)
	at org.elasticsearch.index.engine.InternalEngineTests.testFailStart(InternalEngineTests.java:1554)
	at sun.reflect.NativeMethodAccessorImpl.invoke0(Native Method)
	at sun.reflect.NativeMethodAccessorImpl.invoke(NativeMethodAccessorImpl.java:62)
	at sun.reflect.DelegatingMethodAccessorImpl.invoke(DelegatingMethodAccessorImpl.java:43)
	at java.lang.reflect.Method.invoke(Method.java:497)
	at com.carrotsearch.randomizedtesting.RandomizedRunner.invoke(RandomizedRunner.java:1764)
	at com.carrotsearch.randomizedtesting.RandomizedRunner$8.evaluate(RandomizedRunner.java:871)
	at com.carrotsearch.randomizedtesting.RandomizedRunner$9.evaluate(RandomizedRunner.java:907)
	at com.carrotsearch.randomizedtesting.RandomizedRunner$10.evaluate(RandomizedRunner.java:921)
	at com.carrotsearch.randomizedtesting.rules.StatementAdapter.evaluate(StatementAdapter.java:36)
	at org.apache.lucene.util.TestRuleSetupTeardownChained$1.evaluate(TestRuleSetupTeardownChained.java:50)
	at org.apache.lucene.util.AbstractBeforeAfterRule$1.evaluate(AbstractBeforeAfterRule.java:46)
	at org.apache.lucene.util.TestRuleThreadAndTestName$1.evaluate(TestRuleThreadAndTestName.java:49)
	at org.apache.lucene.util.TestRuleIgnoreAfterMaxFailures$1.evaluate(TestRuleIgnoreAfterMaxFailures.java:65)
	at org.apache.lucene.util.TestRuleMarkFailure$1.evaluate(TestRuleMarkFailure.java:48)
	at com.carrotsearch.randomizedtesting.rules.StatementAdapter.evaluate(StatementAdapter.java:36)
	at com.carrotsearch.randomizedtesting.ThreadLeakControl$StatementRunner.run(ThreadLeakControl.java:367)
	at com.carrotsearch.randomizedtesting.ThreadLeakControl.forkTimeoutingTask(ThreadLeakControl.java:809)
	at com.carrotsearch.randomizedtesting.ThreadLeakControl$3.evaluate(ThreadLeakControl.java:460)
	at com.carrotsearch.randomizedtesting.RandomizedRunner.runSingleTest(RandomizedRunner.java:880)
	at com.carrotsearch.randomizedtesting.RandomizedRunner$5.evaluate(RandomizedRunner.java:781)
	at com.carrotsearch.randomizedtesting.RandomizedRunner$6.evaluate(RandomizedRunner.java:816)
	at com.carrotsearch.randomizedtesting.RandomizedRunner$7.evaluate(RandomizedRunner.java:827)
	at org.apache.lucene.util.AbstractBeforeAfterRule$1.evaluate(AbstractBeforeAfterRule.java:46)
	at com.carrotsearch.randomizedtesting.rules.StatementAdapter.evaluate(StatementAdapter.java:36)
	at org.apache.lucene.util.TestRuleStoreClassName$1.evaluate(TestRuleStoreClassName.java:42)
	at com.carrotsearch.randomizedtesting.rules.NoShadowingOrOverridesOnMethodsRule$1.evaluate(NoShadowingOrOverridesOnMethodsRule.java:40)
	at com.carrotsearch.randomizedtesting.rules.NoShadowingOrOverridesOnMethodsRule$1.evaluate(NoShadowingOrOverridesOnMethodsRule.java:40)
	at com.carrotsearch.randomizedtesting.rules.StatementAdapter.evaluate(StatementAdapter.java:36)
	at com.carrotsearch.randomizedtesting.rules.StatementAdapter.evaluate(StatementAdapter.java:36)
	at com.carrotsearch.randomizedtesting.rules.StatementAdapter.evaluate(StatementAdapter.java:36)
	at org.apache.lucene.util.TestRuleAssertionsRequired$1.evaluate(TestRuleAssertionsRequired.java:54)
	at org.apache.lucene.util.TestRuleMarkFailure$1.evaluate(TestRuleMarkFailure.java:48)
	at org.apache.lucene.util.TestRuleIgnoreAfterMaxFailures$1.evaluate(TestRuleIgnoreAfterMaxFailures.java:65)
	at org.apache.lucene.util.TestRuleIgnoreTestSuites$1.evaluate(TestRuleIgnoreTestSuites.java:55)
	at com.carrotsearch.randomizedtesting.rules.StatementAdapter.evaluate(StatementAdapter.java:36)
	at com.carrotsearch.randomizedtesting.ThreadLeakControl$StatementRunner.run(ThreadLeakControl.java:367)
	at java.lang.Thread.run(Thread.java:745)
[2016-04-18 03:00:56,716][WARN ][org.elasticsearch.index.engine]  [index][1] failed engine [lucene commit failed]
java.io.IOException: a random IOException (pending_segments_1)
	at org.apache.lucene.store.MockDirectoryWrapper.maybeThrowIOException(MockDirectoryWrapper.java:445)
	at org.apache.lucene.store.MockDirectoryWrapper.sync(MockDirectoryWrapper.java:224)
	at org.apache.lucene.store.FilterDirectory.sync(FilterDirectory.java:78)
	at org.apache.lucene.store.LockValidatingDirectoryWrapper.sync(LockValidatingDirectoryWrapper.java:62)
	at org.apache.lucene.index.SegmentInfos.write(SegmentInfos.java:580)
	at org.apache.lucene.index.SegmentInfos.prepareCommit(SegmentInfos.java:809)
	at org.apache.lucene.index.IndexWriter.startCommit(IndexWriter.java:4418)
	at org.apache.lucene.index.IndexWriter.prepareCommitInternal(IndexWriter.java:2860)
	at org.apache.lucene.index.IndexWriter.commitInternal(IndexWriter.java:2963)
	at org.apache.lucene.index.IndexWriter.commit(IndexWriter.java:2930)
	at org.elasticsearch.index.engine.InternalEngine.commitIndexWriter(InternalEngine.java:1166)
	at org.elasticsearch.index.engine.InternalEngine.commitIndexWriter(InternalEngine.java:1174)
	at org.elasticsearch.index.engine.InternalEngine.openTranslog(InternalEngine.java:214)
	at org.elasticsearch.index.engine.InternalEngine.<init>(InternalEngine.java:149)
	at org.elasticsearch.index.engine.InternalEngineTests.createEngine(InternalEngineTests.java:264)
	at org.elasticsearch.index.engine.InternalEngineTests.createEngine(InternalEngineTests.java:260)
	at org.elasticsearch.index.engine.InternalEngineTests.testFailStart(InternalEngineTests.java:1554)
	at sun.reflect.NativeMethodAccessorImpl.invoke0(Native Method)
	at sun.reflect.NativeMethodAccessorImpl.invoke(NativeMethodAccessorImpl.java:62)
	at sun.reflect.DelegatingMethodAccessorImpl.invoke(DelegatingMethodAccessorImpl.java:43)
	at java.lang.reflect.Method.invoke(Method.java:497)
	at com.carrotsearch.randomizedtesting.RandomizedRunner.invoke(RandomizedRunner.java:1764)
	at com.carrotsearch.randomizedtesting.RandomizedRunner$8.evaluate(RandomizedRunner.java:871)
	at com.carrotsearch.randomizedtesting.RandomizedRunner$9.evaluate(RandomizedRunner.java:907)
	at com.carrotsearch.randomizedtesting.RandomizedRunner$10.evaluate(RandomizedRunner.java:921)
	at com.carrotsearch.randomizedtesting.rules.StatementAdapter.evaluate(StatementAdapter.java:36)
	at org.apache.lucene.util.TestRuleSetupTeardownChained$1.evaluate(TestRuleSetupTeardownChained.java:50)
	at org.apache.lucene.util.AbstractBeforeAfterRule$1.evaluate(AbstractBeforeAfterRule.java:46)
	at org.apache.lucene.util.TestRuleThreadAndTestName$1.evaluate(TestRuleThreadAndTestName.java:49)
	at org.apache.lucene.util.TestRuleIgnoreAfterMaxFailures$1.evaluate(TestRuleIgnoreAfterMaxFailures.java:65)
	at org.apache.lucene.util.TestRuleMarkFailure$1.evaluate(TestRuleMarkFailure.java:48)
	at com.carrotsearch.randomizedtesting.rules.StatementAdapter.evaluate(StatementAdapter.java:36)
	at com.carrotsearch.randomizedtesting.ThreadLeakControl$StatementRunner.run(ThreadLeakControl.java:367)
	at com.carrotsearch.randomizedtesting.ThreadLeakControl.forkTimeoutingTask(ThreadLeakControl.java:809)
	at com.carrotsearch.randomizedtesting.ThreadLeakControl$3.evaluate(ThreadLeakControl.java:460)
	at com.carrotsearch.randomizedtesting.RandomizedRunner.runSingleTest(RandomizedRunner.java:880)
	at com.carrotsearch.randomizedtesting.RandomizedRunner$5.evaluate(RandomizedRunner.java:781)
	at com.carrotsearch.randomizedtesting.RandomizedRunner$6.evaluate(RandomizedRunner.java:816)
	at com.carrotsearch.randomizedtesting.RandomizedRunner$7.evaluate(RandomizedRunner.java:827)
	at org.apache.lucene.util.AbstractBeforeAfterRule$1.evaluate(AbstractBeforeAfterRule.java:46)
	at com.carrotsearch.randomizedtesting.rules.StatementAdapter.evaluate(StatementAdapter.java:36)
	at org.apache.lucene.util.TestRuleStoreClassName$1.evaluate(TestRuleStoreClassName.java:42)
	at com.carrotsearch.randomizedtesting.rules.NoShadowingOrOverridesOnMethodsRule$1.evaluate(NoShadowingOrOverridesOnMethodsRule.java:40)
	at com.carrotsearch.randomizedtesting.rules.NoShadowingOrOverridesOnMethodsRule$1.evaluate(NoShadowingOrOverridesOnMethodsRule.java:40)
	at com.carrotsearch.randomizedtesting.rules.StatementAdapter.evaluate(StatementAdapter.java:36)
	at com.carrotsearch.randomizedtesting.rules.StatementAdapter.evaluate(StatementAdapter.java:36)
	at com.carrotsearch.randomizedtesting.rules.StatementAdapter.evaluate(StatementAdapter.java:36)
	at org.apache.lucene.util.TestRuleAssertionsRequired$1.evaluate(TestRuleAssertionsRequired.java:54)
	at org.apache.lucene.util.TestRuleMarkFailure$1.evaluate(TestRuleMarkFailure.java:48)
	at org.apache.lucene.util.TestRuleIgnoreAfterMaxFailures$1.evaluate(TestRuleIgnoreAfterMaxFailures.java:65)
	at org.apache.lucene.util.TestRuleIgnoreTestSuites$1.evaluate(TestRuleIgnoreTestSuites.java:55)
	at com.carrotsearch.randomizedtesting.rules.StatementAdapter.evaluate(StatementAdapter.java:36)
	at com.carrotsearch.randomizedtesting.ThreadLeakControl$StatementRunner.run(ThreadLeakControl.java:367)
	at java.lang.Thread.run(Thread.java:745)
[2016-04-18 03:00:56,768][WARN ][org.elasticsearch.index.engine]  [index][1] failed engine [lucene commit failed]
java.io.IOException: a random IOException (pending_segments_1)
	at org.apache.lucene.store.MockDirectoryWrapper.maybeThrowIOException(MockDirectoryWrapper.java:445)
	at org.apache.lucene.store.MockDirectoryWrapper.sync(MockDirectoryWrapper.java:224)
	at org.apache.lucene.store.FilterDirectory.sync(FilterDirectory.java:78)
	at org.apache.lucene.store.LockValidatingDirectoryWrapper.sync(LockValidatingDirectoryWrapper.java:62)
	at org.apache.lucene.index.SegmentInfos.write(SegmentInfos.java:580)
	at org.apache.lucene.index.SegmentInfos.prepareCommit(SegmentInfos.java:809)
	at org.apache.lucene.index.IndexWriter.startCommit(IndexWriter.java:4418)
	at org.apache.lucene.index.IndexWriter.prepareCommitInternal(IndexWriter.java:2860)
	at org.apache.lucene.index.IndexWriter.commitInternal(IndexWriter.java:2963)
	at org.apache.lucene.index.IndexWriter.commit(IndexWriter.java:2930)
	at org.elasticsearch.index.engine.InternalEngine.commitIndexWriter(InternalEngine.java:1166)
	at org.elasticsearch.index.engine.InternalEngine.commitIndexWriter(InternalEngine.java:1174)
	at org.elasticsearch.index.engine.InternalEngine.openTranslog(InternalEngine.java:214)
	at org.elasticsearch.index.engine.InternalEngine.<init>(InternalEngine.java:149)
	at org.elasticsearch.index.engine.InternalEngineTests.createEngine(InternalEngineTests.java:264)
	at org.elasticsearch.index.engine.InternalEngineTests.createEngine(InternalEngineTests.java:260)
	at org.elasticsearch.index.engine.InternalEngineTests.testFailStart(InternalEngineTests.java:1554)
	at sun.reflect.NativeMethodAccessorImpl.invoke0(Native Method)
	at sun.reflect.NativeMethodAccessorImpl.invoke(NativeMethodAccessorImpl.java:62)
	at sun.reflect.DelegatingMethodAccessorImpl.invoke(DelegatingMethodAccessorImpl.java:43)
	at java.lang.reflect.Method.invoke(Method.java:497)
	at com.carrotsearch.randomizedtesting.RandomizedRunner.invoke(RandomizedRunner.java:1764)
	at com.carrotsearch.randomizedtesting.RandomizedRunner$8.evaluate(RandomizedRunner.java:871)
	at com.carrotsearch.randomizedtesting.RandomizedRunner$9.evaluate(RandomizedRunner.java:907)
	at com.carrotsearch.randomizedtesting.RandomizedRunner$10.evaluate(RandomizedRunner.java:921)
	at com.carrotsearch.randomizedtesting.rules.StatementAdapter.evaluate(StatementAdapter.java:36)
	at org.apache.lucene.util.TestRuleSetupTeardownChained$1.evaluate(TestRuleSetupTeardownChained.java:50)
	at org.apache.lucene.util.AbstractBeforeAfterRule$1.evaluate(AbstractBeforeAfterRule.java:46)
	at org.apache.lucene.util.TestRuleThreadAndTestName$1.evaluate(TestRuleThreadAndTestName.java:49)
	at org.apache.lucene.util.TestRuleIgnoreAfterMaxFailures$1.evaluate(TestRuleIgnoreAfterMaxFailures.java:65)
	at org.apache.lucene.util.TestRuleMarkFailure$1.evaluate(TestRuleMarkFailure.java:48)
	at com.carrotsearch.randomizedtesting.rules.StatementAdapter.evaluate(StatementAdapter.java:36)
	at com.carrotsearch.randomizedtesting.ThreadLeakControl$StatementRunner.run(ThreadLeakControl.java:367)
	at com.carrotsearch.randomizedtesting.ThreadLeakControl.forkTimeoutingTask(ThreadLeakControl.java:809)
	at com.carrotsearch.randomizedtesting.ThreadLeakControl$3.evaluate(ThreadLeakControl.java:460)
	at com.carrotsearch.randomizedtesting.RandomizedRunner.runSingleTest(RandomizedRunner.java:880)
	at com.carrotsearch.randomizedtesting.RandomizedRunner$5.evaluate(RandomizedRunner.java:781)
	at com.carrotsearch.randomizedtesting.RandomizedRunner$6.evaluate(RandomizedRunner.java:816)
	at com.carrotsearch.randomizedtesting.RandomizedRunner$7.evaluate(RandomizedRunner.java:827)
	at org.apache.lucene.util.AbstractBeforeAfterRule$1.evaluate(AbstractBeforeAfterRule.java:46)
	at com.carrotsearch.randomizedtesting.rules.StatementAdapter.evaluate(StatementAdapter.java:36)
	at org.apache.lucene.util.TestRuleStoreClassName$1.evaluate(TestRuleStoreClassName.java:42)
	at com.carrotsearch.randomizedtesting.rules.NoShadowingOrOverridesOnMethodsRule$1.evaluate(NoShadowingOrOverridesOnMethodsRule.java:40)
	at com.carrotsearch.randomizedtesting.rules.NoShadowingOrOverridesOnMethodsRule$1.evaluate(NoShadowingOrOverridesOnMethodsRule.java:40)
	at com.carrotsearch.randomizedtesting.rules.StatementAdapter.evaluate(StatementAdapter.java:36)
	at com.carrotsearch.randomizedtesting.rules.StatementAdapter.evaluate(StatementAdapter.java:36)
	at com.carrotsearch.randomizedtesting.rules.StatementAdapter.evaluate(StatementAdapter.java:36)
	at org.apache.lucene.util.TestRuleAssertionsRequired$1.evaluate(TestRuleAssertionsRequired.java:54)
	at org.apache.lucene.util.TestRuleMarkFailure$1.evaluate(TestRuleMarkFailure.java:48)
	at org.apache.lucene.util.TestRuleIgnoreAfterMaxFailures$1.evaluate(TestRuleIgnoreAfterMaxFailures.java:65)
	at org.apache.lucene.util.TestRuleIgnoreTestSuites$1.evaluate(TestRuleIgnoreTestSuites.java:55)
	at com.carrotsearch.randomizedtesting.rules.StatementAdapter.evaluate(StatementAdapter.java:36)
	at com.carrotsearch.randomizedtesting.ThreadLeakControl$StatementRunner.run(ThreadLeakControl.java:367)
	at java.lang.Thread.run(Thread.java:745)
[2016-04-18 03:00:56,775][WARN ][org.elasticsearch.index.engine]  [index][1] failed engine [lucene commit failed]
java.io.IOException: a random IOException (pending_segments_1)
	at org.apache.lucene.store.MockDirectoryWrapper.maybeThrowIOException(MockDirectoryWrapper.java:445)
	at org.apache.lucene.store.MockDirectoryWrapper.sync(MockDirectoryWrapper.java:224)
	at org.apache.lucene.store.FilterDirectory.sync(FilterDirectory.java:78)
	at org.apache.lucene.store.LockValidatingDirectoryWrapper.sync(LockValidatingDirectoryWrapper.java:62)
	at org.apache.lucene.index.SegmentInfos.write(SegmentInfos.java:580)
	at org.apache.lucene.index.SegmentInfos.prepareCommit(SegmentInfos.java:809)
	at org.apache.lucene.index.IndexWriter.startCommit(IndexWriter.java:4418)
	at org.apache.lucene.index.IndexWriter.prepareCommitInternal(IndexWriter.java:2860)
	at org.apache.lucene.index.IndexWriter.commitInternal(IndexWriter.java:2963)
	at org.apache.lucene.index.IndexWriter.commit(IndexWriter.java:2930)
	at org.elasticsearch.index.engine.InternalEngine.commitIndexWriter(InternalEngine.java:1166)
	at org.elasticsearch.index.engine.InternalEngine.commitIndexWriter(InternalEngine.java:1174)
	at org.elasticsearch.index.engine.InternalEngine.openTranslog(InternalEngine.java:214)
	at org.elasticsearch.index.engine.InternalEngine.<init>(InternalEngine.java:149)
	at org.elasticsearch.index.engine.InternalEngineTests.createEngine(InternalEngineTests.java:264)
	at org.elasticsearch.index.engine.InternalEngineTests.createEngine(InternalEngineTests.java:260)
	at org.elasticsearch.index.engine.InternalEngineTests.testFailStart(InternalEngineTests.java:1554)
	at sun.reflect.NativeMethodAccessorImpl.invoke0(Native Method)
	at sun.reflect.NativeMethodAccessorImpl.invoke(NativeMethodAccessorImpl.java:62)
	at sun.reflect.DelegatingMethodAccessorImpl.invoke(DelegatingMethodAccessorImpl.java:43)
	at java.lang.reflect.Method.invoke(Method.java:497)
	at com.carrotsearch.randomizedtesting.RandomizedRunner.invoke(RandomizedRunner.java:1764)
	at com.carrotsearch.randomizedtesting.RandomizedRunner$8.evaluate(RandomizedRunner.java:871)
	at com.carrotsearch.randomizedtesting.RandomizedRunner$9.evaluate(RandomizedRunner.java:907)
	at com.carrotsearch.randomizedtesting.RandomizedRunner$10.evaluate(RandomizedRunner.java:921)
	at com.carrotsearch.randomizedtesting.rules.StatementAdapter.evaluate(StatementAdapter.java:36)
	at org.apache.lucene.util.TestRuleSetupTeardownChained$1.evaluate(TestRuleSetupTeardownChained.java:50)
	at org.apache.lucene.util.AbstractBeforeAfterRule$1.evaluate(AbstractBeforeAfterRule.java:46)
	at org.apache.lucene.util.TestRuleThreadAndTestName$1.evaluate(TestRuleThreadAndTestName.java:49)
	at org.apache.lucene.util.TestRuleIgnoreAfterMaxFailures$1.evaluate(TestRuleIgnoreAfterMaxFailures.java:65)
	at org.apache.lucene.util.TestRuleMarkFailure$1.evaluate(TestRuleMarkFailure.java:48)
	at com.carrotsearch.randomizedtesting.rules.StatementAdapter.evaluate(StatementAdapter.java:36)
	at com.carrotsearch.randomizedtesting.ThreadLeakControl$StatementRunner.run(ThreadLeakControl.java:367)
	at com.carrotsearch.randomizedtesting.ThreadLeakControl.forkTimeoutingTask(ThreadLeakControl.java:809)
	at com.carrotsearch.randomizedtesting.ThreadLeakControl$3.evaluate(ThreadLeakControl.java:460)
	at com.carrotsearch.randomizedtesting.RandomizedRunner.runSingleTest(RandomizedRunner.java:880)
	at com.carrotsearch.randomizedtesting.RandomizedRunner$5.evaluate(RandomizedRunner.java:781)
	at com.carrotsearch.randomizedtesting.RandomizedRunner$6.evaluate(RandomizedRunner.java:816)
	at com.carrotsearch.randomizedtesting.RandomizedRunner$7.evaluate(RandomizedRunner.java:827)
	at org.apache.lucene.util.AbstractBeforeAfterRule$1.evaluate(AbstractBeforeAfterRule.java:46)
	at com.carrotsearch.randomizedtesting.rules.StatementAdapter.evaluate(StatementAdapter.java:36)
	at org.apache.lucene.util.TestRuleStoreClassName$1.evaluate(TestRuleStoreClassName.java:42)
	at com.carrotsearch.randomizedtesting.rules.NoShadowingOrOverridesOnMethodsRule$1.evaluate(NoShadowingOrOverridesOnMethodsRule.java:40)
	at com.carrotsearch.randomizedtesting.rules.NoShadowingOrOverridesOnMethodsRule$1.evaluate(NoShadowingOrOverridesOnMethodsRule.java:40)
	at com.carrotsearch.randomizedtesting.rules.StatementAdapter.evaluate(StatementAdapter.java:36)
	at com.carrotsearch.randomizedtesting.rules.StatementAdapter.evaluate(StatementAdapter.java:36)
	at com.carrotsearch.randomizedtesting.rules.StatementAdapter.evaluate(StatementAdapter.java:36)
	at org.apache.lucene.util.TestRuleAssertionsRequired$1.evaluate(TestRuleAssertionsRequired.java:54)
	at org.apache.lucene.util.TestRuleMarkFailure$1.evaluate(TestRuleMarkFailure.java:48)
	at org.apache.lucene.util.TestRuleIgnoreAfterMaxFailures$1.evaluate(TestRuleIgnoreAfterMaxFailures.java:65)
	at org.apache.lucene.util.TestRuleIgnoreTestSuites$1.evaluate(TestRuleIgnoreTestSuites.java:55)
	at com.carrotsearch.randomizedtesting.rules.StatementAdapter.evaluate(StatementAdapter.java:36)
	at com.carrotsearch.randomizedtesting.ThreadLeakControl$StatementRunner.run(ThreadLeakControl.java:367)
	at java.lang.Thread.run(Thread.java:745)
[2016-04-18 03:00:56,780][WARN ][org.elasticsearch.index.engine]  [index][1] failed engine [lucene commit failed]
java.io.IOException: a random IOException (pending_segments_1)
	at org.apache.lucene.store.MockDirectoryWrapper.maybeThrowIOException(MockDirectoryWrapper.java:445)
	at org.apache.lucene.store.MockIndexOutputWrapper.writeBytes(MockIndexOutputWrapper.java:151)
	at org.apache.lucene.store.MockIndexOutputWrapper.writeByte(MockIndexOutputWrapper.java:127)
	at org.apache.lucene.store.DataOutput.writeInt(DataOutput.java:70)
	at org.apache.lucene.codecs.CodecUtil.writeHeader(CodecUtil.java:91)
	at org.apache.lucene.codecs.CodecUtil.writeIndexHeader(CodecUtil.java:134)
	at org.apache.lucene.index.SegmentInfos.write(SegmentInfos.java:517)
	at org.apache.lucene.index.SegmentInfos.prepareCommit(SegmentInfos.java:809)
	at org.apache.lucene.index.IndexWriter.startCommit(IndexWriter.java:4418)
	at org.apache.lucene.index.IndexWriter.prepareCommitInternal(IndexWriter.java:2860)
	at org.apache.lucene.index.IndexWriter.commitInternal(IndexWriter.java:2963)
	at org.apache.lucene.index.IndexWriter.commit(IndexWriter.java:2930)
	at org.elasticsearch.index.engine.InternalEngine.commitIndexWriter(InternalEngine.java:1166)
	at org.elasticsearch.index.engine.InternalEngine.commitIndexWriter(InternalEngine.java:1174)
	at org.elasticsearch.index.engine.InternalEngine.openTranslog(InternalEngine.java:214)
	at org.elasticsearch.index.engine.InternalEngine.<init>(InternalEngine.java:149)
	at org.elasticsearch.index.engine.InternalEngineTests.createEngine(InternalEngineTests.java:264)
	at org.elasticsearch.index.engine.InternalEngineTests.createEngine(InternalEngineTests.java:260)
	at org.elasticsearch.index.engine.InternalEngineTests.testFailStart(InternalEngineTests.java:1554)
	at sun.reflect.NativeMethodAccessorImpl.invoke0(Native Method)
	at sun.reflect.NativeMethodAccessorImpl.invoke(NativeMethodAccessorImpl.java:62)
	at sun.reflect.DelegatingMethodAccessorImpl.invoke(DelegatingMethodAccessorImpl.java:43)
	at java.lang.reflect.Method.invoke(Method.java:497)
	at com.carrotsearch.randomizedtesting.RandomizedRunner.invoke(RandomizedRunner.java:1764)
	at com.carrotsearch.randomizedtesting.RandomizedRunner$8.evaluate(RandomizedRunner.java:871)
	at com.carrotsearch.randomizedtesting.RandomizedRunner$9.evaluate(RandomizedRunner.java:907)
	at com.carrotsearch.randomizedtesting.RandomizedRunner$10.evaluate(RandomizedRunner.java:921)
	at com.carrotsearch.randomizedtesting.rules.StatementAdapter.evaluate(StatementAdapter.java:36)
	at org.apache.lucene.util.TestRuleSetupTeardownChained$1.evaluate(TestRuleSetupTeardownChained.java:50)
	at org.apache.lucene.util.AbstractBeforeAfterRule$1.evaluate(AbstractBeforeAfterRule.java:46)
	at org.apache.lucene.util.TestRuleThreadAndTestName$1.evaluate(TestRuleThreadAndTestName.java:49)
	at org.apache.lucene.util.TestRuleIgnoreAfterMaxFailures$1.evaluate(TestRuleIgnoreAfterMaxFailures.java:65)
	at org.apache.lucene.util.TestRuleMarkFailure$1.evaluate(TestRuleMarkFailure.java:48)
	at com.carrotsearch.randomizedtesting.rules.StatementAdapter.evaluate(StatementAdapter.java:36)
	at com.carrotsearch.randomizedtesting.ThreadLeakControl$StatementRunner.run(ThreadLeakControl.java:367)
	at com.carrotsearch.randomizedtesting.ThreadLeakControl.forkTimeoutingTask(ThreadLeakControl.java:809)
	at com.carrotsearch.randomizedtesting.ThreadLeakControl$3.evaluate(ThreadLeakControl.java:460)
	at com.carrotsearch.randomizedtesting.RandomizedRunner.runSingleTest(RandomizedRunner.java:880)
	at com.carrotsearch.randomizedtesting.RandomizedRunner$5.evaluate(RandomizedRunner.java:781)
	at com.carrotsearch.randomizedtesting.RandomizedRunner$6.evaluate(RandomizedRunner.java:816)
	at com.carrotsearch.randomizedtesting.RandomizedRunner$7.evaluate(RandomizedRunner.java:827)
	at org.apache.lucene.util.AbstractBeforeAfterRule$1.evaluate(AbstractBeforeAfterRule.java:46)
	at com.carrotsearch.randomizedtesting.rules.StatementAdapter.evaluate(StatementAdapter.java:36)
	at org.apache.lucene.util.TestRuleStoreClassName$1.evaluate(TestRuleStoreClassName.java:42)
	at com.carrotsearch.randomizedtesting.rules.NoShadowingOrOverridesOnMethodsRule$1.evaluate(NoShadowingOrOverridesOnMethodsRule.java:40)
	at com.carrotsearch.randomizedtesting.rules.NoShadowingOrOverridesOnMethodsRule$1.evaluate(NoShadowingOrOverridesOnMethodsRule.java:40)
	at com.carrotsearch.randomizedtesting.rules.StatementAdapter.evaluate(StatementAdapter.java:36)
	at com.carrotsearch.randomizedtesting.rules.StatementAdapter.evaluate(StatementAdapter.java:36)
	at com.carrotsearch.randomizedtesting.rules.StatementAdapter.evaluate(StatementAdapter.java:36)
	at org.apache.lucene.util.TestRuleAssertionsRequired$1.evaluate(TestRuleAssertionsRequired.java:54)
	at org.apache.lucene.util.TestRuleMarkFailure$1.evaluate(TestRuleMarkFailure.java:48)
	at org.apache.lucene.util.TestRuleIgnoreAfterMaxFailures$1.evaluate(TestRuleIgnoreAfterMaxFailures.java:65)
	at org.apache.lucene.util.TestRuleIgnoreTestSuites$1.evaluate(TestRuleIgnoreTestSuites.java:55)
	at com.carrotsearch.randomizedtesting.rules.StatementAdapter.evaluate(StatementAdapter.java:36)
	at com.carrotsearch.randomizedtesting.ThreadLeakControl$StatementRunner.run(ThreadLeakControl.java:367)
	at java.lang.Thread.run(Thread.java:745)
[2016-04-18 03:00:56,798][WARN ][org.elasticsearch.index.engine]  [index][1] failed engine [lucene commit failed]
java.io.IOException: a random IOException (pending_segments_1)
	at org.apache.lucene.store.MockDirectoryWrapper.maybeThrowIOExceptionOnOpen(MockDirectoryWrapper.java:456)
	at org.apache.lucene.store.MockDirectoryWrapper.createOutput(MockDirectoryWrapper.java:548)
	at org.apache.lucene.store.FilterDirectory.createOutput(FilterDirectory.java:73)
	at org.apache.lucene.store.LockValidatingDirectoryWrapper.createOutput(LockValidatingDirectoryWrapper.java:44)
	at org.apache.lucene.index.SegmentInfos.write(SegmentInfos.java:516)
	at org.apache.lucene.index.SegmentInfos.prepareCommit(SegmentInfos.java:809)
	at org.apache.lucene.index.IndexWriter.startCommit(IndexWriter.java:4418)
	at org.apache.lucene.index.IndexWriter.prepareCommitInternal(IndexWriter.java:2860)
	at org.apache.lucene.index.IndexWriter.commitInternal(IndexWriter.java:2963)
	at org.apache.lucene.index.IndexWriter.commit(IndexWriter.java:2930)
	at org.elasticsearch.index.engine.InternalEngine.commitIndexWriter(InternalEngine.java:1166)
	at org.elasticsearch.index.engine.InternalEngine.commitIndexWriter(InternalEngine.java:1174)
	at org.elasticsearch.index.engine.InternalEngine.openTranslog(InternalEngine.java:214)
	at org.elasticsearch.index.engine.InternalEngine.<init>(InternalEngine.java:149)
	at org.elasticsearch.index.engine.InternalEngineTests.createEngine(InternalEngineTests.java:264)
	at org.elasticsearch.index.engine.InternalEngineTests.createEngine(InternalEngineTests.java:260)
	at org.elasticsearch.index.engine.InternalEngineTests.testFailStart(InternalEngineTests.java:1554)
	at sun.reflect.NativeMethodAccessorImpl.invoke0(Native Method)
	at sun.reflect.NativeMethodAccessorImpl.invoke(NativeMethodAccessorImpl.java:62)
	at sun.reflect.DelegatingMethodAccessorImpl.invoke(DelegatingMethodAccessorImpl.java:43)
	at java.lang.reflect.Method.invoke(Method.java:497)
	at com.carrotsearch.randomizedtesting.RandomizedRunner.invoke(RandomizedRunner.java:1764)
	at com.carrotsearch.randomizedtesting.RandomizedRunner$8.evaluate(RandomizedRunner.java:871)
	at com.carrotsearch.randomizedtesting.RandomizedRunner$9.evaluate(RandomizedRunner.java:907)
	at com.carrotsearch.randomizedtesting.RandomizedRunner$10.evaluate(RandomizedRunner.java:921)
	at com.carrotsearch.randomizedtesting.rules.StatementAdapter.evaluate(StatementAdapter.java:36)
	at org.apache.lucene.util.TestRuleSetupTeardownChained$1.evaluate(TestRuleSetupTeardownChained.java:50)
	at org.apache.lucene.util.AbstractBeforeAfterRule$1.evaluate(AbstractBeforeAfterRule.java:46)
	at org.apache.lucene.util.TestRuleThreadAndTestName$1.evaluate(TestRuleThreadAndTestName.java:49)
	at org.apache.lucene.util.TestRuleIgnoreAfterMaxFailures$1.evaluate(TestRuleIgnoreAfterMaxFailures.java:65)
	at org.apache.lucene.util.TestRuleMarkFailure$1.evaluate(TestRuleMarkFailure.java:48)
	at com.carrotsearch.randomizedtesting.rules.StatementAdapter.evaluate(StatementAdapter.java:36)
	at com.carrotsearch.randomizedtesting.ThreadLeakControl$StatementRunner.run(ThreadLeakControl.java:367)
	at com.carrotsearch.randomizedtesting.ThreadLeakControl.forkTimeoutingTask(ThreadLeakControl.java:809)
	at com.carrotsearch.randomizedtesting.ThreadLeakControl$3.evaluate(ThreadLeakControl.java:460)
	at com.carrotsearch.randomizedtesting.RandomizedRunner.runSingleTest(RandomizedRunner.java:880)
	at com.carrotsearch.randomizedtesting.RandomizedRunner$5.evaluate(RandomizedRunner.java:781)
	at com.carrotsearch.randomizedtesting.RandomizedRunner$6.evaluate(RandomizedRunner.java:816)
	at com.carrotsearch.randomizedtesting.RandomizedRunner$7.evaluate(RandomizedRunner.java:827)
	at org.apache.lucene.util.AbstractBeforeAfterRule$1.evaluate(AbstractBeforeAfterRule.java:46)
	at com.carrotsearch.randomizedtesting.rules.StatementAdapter.evaluate(StatementAdapter.java:36)
	at org.apache.lucene.util.TestRuleStoreClassName$1.evaluate(TestRuleStoreClassName.java:42)
	at com.carrotsearch.randomizedtesting.rules.NoShadowingOrOverridesOnMethodsRule$1.evaluate(NoShadowingOrOverridesOnMethodsRule.java:40)
	at com.carrotsearch.randomizedtesting.rules.NoShadowingOrOverridesOnMethodsRule$1.evaluate(NoShadowingOrOverridesOnMethodsRule.java:40)
	at com.carrotsearch.randomizedtesting.rules.StatementAdapter.evaluate(StatementAdapter.java:36)
	at com.carrotsearch.randomizedtesting.rules.StatementAdapter.evaluate(StatementAdapter.java:36)
	at com.carrotsearch.randomizedtesting.rules.StatementAdapter.evaluate(StatementAdapter.java:36)
	at org.apache.lucene.util.TestRuleAssertionsRequired$1.evaluate(TestRuleAssertionsRequired.java:54)
	at org.apache.lucene.util.TestRuleMarkFailure$1.evaluate(TestRuleMarkFailure.java:48)
	at org.apache.lucene.util.TestRuleIgnoreAfterMaxFailures$1.evaluate(TestRuleIgnoreAfterMaxFailures.java:65)
	at org.apache.lucene.util.TestRuleIgnoreTestSuites$1.evaluate(TestRuleIgnoreTestSuites.java:55)
	at com.carrotsearch.randomizedtesting.rules.StatementAdapter.evaluate(StatementAdapter.java:36)
	at com.carrotsearch.randomizedtesting.ThreadLeakControl$StatementRunner.run(ThreadLeakControl.java:367)
	at java.lang.Thread.run(Thread.java:745)
[2016-04-18 03:00:56,805][WARN ][org.elasticsearch.index.engine]  [index][1] failed engine [lucene commit failed]
java.nio.file.NoSuchFileException: a random IOException (pending_segments_1)
	at org.apache.lucene.store.MockDirectoryWrapper.maybeThrowIOExceptionOnOpen(MockDirectoryWrapper.java:458)
	at org.apache.lucene.store.MockDirectoryWrapper.createOutput(MockDirectoryWrapper.java:548)
	at org.apache.lucene.store.FilterDirectory.createOutput(FilterDirectory.java:73)
	at org.apache.lucene.store.LockValidatingDirectoryWrapper.createOutput(LockValidatingDirectoryWrapper.java:44)
	at org.apache.lucene.index.SegmentInfos.write(SegmentInfos.java:516)
	at org.apache.lucene.index.SegmentInfos.prepareCommit(SegmentInfos.java:809)
	at org.apache.lucene.index.IndexWriter.startCommit(IndexWriter.java:4418)
	at org.apache.lucene.index.IndexWriter.prepareCommitInternal(IndexWriter.java:2860)
	at org.apache.lucene.index.IndexWriter.commitInternal(IndexWriter.java:2963)
	at org.apache.lucene.index.IndexWriter.commit(IndexWriter.java:2930)
	at org.elasticsearch.index.engine.InternalEngine.commitIndexWriter(InternalEngine.java:1166)
	at org.elasticsearch.index.engine.InternalEngine.commitIndexWriter(InternalEngine.java:1174)
	at org.elasticsearch.index.engine.InternalEngine.openTranslog(InternalEngine.java:214)
	at org.elasticsearch.index.engine.InternalEngine.<init>(InternalEngine.java:149)
	at org.elasticsearch.index.engine.InternalEngineTests.createEngine(InternalEngineTests.java:264)
	at org.elasticsearch.index.engine.InternalEngineTests.createEngine(InternalEngineTests.java:260)
	at org.elasticsearch.index.engine.InternalEngineTests.testFailStart(InternalEngineTests.java:1554)
	at sun.reflect.NativeMethodAccessorImpl.invoke0(Native Method)
	at sun.reflect.NativeMethodAccessorImpl.invoke(NativeMethodAccessorImpl.java:62)
	at sun.reflect.DelegatingMethodAccessorImpl.invoke(DelegatingMethodAccessorImpl.java:43)
	at java.lang.reflect.Method.invoke(Method.java:497)
	at com.carrotsearch.randomizedtesting.RandomizedRunner.invoke(RandomizedRunner.java:1764)
	at com.carrotsearch.randomizedtesting.RandomizedRunner$8.evaluate(RandomizedRunner.java:871)
	at com.carrotsearch.randomizedtesting.RandomizedRunner$9.evaluate(RandomizedRunner.java:907)
	at com.carrotsearch.randomizedtesting.RandomizedRunner$10.evaluate(RandomizedRunner.java:921)
	at com.carrotsearch.randomizedtesting.rules.StatementAdapter.evaluate(StatementAdapter.java:36)
	at org.apache.lucene.util.TestRuleSetupTeardownChained$1.evaluate(TestRuleSetupTeardownChained.java:50)
	at org.apache.lucene.util.AbstractBeforeAfterRule$1.evaluate(AbstractBeforeAfterRule.java:46)
	at org.apache.lucene.util.TestRuleThreadAndTestName$1.evaluate(TestRuleThreadAndTestName.java:49)
	at org.apache.lucene.util.TestRuleIgnoreAfterMaxFailures$1.evaluate(TestRuleIgnoreAfterMaxFailures.java:65)
	at org.apache.lucene.util.TestRuleMarkFailure$1.evaluate(TestRuleMarkFailure.java:48)
	at com.carrotsearch.randomizedtesting.rules.StatementAdapter.evaluate(StatementAdapter.java:36)
	at com.carrotsearch.randomizedtesting.ThreadLeakControl$StatementRunner.run(ThreadLeakControl.java:367)
	at com.carrotsearch.randomizedtesting.ThreadLeakControl.forkTimeoutingTask(ThreadLeakControl.java:809)
	at com.carrotsearch.randomizedtesting.ThreadLeakControl$3.evaluate(ThreadLeakControl.java:460)
	at com.carrotsearch.randomizedtesting.RandomizedRunner.runSingleTest(RandomizedRunner.java:880)
	at com.carrotsearch.randomizedtesting.RandomizedRunner$5.evaluate(RandomizedRunner.java:781)
	at com.carrotsearch.randomizedtesting.RandomizedRunner$6.evaluate(RandomizedRunner.java:816)
	at com.carrotsearch.randomizedtesting.RandomizedRunner$7.evaluate(RandomizedRunner.java:827)
	at org.apache.lucene.util.AbstractBeforeAfterRule$1.evaluate(AbstractBeforeAfterRule.java:46)
	at com.carrotsearch.randomizedtesting.rules.StatementAdapter.evaluate(StatementAdapter.java:36)
	at org.apache.lucene.util.TestRuleStoreClassName$1.evaluate(TestRuleStoreClassName.java:42)
	at com.carrotsearch.randomizedtesting.rules.NoShadowingOrOverridesOnMethodsRule$1.evaluate(NoShadowingOrOverridesOnMethodsRule.java:40)
	at com.carrotsearch.randomizedtesting.rules.NoShadowingOrOverridesOnMethodsRule$1.evaluate(NoShadowingOrOverridesOnMethodsRule.java:40)
	at com.carrotsearch.randomizedtesting.rules.StatementAdapter.evaluate(StatementAdapter.java:36)
	at com.carrotsearch.randomizedtesting.rules.StatementAdapter.evaluate(StatementAdapter.java:36)
	at com.carrotsearch.randomizedtesting.rules.StatementAdapter.evaluate(StatementAdapter.java:36)
	at org.apache.lucene.util.TestRuleAssertionsRequired$1.evaluate(TestRuleAssertionsRequired.java:54)
	at org.apache.lucene.util.TestRuleMarkFailure$1.evaluate(TestRuleMarkFailure.java:48)
	at org.apache.lucene.util.TestRuleIgnoreAfterMaxFailures$1.evaluate(TestRuleIgnoreAfterMaxFailures.java:65)
	at org.apache.lucene.util.TestRuleIgnoreTestSuites$1.evaluate(TestRuleIgnoreTestSuites.java:55)
	at com.carrotsearch.randomizedtesting.rules.StatementAdapter.evaluate(StatementAdapter.java:36)
	at com.carrotsearch.randomizedtesting.ThreadLeakControl$StatementRunner.run(ThreadLeakControl.java:367)
	at java.lang.Thread.run(Thread.java:745)
[2016-04-18 03:00:56,813][WARN ][org.elasticsearch.index.engine]  [index][1] failed engine [lucene commit failed]
java.io.IOException: a random IOException (pending_segments_1)
	at org.apache.lucene.store.MockDirectoryWrapper.maybeThrowIOExceptionOnOpen(MockDirectoryWrapper.java:456)
	at org.apache.lucene.store.MockDirectoryWrapper.createOutput(MockDirectoryWrapper.java:548)
	at org.apache.lucene.store.FilterDirectory.createOutput(FilterDirectory.java:73)
	at org.apache.lucene.store.LockValidatingDirectoryWrapper.createOutput(LockValidatingDirectoryWrapper.java:44)
	at org.apache.lucene.index.SegmentInfos.write(SegmentInfos.java:516)
	at org.apache.lucene.index.SegmentInfos.prepareCommit(SegmentInfos.java:809)
	at org.apache.lucene.index.IndexWriter.startCommit(IndexWriter.java:4418)
	at org.apache.lucene.index.IndexWriter.prepareCommitInternal(IndexWriter.java:2860)
	at org.apache.lucene.index.IndexWriter.commitInternal(IndexWriter.java:2963)
	at org.apache.lucene.index.IndexWriter.commit(IndexWriter.java:2930)
	at org.elasticsearch.index.engine.InternalEngine.commitIndexWriter(InternalEngine.java:1166)
	at org.elasticsearch.index.engine.InternalEngine.commitIndexWriter(InternalEngine.java:1174)
	at org.elasticsearch.index.engine.InternalEngine.openTranslog(InternalEngine.java:214)
	at org.elasticsearch.index.engine.InternalEngine.<init>(InternalEngine.java:149)
	at org.elasticsearch.index.engine.InternalEngineTests.createEngine(InternalEngineTests.java:264)
	at org.elasticsearch.index.engine.InternalEngineTests.createEngine(InternalEngineTests.java:260)
	at org.elasticsearch.index.engine.InternalEngineTests.testFailStart(InternalEngineTests.java:1554)
	at sun.reflect.NativeMethodAccessorImpl.invoke0(Native Method)
	at sun.reflect.NativeMethodAccessorImpl.invoke(NativeMethodAccessorImpl.java:62)
	at sun.reflect.DelegatingMethodAccessorImpl.invoke(DelegatingMethodAccessorImpl.java:43)
	at java.lang.reflect.Method.invoke(Method.java:497)
	at com.carrotsearch.randomizedtesting.RandomizedRunner.invoke(RandomizedRunner.java:1764)
	at com.carrotsearch.randomizedtesting.RandomizedRunner$8.evaluate(RandomizedRunner.java:871)
	at com.carrotsearch.randomizedtesting.RandomizedRunner$9.evaluate(RandomizedRunner.java:907)
	at com.carrotsearch.randomizedtesting.RandomizedRunner$10.evaluate(RandomizedRunner.java:921)
	at com.carrotsearch.randomizedtesting.rules.StatementAdapter.evaluate(StatementAdapter.java:36)
	at org.apache.lucene.util.TestRuleSetupTeardownChained$1.evaluate(TestRuleSetupTeardownChained.java:50)
	at org.apache.lucene.util.AbstractBeforeAfterRule$1.evaluate(AbstractBeforeAfterRule.java:46)
	at org.apache.lucene.util.TestRuleThreadAndTestName$1.evaluate(TestRuleThreadAndTestName.java:49)
	at org.apache.lucene.util.TestRuleIgnoreAfterMaxFailures$1.evaluate(TestRuleIgnoreAfterMaxFailures.java:65)
	at org.apache.lucene.util.TestRuleMarkFailure$1.evaluate(TestRuleMarkFailure.java:48)
	at com.carrotsearch.randomizedtesting.rules.StatementAdapter.evaluate(StatementAdapter.java:36)
	at com.carrotsearch.randomizedtesting.ThreadLeakControl$StatementRunner.run(ThreadLeakControl.java:367)
	at com.carrotsearch.randomizedtesting.ThreadLeakControl.forkTimeoutingTask(ThreadLeakControl.java:809)
	at com.carrotsearch.randomizedtesting.ThreadLeakControl$3.evaluate(ThreadLeakControl.java:460)
	at com.carrotsearch.randomizedtesting.RandomizedRunner.runSingleTest(RandomizedRunner.java:880)
	at com.carrotsearch.randomizedtesting.RandomizedRunner$5.evaluate(RandomizedRunner.java:781)
	at com.carrotsearch.randomizedtesting.RandomizedRunner$6.evaluate(RandomizedRunner.java:816)
	at com.carrotsearch.randomizedtesting.RandomizedRunner$7.evaluate(RandomizedRunner.java:827)
	at org.apache.lucene.util.AbstractBeforeAfterRule$1.evaluate(AbstractBeforeAfterRule.java:46)
	at com.carrotsearch.randomizedtesting.rules.StatementAdapter.evaluate(StatementAdapter.java:36)
	at org.apache.lucene.util.TestRuleStoreClassName$1.evaluate(TestRuleStoreClassName.java:42)
	at com.carrotsearch.randomizedtesting.rules.NoShadowingOrOverridesOnMethodsRule$1.evaluate(NoShadowingOrOverridesOnMethodsRule.java:40)
	at com.carrotsearch.randomizedtesting.rules.NoShadowingOrOverridesOnMethodsRule$1.evaluate(NoShadowingOrOverridesOnMethodsRule.java:40)
	at com.carrotsearch.randomizedtesting.rules.StatementAdapter.evaluate(StatementAdapter.java:36)
	at com.carrotsearch.randomizedtesting.rules.StatementAdapter.evaluate(StatementAdapter.java:36)
	at com.carrotsearch.randomizedtesting.rules.StatementAdapter.evaluate(StatementAdapter.java:36)
	at org.apache.lucene.util.TestRuleAssertionsRequired$1.evaluate(TestRuleAssertionsRequired.java:54)
	at org.apache.lucene.util.TestRuleMarkFailure$1.evaluate(TestRuleMarkFailure.java:48)
	at org.apache.lucene.util.TestRuleIgnoreAfterMaxFailures$1.evaluate(TestRuleIgnoreAfterMaxFailures.java:65)
	at org.apache.lucene.util.TestRuleIgnoreTestSuites$1.evaluate(TestRuleIgnoreTestSuites.java:55)
	at com.carrotsearch.randomizedtesting.rules.StatementAdapter.evaluate(StatementAdapter.java:36)
	at com.carrotsearch.randomizedtesting.ThreadLeakControl$StatementRunner.run(ThreadLeakControl.java:367)
	at java.lang.Thread.run(Thread.java:745)
[2016-04-18 03:00:56,853][WARN ][org.elasticsearch.index.engine]  [index][1] failed engine [lucene commit failed]
java.nio.file.NoSuchFileException: a random IOException (pending_segments_1)
	at org.apache.lucene.store.MockDirectoryWrapper.maybeThrowIOExceptionOnOpen(MockDirectoryWrapper.java:458)
	at org.apache.lucene.store.MockDirectoryWrapper.createOutput(MockDirectoryWrapper.java:548)
	at org.apache.lucene.store.FilterDirectory.createOutput(FilterDirectory.java:73)
	at org.apache.lucene.store.LockValidatingDirectoryWrapper.createOutput(LockValidatingDirectoryWrapper.java:44)
	at org.apache.lucene.index.SegmentInfos.write(SegmentInfos.java:516)
	at org.apache.lucene.index.SegmentInfos.prepareCommit(SegmentInfos.java:809)
	at org.apache.lucene.index.IndexWriter.startCommit(IndexWriter.java:4418)
	at org.apache.lucene.index.IndexWriter.prepareCommitInternal(IndexWriter.java:2860)
	at org.apache.lucene.index.IndexWriter.commitInternal(IndexWriter.java:2963)
	at org.apache.lucene.index.IndexWriter.commit(IndexWriter.java:2930)
	at org.elasticsearch.index.engine.InternalEngine.commitIndexWriter(InternalEngine.java:1166)
	at org.elasticsearch.index.engine.InternalEngine.commitIndexWriter(InternalEngine.java:1174)
	at org.elasticsearch.index.engine.InternalEngine.openTranslog(InternalEngine.java:214)
	at org.elasticsearch.index.engine.InternalEngine.<init>(InternalEngine.java:149)
	at org.elasticsearch.index.engine.InternalEngineTests.createEngine(InternalEngineTests.java:264)
	at org.elasticsearch.index.engine.InternalEngineTests.createEngine(InternalEngineTests.java:260)
	at org.elasticsearch.index.engine.InternalEngineTests.testFailStart(InternalEngineTests.java:1554)
	at sun.reflect.NativeMethodAccessorImpl.invoke0(Native Method)
	at sun.reflect.NativeMethodAccessorImpl.invoke(NativeMethodAccessorImpl.java:62)
	at sun.reflect.DelegatingMethodAccessorImpl.invoke(DelegatingMethodAccessorImpl.java:43)
	at java.lang.reflect.Method.invoke(Method.java:497)
	at com.carrotsearch.randomizedtesting.RandomizedRunner.invoke(RandomizedRunner.java:1764)
	at com.carrotsearch.randomizedtesting.RandomizedRunner$8.evaluate(RandomizedRunner.java:871)
	at com.carrotsearch.randomizedtesting.RandomizedRunner$9.evaluate(RandomizedRunner.java:907)
	at com.carrotsearch.randomizedtesting.RandomizedRunner$10.evaluate(RandomizedRunner.java:921)
	at com.carrotsearch.randomizedtesting.rules.StatementAdapter.evaluate(StatementAdapter.java:36)
	at org.apache.lucene.util.TestRuleSetupTeardownChained$1.evaluate(TestRuleSetupTeardownChained.java:50)
	at org.apache.lucene.util.AbstractBeforeAfterRule$1.evaluate(AbstractBeforeAfterRule.java:46)
	at org.apache.lucene.util.TestRuleThreadAndTestName$1.evaluate(TestRuleThreadAndTestName.java:49)
	at org.apache.lucene.util.TestRuleIgnoreAfterMaxFailures$1.evaluate(TestRuleIgnoreAfterMaxFailures.java:65)
	at org.apache.lucene.util.TestRuleMarkFailure$1.evaluate(TestRuleMarkFailure.java:48)
	at com.carrotsearch.randomizedtesting.rules.StatementAdapter.evaluate(StatementAdapter.java:36)
	at com.carrotsearch.randomizedtesting.ThreadLeakControl$StatementRunner.run(ThreadLeakControl.java:367)
	at com.carrotsearch.randomizedtesting.ThreadLeakControl.forkTimeoutingTask(ThreadLeakControl.java:809)
	at com.carrotsearch.randomizedtesting.ThreadLeakControl$3.evaluate(ThreadLeakControl.java:460)
	at com.carrotsearch.randomizedtesting.RandomizedRunner.runSingleTest(RandomizedRunner.java:880)
	at com.carrotsearch.randomizedtesting.RandomizedRunner$5.evaluate(RandomizedRunner.java:781)
	at com.carrotsearch.randomizedtesting.RandomizedRunner$6.evaluate(RandomizedRunner.java:816)
	at com.carrotsearch.randomizedtesting.RandomizedRunner$7.evaluate(RandomizedRunner.java:827)
	at org.apache.lucene.util.AbstractBeforeAfterRule$1.evaluate(AbstractBeforeAfterRule.java:46)
	at com.carrotsearch.randomizedtesting.rules.StatementAdapter.evaluate(StatementAdapter.java:36)
	at org.apache.lucene.util.TestRuleStoreClassName$1.evaluate(TestRuleStoreClassName.java:42)
	at com.carrotsearch.randomizedtesting.rules.NoShadowingOrOverridesOnMethodsRule$1.evaluate(NoShadowingOrOverridesOnMethodsRule.java:40)
	at com.carrotsearch.randomizedtesting.rules.NoShadowingOrOverridesOnMethodsRule$1.evaluate(NoShadowingOrOverridesOnMethodsRule.java:40)
	at com.carrotsearch.randomizedtesting.rules.StatementAdapter.evaluate(StatementAdapter.java:36)
	at com.carrotsearch.randomizedtesting.rules.StatementAdapter.evaluate(StatementAdapter.java:36)
	at com.carrotsearch.randomizedtesting.rules.StatementAdapter.evaluate(StatementAdapter.java:36)
	at org.apache.lucene.util.TestRuleAssertionsRequired$1.evaluate(TestRuleAssertionsRequired.java:54)
	at org.apache.lucene.util.TestRuleMarkFailure$1.evaluate(TestRuleMarkFailure.java:48)
	at org.apache.lucene.util.TestRuleIgnoreAfterMaxFailures$1.evaluate(TestRuleIgnoreAfterMaxFailures.java:65)
	at org.apache.lucene.util.TestRuleIgnoreTestSuites$1.evaluate(TestRuleIgnoreTestSuites.java:55)
	at com.carrotsearch.randomizedtesting.rules.StatementAdapter.evaluate(StatementAdapter.java:36)
	at com.carrotsearch.randomizedtesting.ThreadLeakControl$StatementRunner.run(ThreadLeakControl.java:367)
	at java.lang.Thread.run(Thread.java:745)
[2016-04-18 03:00:56,867][WARN ][org.elasticsearch.index.engine]  [index][1] failed engine [lucene commit failed]
java.io.IOException: a random IOException (pending_segments_1)
	at org.apache.lucene.store.MockDirectoryWrapper.maybeThrowIOException(MockDirectoryWrapper.java:445)
	at org.apache.lucene.store.MockIndexOutputWrapper.writeBytes(MockIndexOutputWrapper.java:151)
	at org.apache.lucene.store.MockIndexOutputWrapper.writeByte(MockIndexOutputWrapper.java:127)
	at org.apache.lucene.store.DataOutput.writeInt(DataOutput.java:70)
	at org.apache.lucene.codecs.CodecUtil.writeHeader(CodecUtil.java:91)
	at org.apache.lucene.codecs.CodecUtil.writeIndexHeader(CodecUtil.java:134)
	at org.apache.lucene.index.SegmentInfos.write(SegmentInfos.java:517)
	at org.apache.lucene.index.SegmentInfos.prepareCommit(SegmentInfos.java:809)
	at org.apache.lucene.index.IndexWriter.startCommit(IndexWriter.java:4418)
	at org.apache.lucene.index.IndexWriter.prepareCommitInternal(IndexWriter.java:2860)
	at org.apache.lucene.index.IndexWriter.commitInternal(IndexWriter.java:2963)
	at org.apache.lucene.index.IndexWriter.commit(IndexWriter.java:2930)
	at org.elasticsearch.index.engine.InternalEngine.commitIndexWriter(InternalEngine.java:1166)
	at org.elasticsearch.index.engine.InternalEngine.commitIndexWriter(InternalEngine.java:1174)
	at org.elasticsearch.index.engine.InternalEngine.openTranslog(InternalEngine.java:214)
	at org.elasticsearch.index.engine.InternalEngine.<init>(InternalEngine.java:149)
	at org.elasticsearch.index.engine.InternalEngineTests.createEngine(InternalEngineTests.java:264)
	at org.elasticsearch.index.engine.InternalEngineTests.createEngine(InternalEngineTests.java:260)
	at org.elasticsearch.index.engine.InternalEngineTests.testFailStart(InternalEngineTests.java:1554)
	at sun.reflect.NativeMethodAccessorImpl.invoke0(Native Method)
	at sun.reflect.NativeMethodAccessorImpl.invoke(NativeMethodAccessorImpl.java:62)
	at sun.reflect.DelegatingMethodAccessorImpl.invoke(DelegatingMethodAccessorImpl.java:43)
	at java.lang.reflect.Method.invoke(Method.java:497)
	at com.carrotsearch.randomizedtesting.RandomizedRunner.invoke(RandomizedRunner.java:1764)
	at com.carrotsearch.randomizedtesting.RandomizedRunner$8.evaluate(RandomizedRunner.java:871)
	at com.carrotsearch.randomizedtesting.RandomizedRunner$9.evaluate(RandomizedRunner.java:907)
	at com.carrotsearch.randomizedtesting.RandomizedRunner$10.evaluate(RandomizedRunner.java:921)
	at com.carrotsearch.randomizedtesting.rules.StatementAdapter.evaluate(StatementAdapter.java:36)
	at org.apache.lucene.util.TestRuleSetupTeardownChained$1.evaluate(TestRuleSetupTeardownChained.java:50)
	at org.apache.lucene.util.AbstractBeforeAfterRule$1.evaluate(AbstractBeforeAfterRule.java:46)
	at org.apache.lucene.util.TestRuleThreadAndTestName$1.evaluate(TestRuleThreadAndTestName.java:49)
	at org.apache.lucene.util.TestRuleIgnoreAfterMaxFailures$1.evaluate(TestRuleIgnoreAfterMaxFailures.java:65)
	at org.apache.lucene.util.TestRuleMarkFailure$1.evaluate(TestRuleMarkFailure.java:48)
	at com.carrotsearch.randomizedtesting.rules.StatementAdapter.evaluate(StatementAdapter.java:36)
	at com.carrotsearch.randomizedtesting.ThreadLeakControl$StatementRunner.run(ThreadLeakControl.java:367)
	at com.carrotsearch.randomizedtesting.ThreadLeakControl.forkTimeoutingTask(ThreadLeakControl.java:809)
	at com.carrotsearch.randomizedtesting.ThreadLeakControl$3.evaluate(ThreadLeakControl.java:460)
	at com.carrotsearch.randomizedtesting.RandomizedRunner.runSingleTest(RandomizedRunner.java:880)
	at com.carrotsearch.randomizedtesting.RandomizedRunner$5.evaluate(RandomizedRunner.java:781)
	at com.carrotsearch.randomizedtesting.RandomizedRunner$6.evaluate(RandomizedRunner.java:816)
	at com.carrotsearch.randomizedtesting.RandomizedRunner$7.evaluate(RandomizedRunner.java:827)
	at org.apache.lucene.util.AbstractBeforeAfterRule$1.evaluate(AbstractBeforeAfterRule.java:46)
	at com.carrotsearch.randomizedtesting.rules.StatementAdapter.evaluate(StatementAdapter.java:36)
	at org.apache.lucene.util.TestRuleStoreClassName$1.evaluate(TestRuleStoreClassName.java:42)
	at com.carrotsearch.randomizedtesting.rules.NoShadowingOrOverridesOnMethodsRule$1.evaluate(NoShadowingOrOverridesOnMethodsRule.java:40)
	at com.carrotsearch.randomizedtesting.rules.NoShadowingOrOverridesOnMethodsRule$1.evaluate(NoShadowingOrOverridesOnMethodsRule.java:40)
	at com.carrotsearch.randomizedtesting.rules.StatementAdapter.evaluate(StatementAdapter.java:36)
	at com.carrotsearch.randomizedtesting.rules.StatementAdapter.evaluate(StatementAdapter.java:36)
	at com.carrotsearch.randomizedtesting.rules.StatementAdapter.evaluate(StatementAdapter.java:36)
	at org.apache.lucene.util.TestRuleAssertionsRequired$1.evaluate(TestRuleAssertionsRequired.java:54)
	at org.apache.lucene.util.TestRuleMarkFailure$1.evaluate(TestRuleMarkFailure.java:48)
	at org.apache.lucene.util.TestRuleIgnoreAfterMaxFailures$1.evaluate(TestRuleIgnoreAfterMaxFailures.java:65)
	at org.apache.lucene.util.TestRuleIgnoreTestSuites$1.evaluate(TestRuleIgnoreTestSuites.java:55)
	at com.carrotsearch.randomizedtesting.rules.StatementAdapter.evaluate(StatementAdapter.java:36)
	at com.carrotsearch.randomizedtesting.ThreadLeakControl$StatementRunner.run(ThreadLeakControl.java:367)
	at java.lang.Thread.run(Thread.java:745)
[2016-04-18 03:00:56,873][WARN ][org.elasticsearch.index.engine]  [index][1] failed engine [lucene commit failed]
java.io.FileNotFoundException: a random IOException (pending_segments_1)
	at org.apache.lucene.store.MockDirectoryWrapper.maybeThrowIOExceptionOnOpen(MockDirectoryWrapper.java:458)
	at org.apache.lucene.store.MockDirectoryWrapper.createOutput(MockDirectoryWrapper.java:548)
	at org.apache.lucene.store.FilterDirectory.createOutput(FilterDirectory.java:73)
	at org.apache.lucene.store.LockValidatingDirectoryWrapper.createOutput(LockValidatingDirectoryWrapper.java:44)
	at org.apache.lucene.index.SegmentInfos.write(SegmentInfos.java:516)
	at org.apache.lucene.index.SegmentInfos.prepareCommit(SegmentInfos.java:809)
	at org.apache.lucene.index.IndexWriter.startCommit(IndexWriter.java:4418)
	at org.apache.lucene.index.IndexWriter.prepareCommitInternal(IndexWriter.java:2860)
	at org.apache.lucene.index.IndexWriter.commitInternal(IndexWriter.java:2963)
	at org.apache.lucene.index.IndexWriter.commit(IndexWriter.java:2930)
	at org.elasticsearch.index.engine.InternalEngine.commitIndexWriter(InternalEngine.java:1166)
	at org.elasticsearch.index.engine.InternalEngine.commitIndexWriter(InternalEngine.java:1174)
	at org.elasticsearch.index.engine.InternalEngine.openTranslog(InternalEngine.java:214)
	at org.elasticsearch.index.engine.InternalEngine.<init>(InternalEngine.java:149)
	at org.elasticsearch.index.engine.InternalEngineTests.createEngine(InternalEngineTests.java:264)
	at org.elasticsearch.index.engine.InternalEngineTests.createEngine(InternalEngineTests.java:260)
	at org.elasticsearch.index.engine.InternalEngineTests.testFailStart(InternalEngineTests.java:1554)
	at sun.reflect.NativeMethodAccessorImpl.invoke0(Native Method)
	at sun.reflect.NativeMethodAccessorImpl.invoke(NativeMethodAccessorImpl.java:62)
	at sun.reflect.DelegatingMethodAccessorImpl.invoke(DelegatingMethodAccessorImpl.java:43)
	at java.lang.reflect.Method.invoke(Method.java:497)
	at com.carrotsearch.randomizedtesting.RandomizedRunner.invoke(RandomizedRunner.java:1764)
	at com.carrotsearch.randomizedtesting.RandomizedRunner$8.evaluate(RandomizedRunner.java:871)
	at com.carrotsearch.randomizedtesting.RandomizedRunner$9.evaluate(RandomizedRunner.java:907)
	at com.carrotsearch.randomizedtesting.RandomizedRunner$10.evaluate(RandomizedRunner.java:921)
	at com.carrotsearch.randomizedtesting.rules.StatementAdapter.evaluate(StatementAdapter.java:36)
	at org.apache.lucene.util.TestRuleSetupTeardownChained$1.evaluate(TestRuleSetupTeardownChained.java:50)
	at org.apache.lucene.util.AbstractBeforeAfterRule$1.evaluate(AbstractBeforeAfterRule.java:46)
	at org.apache.lucene.util.TestRuleThreadAndTestName$1.evaluate(TestRuleThreadAndTestName.java:49)
	at org.apache.lucene.util.TestRuleIgnoreAfterMaxFailures$1.evaluate(TestRuleIgnoreAfterMaxFailures.java:65)
	at org.apache.lucene.util.TestRuleMarkFailure$1.evaluate(TestRuleMarkFailure.java:48)
	at com.carrotsearch.randomizedtesting.rules.StatementAdapter.evaluate(StatementAdapter.java:36)
	at com.carrotsearch.randomizedtesting.ThreadLeakControl$StatementRunner.run(ThreadLeakControl.java:367)
	at com.carrotsearch.randomizedtesting.ThreadLeakControl.forkTimeoutingTask(ThreadLeakControl.java:809)
	at com.carrotsearch.randomizedtesting.ThreadLeakControl$3.evaluate(ThreadLeakControl.java:460)
	at com.carrotsearch.randomizedtesting.RandomizedRunner.runSingleTest(RandomizedRunner.java:880)
	at com.carrotsearch.randomizedtesting.RandomizedRunner$5.evaluate(RandomizedRunner.java:781)
	at com.carrotsearch.randomizedtesting.RandomizedRunner$6.evaluate(RandomizedRunner.java:816)
	at com.carrotsearch.randomizedtesting.RandomizedRunner$7.evaluate(RandomizedRunner.java:827)
	at org.apache.lucene.util.AbstractBeforeAfterRule$1.evaluate(AbstractBeforeAfterRule.java:46)
	at com.carrotsearch.randomizedtesting.rules.StatementAdapter.evaluate(StatementAdapter.java:36)
	at org.apache.lucene.util.TestRuleStoreClassName$1.evaluate(TestRuleStoreClassName.java:42)
	at com.carrotsearch.randomizedtesting.rules.NoShadowingOrOverridesOnMethodsRule$1.evaluate(NoShadowingOrOverridesOnMethodsRule.java:40)
	at com.carrotsearch.randomizedtesting.rules.NoShadowingOrOverridesOnMethodsRule$1.evaluate(NoShadowingOrOverridesOnMethodsRule.java:40)
	at com.carrotsearch.randomizedtesting.rules.StatementAdapter.evaluate(StatementAdapter.java:36)
	at com.carrotsearch.randomizedtesting.rules.StatementAdapter.evaluate(StatementAdapter.java:36)
	at com.carrotsearch.randomizedtesting.rules.StatementAdapter.evaluate(StatementAdapter.java:36)
	at org.apache.lucene.util.TestRuleAssertionsRequired$1.evaluate(TestRuleAssertionsRequired.java:54)
	at org.apache.lucene.util.TestRuleMarkFailure$1.evaluate(TestRuleMarkFailure.java:48)
	at org.apache.lucene.util.TestRuleIgnoreAfterMaxFailures$1.evaluate(TestRuleIgnoreAfterMaxFailures.java:65)
	at org.apache.lucene.util.TestRuleIgnoreTestSuites$1.evaluate(TestRuleIgnoreTestSuites.java:55)
	at com.carrotsearch.randomizedtesting.rules.StatementAdapter.evaluate(StatementAdapter.java:36)
	at com.carrotsearch.randomizedtesting.ThreadLeakControl$StatementRunner.run(ThreadLeakControl.java:367)
	at java.lang.Thread.run(Thread.java:745)
[2016-04-18 03:00:56,882][WARN ][org.elasticsearch.index.engine]  [index][1] failed engine [lucene commit failed]
java.io.IOException: a random IOException (pending_segments_1)
	at org.apache.lucene.store.MockDirectoryWrapper.maybeThrowIOExceptionOnOpen(MockDirectoryWrapper.java:456)
	at org.apache.lucene.store.MockDirectoryWrapper.createOutput(MockDirectoryWrapper.java:548)
	at org.apache.lucene.store.FilterDirectory.createOutput(FilterDirectory.java:73)
	at org.apache.lucene.store.LockValidatingDirectoryWrapper.createOutput(LockValidatingDirectoryWrapper.java:44)
	at org.apache.lucene.index.SegmentInfos.write(SegmentInfos.java:516)
	at org.apache.lucene.index.SegmentInfos.prepareCommit(SegmentInfos.java:809)
	at org.apache.lucene.index.IndexWriter.startCommit(IndexWriter.java:4418)
	at org.apache.lucene.index.IndexWriter.prepareCommitInternal(IndexWriter.java:2860)
	at org.apache.lucene.index.IndexWriter.commitInternal(IndexWriter.java:2963)
	at org.apache.lucene.index.IndexWriter.commit(IndexWriter.java:2930)
	at org.elasticsearch.index.engine.InternalEngine.commitIndexWriter(InternalEngine.java:1166)
	at org.elasticsearch.index.engine.InternalEngine.commitIndexWriter(InternalEngine.java:1174)
	at org.elasticsearch.index.engine.InternalEngine.openTranslog(InternalEngine.java:214)
	at org.elasticsearch.index.engine.InternalEngine.<init>(InternalEngine.java:149)
	at org.elasticsearch.index.engine.InternalEngineTests.createEngine(InternalEngineTests.java:264)
	at org.elasticsearch.index.engine.InternalEngineTests.createEngine(InternalEngineTests.java:260)
	at org.elasticsearch.index.engine.InternalEngineTests.testFailStart(InternalEngineTests.java:1554)
	at sun.reflect.NativeMethodAccessorImpl.invoke0(Native Method)
	at sun.reflect.NativeMethodAccessorImpl.invoke(NativeMethodAccessorImpl.java:62)
	at sun.reflect.DelegatingMethodAccessorImpl.invoke(DelegatingMethodAccessorImpl.java:43)
	at java.lang.reflect.Method.invoke(Method.java:497)
	at com.carrotsearch.randomizedtesting.RandomizedRunner.invoke(RandomizedRunner.java:1764)
	at com.carrotsearch.randomizedtesting.RandomizedRunner$8.evaluate(RandomizedRunner.java:871)
	at com.carrotsearch.randomizedtesting.RandomizedRunner$9.evaluate(RandomizedRunner.java:907)
	at com.carrotsearch.randomizedtesting.RandomizedRunner$10.evaluate(RandomizedRunner.java:921)
	at com.carrotsearch.randomizedtesting.rules.StatementAdapter.evaluate(StatementAdapter.java:36)
	at org.apache.lucene.util.TestRuleSetupTeardownChained$1.evaluate(TestRuleSetupTeardownChained.java:50)
	at org.apache.lucene.util.AbstractBeforeAfterRule$1.evaluate(AbstractBeforeAfterRule.java:46)
	at org.apache.lucene.util.TestRuleThreadAndTestName$1.evaluate(TestRuleThreadAndTestName.java:49)
	at org.apache.lucene.util.TestRuleIgnoreAfterMaxFailures$1.evaluate(TestRuleIgnoreAfterMaxFailures.java:65)
	at org.apache.lucene.util.TestRuleMarkFailure$1.evaluate(TestRuleMarkFailure.java:48)
	at com.carrotsearch.randomizedtesting.rules.StatementAdapter.evaluate(StatementAdapter.java:36)
	at com.carrotsearch.randomizedtesting.ThreadLeakControl$StatementRunner.run(ThreadLeakControl.java:367)
	at com.carrotsearch.randomizedtesting.ThreadLeakControl.forkTimeoutingTask(ThreadLeakControl.java:809)
	at com.carrotsearch.randomizedtesting.ThreadLeakControl$3.evaluate(ThreadLeakControl.java:460)
	at com.carrotsearch.randomizedtesting.RandomizedRunner.runSingleTest(RandomizedRunner.java:880)
	at com.carrotsearch.randomizedtesting.RandomizedRunner$5.evaluate(RandomizedRunner.java:781)
	at com.carrotsearch.randomizedtesting.RandomizedRunner$6.evaluate(RandomizedRunner.java:816)
	at com.carrotsearch.randomizedtesting.RandomizedRunner$7.evaluate(RandomizedRunner.java:827)
	at org.apache.lucene.util.AbstractBeforeAfterRule$1.evaluate(AbstractBeforeAfterRule.java:46)
	at com.carrotsearch.randomizedtesting.rules.StatementAdapter.evaluate(StatementAdapter.java:36)
	at org.apache.lucene.util.TestRuleStoreClassName$1.evaluate(TestRuleStoreClassName.java:42)
	at com.carrotsearch.randomizedtesting.rules.NoShadowingOrOverridesOnMethodsRule$1.evaluate(NoShadowingOrOverridesOnMethodsRule.java:40)
	at com.carrotsearch.randomizedtesting.rules.NoShadowingOrOverridesOnMethodsRule$1.evaluate(NoShadowingOrOverridesOnMethodsRule.java:40)
	at com.carrotsearch.randomizedtesting.rules.StatementAdapter.evaluate(StatementAdapter.java:36)
	at com.carrotsearch.randomizedtesting.rules.StatementAdapter.evaluate(StatementAdapter.java:36)
	at com.carrotsearch.randomizedtesting.rules.StatementAdapter.evaluate(StatementAdapter.java:36)
	at org.apache.lucene.util.TestRuleAssertionsRequired$1.evaluate(TestRuleAssertionsRequired.java:54)
	at org.apache.lucene.util.TestRuleMarkFailure$1.evaluate(TestRuleMarkFailure.java:48)
	at org.apache.lucene.util.TestRuleIgnoreAfterMaxFailures$1.evaluate(TestRuleIgnoreAfterMaxFailures.java:65)
	at org.apache.lucene.util.TestRuleIgnoreTestSuites$1.evaluate(TestRuleIgnoreTestSuites.java:55)
	at com.carrotsearch.randomizedtesting.rules.StatementAdapter.evaluate(StatementAdapter.java:36)
	at com.carrotsearch.randomizedtesting.ThreadLeakControl$StatementRunner.run(ThreadLeakControl.java:367)
	at java.lang.Thread.run(Thread.java:745)
[2016-04-18 03:00:56,969][WARN ][org.elasticsearch.index.engine]  [index][1] failed engine [lucene commit failed]
java.io.IOException: a random IOException (pending_segments_1)
	at org.apache.lucene.store.MockDirectoryWrapper.maybeThrowIOExceptionOnOpen(MockDirectoryWrapper.java:456)
	at org.apache.lucene.store.MockDirectoryWrapper.createOutput(MockDirectoryWrapper.java:548)
	at org.apache.lucene.store.FilterDirectory.createOutput(FilterDirectory.java:73)
	at org.apache.lucene.store.LockValidatingDirectoryWrapper.createOutput(LockValidatingDirectoryWrapper.java:44)
	at org.apache.lucene.index.SegmentInfos.write(SegmentInfos.java:516)
	at org.apache.lucene.index.SegmentInfos.prepareCommit(SegmentInfos.java:809)
	at org.apache.lucene.index.IndexWriter.startCommit(IndexWriter.java:4418)
	at org.apache.lucene.index.IndexWriter.prepareCommitInternal(IndexWriter.java:2860)
	at org.apache.lucene.index.IndexWriter.commitInternal(IndexWriter.java:2963)
	at org.apache.lucene.index.IndexWriter.commit(IndexWriter.java:2930)
	at org.elasticsearch.index.engine.InternalEngine.commitIndexWriter(InternalEngine.java:1166)
	at org.elasticsearch.index.engine.InternalEngine.commitIndexWriter(InternalEngine.java:1174)
	at org.elasticsearch.index.engine.InternalEngine.openTranslog(InternalEngine.java:214)
	at org.elasticsearch.index.engine.InternalEngine.<init>(InternalEngine.java:149)
	at org.elasticsearch.index.engine.InternalEngineTests.createEngine(InternalEngineTests.java:264)
	at org.elasticsearch.index.engine.InternalEngineTests.createEngine(InternalEngineTests.java:260)
	at org.elasticsearch.index.engine.InternalEngineTests.testFailStart(InternalEngineTests.java:1554)
	at sun.reflect.NativeMethodAccessorImpl.invoke0(Native Method)
	at sun.reflect.NativeMethodAccessorImpl.invoke(NativeMethodAccessorImpl.java:62)
	at sun.reflect.DelegatingMethodAccessorImpl.invoke(DelegatingMethodAccessorImpl.java:43)
	at java.lang.reflect.Method.invoke(Method.java:497)
	at com.carrotsearch.randomizedtesting.RandomizedRunner.invoke(RandomizedRunner.java:1764)
	at com.carrotsearch.randomizedtesting.RandomizedRunner$8.evaluate(RandomizedRunner.java:871)
	at com.carrotsearch.randomizedtesting.RandomizedRunner$9.evaluate(RandomizedRunner.java:907)
	at com.carrotsearch.randomizedtesting.RandomizedRunner$10.evaluate(RandomizedRunner.java:921)
	at com.carrotsearch.randomizedtesting.rules.StatementAdapter.evaluate(StatementAdapter.java:36)
	at org.apache.lucene.util.TestRuleSetupTeardownChained$1.evaluate(TestRuleSetupTeardownChained.java:50)
	at org.apache.lucene.util.AbstractBeforeAfterRule$1.evaluate(AbstractBeforeAfterRule.java:46)
	at org.apache.lucene.util.TestRuleThreadAndTestName$1.evaluate(TestRuleThreadAndTestName.java:49)
	at org.apache.lucene.util.TestRuleIgnoreAfterMaxFailures$1.evaluate(TestRuleIgnoreAfterMaxFailures.java:65)
	at org.apache.lucene.util.TestRuleMarkFailure$1.evaluate(TestRuleMarkFailure.java:48)
	at com.carrotsearch.randomizedtesting.rules.StatementAdapter.evaluate(StatementAdapter.java:36)
	at com.carrotsearch.randomizedtesting.ThreadLeakControl$StatementRunner.run(ThreadLeakControl.java:367)
	at com.carrotsearch.randomizedtesting.ThreadLeakControl.forkTimeoutingTask(ThreadLeakControl.java:809)
	at com.carrotsearch.randomizedtesting.ThreadLeakControl$3.evaluate(ThreadLeakControl.java:460)
	at com.carrotsearch.randomizedtesting.RandomizedRunner.runSingleTest(RandomizedRunner.java:880)
	at com.carrotsearch.randomizedtesting.RandomizedRunner$5.evaluate(RandomizedRunner.java:781)
	at com.carrotsearch.randomizedtesting.RandomizedRunner$6.evaluate(RandomizedRunner.java:816)
	at com.carrotsearch.randomizedtesting.RandomizedRunner$7.evaluate(RandomizedRunner.java:827)
	at org.apache.lucene.util.AbstractBeforeAfterRule$1.evaluate(AbstractBeforeAfterRule.java:46)
	at com.carrotsearch.randomizedtesting.rules.StatementAdapter.evaluate(StatementAdapter.java:36)
	at org.apache.lucene.util.TestRuleStoreClassName$1.evaluate(TestRuleStoreClassName.java:42)
	at com.carrotsearch.randomizedtesting.rules.NoShadowingOrOverridesOnMethodsRule$1.evaluate(NoShadowingOrOverridesOnMethodsRule.java:40)
	at com.carrotsearch.randomizedtesting.rules.NoShadowingOrOverridesOnMethodsRule$1.evaluate(NoShadowingOrOverridesOnMethodsRule.java:40)
	at com.carrotsearch.randomizedtesting.rules.StatementAdapter.evaluate(StatementAdapter.java:36)
	at com.carrotsearch.randomizedtesting.rules.StatementAdapter.evaluate(StatementAdapter.java:36)
	at com.carrotsearch.randomizedtesting.rules.StatementAdapter.evaluate(StatementAdapter.java:36)
	at org.apache.lucene.util.TestRuleAssertionsRequired$1.evaluate(TestRuleAssertionsRequired.java:54)
	at org.apache.lucene.util.TestRuleMarkFailure$1.evaluate(TestRuleMarkFailure.java:48)
	at org.apache.lucene.util.TestRuleIgnoreAfterMaxFailures$1.evaluate(TestRuleIgnoreAfterMaxFailures.java:65)
	at org.apache.lucene.util.TestRuleIgnoreTestSuites$1.evaluate(TestRuleIgnoreTestSuites.java:55)
	at com.carrotsearch.randomizedtesting.rules.StatementAdapter.evaluate(StatementAdapter.java:36)
	at com.carrotsearch.randomizedtesting.ThreadLeakControl$StatementRunner.run(ThreadLeakControl.java:367)
	at java.lang.Thread.run(Thread.java:745)
[2016-04-18 03:00:56,988][WARN ][org.elasticsearch.index.engine]  [index][1] failed engine [lucene commit failed]
java.io.IOException: a random IOException (pending_segments_1)
	at org.apache.lucene.store.MockDirectoryWrapper.maybeThrowIOExceptionOnOpen(MockDirectoryWrapper.java:456)
	at org.apache.lucene.store.MockDirectoryWrapper.createOutput(MockDirectoryWrapper.java:548)
	at org.apache.lucene.store.FilterDirectory.createOutput(FilterDirectory.java:73)
	at org.apache.lucene.store.LockValidatingDirectoryWrapper.createOutput(LockValidatingDirectoryWrapper.java:44)
	at org.apache.lucene.index.SegmentInfos.write(SegmentInfos.java:516)
	at org.apache.lucene.index.SegmentInfos.prepareCommit(SegmentInfos.java:809)
	at org.apache.lucene.index.IndexWriter.startCommit(IndexWriter.java:4418)
	at org.apache.lucene.index.IndexWriter.prepareCommitInternal(IndexWriter.java:2860)
	at org.apache.lucene.index.IndexWriter.commitInternal(IndexWriter.java:2963)
	at org.apache.lucene.index.IndexWriter.commit(IndexWriter.java:2930)
	at org.elasticsearch.index.engine.InternalEngine.commitIndexWriter(InternalEngine.java:1166)
	at org.elasticsearch.index.engine.InternalEngine.commitIndexWriter(InternalEngine.java:1174)
	at org.elasticsearch.index.engine.InternalEngine.openTranslog(InternalEngine.java:214)
	at org.elasticsearch.index.engine.InternalEngine.<init>(InternalEngine.java:149)
	at org.elasticsearch.index.engine.InternalEngineTests.createEngine(InternalEngineTests.java:264)
	at org.elasticsearch.index.engine.InternalEngineTests.createEngine(InternalEngineTests.java:260)
	at org.elasticsearch.index.engine.InternalEngineTests.testFailStart(InternalEngineTests.java:1554)
	at sun.reflect.NativeMethodAccessorImpl.invoke0(Native Method)
	at sun.reflect.NativeMethodAccessorImpl.invoke(NativeMethodAccessorImpl.java:62)
	at sun.reflect.DelegatingMethodAccessorImpl.invoke(DelegatingMethodAccessorImpl.java:43)
	at java.lang.reflect.Method.invoke(Method.java:497)
	at com.carrotsearch.randomizedtesting.RandomizedRunner.invoke(RandomizedRunner.java:1764)
	at com.carrotsearch.randomizedtesting.RandomizedRunner$8.evaluate(RandomizedRunner.java:871)
	at com.carrotsearch.randomizedtesting.RandomizedRunner$9.evaluate(RandomizedRunner.java:907)
	at com.carrotsearch.randomizedtesting.RandomizedRunner$10.evaluate(RandomizedRunner.java:921)
	at com.carrotsearch.randomizedtesting.rules.StatementAdapter.evaluate(StatementAdapter.java:36)
	at org.apache.lucene.util.TestRuleSetupTeardownChained$1.evaluate(TestRuleSetupTeardownChained.java:50)
	at org.apache.lucene.util.AbstractBeforeAfterRule$1.evaluate(AbstractBeforeAfterRule.java:46)
	at org.apache.lucene.util.TestRuleThreadAndTestName$1.evaluate(TestRuleThreadAndTestName.java:49)
	at org.apache.lucene.util.TestRuleIgnoreAfterMaxFailures$1.evaluate(TestRuleIgnoreAfterMaxFailures.java:65)
	at org.apache.lucene.util.TestRuleMarkFailure$1.evaluate(TestRuleMarkFailure.java:48)
	at com.carrotsearch.randomizedtesting.rules.StatementAdapter.evaluate(StatementAdapter.java:36)
	at com.carrotsearch.randomizedtesting.ThreadLeakControl$StatementRunner.run(ThreadLeakControl.java:367)
	at com.carrotsearch.randomizedtesting.ThreadLeakControl.forkTimeoutingTask(ThreadLeakControl.java:809)
	at com.carrotsearch.randomizedtesting.ThreadLeakControl$3.evaluate(ThreadLeakControl.java:460)
	at com.carrotsearch.randomizedtesting.RandomizedRunner.runSingleTest(RandomizedRunner.java:880)
	at com.carrotsearch.randomizedtesting.RandomizedRunner$5.evaluate(RandomizedRunner.java:781)
	at com.carrotsearch.randomizedtesting.RandomizedRunner$6.evaluate(RandomizedRunner.java:816)
	at com.carrotsearch.randomizedtesting.RandomizedRunner$7.evaluate(RandomizedRunner.java:827)
	at org.apache.lucene.util.AbstractBeforeAfterRule$1.evaluate(AbstractBeforeAfterRule.java:46)
	at com.carrotsearch.randomizedtesting.rules.StatementAdapter.evaluate(StatementAdapter.java:36)
	at org.apache.lucene.util.TestRuleStoreClassName$1.evaluate(TestRuleStoreClassName.java:42)
	at com.carrotsearch.randomizedtesting.rules.NoShadowingOrOverridesOnMethodsRule$1.evaluate(NoShadowingOrOverridesOnMethodsRule.java:40)
	at com.carrotsearch.randomizedtesting.rules.NoShadowingOrOverridesOnMethodsRule$1.evaluate(NoShadowingOrOverridesOnMethodsRule.java:40)
	at com.carrotsearch.randomizedtesting.rules.StatementAdapter.evaluate(StatementAdapter.java:36)
	at com.carrotsearch.randomizedtesting.rules.StatementAdapter.evaluate(StatementAdapter.java:36)
	at com.carrotsearch.randomizedtesting.rules.StatementAdapter.evaluate(StatementAdapter.java:36)
	at org.apache.lucene.util.TestRuleAssertionsRequired$1.evaluate(TestRuleAssertionsRequired.java:54)
	at org.apache.lucene.util.TestRuleMarkFailure$1.evaluate(TestRuleMarkFailure.java:48)
	at org.apache.lucene.util.TestRuleIgnoreAfterMaxFailures$1.evaluate(TestRuleIgnoreAfterMaxFailures.java:65)
	at org.apache.lucene.util.TestRuleIgnoreTestSuites$1.evaluate(TestRuleIgnoreTestSuites.java:55)
	at com.carrotsearch.randomizedtesting.rules.StatementAdapter.evaluate(StatementAdapter.java:36)
	at com.carrotsearch.randomizedtesting.ThreadLeakControl$StatementRunner.run(ThreadLeakControl.java:367)
	at java.lang.Thread.run(Thread.java:745)
[2016-04-18 03:00:56,994][WARN ][org.elasticsearch.index.engine]  [index][1] failed engine [lucene commit failed]
java.nio.file.NoSuchFileException: a random IOException (pending_segments_1)
	at org.apache.lucene.store.MockDirectoryWrapper.maybeThrowIOExceptionOnOpen(MockDirectoryWrapper.java:458)
	at org.apache.lucene.store.MockDirectoryWrapper.createOutput(MockDirectoryWrapper.java:548)
	at org.apache.lucene.store.FilterDirectory.createOutput(FilterDirectory.java:73)
	at org.apache.lucene.store.LockValidatingDirectoryWrapper.createOutput(LockValidatingDirectoryWrapper.java:44)
	at org.apache.lucene.index.SegmentInfos.write(SegmentInfos.java:516)
	at org.apache.lucene.index.SegmentInfos.prepareCommit(SegmentInfos.java:809)
	at org.apache.lucene.index.IndexWriter.startCommit(IndexWriter.java:4418)
	at org.apache.lucene.index.IndexWriter.prepareCommitInternal(IndexWriter.java:2860)
	at org.apache.lucene.index.IndexWriter.commitInternal(IndexWriter.java:2963)
	at org.apache.lucene.index.IndexWriter.commit(IndexWriter.java:2930)
	at org.elasticsearch.index.engine.InternalEngine.commitIndexWriter(InternalEngine.java:1166)
	at org.elasticsearch.index.engine.InternalEngine.commitIndexWriter(InternalEngine.java:1174)
	at org.elasticsearch.index.engine.InternalEngine.openTranslog(InternalEngine.java:214)
	at org.elasticsearch.index.engine.InternalEngine.<init>(InternalEngine.java:149)
	at org.elasticsearch.index.engine.InternalEngineTests.createEngine(InternalEngineTests.java:264)
	at org.elasticsearch.index.engine.InternalEngineTests.createEngine(InternalEngineTests.java:260)
	at org.elasticsearch.index.engine.InternalEngineTests.testFailStart(InternalEngineTests.java:1554)
	at sun.reflect.NativeMethodAccessorImpl.invoke0(Native Method)
	at sun.reflect.NativeMethodAccessorImpl.invoke(NativeMethodAccessorImpl.java:62)
	at sun.reflect.DelegatingMethodAccessorImpl.invoke(DelegatingMethodAccessorImpl.java:43)
	at java.lang.reflect.Method.invoke(Method.java:497)
	at com.carrotsearch.randomizedtesting.RandomizedRunner.invoke(RandomizedRunner.java:1764)
	at com.carrotsearch.randomizedtesting.RandomizedRunner$8.evaluate(RandomizedRunner.java:871)
	at com.carrotsearch.randomizedtesting.RandomizedRunner$9.evaluate(RandomizedRunner.java:907)
	at com.carrotsearch.randomizedtesting.RandomizedRunner$10.evaluate(RandomizedRunner.java:921)
	at com.carrotsearch.randomizedtesting.rules.StatementAdapter.evaluate(StatementAdapter.java:36)
	at org.apache.lucene.util.TestRuleSetupTeardownChained$1.evaluate(TestRuleSetupTeardownChained.java:50)
	at org.apache.lucene.util.AbstractBeforeAfterRule$1.evaluate(AbstractBeforeAfterRule.java:46)
	at org.apache.lucene.util.TestRuleThreadAndTestName$1.evaluate(TestRuleThreadAndTestName.java:49)
	at org.apache.lucene.util.TestRuleIgnoreAfterMaxFailures$1.evaluate(TestRuleIgnoreAfterMaxFailures.java:65)
	at org.apache.lucene.util.TestRuleMarkFailure$1.evaluate(TestRuleMarkFailure.java:48)
	at com.carrotsearch.randomizedtesting.rules.StatementAdapter.evaluate(StatementAdapter.java:36)
	at com.carrotsearch.randomizedtesting.ThreadLeakControl$StatementRunner.run(ThreadLeakControl.java:367)
	at com.carrotsearch.randomizedtesting.ThreadLeakControl.forkTimeoutingTask(ThreadLeakControl.java:809)
	at com.carrotsearch.randomizedtesting.ThreadLeakControl$3.evaluate(ThreadLeakControl.java:460)
	at com.carrotsearch.randomizedtesting.RandomizedRunner.runSingleTest(RandomizedRunner.java:880)
	at com.carrotsearch.randomizedtesting.RandomizedRunner$5.evaluate(RandomizedRunner.java:781)
	at com.carrotsearch.randomizedtesting.RandomizedRunner$6.evaluate(RandomizedRunner.java:816)
	at com.carrotsearch.randomizedtesting.RandomizedRunner$7.evaluate(RandomizedRunner.java:827)
	at org.apache.lucene.util.AbstractBeforeAfterRule$1.evaluate(AbstractBeforeAfterRule.java:46)
	at com.carrotsearch.randomizedtesting.rules.StatementAdapter.evaluate(StatementAdapter.java:36)
	at org.apache.lucene.util.TestRuleStoreClassName$1.evaluate(TestRuleStoreClassName.java:42)
	at com.carrotsearch.randomizedtesting.rules.NoShadowingOrOverridesOnMethodsRule$1.evaluate(NoShadowingOrOverridesOnMethodsRule.java:40)
	at com.carrotsearch.randomizedtesting.rules.NoShadowingOrOverridesOnMethodsRule$1.evaluate(NoShadowingOrOverridesOnMethodsRule.java:40)
	at com.carrotsearch.randomizedtesting.rules.StatementAdapter.evaluate(StatementAdapter.java:36)
	at com.carrotsearch.randomizedtesting.rules.StatementAdapter.evaluate(StatementAdapter.java:36)
	at com.carrotsearch.randomizedtesting.rules.StatementAdapter.evaluate(StatementAdapter.java:36)
	at org.apache.lucene.util.TestRuleAssertionsRequired$1.evaluate(TestRuleAssertionsRequired.java:54)
	at org.apache.lucene.util.TestRuleMarkFailure$1.evaluate(TestRuleMarkFailure.java:48)
	at org.apache.lucene.util.TestRuleIgnoreAfterMaxFailures$1.evaluate(TestRuleIgnoreAfterMaxFailures.java:65)
	at org.apache.lucene.util.TestRuleIgnoreTestSuites$1.evaluate(TestRuleIgnoreTestSuites.java:55)
	at com.carrotsearch.randomizedtesting.rules.StatementAdapter.evaluate(StatementAdapter.java:36)
	at com.carrotsearch.randomizedtesting.ThreadLeakControl$StatementRunner.run(ThreadLeakControl.java:367)
	at java.lang.Thread.run(Thread.java:745)
[2016-04-18 03:00:57,008][WARN ][org.elasticsearch.index.engine]  [index][1] failed engine [lucene commit failed]
java.nio.file.NoSuchFileException: a random IOException (pending_segments_1)
	at org.apache.lucene.store.MockDirectoryWrapper.maybeThrowIOExceptionOnOpen(MockDirectoryWrapper.java:458)
	at org.apache.lucene.store.MockDirectoryWrapper.createOutput(MockDirectoryWrapper.java:548)
	at org.apache.lucene.store.FilterDirectory.createOutput(FilterDirectory.java:73)
	at org.apache.lucene.store.LockValidatingDirectoryWrapper.createOutput(LockValidatingDirectoryWrapper.java:44)
	at org.apache.lucene.index.SegmentInfos.write(SegmentInfos.java:516)
	at org.apache.lucene.index.SegmentInfos.prepareCommit(SegmentInfos.java:809)
	at org.apache.lucene.index.IndexWriter.startCommit(IndexWriter.java:4418)
	at org.apache.lucene.index.IndexWriter.prepareCommitInternal(IndexWriter.java:2860)
	at org.apache.lucene.index.IndexWriter.commitInternal(IndexWriter.java:2963)
	at org.apache.lucene.index.IndexWriter.commit(IndexWriter.java:2930)
	at org.elasticsearch.index.engine.InternalEngine.commitIndexWriter(InternalEngine.java:1166)
	at org.elasticsearch.index.engine.InternalEngine.commitIndexWriter(InternalEngine.java:1174)
	at org.elasticsearch.index.engine.InternalEngine.openTranslog(InternalEngine.java:214)
	at org.elasticsearch.index.engine.InternalEngine.<init>(InternalEngine.java:149)
	at org.elasticsearch.index.engine.InternalEngineTests.createEngine(InternalEngineTests.java:264)
	at org.elasticsearch.index.engine.InternalEngineTests.createEngine(InternalEngineTests.java:260)
	at org.elasticsearch.index.engine.InternalEngineTests.testFailStart(InternalEngineTests.java:1554)
	at sun.reflect.NativeMethodAccessorImpl.invoke0(Native Method)
	at sun.reflect.NativeMethodAccessorImpl.invoke(NativeMethodAccessorImpl.java:62)
	at sun.reflect.DelegatingMethodAccessorImpl.invoke(DelegatingMethodAccessorImpl.java:43)
	at java.lang.reflect.Method.invoke(Method.java:497)
	at com.carrotsearch.randomizedtesting.RandomizedRunner.invoke(RandomizedRunner.java:1764)
	at com.carrotsearch.randomizedtesting.RandomizedRunner$8.evaluate(RandomizedRunner.java:871)
	at com.carrotsearch.randomizedtesting.RandomizedRunner$9.evaluate(RandomizedRunner.java:907)
	at com.carrotsearch.randomizedtesting.RandomizedRunner$10.evaluate(RandomizedRunner.java:921)
	at com.carrotsearch.randomizedtesting.rules.StatementAdapter.evaluate(StatementAdapter.java:36)
	at org.apache.lucene.util.TestRuleSetupTeardownChained$1.evaluate(TestRuleSetupTeardownChained.java:50)
	at org.apache.lucene.util.AbstractBeforeAfterRule$1.evaluate(AbstractBeforeAfterRule.java:46)
	at org.apache.lucene.util.TestRuleThreadAndTestName$1.evaluate(TestRuleThreadAndTestName.java:49)
	at org.apache.lucene.util.TestRuleIgnoreAfterMaxFailures$1.evaluate(TestRuleIgnoreAfterMaxFailures.java:65)
	at org.apache.lucene.util.TestRuleMarkFailure$1.evaluate(TestRuleMarkFailure.java:48)
	at com.carrotsearch.randomizedtesting.rules.StatementAdapter.evaluate(StatementAdapter.java:36)
	at com.carrotsearch.randomizedtesting.ThreadLeakControl$StatementRunner.run(ThreadLeakControl.java:367)
	at com.carrotsearch.randomizedtesting.ThreadLeakControl.forkTimeoutingTask(ThreadLeakControl.java:809)
	at com.carrotsearch.randomizedtesting.ThreadLeakControl$3.evaluate(ThreadLeakControl.java:460)
	at com.carrotsearch.randomizedtesting.RandomizedRunner.runSingleTest(RandomizedRunner.java:880)
	at com.carrotsearch.randomizedtesting.RandomizedRunner$5.evaluate(RandomizedRunner.java:781)
	at com.carrotsearch.randomizedtesting.RandomizedRunner$6.evaluate(RandomizedRunner.java:816)
	at com.carrotsearch.randomizedtesting.RandomizedRunner$7.evaluate(RandomizedRunner.java:827)
	at org.apache.lucene.util.AbstractBeforeAfterRule$1.evaluate(AbstractBeforeAfterRule.java:46)
	at com.carrotsearch.randomizedtesting.rules.StatementAdapter.evaluate(StatementAdapter.java:36)
	at org.apache.lucene.util.TestRuleStoreClassName$1.evaluate(TestRuleStoreClassName.java:42)
	at com.carrotsearch.randomizedtesting.rules.NoShadowingOrOverridesOnMethodsRule$1.evaluate(NoShadowingOrOverridesOnMethodsRule.java:40)
	at com.carrotsearch.randomizedtesting.rules.NoShadowingOrOverridesOnMethodsRule$1.evaluate(NoShadowingOrOverridesOnMethodsRule.java:40)
	at com.carrotsearch.randomizedtesting.rules.StatementAdapter.evaluate(StatementAdapter.java:36)
	at com.carrotsearch.randomizedtesting.rules.StatementAdapter.evaluate(StatementAdapter.java:36)
	at com.carrotsearch.randomizedtesting.rules.StatementAdapter.evaluate(StatementAdapter.java:36)
	at org.apache.lucene.util.TestRuleAssertionsRequired$1.evaluate(TestRuleAssertionsRequired.java:54)
	at org.apache.lucene.util.TestRuleMarkFailure$1.evaluate(TestRuleMarkFailure.java:48)
	at org.apache.lucene.util.TestRuleIgnoreAfterMaxFailures$1.evaluate(TestRuleIgnoreAfterMaxFailures.java:65)
	at org.apache.lucene.util.TestRuleIgnoreTestSuites$1.evaluate(TestRuleIgnoreTestSuites.java:55)
	at com.carrotsearch.randomizedtesting.rules.StatementAdapter.evaluate(StatementAdapter.java:36)
	at com.carrotsearch.randomizedtesting.ThreadLeakControl$StatementRunner.run(ThreadLeakControl.java:367)
	at java.lang.Thread.run(Thread.java:745)
[2016-04-18 03:00:57,034][WARN ][org.elasticsearch.index.engine]  [index][1] failed engine [lucene commit failed]
java.io.IOException: a random IOException (pending_segments_1)
	at org.apache.lucene.store.MockDirectoryWrapper.maybeThrowIOExceptionOnOpen(MockDirectoryWrapper.java:456)
	at org.apache.lucene.store.MockDirectoryWrapper.createOutput(MockDirectoryWrapper.java:548)
	at org.apache.lucene.store.FilterDirectory.createOutput(FilterDirectory.java:73)
	at org.apache.lucene.store.LockValidatingDirectoryWrapper.createOutput(LockValidatingDirectoryWrapper.java:44)
	at org.apache.lucene.index.SegmentInfos.write(SegmentInfos.java:516)
	at org.apache.lucene.index.SegmentInfos.prepareCommit(SegmentInfos.java:809)
	at org.apache.lucene.index.IndexWriter.startCommit(IndexWriter.java:4418)
	at org.apache.lucene.index.IndexWriter.prepareCommitInternal(IndexWriter.java:2860)
	at org.apache.lucene.index.IndexWriter.commitInternal(IndexWriter.java:2963)
	at org.apache.lucene.index.IndexWriter.commit(IndexWriter.java:2930)
	at org.elasticsearch.index.engine.InternalEngine.commitIndexWriter(InternalEngine.java:1166)
	at org.elasticsearch.index.engine.InternalEngine.commitIndexWriter(InternalEngine.java:1174)
	at org.elasticsearch.index.engine.InternalEngine.openTranslog(InternalEngine.java:214)
	at org.elasticsearch.index.engine.InternalEngine.<init>(InternalEngine.java:149)
	at org.elasticsearch.index.engine.InternalEngineTests.createEngine(InternalEngineTests.java:264)
	at org.elasticsearch.index.engine.InternalEngineTests.createEngine(InternalEngineTests.java:260)
	at org.elasticsearch.index.engine.InternalEngineTests.testFailStart(InternalEngineTests.java:1554)
	at sun.reflect.NativeMethodAccessorImpl.invoke0(Native Method)
	at sun.reflect.NativeMethodAccessorImpl.invoke(NativeMethodAccessorImpl.java:62)
	at sun.reflect.DelegatingMethodAccessorImpl.invoke(DelegatingMethodAccessorImpl.java:43)
	at java.lang.reflect.Method.invoke(Method.java:497)
	at com.carrotsearch.randomizedtesting.RandomizedRunner.invoke(RandomizedRunner.java:1764)
	at com.carrotsearch.randomizedtesting.RandomizedRunner$8.evaluate(RandomizedRunner.java:871)
	at com.carrotsearch.randomizedtesting.RandomizedRunner$9.evaluate(RandomizedRunner.java:907)
	at com.carrotsearch.randomizedtesting.RandomizedRunner$10.evaluate(RandomizedRunner.java:921)
	at com.carrotsearch.randomizedtesting.rules.StatementAdapter.evaluate(StatementAdapter.java:36)
	at org.apache.lucene.util.TestRuleSetupTeardownChained$1.evaluate(TestRuleSetupTeardownChained.java:50)
	at org.apache.lucene.util.AbstractBeforeAfterRule$1.evaluate(AbstractBeforeAfterRule.java:46)
	at org.apache.lucene.util.TestRuleThreadAndTestName$1.evaluate(TestRuleThreadAndTestName.java:49)
	at org.apache.lucene.util.TestRuleIgnoreAfterMaxFailures$1.evaluate(TestRuleIgnoreAfterMaxFailures.java:65)
	at org.apache.lucene.util.TestRuleMarkFailure$1.evaluate(TestRuleMarkFailure.java:48)
	at com.carrotsearch.randomizedtesting.rules.StatementAdapter.evaluate(StatementAdapter.java:36)
	at com.carrotsearch.randomizedtesting.ThreadLeakControl$StatementRunner.run(ThreadLeakControl.java:367)
	at com.carrotsearch.randomizedtesting.ThreadLeakControl.forkTimeoutingTask(ThreadLeakControl.java:809)
	at com.carrotsearch.randomizedtesting.ThreadLeakControl$3.evaluate(ThreadLeakControl.java:460)
	at com.carrotsearch.randomizedtesting.RandomizedRunner.runSingleTest(RandomizedRunner.java:880)
	at com.carrotsearch.randomizedtesting.RandomizedRunner$5.evaluate(RandomizedRunner.java:781)
	at com.carrotsearch.randomizedtesting.RandomizedRunner$6.evaluate(RandomizedRunner.java:816)
	at com.carrotsearch.randomizedtesting.RandomizedRunner$7.evaluate(RandomizedRunner.java:827)
	at org.apache.lucene.util.AbstractBeforeAfterRule$1.evaluate(AbstractBeforeAfterRule.java:46)
	at com.carrotsearch.randomizedtesting.rules.StatementAdapter.evaluate(StatementAdapter.java:36)
	at org.apache.lucene.util.TestRuleStoreClassName$1.evaluate(TestRuleStoreClassName.java:42)
	at com.carrotsearch.randomizedtesting.rules.NoShadowingOrOverridesOnMethodsRule$1.evaluate(NoShadowingOrOverridesOnMethodsRule.java:40)
	at com.carrotsearch.randomizedtesting.rules.NoShadowingOrOverridesOnMethodsRule$1.evaluate(NoShadowingOrOverridesOnMethodsRule.java:40)
	at com.carrotsearch.randomizedtesting.rules.StatementAdapter.evaluate(StatementAdapter.java:36)
	at com.carrotsearch.randomizedtesting.rules.StatementAdapter.evaluate(StatementAdapter.java:36)
	at com.carrotsearch.randomizedtesting.rules.StatementAdapter.evaluate(StatementAdapter.java:36)
	at org.apache.lucene.util.TestRuleAssertionsRequired$1.evaluate(TestRuleAssertionsRequired.java:54)
	at org.apache.lucene.util.TestRuleMarkFailure$1.evaluate(TestRuleMarkFailure.java:48)
	at org.apache.lucene.util.TestRuleIgnoreAfterMaxFailures$1.evaluate(TestRuleIgnoreAfterMaxFailures.java:65)
	at org.apache.lucene.util.TestRuleIgnoreTestSuites$1.evaluate(TestRuleIgnoreTestSuites.java:55)
	at com.carrotsearch.randomizedtesting.rules.StatementAdapter.evaluate(StatementAdapter.java:36)
	at com.carrotsearch.randomizedtesting.ThreadLeakControl$StatementRunner.run(ThreadLeakControl.java:367)
	at java.lang.Thread.run(Thread.java:745)
[2016-04-18 03:00:57,050][WARN ][org.elasticsearch.index.engine]  [index][1] failed engine [lucene commit failed]
java.io.IOException: a random IOException (pending_segments_1)
	at org.apache.lucene.store.MockDirectoryWrapper.maybeThrowIOException(MockDirectoryWrapper.java:445)
	at org.apache.lucene.store.MockIndexOutputWrapper.writeBytes(MockIndexOutputWrapper.java:151)
	at org.apache.lucene.store.MockIndexOutputWrapper.writeByte(MockIndexOutputWrapper.java:127)
	at org.apache.lucene.store.DataOutput.writeInt(DataOutput.java:70)
	at org.apache.lucene.codecs.CodecUtil.writeHeader(CodecUtil.java:91)
	at org.apache.lucene.codecs.CodecUtil.writeIndexHeader(CodecUtil.java:134)
	at org.apache.lucene.index.SegmentInfos.write(SegmentInfos.java:517)
	at org.apache.lucene.index.SegmentInfos.prepareCommit(SegmentInfos.java:809)
	at org.apache.lucene.index.IndexWriter.startCommit(IndexWriter.java:4418)
	at org.apache.lucene.index.IndexWriter.prepareCommitInternal(IndexWriter.java:2860)
	at org.apache.lucene.index.IndexWriter.commitInternal(IndexWriter.java:2963)
	at org.apache.lucene.index.IndexWriter.commit(IndexWriter.java:2930)
	at org.elasticsearch.index.engine.InternalEngine.commitIndexWriter(InternalEngine.java:1166)
	at org.elasticsearch.index.engine.InternalEngine.commitIndexWriter(InternalEngine.java:1174)
	at org.elasticsearch.index.engine.InternalEngine.openTranslog(InternalEngine.java:214)
	at org.elasticsearch.index.engine.InternalEngine.<init>(InternalEngine.java:149)
	at org.elasticsearch.index.engine.InternalEngineTests.createEngine(InternalEngineTests.java:264)
	at org.elasticsearch.index.engine.InternalEngineTests.createEngine(InternalEngineTests.java:260)
	at org.elasticsearch.index.engine.InternalEngineTests.testFailStart(InternalEngineTests.java:1554)
	at sun.reflect.NativeMethodAccessorImpl.invoke0(Native Method)
	at sun.reflect.NativeMethodAccessorImpl.invoke(NativeMethodAccessorImpl.java:62)
	at sun.reflect.DelegatingMethodAccessorImpl.invoke(DelegatingMethodAccessorImpl.java:43)
	at java.lang.reflect.Method.invoke(Method.java:497)
	at com.carrotsearch.randomizedtesting.RandomizedRunner.invoke(RandomizedRunner.java:1764)
	at com.carrotsearch.randomizedtesting.RandomizedRunner$8.evaluate(RandomizedRunner.java:871)
	at com.carrotsearch.randomizedtesting.RandomizedRunner$9.evaluate(RandomizedRunner.java:907)
	at com.carrotsearch.randomizedtesting.RandomizedRunner$10.evaluate(RandomizedRunner.java:921)
	at com.carrotsearch.randomizedtesting.rules.StatementAdapter.evaluate(StatementAdapter.java:36)
	at org.apache.lucene.util.TestRuleSetupTeardownChained$1.evaluate(TestRuleSetupTeardownChained.java:50)
	at org.apache.lucene.util.AbstractBeforeAfterRule$1.evaluate(AbstractBeforeAfterRule.java:46)
	at org.apache.lucene.util.TestRuleThreadAndTestName$1.evaluate(TestRuleThreadAndTestName.java:49)
	at org.apache.lucene.util.TestRuleIgnoreAfterMaxFailures$1.evaluate(TestRuleIgnoreAfterMaxFailures.java:65)
	at org.apache.lucene.util.TestRuleMarkFailure$1.evaluate(TestRuleMarkFailure.java:48)
	at com.carrotsearch.randomizedtesting.rules.StatementAdapter.evaluate(StatementAdapter.java:36)
	at com.carrotsearch.randomizedtesting.ThreadLeakControl$StatementRunner.run(ThreadLeakControl.java:367)
	at com.carrotsearch.randomizedtesting.ThreadLeakControl.forkTimeoutingTask(ThreadLeakControl.java:809)
	at com.carrotsearch.randomizedtesting.ThreadLeakControl$3.evaluate(ThreadLeakControl.java:460)
	at com.carrotsearch.randomizedtesting.RandomizedRunner.runSingleTest(RandomizedRunner.java:880)
	at com.carrotsearch.randomizedtesting.RandomizedRunner$5.evaluate(RandomizedRunner.java:781)
	at com.carrotsearch.randomizedtesting.RandomizedRunner$6.evaluate(RandomizedRunner.java:816)
	at com.carrotsearch.randomizedtesting.RandomizedRunner$7.evaluate(RandomizedRunner.java:827)
	at org.apache.lucene.util.AbstractBeforeAfterRule$1.evaluate(AbstractBeforeAfterRule.java:46)
	at com.carrotsearch.randomizedtesting.rules.StatementAdapter.evaluate(StatementAdapter.java:36)
	at org.apache.lucene.util.TestRuleStoreClassName$1.evaluate(TestRuleStoreClassName.java:42)
	at com.carrotsearch.randomizedtesting.rules.NoShadowingOrOverridesOnMethodsRule$1.evaluate(NoShadowingOrOverridesOnMethodsRule.java:40)
	at com.carrotsearch.randomizedtesting.rules.NoShadowingOrOverridesOnMethodsRule$1.evaluate(NoShadowingOrOverridesOnMethodsRule.java:40)
	at com.carrotsearch.randomizedtesting.rules.StatementAdapter.evaluate(StatementAdapter.java:36)
	at com.carrotsearch.randomizedtesting.rules.StatementAdapter.evaluate(StatementAdapter.java:36)
	at com.carrotsearch.randomizedtesting.rules.StatementAdapter.evaluate(StatementAdapter.java:36)
	at org.apache.lucene.util.TestRuleAssertionsRequired$1.evaluate(TestRuleAssertionsRequired.java:54)
	at org.apache.lucene.util.TestRuleMarkFailure$1.evaluate(TestRuleMarkFailure.java:48)
	at org.apache.lucene.util.TestRuleIgnoreAfterMaxFailures$1.evaluate(TestRuleIgnoreAfterMaxFailures.java:65)
	at org.apache.lucene.util.TestRuleIgnoreTestSuites$1.evaluate(TestRuleIgnoreTestSuites.java:55)
	at com.carrotsearch.randomizedtesting.rules.StatementAdapter.evaluate(StatementAdapter.java:36)
	at com.carrotsearch.randomizedtesting.ThreadLeakControl$StatementRunner.run(ThreadLeakControl.java:367)
	at java.lang.Thread.run(Thread.java:745)
]]></system-out>
   <system-err><![CDATA[]]></system-err>
</testsuite>