<testsuite errors="0" failures="0" tests="7" skipped="0" name="org.elasticsearch.indices.settings.UpdateSettingsIT" hostname="nohost.nodomain" time="5.08" timestamp="2016-03-29T17:31:26">
   <properties class="java.util.ArrayList">
      <property name="awt.toolkit" value="sun.lwawt.macosx.LWCToolkit"/>
      <property name="es.logger.level" value="WARN"/>
      <property name="file.encoding" value="UTF-8"/>
      <property name="file.encoding.pkg" value="sun.io"/>
      <property name="file.separator" value="/"/>
      <property name="ftp.nonProxyHosts" value="local|*.local|169.254/16|*.169.254/16"/>
      <property name="gopherProxySet" value="false"/>
      <property name="http.nonProxyHosts" value="local|*.local|169.254/16|*.169.254/16"/>
      <property name="java.awt.graphicsenv" value="sun.awt.CGraphicsEnvironment"/>
      <property name="java.awt.headless" value="true"/>
      <property name="java.awt.printerjob" value="sun.lwawt.macosx.CPrinterJob"/>
      <property name="java.class.path" value="/Users/ogbonnayacngwu/CSE2410_spring2016_projectileDysfunction/core/build/classes/test:/Users/ogbonnayacngwu/CSE2410_spring2016_projectileDysfunction/core/build/resources/test:/Users/ogbonnayacngwu/CSE2410_spring2016_projectileDysfunction/core/build/classes/main:/Users/ogbonnayacngwu/CSE2410_spring2016_projectileDysfunction/core/build/resources/main:/Users/ogbonnayacngwu/.gradle/caches/modules-2/files-2.1/org.apache.lucene/lucene-core/5.5.0-snapshot-1721183/f6854c65c7f4c6d9de583f4daa4fd3ae8a3800f1/lucene-core-5.5.0-snapshot-1721183.jar:/Users/ogbonnayacngwu/.gradle/caches/modules-2/files-2.1/org.apache.lucene/lucene-analyzers-common/5.5.0-snapshot-1721183/69e187ef1d2d9c9570363eb4186821e0341df5b8/lucene-analyzers-common-5.5.0-snapshot-1721183.jar:/Users/ogbonnayacngwu/.gradle/caches/modules-2/files-2.1/org.apache.lucene/lucene-backward-codecs/5.5.0-snapshot-1721183/fa00a45ff9bc6a4df44db81f2e4e44ea94bf88e/lucene-backward-codecs-5.5.0-snapshot-1721183.jar:/Users/ogbonnayacngwu/.gradle/caches/modules-2/files-2.1/org.apache.lucene/lucene-grouping/5.5.0-snapshot-1721183/e996e6c723eb415ba2cfa7f5e98bbf194a4918dd/lucene-grouping-5.5.0-snapshot-1721183.jar:/Users/ogbonnayacngwu/.gradle/caches/modules-2/files-2.1/org.apache.lucene/lucene-highlighter/5.5.0-snapshot-1721183/3b7a5d97b10885f16eb53deb15d64c942b9f9fdb/lucene-highlighter-5.5.0-snapshot-1721183.jar:/Users/ogbonnayacngwu/.gradle/caches/modules-2/files-2.1/org.apache.lucene/lucene-join/5.5.0-snapshot-1721183/e4dda3eeb76e340aa4713a3b20d68c4a1504e505/lucene-join-5.5.0-snapshot-1721183.jar:/Users/ogbonnayacngwu/.gradle/caches/modules-2/files-2.1/org.apache.lucene/lucene-memory/5.5.0-snapshot-1721183/800442a5d7612ce4c8748831871b4d436a50554e/lucene-memory-5.5.0-snapshot-1721183.jar:/Users/ogbonnayacngwu/.gradle/caches/modules-2/files-2.1/org.apache.lucene/lucene-misc/5.5.0-snapshot-1721183/bdf184de9b5773c7af3ae908af78eeb1e512470c/lucene-misc-5.5.0-snapshot-1721183.jar:/Users/ogbonnayacngwu/.gradle/caches/modules-2/files-2.1/org.apache.lucene/lucene-queries/5.5.0-snapshot-1721183/fc59de52bd2c7e420edfd235723cb8b0dd44e92d/lucene-queries-5.5.0-snapshot-1721183.jar:/Users/ogbonnayacngwu/.gradle/caches/modules-2/files-2.1/org.apache.lucene/lucene-queryparser/5.5.0-snapshot-1721183/1d341e6a4f11f3170773ccffdbe6815b45967e3d/lucene-queryparser-5.5.0-snapshot-1721183.jar:/Users/ogbonnayacngwu/.gradle/caches/modules-2/files-2.1/org.apache.lucene/lucene-sandbox/5.5.0-snapshot-1721183/a1b02c2b595ac92f45f0d2be03841a3a7fcae1f1/lucene-sandbox-5.5.0-snapshot-1721183.jar:/Users/ogbonnayacngwu/.gradle/caches/modules-2/files-2.1/org.apache.lucene/lucene-spatial/5.5.0-snapshot-1721183/e3ea422b56734329fb6974e9cf9f66478adb5793/lucene-spatial-5.5.0-snapshot-1721183.jar:/Users/ogbonnayacngwu/.gradle/caches/modules-2/files-2.1/org.apache.lucene/lucene-spatial3d/5.5.0-snapshot-1721183/5eadbd4e63120b59ab6445e39489205f98420471/lucene-spatial3d-5.5.0-snapshot-1721183.jar:/Users/ogbonnayacngwu/.gradle/caches/modules-2/files-2.1/org.apache.lucene/lucene-suggest/5.5.0-snapshot-1721183/a336287e65d082535f02a8427666dbe46b1b9b74/lucene-suggest-5.5.0-snapshot-1721183.jar:/Users/ogbonnayacngwu/.gradle/caches/modules-2/files-2.1/org.elasticsearch/securesm/1.0/c0c6cf986ba0057390bfcc80c366a0e3157f944b/securesm-1.0.jar:/Users/ogbonnayacngwu/.gradle/caches/modules-2/files-2.1/commons-cli/commons-cli/1.3.1/1303efbc4b181e5a58bf2e967dc156a3132b97c0/commons-cli-1.3.1.jar:/Users/ogbonnayacngwu/.gradle/caches/modules-2/files-2.1/com.carrotsearch/hppc/0.7.1/8b5057f74ea378c0150a1860874a3ebdcb713767/hppc-0.7.1.jar:/Users/ogbonnayacngwu/.gradle/caches/modules-2/files-2.1/joda-time/joda-time/2.8.2/d27c24204c5e507b16fec01006b3d0f1ec42aed4/joda-time-2.8.2.jar:/Users/ogbonnayacngwu/.gradle/caches/modules-2/files-2.1/org.joda/joda-convert/1.2/35ec554f0cd00c956cc69051514d9488b1374dec/joda-convert-1.2.jar:/Users/ogbonnayacngwu/.gradle/caches/modules-2/files-2.1/com.fasterxml.jackson.core/jackson-core/2.6.2/123f29333b2c6b3516b14252b6e93226bfcd6e37/jackson-core-2.6.2.jar:/Users/ogbonnayacngwu/.gradle/caches/modules-2/files-2.1/com.fasterxml.jackson.dataformat/jackson-dataformat-smile/2.6.2/395d18c1a1dd730b8026ee59c4067e5d2b45ba6e/jackson-dataformat-smile-2.6.2.jar:/Users/ogbonnayacngwu/.gradle/caches/modules-2/files-2.1/com.fasterxml.jackson.dataformat/jackson-dataformat-yaml/2.6.2/4ae23088dd3fae47c66843f2e4251d7255ee140e/jackson-dataformat-yaml-2.6.2.jar:/Users/ogbonnayacngwu/.gradle/caches/modules-2/files-2.1/com.fasterxml.jackson.dataformat/jackson-dataformat-cbor/2.6.2/1e13c575f914c83761bb8e2aca7dfd9e4c647579/jackson-dataformat-cbor-2.6.2.jar:/Users/ogbonnayacngwu/.gradle/caches/modules-2/files-2.1/io.netty/netty/3.10.5.Final/9ca7d55d246092bddd29b867706e2f6c7db701a0/netty-3.10.5.Final.jar:/Users/ogbonnayacngwu/.gradle/caches/modules-2/files-2.1/com.tdunning/t-digest/3.0/84ccf145ac2215e6bfa63baa3101c0af41017cfc/t-digest-3.0.jar:/Users/ogbonnayacngwu/.gradle/caches/modules-2/files-2.1/org.hdrhistogram/HdrHistogram/2.1.6/7495feb7f71ee124bd2a7e7d83590e296d71d80e/HdrHistogram-2.1.6.jar:/Users/ogbonnayacngwu/.gradle/caches/modules-2/files-2.1/com.spatial4j/spatial4j/0.5/6e16edaf6b1ba76db7f08c2f3723fce3b358ecc3/spatial4j-0.5.jar:/Users/ogbonnayacngwu/.gradle/caches/modules-2/files-2.1/com.vividsolutions/jts/1.13/3ccfb9b60f04d71add996a666ceb8902904fd805/jts-1.13.jar:/Users/ogbonnayacngwu/.gradle/caches/modules-2/files-2.1/log4j/log4j/1.2.17/5af35056b4d257e4b64b9e8069c0746e8b08629f/log4j-1.2.17.jar:/Users/ogbonnayacngwu/.gradle/caches/modules-2/files-2.1/log4j/apache-log4j-extras/1.2.17/85863614d82185d7e51fe21c00aa9117a523a8b6/apache-log4j-extras-1.2.17.jar:/Users/ogbonnayacngwu/.gradle/caches/modules-2/files-2.1/org.slf4j/slf4j-api/1.6.2/8619e95939167fb37245b5670135e4feb0ec7d50/slf4j-api-1.6.2.jar:/Users/ogbonnayacngwu/.gradle/caches/modules-2/files-2.1/net.java.dev.jna/jna/4.1.0/1c12d070e602efd8021891cdd7fd18bc129372d4/jna-4.1.0.jar:/Users/ogbonnayacngwu/CSE2410_spring2016_projectileDysfunction/test/framework/build/libs/framework-3.0.0-SNAPSHOT.jar:/Users/ogbonnayacngwu/.gradle/caches/modules-2/files-2.1/com.carrotsearch.randomizedtesting/randomizedtesting-runner/2.3.2/307965917fe8a22b7ee72deba39ef4b8e6ebc069/randomizedtesting-runner-2.3.2.jar:/Users/ogbonnayacngwu/.gradle/caches/modules-2/files-2.1/junit/junit/4.11/4e031bb61df09069aeb2bffb4019e7a5034a4ee0/junit-4.11.jar:/Users/ogbonnayacngwu/.gradle/caches/modules-2/files-2.1/org.hamcrest/hamcrest-all/1.3/63a21ebc981131004ad02e0434e799fd7f3a8d5a/hamcrest-all-1.3.jar:/Users/ogbonnayacngwu/.gradle/caches/modules-2/files-2.1/org.apache.lucene/lucene-test-framework/5.5.0-snapshot-1721183/a8d851d0ad82182b3a02f4b30c336e7aa0e173cb/lucene-test-framework-5.5.0-snapshot-1721183.jar:/Users/ogbonnayacngwu/.gradle/caches/modules-2/files-2.1/org.apache.lucene/lucene-codecs/5.5.0-snapshot-1721183/8aa59442b028c7a2c1a516accb6142a8910ba5fc/lucene-codecs-5.5.0-snapshot-1721183.jar:/Users/ogbonnayacngwu/.gradle/caches/modules-2/files-2.1/org.apache.httpcomponents/httpclient/4.3.6/4c47155e3e6c9a41a28db36680b828ced53b8af4/httpclient-4.3.6.jar:/Users/ogbonnayacngwu/.gradle/caches/modules-2/files-2.1/org.apache.httpcomponents/httpcore/4.3.3/f91b7a4aadc5cf486df6e4634748d7dd7a73f06d/httpcore-4.3.3.jar:/Users/ogbonnayacngwu/.gradle/caches/modules-2/files-2.1/commons-logging/commons-logging/1.1.3/f6f66e966c70a83ffbdb6f17a0919eaf7c8aca7f/commons-logging-1.1.3.jar:/Users/ogbonnayacngwu/.gradle/caches/modules-2/files-2.1/commons-codec/commons-codec/1.10/4b95f4897fa13f2cd904aee711aeafc0c5295cd8/commons-codec-1.10.jar:/Users/ogbonnayacngwu/.gradle/caches/modules-2/files-2.1/org.elasticsearch/securemock/1.2/98201d4ad5ac93f6b415ae9172d52b5e7cda490e/securemock-1.2.jar:/Users/ogbonnayacngwu/.gradle/caches/modules-2/files-2.1/com.carrotsearch.randomizedtesting/junit4-ant/2.3.2/dc8f03f6111974092491f35b8269eb0fc57f52f7/junit4-ant-2.3.2.jar"/>
      <property name="java.class.version" value="52.0"/>
      <property name="java.endorsed.dirs" value="/Library/Java/JavaVirtualMachines/jdk1.8.0_11.jdk/Contents/Home/jre/lib/endorsed"/>
      <property name="java.ext.dirs" value="/Users/ogbonnayacngwu/Library/Java/Extensions:/Library/Java/JavaVirtualMachines/jdk1.8.0_11.jdk/Contents/Home/jre/lib/ext:/Library/Java/Extensions:/Network/Library/Java/Extensions:/System/Library/Java/Extensions:/usr/lib/java"/>
      <property name="java.home" value="/Library/Java/JavaVirtualMachines/jdk1.8.0_11.jdk/Contents/Home/jre"/>
      <property name="java.io.tmpdir" value="./temp"/>
      <property name="java.library.path" value="/Users/ogbonnayacngwu/Library/Java/Extensions:/Library/Java/Extensions:/Network/Library/Java/Extensions:/System/Library/Java/Extensions:/usr/lib/java:."/>
      <property name="java.runtime.name" value="Java(TM) SE Runtime Environment"/>
      <property name="java.runtime.version" value="1.8.0_11-b12"/>
      <property name="java.specification.name" value="Java Platform API Specification"/>
      <property name="java.specification.vendor" value="Oracle Corporation"/>
      <property name="java.specification.version" value="1.8"/>
      <property name="java.vendor" value="Oracle Corporation"/>
      <property name="java.vendor.url" value="http://java.oracle.com/"/>
      <property name="java.vendor.url.bug" value="http://bugreport.sun.com/bugreport/"/>
      <property name="java.version" value="1.8.0_11"/>
      <property name="java.vm.info" value="mixed mode"/>
      <property name="java.vm.name" value="Java HotSpot(TM) 64-Bit Server VM"/>
      <property name="java.vm.specification.name" value="Java Virtual Machine Specification"/>
      <property name="java.vm.specification.vendor" value="Oracle Corporation"/>
      <property name="java.vm.specification.version" value="1.8"/>
      <property name="java.vm.vendor" value="Oracle Corporation"/>
      <property name="java.vm.version" value="25.11-b03"/>
      <property name="junit4.childvm.count" value="4"/>
      <property name="junit4.childvm.cwd" value="/Users/ogbonnayacngwu/CSE2410_spring2016_projectileDysfunction/core/build/testrun/integTest/J2"/>
      <property name="junit4.childvm.id" value="2"/>
      <property name="junit4.memory.total" value="514850816"/>
      <property name="junit4.pidString" value="27394@host37-246.aruba.fit.edu"/>
      <property name="junit4.processors" value="8"/>
      <property name="line.separator" value="
"/>
      <property name="os.arch" value="x86_64"/>
      <property name="os.name" value="Mac OS X"/>
      <property name="os.version" value="10.11.4"/>
      <property name="path.separator" value=":"/>
      <property name="socksNonProxyHosts" value="local|*.local|169.254/16|*.169.254/16"/>
      <property name="sun.arch.data.model" value="64"/>
      <property name="sun.boot.class.path" value="/Library/Java/JavaVirtualMachines/jdk1.8.0_11.jdk/Contents/Home/jre/lib/resources.jar:/Library/Java/JavaVirtualMachines/jdk1.8.0_11.jdk/Contents/Home/jre/lib/rt.jar:/Library/Java/JavaVirtualMachines/jdk1.8.0_11.jdk/Contents/Home/jre/lib/sunrsasign.jar:/Library/Java/JavaVirtualMachines/jdk1.8.0_11.jdk/Contents/Home/jre/lib/jsse.jar:/Library/Java/JavaVirtualMachines/jdk1.8.0_11.jdk/Contents/Home/jre/lib/jce.jar:/Library/Java/JavaVirtualMachines/jdk1.8.0_11.jdk/Contents/Home/jre/lib/charsets.jar:/Library/Java/JavaVirtualMachines/jdk1.8.0_11.jdk/Contents/Home/jre/lib/jfr.jar:/Library/Java/JavaVirtualMachines/jdk1.8.0_11.jdk/Contents/Home/jre/classes"/>
      <property name="sun.boot.library.path" value="/Library/Java/JavaVirtualMachines/jdk1.8.0_11.jdk/Contents/Home/jre/lib"/>
      <property name="sun.cpu.endian" value="little"/>
      <property name="sun.cpu.isalist" value=""/>
      <property name="sun.io.unicode.encoding" value="UnicodeBig"/>
      <property name="sun.java.command" value="com.carrotsearch.ant.tasks.junit4.slave.SlaveMainSafe -eventsfile /Users/ogbonnayacngwu/CSE2410_spring2016_projectileDysfunction/core/build/testrun/integTest/temp/junit4-J2-20160329_172724_554.events @/Users/ogbonnayacngwu/CSE2410_spring2016_projectileDysfunction/core/build/testrun/integTest/temp/junit4-J2-20160329_172724_554.suites -stdin"/>
      <property name="sun.java.launcher" value="SUN_STANDARD"/>
      <property name="sun.jnu.encoding" value="UTF-8"/>
      <property name="sun.management.compiler" value="HotSpot 64-Bit Tiered Compilers"/>
      <property name="sun.os.patch.level" value="unknown"/>
      <property name="tests.artifact" value="core"/>
      <property name="tests.ifNoTests" value="fail"/>
      <property name="tests.maven" value="true"/>
      <property name="tests.prefix" value="tests"/>
      <property name="tests.security.manager" value="true"/>
      <property name="tests.seed" value="4AA6DECDBC490785"/>
      <property name="tests.task" value=":core:integTest"/>
      <property name="user.country" value="US"/>
      <property name="user.dir" value="/Users/ogbonnayacngwu/CSE2410_spring2016_projectileDysfunction/core/build/testrun/integTest/J2"/>
      <property name="user.home" value="/Users/ogbonnayacngwu"/>
      <property name="user.language" value="en"/>
      <property name="user.name" value="ogbonnayacngwu"/>
      <property name="user.timezone" value="America/New_York"/>
   </properties>
   <testcase classname="org.elasticsearch.indices.settings.UpdateSettingsIT" name="testResetDefault" time="0.406"/>
   <testcase classname="org.elasticsearch.indices.settings.UpdateSettingsIT" name="testOpenCloseUpdateSettings" time="0.087"/>
   <testcase classname="org.elasticsearch.indices.settings.UpdateSettingsIT" name="testUpdateSettingsWithBlocks" time="0.259"/>
   <testcase classname="org.elasticsearch.indices.settings.UpdateSettingsIT" name="testEngineGCDeletesSetting" time="0.45"/>
   <testcase classname="org.elasticsearch.indices.settings.UpdateSettingsIT" name="testUpdateMergeMaxThreadCount" time="0.077"/>
   <testcase classname="org.elasticsearch.indices.settings.UpdateSettingsIT" name="testUpdateThrottleSettings" time="3.686"/>
   <testcase classname="org.elasticsearch.indices.settings.UpdateSettingsIT" name="testUpdateAutoThrottleSettings" time="0.079"/>
   <system-out><![CDATA[[2016-03-29 17:31:27,455][INFO ][org.elasticsearch.indices.settings] using custom data_path for index: [CdcsRiaVrw]
[2016-03-29 17:31:27,455][TRACE][org.elasticsearch.tasks  ] [node_s2] register 59 [transport] [indices:admin/create] [org.elasticsearch.action.admin.indices.create.CreateIndexRequest@7f490d51]
[2016-03-29 17:31:27,456][TRACE][org.elasticsearch.test.transport.tracer] [node_s2] [35][indices:admin/create] sent to [{node_s0}{EGjnhDhvS4u-GyQrwUS02g}{local}{local[417]}[mode=>local]] (timeout: [null])
[2016-03-29 17:31:27,456][TRACE][org.elasticsearch.test.transport.tracer] [node_s0] [35][indices:admin/create] received request
[2016-03-29 17:31:27,456][TRACE][org.elasticsearch.tasks  ] [node_s0] register 302 [local] [indices:admin/create] [org.elasticsearch.action.admin.indices.create.CreateIndexRequest@6e0beea1]
[2016-03-29 17:31:27,457][TRACE][org.elasticsearch.tasks  ] [node_s0] register 303 [transport] [indices:admin/create] [org.elasticsearch.action.admin.indices.create.CreateIndexRequest@6e0beea1]
[2016-03-29 17:31:27,457][TRACE][org.elasticsearch.cluster.service] [node_s0] will process [create-index [test], cause [api]]
[2016-03-29 17:31:27,457][DEBUG][org.elasticsearch.cluster.service] [node_s0] processing [create-index [test], cause [api]]: execute
[2016-03-29 17:31:27,457][DEBUG][org.elasticsearch.index  ] [node_s0] [test] using [tiered] merge mergePolicy with expunge_deletes_allowed[10.0], floor_segment[2mb], max_merge_at_once[2], max_merge_at_once_explicit[30], max_merged_segment[5gb], segments_per_tier[2.0], reclaim_deletes_weight[2.0]
[2016-03-29 17:31:27,458][DEBUG][org.elasticsearch.indices] [node_s0] creating Index [test], shards [1]/[0]
[2016-03-29 17:31:27,460][DEBUG][org.elasticsearch.index.store] [node_s0] [test] using index.store.throttle.type [NONE], with index.store.throttle.max_bytes_per_sec [null]
[2016-03-29 17:31:27,461][TRACE][org.elasticsearch.index.mapper] [node_s0] [test] using dynamic[true], default mapping source[{"_default_":{}}], default percolator mapping source[{
"_default_":{
"properties" : {
"query" : {
"type" : "percolator"
}
}
}
}]
[2016-03-29 17:31:27,461][TRACE][org.elasticsearch.index  ] [node_s0] [test] scheduling translog_sync every 5s
[2016-03-29 17:31:27,461][TRACE][org.elasticsearch.index  ] [node_s0] [test] scheduling refresh every 1s
[2016-03-29 17:31:27,461][INFO ][org.elasticsearch.cluster.metadata] [node_s0] [test] creating index, cause [api], templates [random_index_template], shards [1]/[0], mappings [_default_]
[2016-03-29 17:31:27,462][DEBUG][org.elasticsearch.index  ] [node_s0] [test] using [tiered] merge mergePolicy with expunge_deletes_allowed[10.0], floor_segment[2mb], max_merge_at_once[2], max_merge_at_once_explicit[30], max_merged_segment[5gb], segments_per_tier[2.0], reclaim_deletes_weight[2.0]
[2016-03-29 17:31:27,462][TRACE][org.elasticsearch.cluster.routing.allocation.allocator] [node_s0] Start balancing cluster
[2016-03-29 17:31:27,462][TRACE][org.elasticsearch.cluster.routing.allocation.allocator] [node_s0] Start distributing Shards
[2016-03-29 17:31:27,462][TRACE][org.elasticsearch.cluster.routing.allocation.allocator] [node_s0] Start allocating unassigned shards
[2016-03-29 17:31:27,462][TRACE][org.elasticsearch.cluster.routing.allocation.decider] [node_s0] usage without relocations: [EGjnhDhvS4u-GyQrwUS02g][node_s0][/Users/ogbonnayacngwu/CSE2410_spring2016_projectileDysfunction/core/build/testrun/integTest/J2/temp/org.elasticsearch.indices.settings.UpdateSettingsIT_4AA6DECDBC490785-001/tempDir-001/data/SUITE-CHILD_VM=[2]-CLUSTER_SEED=[-3388738352840537058]-HASH=[14406DDF90606DF0]-cluster/nodes/0] free: 236.4gb[63.7%]
[2016-03-29 17:31:27,462][TRACE][org.elasticsearch.cluster.routing.allocation.decider] [node_s0] usage with relocations: [0 bytes] [EGjnhDhvS4u-GyQrwUS02g][node_s0][/Users/ogbonnayacngwu/CSE2410_spring2016_projectileDysfunction/core/build/testrun/integTest/J2/temp/org.elasticsearch.indices.settings.UpdateSettingsIT_4AA6DECDBC490785-001/tempDir-001/data/SUITE-CHILD_VM=[2]-CLUSTER_SEED=[-3388738352840537058]-HASH=[14406DDF90606DF0]-cluster/nodes/0] free: 236.4gb[63.7%]
[2016-03-29 17:31:27,462][TRACE][org.elasticsearch.cluster.routing.allocation.decider] [node_s0] node [EGjnhDhvS4u-GyQrwUS02g] has 36.257913026137466% used disk
[2016-03-29 17:31:27,462][TRACE][org.elasticsearch.cluster.routing.allocation.decider] [node_s0] usage without relocations: [60QseAzmQE6Q-9luecySpQ][node_s1][/Users/ogbonnayacngwu/CSE2410_spring2016_projectileDysfunction/core/build/testrun/integTest/J2/temp/org.elasticsearch.indices.settings.UpdateSettingsIT_4AA6DECDBC490785-001/tempDir-001/data/SUITE-CHILD_VM=[2]-CLUSTER_SEED=[-3388738352840537058]-HASH=[14406DDF90606DF0]-cluster/nodes/1] free: 236.4gb[63.7%]
[2016-03-29 17:31:27,462][TRACE][org.elasticsearch.cluster.routing.allocation.decider] [node_s0] usage with relocations: [0 bytes] [60QseAzmQE6Q-9luecySpQ][node_s1][/Users/ogbonnayacngwu/CSE2410_spring2016_projectileDysfunction/core/build/testrun/integTest/J2/temp/org.elasticsearch.indices.settings.UpdateSettingsIT_4AA6DECDBC490785-001/tempDir-001/data/SUITE-CHILD_VM=[2]-CLUSTER_SEED=[-3388738352840537058]-HASH=[14406DDF90606DF0]-cluster/nodes/1] free: 236.4gb[63.7%]
[2016-03-29 17:31:27,462][TRACE][org.elasticsearch.cluster.routing.allocation.decider] [node_s0] node [60QseAzmQE6Q-9luecySpQ] has 36.257913026137466% used disk
[2016-03-29 17:31:27,462][TRACE][org.elasticsearch.cluster.routing.allocation.allocator] [node_s0] Assigned shard [[test][0], node[null], [P], v[0], s[UNASSIGNED], unassigned_info[[reason=INDEX_CREATED], at[2016-03-29T21:31:27.461Z]]] to [EGjnhDhvS4u-GyQrwUS02g]
[2016-03-29 17:31:27,463][TRACE][org.elasticsearch.cluster.routing.allocation.allocator] [node_s0] Start assigning unassigned shards
[2016-03-29 17:31:27,463][TRACE][org.elasticsearch.cluster.routing.allocation.allocator] [node_s0] Start distributing Shards
[2016-03-29 17:31:27,463][TRACE][org.elasticsearch.cluster.routing.allocation.allocator] [node_s0] Assigned shard [[test][0], node[EGjnhDhvS4u-GyQrwUS02g], [P], v[1], s[INITIALIZING], a[id=pytpBNRlS2inbnVHKI1NFQ], unassigned_info[[reason=INDEX_CREATED], at[2016-03-29T21:31:27.461Z]]] to node [EGjnhDhvS4u-GyQrwUS02g]
[2016-03-29 17:31:27,463][TRACE][org.elasticsearch.cluster.routing.allocation.allocator] [node_s0] Start allocating unassigned shards
[2016-03-29 17:31:27,463][DEBUG][org.elasticsearch.indices] [node_s0] [test] closing ... (reason [cleaning up after validating index on master])
[2016-03-29 17:31:27,463][DEBUG][org.elasticsearch.indices] [node_s0] [test] closing index service (reason [cleaning up after validating index on master])
[2016-03-29 17:31:27,463][DEBUG][org.elasticsearch.index.cache.bitset] [node_s0] [test] clearing all bitsets because [close]
[2016-03-29 17:31:27,463][DEBUG][org.elasticsearch.index.cache.query.index] [node_s0] [test] full cache clear, reason [close]
[2016-03-29 17:31:27,463][DEBUG][org.elasticsearch.index.cache.bitset] [node_s0] [test] clearing all bitsets because [close]
[2016-03-29 17:31:27,463][DEBUG][org.elasticsearch.indices] [node_s0] [test] closed... (reason [cleaning up after validating index on master])
[2016-03-29 17:31:27,463][TRACE][org.elasticsearch.cluster.service] expecting 3 acknowledgements for cluster_state update (version: 53)
[2016-03-29 17:31:27,463][TRACE][org.elasticsearch.cluster.service] [node_s0] cluster state updated, source [create-index [test], cause [api]]
version: 53
state uuid: mpmolvSaRtq9Q9MX4P3C5g
from_diff: false
meta data version: 50
nodes: 
   {node_s0}{EGjnhDhvS4u-GyQrwUS02g}{local}{local[417]}[mode=>local], local, master
   {node_s2}{rDZn5I6bRA6RJcSLImjxjg}{local}{local[419]}[data=>false, client=>true, mode=>local]
   {node_s1}{60QseAzmQE6Q-9luecySpQ}{local}{local[418]}[mode=>local]
routing_table (version 40):
-- index [test]
----shard_id [test][0]
--------[test][0], node[EGjnhDhvS4u-GyQrwUS02g], [P], v[1], s[INITIALIZING], a[id=pytpBNRlS2inbnVHKI1NFQ], unassigned_info[[reason=INDEX_CREATED], at[2016-03-29T21:31:27.461Z]]

routing_nodes:
-----node_id[EGjnhDhvS4u-GyQrwUS02g][V]
--------[test][0], node[EGjnhDhvS4u-GyQrwUS02g], [P], v[1], s[INITIALIZING], a[id=pytpBNRlS2inbnVHKI1NFQ], unassigned_info[[reason=INDEX_CREATED], at[2016-03-29T21:31:27.461Z]]
-----node_id[60QseAzmQE6Q-9luecySpQ][V]
---- unassigned

[2016-03-29 17:31:27,463][DEBUG][org.elasticsearch.cluster.service] [node_s0] publishing cluster state version [53]
[2016-03-29 17:31:27,464][TRACE][org.elasticsearch.discovery.local] [node_s0] sending diff cluster state version [53] with size 1058 to [node_s1]
[2016-03-29 17:31:27,464][TRACE][org.elasticsearch.discovery.local] [node_s0] sending diff cluster state version [53] with size 1058 to [node_s2]
[2016-03-29 17:31:27,464][TRACE][org.elasticsearch.cluster.service] [node_s2] will process [local-disco-receive(from master)]
[2016-03-29 17:31:27,465][DEBUG][org.elasticsearch.cluster.service] [node_s2] processing [local-disco-receive(from master)]: execute
[2016-03-29 17:31:27,464][TRACE][org.elasticsearch.cluster.service] [node_s1] will process [local-disco-receive(from master)]
[2016-03-29 17:31:27,465][DEBUG][org.elasticsearch.cluster.service] [node_s1] processing [local-disco-receive(from master)]: execute
[2016-03-29 17:31:27,465][TRACE][org.elasticsearch.cluster.service] [node_s2] cluster state updated, source [local-disco-receive(from master)]
version: 53
state uuid: mpmolvSaRtq9Q9MX4P3C5g
from_diff: false
meta data version: 50
nodes: 
   {node_s0}{EGjnhDhvS4u-GyQrwUS02g}{local}{local[417]}[mode=>local], master
   {node_s2}{rDZn5I6bRA6RJcSLImjxjg}{local}{local[419]}[data=>false, client=>true, mode=>local], local
   {node_s1}{60QseAzmQE6Q-9luecySpQ}{local}{local[418]}[mode=>local]
routing_table (version 40):
-- index [test]
----shard_id [test][0]
--------[test][0], node[EGjnhDhvS4u-GyQrwUS02g], [P], v[1], s[INITIALIZING], a[id=pytpBNRlS2inbnVHKI1NFQ], unassigned_info[[reason=INDEX_CREATED], at[2016-03-29T21:31:27.461Z]]

routing_nodes:
-----node_id[EGjnhDhvS4u-GyQrwUS02g][V]
--------[test][0], node[EGjnhDhvS4u-GyQrwUS02g], [P], v[1], s[INITIALIZING], a[id=pytpBNRlS2inbnVHKI1NFQ], unassigned_info[[reason=INDEX_CREATED], at[2016-03-29T21:31:27.461Z]]
-----node_id[60QseAzmQE6Q-9luecySpQ][V]
---- unassigned

[2016-03-29 17:31:27,465][TRACE][org.elasticsearch.cluster.service] [node_s1] cluster state updated, source [local-disco-receive(from master)]
version: 53
state uuid: mpmolvSaRtq9Q9MX4P3C5g
from_diff: false
meta data version: 50
nodes: 
   {node_s0}{EGjnhDhvS4u-GyQrwUS02g}{local}{local[417]}[mode=>local], master
   {node_s2}{rDZn5I6bRA6RJcSLImjxjg}{local}{local[419]}[client=>true, data=>false, mode=>local]
   {node_s1}{60QseAzmQE6Q-9luecySpQ}{local}{local[418]}[mode=>local], local
routing_table (version 40):
-- index [test]
----shard_id [test][0]
--------[test][0], node[EGjnhDhvS4u-GyQrwUS02g], [P], v[1], s[INITIALIZING], a[id=pytpBNRlS2inbnVHKI1NFQ], unassigned_info[[reason=INDEX_CREATED], at[2016-03-29T21:31:27.461Z]]

routing_nodes:
-----node_id[EGjnhDhvS4u-GyQrwUS02g][V]
--------[test][0], node[EGjnhDhvS4u-GyQrwUS02g], [P], v[1], s[INITIALIZING], a[id=pytpBNRlS2inbnVHKI1NFQ], unassigned_info[[reason=INDEX_CREATED], at[2016-03-29T21:31:27.461Z]]
-----node_id[60QseAzmQE6Q-9luecySpQ][V]
---- unassigned

[2016-03-29 17:31:27,465][DEBUG][org.elasticsearch.cluster.service] [node_s2] set local cluster state to version 53
[2016-03-29 17:31:27,466][DEBUG][org.elasticsearch.index  ] [node_s2] [test] using [tiered] merge mergePolicy with expunge_deletes_allowed[10.0], floor_segment[2mb], max_merge_at_once[2], max_merge_at_once_explicit[30], max_merged_segment[5gb], segments_per_tier[2.0], reclaim_deletes_weight[2.0]
[2016-03-29 17:31:27,466][TRACE][org.elasticsearch.cluster.service] ack received from node [{node_s2}{rDZn5I6bRA6RJcSLImjxjg}{local}{local[419]}[data=>false, client=>true, mode=>local]], cluster_state update (version: 53)
[2016-03-29 17:31:27,466][DEBUG][org.elasticsearch.cluster.service] [node_s2] processing [local-disco-receive(from master)]: took 1ms done applying updated cluster_state (version: 53, uuid: mpmolvSaRtq9Q9MX4P3C5g)
[2016-03-29 17:31:27,465][DEBUG][org.elasticsearch.cluster.service] [node_s1] set local cluster state to version 53
[2016-03-29 17:31:27,466][DEBUG][org.elasticsearch.index  ] [node_s1] [test] using [tiered] merge mergePolicy with expunge_deletes_allowed[10.0], floor_segment[2mb], max_merge_at_once[2], max_merge_at_once_explicit[30], max_merged_segment[5gb], segments_per_tier[2.0], reclaim_deletes_weight[2.0]
[2016-03-29 17:31:27,466][TRACE][org.elasticsearch.gateway] [node_s1] [test] writing state, reason [freshly created]
[2016-03-29 17:31:27,467][TRACE][org.elasticsearch.cluster.service] ack received from node [{node_s1}{60QseAzmQE6Q-9luecySpQ}{local}{local[418]}[mode=>local]], cluster_state update (version: 53)
[2016-03-29 17:31:27,467][DEBUG][org.elasticsearch.cluster.service] [node_s0] set local cluster state to version 53
[2016-03-29 17:31:27,467][TRACE][org.elasticsearch.cluster.routing] [node_s0] no need to schedule reroute - no delayed unassigned shards, minDelaySetting [0], scheduled [9223372036854775807]
[2016-03-29 17:31:27,467][DEBUG][org.elasticsearch.indices.cluster] [node_s0] [test] creating index
[2016-03-29 17:31:27,467][DEBUG][org.elasticsearch.index  ] [node_s0] [test] using [tiered] merge mergePolicy with expunge_deletes_allowed[10.0], floor_segment[2mb], max_merge_at_once[2], max_merge_at_once_explicit[30], max_merged_segment[5gb], segments_per_tier[2.0], reclaim_deletes_weight[2.0]
[2016-03-29 17:31:27,467][DEBUG][org.elasticsearch.indices] [node_s0] creating Index [test], shards [1]/[0]
[2016-03-29 17:31:27,468][DEBUG][org.elasticsearch.index.store] [node_s0] [test] using index.store.throttle.type [NONE], with index.store.throttle.max_bytes_per_sec [null]
[2016-03-29 17:31:27,468][TRACE][org.elasticsearch.index.mapper] [node_s0] [test] using dynamic[true], default mapping source[{"_default_":{}}], default percolator mapping source[{
"_default_":{
"properties" : {
"query" : {
"type" : "percolator"
}
}
}
}]
[2016-03-29 17:31:27,468][TRACE][org.elasticsearch.index  ] [node_s0] [test] scheduling translog_sync every 5s
[2016-03-29 17:31:27,468][TRACE][org.elasticsearch.index  ] [node_s0] [test] scheduling refresh every 1s
[2016-03-29 17:31:27,468][DEBUG][org.elasticsearch.indices.cluster] [node_s0] [test] adding mapping [_default_], source [{"_default_":{"_timestamp":{"enabled":false},"dynamic_templates":[{"template-strings":{"mapping":{"fielddata":{"loading":"lazy"}},"match_mapping_type":"string"}},{"template-longs":{"mapping":{"fielddata":{"loading":"eager"}},"match_mapping_type":"long"}},{"template-doubles":{"mapping":{"fielddata":{"loading":"lazy"}},"match_mapping_type":"double"}},{"template-geo_points":{"mapping":{"fielddata":{"loading":"eager"}},"match_mapping_type":"geo_point"}},{"template-booleans":{"mapping":{"fielddata":{"loading":"lazy"}},"match_mapping_type":"boolean"}}]}}]
[2016-03-29 17:31:27,468][DEBUG][org.elasticsearch.indices.cluster] [node_s0] [test][0] creating shard
[2016-03-29 17:31:27,468][TRACE][org.elasticsearch.env    ] [node_s0] acquiring node shardlock on [[test][0]], timeout [5000]
[2016-03-29 17:31:27,468][TRACE][org.elasticsearch.env    ] [node_s0] successfully acquired shardlock for [[test][0]]
[2016-03-29 17:31:27,468][DEBUG][org.elasticsearch.index  ] [node_s0] [test] [test][0] creating using a new path [ShardPath{path=/Users/ogbonnayacngwu/CSE2410_spring2016_projectileDysfunction/core/build/testrun/integTest/J2/temp/org.elasticsearch.indices.settings.UpdateSettingsIT_4AA6DECDBC490785-001/tempDir-001/data/SUITE-CHILD_VM=[2]-CLUSTER_SEED=[-3388738352840537058]-HASH=[14406DDF90606DF0]-cluster/nodes/0/indices/test/0, indexUUID='ZcI_jD7xTM2I-IPGpvECiw', shard=[test][0]}]
[2016-03-29 17:31:27,468][DEBUG][org.elasticsearch.index  ] [node_s0] [test] creating shard_id [test][0]
[2016-03-29 17:31:27,467][DEBUG][org.elasticsearch.cluster.service] [node_s1] processing [local-disco-receive(from master)]: took 2ms done applying updated cluster_state (version: 53, uuid: mpmolvSaRtq9Q9MX4P3C5g)
[2016-03-29 17:31:27,470][DEBUG][org.elasticsearch.index.store] [node_s0] [test][0] store stats are refreshed with refresh_interval [10s]
[2016-03-29 17:31:27,470][DEBUG][org.elasticsearch.index.shard] [node_s0] [test][0] state: [CREATED]
[2016-03-29 17:31:27,470][DEBUG][org.elasticsearch.index.shard] [node_s0] [test][0] state: [CREATED]->[RECOVERING], reason [from store]
[2016-03-29 17:31:27,470][DEBUG][org.elasticsearch.index.shard] [node_s0] [test][0] starting recovery from store ...
[2016-03-29 17:31:27,471][DEBUG][org.elasticsearch.index  ] [node_s0] [test] using [tiered] merge mergePolicy with expunge_deletes_allowed[10.0], floor_segment[2mb], max_merge_at_once[2], max_merge_at_once_explicit[30], max_merged_segment[5gb], segments_per_tier[2.0], reclaim_deletes_weight[2.0]
[2016-03-29 17:31:27,471][TRACE][org.elasticsearch.gateway] [node_s0] [test] writing state, reason [freshly created]
[2016-03-29 17:31:27,471][TRACE][org.elasticsearch.index.engine.lucene.iw.ifd] [node_s0] [test][0] elasticsearch[node_s0][generic][T#2] IFD: init: current segments file is "segments"; deletionPolicy=org.apache.lucene.index.SnapshotDeletionPolicy@3057f106
[2016-03-29 17:31:27,472][TRACE][org.elasticsearch.index.engine.lucene.iw.ifd] [node_s0] [test][0] elasticsearch[node_s0][generic][T#2] IFD: now checkpoint "" [0 segments ; isCommit = false]
[2016-03-29 17:31:27,472][TRACE][org.elasticsearch.cluster.service] ack received from node [{node_s0}{EGjnhDhvS4u-GyQrwUS02g}{local}{local[417]}[mode=>local]], cluster_state update (version: 53)
[2016-03-29 17:31:27,472][TRACE][org.elasticsearch.index.engine.lucene.iw.ifd] [node_s0] [test][0] elasticsearch[node_s0][generic][T#2] IFD: 0 msec to checkpoint
[2016-03-29 17:31:27,472][TRACE][org.elasticsearch.cluster.service] all expected nodes acknowledged cluster_state update (version: 53)
[2016-03-29 17:31:27,472][TRACE][org.elasticsearch.index.engine.lucene.iw] [node_s0] [test][0] elasticsearch[node_s0][generic][T#2] IW: init: create=true
[2016-03-29 17:31:27,472][DEBUG][org.elasticsearch.cluster.service] [node_s0] processing [create-index [test], cause [api]]: took 14ms done applying updated cluster_state (version: 53, uuid: mpmolvSaRtq9Q9MX4P3C5g)
[2016-03-29 17:31:27,472][TRACE][org.elasticsearch.tasks  ] [node_s0] unregister task for id: 303
[2016-03-29 17:31:27,472][TRACE][org.elasticsearch.tasks  ] [node_s0] unregister task for id: 302
[2016-03-29 17:31:27,472][TRACE][org.elasticsearch.test.transport.tracer] [node_s0] [35][indices:admin/create] sent response
[2016-03-29 17:31:27,472][TRACE][org.elasticsearch.test.transport.tracer] [node_s2] [35][indices:admin/create] received response from [{node_s0}{EGjnhDhvS4u-GyQrwUS02g}{local}{local[417]}[mode=>local]]
[2016-03-29 17:31:27,472][TRACE][org.elasticsearch.index.engine.lucene.iw] [node_s0] [test][0] elasticsearch[node_s0][generic][T#2] IW: 
dir=store(default(mmapfs(/Users/ogbonnayacngwu/CSE2410_spring2016_projectileDysfunction/core/build/testrun/integTest/J2/temp/org.elasticsearch.indices.settings.UpdateSettingsIT_4AA6DECDBC490785-001/tempDir-001/data/SUITE-CHILD_VM=[2]-CLUSTER_SEED=[-3388738352840537058]-HASH=[14406DDF90606DF0]-cluster/nodes/0/indices/test/0/index),niofs(/Users/ogbonnayacngwu/CSE2410_spring2016_projectileDysfunction/core/build/testrun/integTest/J2/temp/org.elasticsearch.indices.settings.UpdateSettingsIT_4AA6DECDBC490785-001/tempDir-001/data/SUITE-CHILD_VM=[2]-CLUSTER_SEED=[-3388738352840537058]-HASH=[14406DDF90606DF0]-cluster/nodes/0/indices/test/0/index)))
index=
version=5.5.0
analyzer=org.elasticsearch.index.mapper.MapperService$MapperAnalyzerWrapper
ramBufferSizeMB=256.0
maxBufferedDocs=-1
maxBufferedDeleteTerms=-1
mergedSegmentWarmer=org.elasticsearch.index.engine.InternalEngine$1@1dd9409
delPolicy=org.apache.lucene.index.SnapshotDeletionPolicy
commit=null
openMode=CREATE
similarity=org.elasticsearch.index.similarity.SimilarityService$PerFieldSimilarity
mergeScheduler=EngineMergeScheduler: maxThreadCount=10000, maxMergeCount=10000, ioThrottle=true
default WRITE_LOCK_TIMEOUT=0
writeLockTimeout=5000
codec=Asserting(Lucene54)
infoStream=org.elasticsearch.common.lucene.LoggerInfoStream
mergePolicy=ElasticsearchMergePolicy([TieredMergePolicy: maxMergeAtOnce=2, maxMergeAtOnceExplicit=30, maxMergedSegmentMB=5120.0, floorSegmentMB=2.0, forceMergeDeletesPctAllowed=10.0, segmentsPerTier=2.0, maxCFSSegmentSizeMB=8.796093022207999E12, noCFSRatio=0.1)
indexerThreadPool=org.apache.lucene.index.DocumentsWriterPerThreadPool@76818637
readerPooling=false
perThreadHardLimitMB=1945
useCompoundFile=true
commitOnClose=false
writer=org.apache.lucene.index.IndexWriter@3b49b45e

[2016-03-29 17:31:27,472][TRACE][org.elasticsearch.tasks  ] [node_s2] unregister task for id: 59
[2016-03-29 17:31:27,472][TRACE][org.elasticsearch.index.engine.lucene.iw] [node_s0] [test][0] elasticsearch[node_s0][generic][T#2] IW: MMapDirectory.UNMAP_SUPPORTED=true
[2016-03-29 17:31:27,473][TRACE][org.elasticsearch.tasks  ] [node_s2] register 60 [transport] [indices:admin/settings/update] [org.elasticsearch.action.admin.indices.settings.put.UpdateSettingsRequest@43c205de]
[2016-03-29 17:31:27,473][TRACE][org.elasticsearch.test.transport.tracer] [node_s2] [36][indices:admin/settings/update] sent to [{node_s0}{EGjnhDhvS4u-GyQrwUS02g}{local}{local[417]}[mode=>local]] (timeout: [null])
[2016-03-29 17:31:27,473][TRACE][org.elasticsearch.test.transport.tracer] [node_s0] [36][indices:admin/settings/update] received request
[2016-03-29 17:31:27,473][TRACE][org.elasticsearch.tasks  ] [node_s0] register 304 [local] [indices:admin/settings/update] [org.elasticsearch.action.admin.indices.settings.put.UpdateSettingsRequest@407d466b]
[2016-03-29 17:31:27,473][TRACE][org.elasticsearch.tasks  ] [node_s0] register 305 [transport] [indices:admin/settings/update] [org.elasticsearch.action.admin.indices.settings.put.UpdateSettingsRequest@407d466b]
[2016-03-29 17:31:27,473][DEBUG][org.elasticsearch.index.translog] [node_s0] [test][0] wipe translog location - creating new translog
[2016-03-29 17:31:27,473][TRACE][org.elasticsearch.cluster.service] [node_s0] will process [update-settings]
[2016-03-29 17:31:27,473][DEBUG][org.elasticsearch.cluster.service] [node_s0] processing [update-settings]: execute
[2016-03-29 17:31:27,473][TRACE][org.elasticsearch.cluster.routing.allocation.allocator] [node_s0] Start assigning unassigned shards
[2016-03-29 17:31:27,473][TRACE][org.elasticsearch.cluster.routing.allocation.allocator] [node_s0] Start distributing Shards
[2016-03-29 17:31:27,473][TRACE][org.elasticsearch.cluster.routing.allocation.allocator] [node_s0] Assigned shard [[test][0], node[EGjnhDhvS4u-GyQrwUS02g], [P], v[1], s[INITIALIZING], a[id=pytpBNRlS2inbnVHKI1NFQ], unassigned_info[[reason=INDEX_CREATED], at[2016-03-29T21:31:27.461Z]]] to node [EGjnhDhvS4u-GyQrwUS02g]
[2016-03-29 17:31:27,473][TRACE][org.elasticsearch.cluster.routing.allocation.allocator] [node_s0] Start allocating unassigned shards
[2016-03-29 17:31:27,474][DEBUG][org.elasticsearch.index.engine] [node_s0] [test][0] no translog ID present in the current generation - creating one
[2016-03-29 17:31:27,474][TRACE][org.elasticsearch.index.engine] [node_s0] [test][0] committing writer with translog id [1]  and sync id [null] 
[2016-03-29 17:31:27,474][TRACE][org.elasticsearch.index.engine.lucene.iw] [node_s0] [test][0] elasticsearch[node_s0][generic][T#2] IW: commit: start
[2016-03-29 17:31:27,474][TRACE][org.elasticsearch.index.engine.lucene.iw] [node_s0] [test][0] elasticsearch[node_s0][generic][T#2] IW: commit: enter lock
[2016-03-29 17:31:27,474][TRACE][org.elasticsearch.index.engine.lucene.iw] [node_s0] [test][0] elasticsearch[node_s0][generic][T#2] IW: commit: now prepare
[2016-03-29 17:31:27,474][TRACE][org.elasticsearch.index.engine.lucene.iw] [node_s0] [test][0] elasticsearch[node_s0][generic][T#2] IW: prepareCommit: flush
[2016-03-29 17:31:27,474][TRACE][org.elasticsearch.cluster.service] expecting 3 acknowledgements for cluster_state update (version: 54)
[2016-03-29 17:31:27,474][TRACE][org.elasticsearch.index.engine.lucene.iw] [node_s0] [test][0] elasticsearch[node_s0][generic][T#2] IW:   index before flush 
[2016-03-29 17:31:27,474][TRACE][org.elasticsearch.index.engine.lucene.iw] [node_s0] [test][0] elasticsearch[node_s0][generic][T#2] DW: startFullFlush
[2016-03-29 17:31:27,474][TRACE][org.elasticsearch.cluster.service] [node_s0] cluster state updated, source [update-settings]
version: 54
state uuid: 7-ImPF0-RYy_KwEffmad2A
from_diff: false
meta data version: 51
nodes: 
   {node_s0}{EGjnhDhvS4u-GyQrwUS02g}{local}{local[417]}[mode=>local], local, master
   {node_s2}{rDZn5I6bRA6RJcSLImjxjg}{local}{local[419]}[data=>false, client=>true, mode=>local]
   {node_s1}{60QseAzmQE6Q-9luecySpQ}{local}{local[418]}[mode=>local]
routing_table (version 41):
-- index [test]
----shard_id [test][0]
--------[test][0], node[EGjnhDhvS4u-GyQrwUS02g], [P], v[1], s[INITIALIZING], a[id=pytpBNRlS2inbnVHKI1NFQ], unassigned_info[[reason=INDEX_CREATED], at[2016-03-29T21:31:27.461Z]]

routing_nodes:
-----node_id[EGjnhDhvS4u-GyQrwUS02g][V]
--------[test][0], node[EGjnhDhvS4u-GyQrwUS02g], [P], v[1], s[INITIALIZING], a[id=pytpBNRlS2inbnVHKI1NFQ], unassigned_info[[reason=INDEX_CREATED], at[2016-03-29T21:31:27.461Z]]
-----node_id[60QseAzmQE6Q-9luecySpQ][V]
---- unassigned

[2016-03-29 17:31:27,474][TRACE][org.elasticsearch.index.engine.lucene.iw] [node_s0] [test][0] elasticsearch[node_s0][generic][T#2] IW: apply all deletes during flush
[2016-03-29 17:31:27,474][DEBUG][org.elasticsearch.cluster.service] [node_s0] publishing cluster state version [54]
[2016-03-29 17:31:27,475][TRACE][org.elasticsearch.index.engine.lucene.iw] [node_s0] [test][0] elasticsearch[node_s0][generic][T#2] IW: now apply all deletes for all segments maxDoc=0
[2016-03-29 17:31:27,475][TRACE][org.elasticsearch.discovery.local] [node_s0] sending diff cluster state version [54] with size 718 to [node_s1]
[2016-03-29 17:31:27,475][TRACE][org.elasticsearch.index.engine.lucene.iw] [node_s0] [test][0] elasticsearch[node_s0][generic][T#2] BD: prune sis=segments:  minGen=9223372036854775807 packetCount=0
[2016-03-29 17:31:27,475][TRACE][org.elasticsearch.cluster.service] [node_s1] will process [local-disco-receive(from master)]
[2016-03-29 17:31:27,475][DEBUG][org.elasticsearch.cluster.service] [node_s1] processing [local-disco-receive(from master)]: execute
[2016-03-29 17:31:27,475][TRACE][org.elasticsearch.discovery.local] [node_s0] sending diff cluster state version [54] with size 718 to [node_s2]
[2016-03-29 17:31:27,475][TRACE][org.elasticsearch.index.engine.lucene.iw] [node_s0] [test][0] elasticsearch[node_s0][generic][T#2] DW: elasticsearch[node_s0][generic][T#2] finishFullFlush success=true
[2016-03-29 17:31:27,475][TRACE][org.elasticsearch.cluster.service] [node_s2] will process [local-disco-receive(from master)]
[2016-03-29 17:31:27,475][TRACE][org.elasticsearch.index.engine.lucene.iw] [node_s0] [test][0] elasticsearch[node_s0][generic][T#2] IW: startCommit(): start
[2016-03-29 17:31:27,475][DEBUG][org.elasticsearch.cluster.service] [node_s2] processing [local-disco-receive(from master)]: execute
[2016-03-29 17:31:27,475][TRACE][org.elasticsearch.cluster.service] [node_s1] cluster state updated, source [local-disco-receive(from master)]
version: 54
state uuid: 7-ImPF0-RYy_KwEffmad2A
from_diff: false
meta data version: 51
nodes: 
   {node_s0}{EGjnhDhvS4u-GyQrwUS02g}{local}{local[417]}[mode=>local], master
   {node_s2}{rDZn5I6bRA6RJcSLImjxjg}{local}{local[419]}[client=>true, data=>false, mode=>local]
   {node_s1}{60QseAzmQE6Q-9luecySpQ}{local}{local[418]}[mode=>local], local
routing_table (version 41):
-- index [test]
----shard_id [test][0]
--------[test][0], node[EGjnhDhvS4u-GyQrwUS02g], [P], v[1], s[INITIALIZING], a[id=pytpBNRlS2inbnVHKI1NFQ], unassigned_info[[reason=INDEX_CREATED], at[2016-03-29T21:31:27.461Z]]

routing_nodes:
-----node_id[EGjnhDhvS4u-GyQrwUS02g][V]
--------[test][0], node[EGjnhDhvS4u-GyQrwUS02g], [P], v[1], s[INITIALIZING], a[id=pytpBNRlS2inbnVHKI1NFQ], unassigned_info[[reason=INDEX_CREATED], at[2016-03-29T21:31:27.461Z]]
-----node_id[60QseAzmQE6Q-9luecySpQ][V]
---- unassigned

[2016-03-29 17:31:27,475][TRACE][org.elasticsearch.index.engine.lucene.iw] [node_s0] [test][0] elasticsearch[node_s0][generic][T#2] IW: startCommit index= changeCount=3
[2016-03-29 17:31:27,475][TRACE][org.elasticsearch.cluster.service] [node_s2] cluster state updated, source [local-disco-receive(from master)]
version: 54
state uuid: 7-ImPF0-RYy_KwEffmad2A
from_diff: false
meta data version: 51
nodes: 
   {node_s0}{EGjnhDhvS4u-GyQrwUS02g}{local}{local[417]}[mode=>local], master
   {node_s2}{rDZn5I6bRA6RJcSLImjxjg}{local}{local[419]}[data=>false, client=>true, mode=>local], local
   {node_s1}{60QseAzmQE6Q-9luecySpQ}{local}{local[418]}[mode=>local]
routing_table (version 41):
-- index [test]
----shard_id [test][0]
--------[test][0], node[EGjnhDhvS4u-GyQrwUS02g], [P], v[1], s[INITIALIZING], a[id=pytpBNRlS2inbnVHKI1NFQ], unassigned_info[[reason=INDEX_CREATED], at[2016-03-29T21:31:27.461Z]]

routing_nodes:
-----node_id[EGjnhDhvS4u-GyQrwUS02g][V]
--------[test][0], node[EGjnhDhvS4u-GyQrwUS02g], [P], v[1], s[INITIALIZING], a[id=pytpBNRlS2inbnVHKI1NFQ], unassigned_info[[reason=INDEX_CREATED], at[2016-03-29T21:31:27.461Z]]
-----node_id[60QseAzmQE6Q-9luecySpQ][V]
---- unassigned

[2016-03-29 17:31:27,475][DEBUG][org.elasticsearch.cluster.service] [node_s1] set local cluster state to version 54
[2016-03-29 17:31:27,476][DEBUG][org.elasticsearch.cluster.service] [node_s2] set local cluster state to version 54
[2016-03-29 17:31:27,476][TRACE][org.elasticsearch.index.engine.lucene.iw] [node_s0] [test][0] elasticsearch[node_s0][generic][T#2] IW: startCommit: wrote pending segments file "pending_segments_1"
[2016-03-29 17:31:27,476][DEBUG][org.elasticsearch.index  ] [node_s2] [test] using [tiered] merge mergePolicy with expunge_deletes_allowed[10.0], floor_segment[2mb], max_merge_at_once[2], max_merge_at_once_explicit[30], max_merged_segment[5gb], segments_per_tier[2.0], reclaim_deletes_weight[2.0]
[2016-03-29 17:31:27,476][TRACE][org.elasticsearch.cluster.service] ack received from node [{node_s2}{rDZn5I6bRA6RJcSLImjxjg}{local}{local[419]}[data=>false, client=>true, mode=>local]], cluster_state update (version: 54)
[2016-03-29 17:31:27,476][TRACE][org.elasticsearch.index.engine.lucene.iw] [node_s0] [test][0] elasticsearch[node_s0][generic][T#2] IW: done all syncs: []
[2016-03-29 17:31:27,477][TRACE][org.elasticsearch.index.engine.lucene.iw] [node_s0] [test][0] elasticsearch[node_s0][generic][T#2] IW: commit: pendingCommit != null
[2016-03-29 17:31:27,477][TRACE][org.elasticsearch.index.engine.lucene.iw] [node_s0] [test][0] elasticsearch[node_s0][generic][T#2] IW: commit: done writing segments file "segments_1"
[2016-03-29 17:31:27,477][TRACE][org.elasticsearch.index.engine.lucene.iw.ifd] [node_s0] [test][0] elasticsearch[node_s0][generic][T#2] IFD: now checkpoint "" [0 segments ; isCommit = true]
[2016-03-29 17:31:27,477][TRACE][org.elasticsearch.index.engine.lucene.iw.ifd] [node_s0] [test][0] elasticsearch[node_s0][generic][T#2] IFD: 0 msec to checkpoint
[2016-03-29 17:31:27,477][TRACE][org.elasticsearch.index.engine.lucene.iw] [node_s0] [test][0] elasticsearch[node_s0][generic][T#2] IW: commit: took 3.3 msec
[2016-03-29 17:31:27,477][TRACE][org.elasticsearch.index.engine.lucene.iw] [node_s0] [test][0] elasticsearch[node_s0][generic][T#2] IW: commit: done
[2016-03-29 17:31:27,477][TRACE][org.elasticsearch.index.engine.lucene.iw] [node_s0] [test][0] elasticsearch[node_s0][generic][T#2] IW: flush at getReader
[2016-03-29 17:31:27,477][TRACE][org.elasticsearch.index.engine.lucene.iw] [node_s0] [test][0] elasticsearch[node_s0][generic][T#2] DW: startFullFlush
[2016-03-29 17:31:27,477][TRACE][org.elasticsearch.index.engine.lucene.iw] [node_s0] [test][0] elasticsearch[node_s0][generic][T#2] IW: apply all deletes during flush
[2016-03-29 17:31:27,477][TRACE][org.elasticsearch.index.engine.lucene.iw] [node_s0] [test][0] elasticsearch[node_s0][generic][T#2] IW: now apply all deletes for all segments maxDoc=0
[2016-03-29 17:31:27,477][TRACE][org.elasticsearch.index.engine.lucene.iw] [node_s0] [test][0] elasticsearch[node_s0][generic][T#2] BD: prune sis=segments_1:  minGen=9223372036854775807 packetCount=0
[2016-03-29 17:31:27,477][TRACE][org.elasticsearch.index.engine.lucene.iw] [node_s0] [test][0] elasticsearch[node_s0][generic][T#2] IW: incRefDeleter for NRT reader version=3 segments=
[2016-03-29 17:31:27,478][TRACE][org.elasticsearch.index.engine.lucene.iw] [node_s0] [test][0] elasticsearch[node_s0][generic][T#2] IW: return reader version=3 reader=StandardDirectoryReader(segments_1:3:nrt)
[2016-03-29 17:31:27,478][TRACE][org.elasticsearch.index.engine.lucene.iw] [node_s0] [test][0] elasticsearch[node_s0][generic][T#2] DW: elasticsearch[node_s0][generic][T#2] finishFullFlush success=true
[2016-03-29 17:31:27,478][TRACE][org.elasticsearch.index.engine.lucene.iw] [node_s0] [test][0] elasticsearch[node_s0][generic][T#2] IW: getReader took 1 msec
[2016-03-29 17:31:27,478][TRACE][org.elasticsearch.indices] [node_s0] [test][0] warming [ElasticsearchDirectoryReader()]
[2016-03-29 17:31:27,476][DEBUG][org.elasticsearch.cluster.service] [node_s2] processing [local-disco-receive(from master)]: took 1ms done applying updated cluster_state (version: 54, uuid: 7-ImPF0-RYy_KwEffmad2A)
[2016-03-29 17:31:27,476][DEBUG][org.elasticsearch.index  ] [node_s1] [test] using [tiered] merge mergePolicy with expunge_deletes_allowed[10.0], floor_segment[2mb], max_merge_at_once[2], max_merge_at_once_explicit[30], max_merged_segment[5gb], segments_per_tier[2.0], reclaim_deletes_weight[2.0]
[2016-03-29 17:31:27,478][TRACE][org.elasticsearch.index.warmer] [node_s0] [test][0] warming took [63micros]
[2016-03-29 17:31:27,478][TRACE][org.elasticsearch.gateway] [node_s1] [test] writing state, reason [version changed from [1] to [2]]
[2016-03-29 17:31:27,478][TRACE][org.elasticsearch.indices] [node_s0] [test][0] top warming [ElasticsearchDirectoryReader()]
[2016-03-29 17:31:27,478][TRACE][org.elasticsearch.index.warmer] [node_s0] [test][0] top warming took [14micros]
[2016-03-29 17:31:27,479][TRACE][org.elasticsearch.index.engine] [node_s0] [test][0] created new InternalEngine
[2016-03-29 17:31:27,479][DEBUG][org.elasticsearch.index.shard] [node_s0] [test][0] state: [RECOVERING]->[POST_RECOVERY], reason [post recovery from shard_store]
[2016-03-29 17:31:27,479][TRACE][org.elasticsearch.index.shard] [node_s0] [test][0] recovery completed from shard_store, took [8ms]
    index    : files           [0] with total_size [0b], took[0s]
             : recovered_files [0] with total_size [0b]
             : reusing_files   [0] with total_size [0b]
    verify_index    : took [0s], check_index [0s]
    translog : number_of_operations [0], took [8ms]
[2016-03-29 17:31:27,479][DEBUG][org.elasticsearch.cluster.action.shard] [node_s0] 0 sending [internal:cluster/shard/started] to [EGjnhDhvS4u-GyQrwUS02g] for shard [[test][0], node[EGjnhDhvS4u-GyQrwUS02g], [P], v[1], s[INITIALIZING], a[id=pytpBNRlS2inbnVHKI1NFQ], unassigned_info[[reason=INDEX_CREATED], at[2016-03-29T21:31:27.461Z]], indexUUID [ZcI_jD7xTM2I-IPGpvECiw], message [after recovery from store], failure [Unknown]]
[2016-03-29 17:31:27,479][TRACE][org.elasticsearch.cluster.service] ack received from node [{node_s1}{60QseAzmQE6Q-9luecySpQ}{local}{local[418]}[mode=>local]], cluster_state update (version: 54)
[2016-03-29 17:31:27,479][TRACE][org.elasticsearch.tasks  ] [node_s0] register 306 [direct] [internal:cluster/shard/started] [[test][0], node[EGjnhDhvS4u-GyQrwUS02g], [P], v[1], s[INITIALIZING], a[id=pytpBNRlS2inbnVHKI1NFQ], unassigned_info[[reason=INDEX_CREATED], at[2016-03-29T21:31:27.461Z]], indexUUID [ZcI_jD7xTM2I-IPGpvECiw], message [after recovery from store], failure [Unknown]]
[2016-03-29 17:31:27,479][DEBUG][org.elasticsearch.cluster.service] [node_s1] processing [local-disco-receive(from master)]: took 4ms done applying updated cluster_state (version: 54, uuid: 7-ImPF0-RYy_KwEffmad2A)
[2016-03-29 17:31:27,480][DEBUG][org.elasticsearch.cluster.action.shard] [node_s0] [test][0] received shard started for [[test][0], node[EGjnhDhvS4u-GyQrwUS02g], [P], v[1], s[INITIALIZING], a[id=pytpBNRlS2inbnVHKI1NFQ], unassigned_info[[reason=INDEX_CREATED], at[2016-03-29T21:31:27.461Z]], indexUUID [ZcI_jD7xTM2I-IPGpvECiw], message [after recovery from store], failure [Unknown]]
[2016-03-29 17:31:27,480][TRACE][org.elasticsearch.tasks  ] [node_s0] unregister task for id: 306
[2016-03-29 17:31:27,480][TRACE][org.elasticsearch.test.transport.tracer] [node_s0] [92][internal:cluster/shard/started] received response from [{node_s0}{EGjnhDhvS4u-GyQrwUS02g}{local}{local[417]}[mode=>local]]
[2016-03-29 17:31:27,479][DEBUG][org.elasticsearch.cluster.service] [node_s0] set local cluster state to version 54
[2016-03-29 17:31:27,480][TRACE][org.elasticsearch.cluster.routing] [node_s0] no need to schedule reroute - no delayed unassigned shards, minDelaySetting [0], scheduled [9223372036854775807]
[2016-03-29 17:31:27,480][TRACE][org.elasticsearch.indices.cluster] [node_s0] [test][0] master marked shard as initializing, but shard has state [POST_RECOVERY], resending shard started to {node_s0}{EGjnhDhvS4u-GyQrwUS02g}{local}{local[417]}[mode=>local]
[2016-03-29 17:31:27,480][DEBUG][org.elasticsearch.cluster.action.shard] [node_s0] 0 sending [internal:cluster/shard/started] to [EGjnhDhvS4u-GyQrwUS02g] for shard [[test][0], node[EGjnhDhvS4u-GyQrwUS02g], [P], v[1], s[INITIALIZING], a[id=pytpBNRlS2inbnVHKI1NFQ], unassigned_info[[reason=INDEX_CREATED], at[2016-03-29T21:31:27.461Z]], indexUUID [ZcI_jD7xTM2I-IPGpvECiw], message [master {node_s0}{EGjnhDhvS4u-GyQrwUS02g}{local}{local[417]}[mode=>local] marked shard as initializing, but shard state is [POST_RECOVERY], mark shard as started], failure [Unknown]]
[2016-03-29 17:31:27,480][TRACE][org.elasticsearch.tasks  ] [node_s0] register 307 [direct] [internal:cluster/shard/started] [[test][0], node[EGjnhDhvS4u-GyQrwUS02g], [P], v[1], s[INITIALIZING], a[id=pytpBNRlS2inbnVHKI1NFQ], unassigned_info[[reason=INDEX_CREATED], at[2016-03-29T21:31:27.461Z]], indexUUID [ZcI_jD7xTM2I-IPGpvECiw], message [master {node_s0}{EGjnhDhvS4u-GyQrwUS02g}{local}{local[417]}[mode=>local] marked shard as initializing, but shard state is [POST_RECOVERY], mark shard as started], failure [Unknown]]
[2016-03-29 17:31:27,480][DEBUG][org.elasticsearch.cluster.action.shard] [node_s0] [test][0] received shard started for [[test][0], node[EGjnhDhvS4u-GyQrwUS02g], [P], v[1], s[INITIALIZING], a[id=pytpBNRlS2inbnVHKI1NFQ], unassigned_info[[reason=INDEX_CREATED], at[2016-03-29T21:31:27.461Z]], indexUUID [ZcI_jD7xTM2I-IPGpvECiw], message [master {node_s0}{EGjnhDhvS4u-GyQrwUS02g}{local}{local[417]}[mode=>local] marked shard as initializing, but shard state is [POST_RECOVERY], mark shard as started], failure [Unknown]]
[2016-03-29 17:31:27,480][TRACE][org.elasticsearch.tasks  ] [node_s0] unregister task for id: 307
[2016-03-29 17:31:27,480][TRACE][org.elasticsearch.test.transport.tracer] [node_s0] [93][internal:cluster/shard/started] received response from [{node_s0}{EGjnhDhvS4u-GyQrwUS02g}{local}{local[417]}[mode=>local]]
[2016-03-29 17:31:27,481][INFO ][org.elasticsearch.common.settings] [node_s0] updating [index.merge.scheduler.max_thread_count] from [10000] to [1]
[2016-03-29 17:31:27,481][DEBUG][org.elasticsearch.index  ] [node_s0] [test] using [tiered] merge mergePolicy with expunge_deletes_allowed[10.0], floor_segment[2mb], max_merge_at_once[2], max_merge_at_once_explicit[30], max_merged_segment[5gb], segments_per_tier[2.0], reclaim_deletes_weight[2.0]
[2016-03-29 17:31:27,481][TRACE][org.elasticsearch.gateway] [node_s0] [test] writing state, reason [version changed from [1] to [2]]
[2016-03-29 17:31:27,482][TRACE][org.elasticsearch.cluster.service] ack received from node [{node_s0}{EGjnhDhvS4u-GyQrwUS02g}{local}{local[417]}[mode=>local]], cluster_state update (version: 54)
[2016-03-29 17:31:27,482][TRACE][org.elasticsearch.cluster.service] all expected nodes acknowledged cluster_state update (version: 54)
[2016-03-29 17:31:27,482][DEBUG][org.elasticsearch.cluster.service] [node_s0] processing [update-settings]: took 9ms done applying updated cluster_state (version: 54, uuid: 7-ImPF0-RYy_KwEffmad2A)
[2016-03-29 17:31:27,482][TRACE][org.elasticsearch.tasks  ] [node_s0] unregister task for id: 305
[2016-03-29 17:31:27,483][TRACE][org.elasticsearch.tasks  ] [node_s0] unregister task for id: 304
[2016-03-29 17:31:27,483][TRACE][org.elasticsearch.test.transport.tracer] [node_s0] [36][indices:admin/settings/update] sent response
[2016-03-29 17:31:27,483][TRACE][org.elasticsearch.test.transport.tracer] [node_s2] [36][indices:admin/settings/update] received response from [{node_s0}{EGjnhDhvS4u-GyQrwUS02g}{local}{local[417]}[mode=>local]]
[2016-03-29 17:31:27,483][TRACE][org.elasticsearch.tasks  ] [node_s2] unregister task for id: 60
[2016-03-29 17:31:27,482][TRACE][org.elasticsearch.cluster.service] [node_s0] will process [shard-started ([test][0], node[EGjnhDhvS4u-GyQrwUS02g], [P], v[1], s[INITIALIZING], a[id=pytpBNRlS2inbnVHKI1NFQ], unassigned_info[[reason=INDEX_CREATED], at[2016-03-29T21:31:27.461Z]]), reason [after recovery from store]]
[2016-03-29 17:31:27,483][TRACE][org.elasticsearch.cluster.service] [node_s0] will process [shard-started ([test][0], node[EGjnhDhvS4u-GyQrwUS02g], [P], v[1], s[INITIALIZING], a[id=pytpBNRlS2inbnVHKI1NFQ], unassigned_info[[reason=INDEX_CREATED], at[2016-03-29T21:31:27.461Z]]), reason [master {node_s0}{EGjnhDhvS4u-GyQrwUS02g}{local}{local[417]}[mode=>local] marked shard as initializing, but shard state is [POST_RECOVERY], mark shard as started]]
[2016-03-29 17:31:27,483][TRACE][org.elasticsearch.tasks  ] [node_s0] register 308 [transport] [indices:monitor/settings/get] [org.elasticsearch.action.admin.indices.settings.get.GetSettingsRequest@2af859c]
[2016-03-29 17:31:27,483][DEBUG][org.elasticsearch.cluster.service] [node_s0] processing [shard-started ([test][0], node[EGjnhDhvS4u-GyQrwUS02g], [P], v[1], s[INITIALIZING], a[id=pytpBNRlS2inbnVHKI1NFQ], unassigned_info[[reason=INDEX_CREATED], at[2016-03-29T21:31:27.461Z]]), reason [after recovery from store],shard-started ([test][0], node[EGjnhDhvS4u-GyQrwUS02g], [P], v[1], s[INITIALIZING], a[id=pytpBNRlS2inbnVHKI1NFQ], unassigned_info[[reason=INDEX_CREATED], at[2016-03-29T21:31:27.461Z]]), reason [master {node_s0}{EGjnhDhvS4u-GyQrwUS02g}{local}{local[417]}[mode=>local] marked shard as initializing, but shard state is [POST_RECOVERY], mark shard as started]]: execute
[2016-03-29 17:31:27,483][TRACE][org.elasticsearch.tasks  ] [node_s0] unregister task for id: 308
[2016-03-29 17:31:27,483][TRACE][org.elasticsearch.cluster.routing.allocation] [node_s0] [test][0] marked shard as started (routing: [test][0], node[EGjnhDhvS4u-GyQrwUS02g], [P], v[1], s[INITIALIZING], a[id=pytpBNRlS2inbnVHKI1NFQ], unassigned_info[[reason=INDEX_CREATED], at[2016-03-29T21:31:27.461Z]])
[2016-03-29 17:31:27,484][TRACE][org.elasticsearch.cluster.routing.allocation] [node_s0] [test][0] shard is already started, ignoring (routing: [test][0], node[EGjnhDhvS4u-GyQrwUS02g], [P], v[1], s[INITIALIZING], a[id=pytpBNRlS2inbnVHKI1NFQ], unassigned_info[[reason=INDEX_CREATED], at[2016-03-29T21:31:27.461Z]])
[2016-03-29 17:31:27,484][TRACE][org.elasticsearch.cluster.routing.allocation.decider] [node_s0] usage without relocations: [EGjnhDhvS4u-GyQrwUS02g][node_s0][/Users/ogbonnayacngwu/CSE2410_spring2016_projectileDysfunction/core/build/testrun/integTest/J2/temp/org.elasticsearch.indices.settings.UpdateSettingsIT_4AA6DECDBC490785-001/tempDir-001/data/SUITE-CHILD_VM=[2]-CLUSTER_SEED=[-3388738352840537058]-HASH=[14406DDF90606DF0]-cluster/nodes/0] free: 236.4gb[63.7%]
[2016-03-29 17:31:27,484][TRACE][org.elasticsearch.cluster.routing.allocation.decider] [node_s0] usage with relocations: [0 bytes] [EGjnhDhvS4u-GyQrwUS02g][node_s0][/Users/ogbonnayacngwu/CSE2410_spring2016_projectileDysfunction/core/build/testrun/integTest/J2/temp/org.elasticsearch.indices.settings.UpdateSettingsIT_4AA6DECDBC490785-001/tempDir-001/data/SUITE-CHILD_VM=[2]-CLUSTER_SEED=[-3388738352840537058]-HASH=[14406DDF90606DF0]-cluster/nodes/0] free: 236.4gb[63.7%]
[2016-03-29 17:31:27,484][TRACE][org.elasticsearch.cluster.routing.allocation.decider] [node_s0] node [EGjnhDhvS4u-GyQrwUS02g] has 63.742086973862534% free disk (253914099712 bytes)
[2016-03-29 17:31:27,484][TRACE][org.elasticsearch.cluster.routing.allocation.allocator] [node_s0] Start assigning unassigned shards
[2016-03-29 17:31:31,230][TRACE][org.elasticsearch.tasks  ] [node_s0] register 1448 [transport] [indices:admin/create] [org.elasticsearch.action.admin.indices.create.CreateIndexRequest@162bf07e]
[2016-03-29 17:31:31,231][TRACE][org.elasticsearch.cluster.service] [node_s0] will process [create-index [test], cause [api]]
[2016-03-29 17:31:31,231][DEBUG][org.elasticsearch.cluster.service] [node_s0] processing [create-index [test], cause [api]]: execute
[2016-03-29 17:31:31,232][DEBUG][org.elasticsearch.index  ] [node_s0] [test] using [tiered] merge mergePolicy with expunge_deletes_allowed[10.0], floor_segment[2mb], max_merge_at_once[2], max_merge_at_once_explicit[30], max_merged_segment[5gb], segments_per_tier[2.0], reclaim_deletes_weight[2.0]
[2016-03-29 17:31:31,232][DEBUG][org.elasticsearch.indices] [node_s0] creating Index [test], shards [1]/[0]
[2016-03-29 17:31:31,232][DEBUG][org.elasticsearch.index.store] [node_s0] [test] using index.store.throttle.type [NONE], with index.store.throttle.max_bytes_per_sec [null]
[2016-03-29 17:31:31,232][TRACE][org.elasticsearch.index.mapper] [node_s0] [test] using dynamic[true], default mapping source[{"_default_":{}}], default percolator mapping source[{
"_default_":{
"properties" : {
"query" : {
"type" : "percolator"
}
}
}
}]
[2016-03-29 17:31:31,232][TRACE][org.elasticsearch.index  ] [node_s0] [test] scheduling translog_sync every 5s
[2016-03-29 17:31:31,232][TRACE][org.elasticsearch.index  ] [node_s0] [test] scheduling refresh every 1s
[2016-03-29 17:31:31,233][INFO ][org.elasticsearch.cluster.metadata] [node_s0] [test] creating index, cause [api], templates [random_index_template], shards [1]/[0], mappings [_default_]
[2016-03-29 17:31:31,233][DEBUG][org.elasticsearch.index  ] [node_s0] [test] using [tiered] merge mergePolicy with expunge_deletes_allowed[10.0], floor_segment[2mb], max_merge_at_once[2], max_merge_at_once_explicit[30], max_merged_segment[5gb], segments_per_tier[2.0], reclaim_deletes_weight[2.0]
[2016-03-29 17:31:31,233][TRACE][org.elasticsearch.cluster.routing.allocation.allocator] [node_s0] Start balancing cluster
[2016-03-29 17:31:31,233][TRACE][org.elasticsearch.cluster.routing.allocation.allocator] [node_s0] Start distributing Shards
[2016-03-29 17:31:31,233][TRACE][org.elasticsearch.cluster.routing.allocation.allocator] [node_s0] Start allocating unassigned shards
[2016-03-29 17:31:31,233][TRACE][org.elasticsearch.cluster.routing.allocation.decider] [node_s0] usage without relocations: [EGjnhDhvS4u-GyQrwUS02g][node_s0][/Users/ogbonnayacngwu/CSE2410_spring2016_projectileDysfunction/core/build/testrun/integTest/J2/temp/org.elasticsearch.indices.settings.UpdateSettingsIT_4AA6DECDBC490785-001/tempDir-001/data/SUITE-CHILD_VM=[2]-CLUSTER_SEED=[-3388738352840537058]-HASH=[14406DDF90606DF0]-cluster/nodes/0] free: 236.4gb[63.7%]
[2016-03-29 17:31:31,234][TRACE][org.elasticsearch.cluster.routing.allocation.decider] [node_s0] usage with relocations: [0 bytes] [EGjnhDhvS4u-GyQrwUS02g][node_s0][/Users/ogbonnayacngwu/CSE2410_spring2016_projectileDysfunction/core/build/testrun/integTest/J2/temp/org.elasticsearch.indices.settings.UpdateSettingsIT_4AA6DECDBC490785-001/tempDir-001/data/SUITE-CHILD_VM=[2]-CLUSTER_SEED=[-3388738352840537058]-HASH=[14406DDF90606DF0]-cluster/nodes/0] free: 236.4gb[63.7%]
[2016-03-29 17:31:31,234][TRACE][org.elasticsearch.cluster.routing.allocation.decider] [node_s0] node [EGjnhDhvS4u-GyQrwUS02g] has 36.257913026137466% used disk
[2016-03-29 17:31:31,234][TRACE][org.elasticsearch.cluster.routing.allocation.decider] [node_s0] usage without relocations: [60QseAzmQE6Q-9luecySpQ][node_s1][/Users/ogbonnayacngwu/CSE2410_spring2016_projectileDysfunction/core/build/testrun/integTest/J2/temp/org.elasticsearch.indices.settings.UpdateSettingsIT_4AA6DECDBC490785-001/tempDir-001/data/SUITE-CHILD_VM=[2]-CLUSTER_SEED=[-3388738352840537058]-HASH=[14406DDF90606DF0]-cluster/nodes/1] free: 236.4gb[63.7%]
[2016-03-29 17:31:31,234][TRACE][org.elasticsearch.cluster.routing.allocation.decider] [node_s0] usage with relocations: [0 bytes] [60QseAzmQE6Q-9luecySpQ][node_s1][/Users/ogbonnayacngwu/CSE2410_spring2016_projectileDysfunction/core/build/testrun/integTest/J2/temp/org.elasticsearch.indices.settings.UpdateSettingsIT_4AA6DECDBC490785-001/tempDir-001/data/SUITE-CHILD_VM=[2]-CLUSTER_SEED=[-3388738352840537058]-HASH=[14406DDF90606DF0]-cluster/nodes/1] free: 236.4gb[63.7%]
[2016-03-29 17:31:31,234][TRACE][org.elasticsearch.cluster.routing.allocation.decider] [node_s0] node [60QseAzmQE6Q-9luecySpQ] has 36.257913026137466% used disk
[2016-03-29 17:31:31,234][TRACE][org.elasticsearch.cluster.routing.allocation.allocator] [node_s0] Assigned shard [[test][0], node[null], [P], v[0], s[UNASSIGNED], unassigned_info[[reason=INDEX_CREATED], at[2016-03-29T21:31:31.233Z]]] to [EGjnhDhvS4u-GyQrwUS02g]
[2016-03-29 17:31:31,234][TRACE][org.elasticsearch.cluster.routing.allocation.allocator] [node_s0] Start assigning unassigned shards
[2016-03-29 17:31:31,234][TRACE][org.elasticsearch.cluster.routing.allocation.allocator] [node_s0] Start distributing Shards
[2016-03-29 17:31:31,234][TRACE][org.elasticsearch.cluster.routing.allocation.allocator] [node_s0] Assigned shard [[test][0], node[EGjnhDhvS4u-GyQrwUS02g], [P], v[1], s[INITIALIZING], a[id=huZwLolUR26i-ms36qRIMA], unassigned_info[[reason=INDEX_CREATED], at[2016-03-29T21:31:31.233Z]]] to node [EGjnhDhvS4u-GyQrwUS02g]
[2016-03-29 17:31:31,234][TRACE][org.elasticsearch.cluster.routing.allocation.allocator] [node_s0] Start allocating unassigned shards
[2016-03-29 17:31:31,234][DEBUG][org.elasticsearch.indices] [node_s0] [test] closing ... (reason [cleaning up after validating index on master])
[2016-03-29 17:31:31,234][DEBUG][org.elasticsearch.indices] [node_s0] [test] closing index service (reason [cleaning up after validating index on master])
[2016-03-29 17:31:31,234][DEBUG][org.elasticsearch.index.cache.bitset] [node_s0] [test] clearing all bitsets because [close]
[2016-03-29 17:31:31,234][DEBUG][org.elasticsearch.index.cache.query.index] [node_s0] [test] full cache clear, reason [close]
[2016-03-29 17:31:31,234][DEBUG][org.elasticsearch.index.cache.bitset] [node_s0] [test] clearing all bitsets because [close]
[2016-03-29 17:31:31,234][DEBUG][org.elasticsearch.indices] [node_s0] [test] closed... (reason [cleaning up after validating index on master])
[2016-03-29 17:31:31,234][TRACE][org.elasticsearch.cluster.service] expecting 3 acknowledgements for cluster_state update (version: 76)
[2016-03-29 17:31:31,235][TRACE][org.elasticsearch.cluster.service] [node_s0] cluster state updated, source [create-index [test], cause [api]]
version: 76
state uuid: PF69iqJRT3iYJf9qEZl3sA
from_diff: false
meta data version: 73
nodes: 
   {node_s0}{EGjnhDhvS4u-GyQrwUS02g}{local}{local[417]}[mode=>local], local, master
   {node_s2}{rDZn5I6bRA6RJcSLImjxjg}{local}{local[419]}[data=>false, client=>true, mode=>local]
   {node_s1}{60QseAzmQE6Q-9luecySpQ}{local}{local[418]}[mode=>local]
routing_table (version 49):
-- index [test]
----shard_id [test][0]
--------[test][0], node[EGjnhDhvS4u-GyQrwUS02g], [P], v[1], s[INITIALIZING], a[id=huZwLolUR26i-ms36qRIMA], unassigned_info[[reason=INDEX_CREATED], at[2016-03-29T21:31:31.233Z]]

routing_nodes:
-----node_id[EGjnhDhvS4u-GyQrwUS02g][V]
--------[test][0], node[EGjnhDhvS4u-GyQrwUS02g], [P], v[1], s[INITIALIZING], a[id=huZwLolUR26i-ms36qRIMA], unassigned_info[[reason=INDEX_CREATED], at[2016-03-29T21:31:31.233Z]]
-----node_id[60QseAzmQE6Q-9luecySpQ][V]
---- unassigned

[2016-03-29 17:31:31,235][DEBUG][org.elasticsearch.cluster.service] [node_s0] publishing cluster state version [76]
[2016-03-29 17:31:31,235][TRACE][org.elasticsearch.discovery.local] [node_s0] sending diff cluster state version [76] with size 1097 to [node_s1]
[2016-03-29 17:31:31,235][TRACE][org.elasticsearch.cluster.service] [node_s1] will process [local-disco-receive(from master)]
[2016-03-29 17:31:31,236][DEBUG][org.elasticsearch.cluster.service] [node_s1] processing [local-disco-receive(from master)]: execute
[2016-03-29 17:31:31,236][TRACE][org.elasticsearch.discovery.local] [node_s0] sending diff cluster state version [76] with size 1097 to [node_s2]
[2016-03-29 17:31:31,236][TRACE][org.elasticsearch.cluster.service] [node_s1] cluster state updated, source [local-disco-receive(from master)]
version: 76
state uuid: PF69iqJRT3iYJf9qEZl3sA
from_diff: false
meta data version: 73
nodes: 
   {node_s0}{EGjnhDhvS4u-GyQrwUS02g}{local}{local[417]}[mode=>local], master
   {node_s2}{rDZn5I6bRA6RJcSLImjxjg}{local}{local[419]}[client=>true, data=>false, mode=>local]
   {node_s1}{60QseAzmQE6Q-9luecySpQ}{local}{local[418]}[mode=>local], local
routing_table (version 49):
-- index [test]
----shard_id [test][0]
--------[test][0], node[EGjnhDhvS4u-GyQrwUS02g], [P], v[1], s[INITIALIZING], a[id=huZwLolUR26i-ms36qRIMA], unassigned_info[[reason=INDEX_CREATED], at[2016-03-29T21:31:31.233Z]]

routing_nodes:
-----node_id[EGjnhDhvS4u-GyQrwUS02g][V]
--------[test][0], node[EGjnhDhvS4u-GyQrwUS02g], [P], v[1], s[INITIALIZING], a[id=huZwLolUR26i-ms36qRIMA], unassigned_info[[reason=INDEX_CREATED], at[2016-03-29T21:31:31.233Z]]
-----node_id[60QseAzmQE6Q-9luecySpQ][V]
---- unassigned

[2016-03-29 17:31:31,236][TRACE][org.elasticsearch.cluster.service] [node_s2] will process [local-disco-receive(from master)]
[2016-03-29 17:31:31,236][DEBUG][org.elasticsearch.cluster.service] [node_s2] processing [local-disco-receive(from master)]: execute
[2016-03-29 17:31:31,236][TRACE][org.elasticsearch.cluster.service] [node_s2] cluster state updated, source [local-disco-receive(from master)]
version: 76
state uuid: PF69iqJRT3iYJf9qEZl3sA
from_diff: false
meta data version: 73
nodes: 
   {node_s0}{EGjnhDhvS4u-GyQrwUS02g}{local}{local[417]}[mode=>local], master
   {node_s2}{rDZn5I6bRA6RJcSLImjxjg}{local}{local[419]}[data=>false, client=>true, mode=>local], local
   {node_s1}{60QseAzmQE6Q-9luecySpQ}{local}{local[418]}[mode=>local]
routing_table (version 49):
-- index [test]
----shard_id [test][0]
--------[test][0], node[EGjnhDhvS4u-GyQrwUS02g], [P], v[1], s[INITIALIZING], a[id=huZwLolUR26i-ms36qRIMA], unassigned_info[[reason=INDEX_CREATED], at[2016-03-29T21:31:31.233Z]]

routing_nodes:
-----node_id[EGjnhDhvS4u-GyQrwUS02g][V]
--------[test][0], node[EGjnhDhvS4u-GyQrwUS02g], [P], v[1], s[INITIALIZING], a[id=huZwLolUR26i-ms36qRIMA], unassigned_info[[reason=INDEX_CREATED], at[2016-03-29T21:31:31.233Z]]
-----node_id[60QseAzmQE6Q-9luecySpQ][V]
---- unassigned

[2016-03-29 17:31:31,236][DEBUG][org.elasticsearch.cluster.service] [node_s1] set local cluster state to version 76
[2016-03-29 17:31:31,237][DEBUG][org.elasticsearch.cluster.service] [node_s2] set local cluster state to version 76
[2016-03-29 17:31:31,237][DEBUG][org.elasticsearch.index  ] [node_s2] [test] using [tiered] merge mergePolicy with expunge_deletes_allowed[10.0], floor_segment[2mb], max_merge_at_once[2], max_merge_at_once_explicit[30], max_merged_segment[5gb], segments_per_tier[2.0], reclaim_deletes_weight[2.0]
[2016-03-29 17:31:31,237][DEBUG][org.elasticsearch.index  ] [node_s1] [test] using [tiered] merge mergePolicy with expunge_deletes_allowed[10.0], floor_segment[2mb], max_merge_at_once[2], max_merge_at_once_explicit[30], max_merged_segment[5gb], segments_per_tier[2.0], reclaim_deletes_weight[2.0]
[2016-03-29 17:31:31,237][TRACE][org.elasticsearch.cluster.service] ack received from node [{node_s2}{rDZn5I6bRA6RJcSLImjxjg}{local}{local[419]}[data=>false, client=>true, mode=>local]], cluster_state update (version: 76)
[2016-03-29 17:31:31,237][TRACE][org.elasticsearch.gateway] [node_s1] [test] writing state, reason [freshly created]
[2016-03-29 17:31:31,238][DEBUG][org.elasticsearch.cluster.service] [node_s2] processing [local-disco-receive(from master)]: took 1ms done applying updated cluster_state (version: 76, uuid: PF69iqJRT3iYJf9qEZl3sA)
[2016-03-29 17:31:31,239][TRACE][org.elasticsearch.cluster.service] ack received from node [{node_s1}{60QseAzmQE6Q-9luecySpQ}{local}{local[418]}[mode=>local]], cluster_state update (version: 76)
[2016-03-29 17:31:31,239][DEBUG][org.elasticsearch.cluster.service] [node_s0] set local cluster state to version 76
[2016-03-29 17:31:31,239][DEBUG][org.elasticsearch.cluster.service] [node_s1] processing [local-disco-receive(from master)]: took 3ms done applying updated cluster_state (version: 76, uuid: PF69iqJRT3iYJf9qEZl3sA)
[2016-03-29 17:31:31,239][TRACE][org.elasticsearch.cluster.routing] [node_s0] no need to schedule reroute - no delayed unassigned shards, minDelaySetting [0], scheduled [9223372036854775807]
[2016-03-29 17:31:31,239][DEBUG][org.elasticsearch.indices.cluster] [node_s0] [test] creating index
[2016-03-29 17:31:31,240][DEBUG][org.elasticsearch.index  ] [node_s0] [test] using [tiered] merge mergePolicy with expunge_deletes_allowed[10.0], floor_segment[2mb], max_merge_at_once[2], max_merge_at_once_explicit[30], max_merged_segment[5gb], segments_per_tier[2.0], reclaim_deletes_weight[2.0]
[2016-03-29 17:31:31,240][DEBUG][org.elasticsearch.indices] [node_s0] creating Index [test], shards [1]/[0]
[2016-03-29 17:31:31,240][DEBUG][org.elasticsearch.index.store] [node_s0] [test] using index.store.throttle.type [NONE], with index.store.throttle.max_bytes_per_sec [null]
[2016-03-29 17:31:31,240][TRACE][org.elasticsearch.index.mapper] [node_s0] [test] using dynamic[true], default mapping source[{"_default_":{}}], default percolator mapping source[{
"_default_":{
"properties" : {
"query" : {
"type" : "percolator"
}
}
}
}]
[2016-03-29 17:31:31,240][TRACE][org.elasticsearch.index  ] [node_s0] [test] scheduling translog_sync every 5s
[2016-03-29 17:31:31,240][TRACE][org.elasticsearch.index  ] [node_s0] [test] scheduling refresh every 1s
[2016-03-29 17:31:31,240][DEBUG][org.elasticsearch.indices.cluster] [node_s0] [test] adding mapping [_default_], source [{"_default_":{"dynamic_templates":[{"template-strings":{"mapping":{"fielddata":{"loading":"eager_global_ordinals"}},"match_mapping_type":"string"}},{"template-longs":{"mapping":{"fielddata":{"loading":"eager"}},"match_mapping_type":"long"}},{"template-doubles":{"mapping":{"fielddata":{"loading":"lazy"}},"match_mapping_type":"double"}},{"template-geo_points":{"mapping":{"fielddata":{"loading":"eager"}},"match_mapping_type":"geo_point"}},{"template-booleans":{"mapping":{"fielddata":{"loading":"eager"}},"match_mapping_type":"boolean"}}]}}]
[2016-03-29 17:31:31,241][DEBUG][org.elasticsearch.indices.cluster] [node_s0] [test][0] creating shard
[2016-03-29 17:31:31,241][TRACE][org.elasticsearch.env    ] [node_s0] acquiring node shardlock on [[test][0]], timeout [5000]
[2016-03-29 17:31:31,241][TRACE][org.elasticsearch.env    ] [node_s0] successfully acquired shardlock for [[test][0]]
[2016-03-29 17:31:31,241][DEBUG][org.elasticsearch.index  ] [node_s0] [test] [test][0] creating using a new path [ShardPath{path=/Users/ogbonnayacngwu/CSE2410_spring2016_projectileDysfunction/core/build/testrun/integTest/J2/temp/org.elasticsearch.indices.settings.UpdateSettingsIT_4AA6DECDBC490785-001/tempDir-001/data/SUITE-CHILD_VM=[2]-CLUSTER_SEED=[-3388738352840537058]-HASH=[14406DDF90606DF0]-cluster/nodes/0/indices/test/0, indexUUID='IbpqpzzvSxiiiu62T3erRg', shard=[test][0]}]
[2016-03-29 17:31:31,241][DEBUG][org.elasticsearch.index  ] [node_s0] [test] creating shard_id [test][0]
[2016-03-29 17:31:31,242][DEBUG][org.elasticsearch.index.store] [node_s0] [test][0] store stats are refreshed with refresh_interval [10s]
[2016-03-29 17:31:31,242][DEBUG][org.elasticsearch.index.shard] [node_s0] [test][0] state: [CREATED]
[2016-03-29 17:31:31,242][DEBUG][org.elasticsearch.index.shard] [node_s0] [test][0] state: [CREATED]->[RECOVERING], reason [from store]
[2016-03-29 17:31:31,242][DEBUG][org.elasticsearch.index.shard] [node_s0] [test][0] starting recovery from store ...
[2016-03-29 17:31:31,243][DEBUG][org.elasticsearch.index  ] [node_s0] [test] using [tiered] merge mergePolicy with expunge_deletes_allowed[10.0], floor_segment[2mb], max_merge_at_once[2], max_merge_at_once_explicit[30], max_merged_segment[5gb], segments_per_tier[2.0], reclaim_deletes_weight[2.0]
[2016-03-29 17:31:31,243][TRACE][org.elasticsearch.gateway] [node_s0] [test] writing state, reason [freshly created]
[2016-03-29 17:31:31,243][TRACE][org.elasticsearch.index.engine.lucene.iw.ifd] [node_s0] [test][0] elasticsearch[node_s0][generic][T#2] IFD: init: current segments file is "segments"; deletionPolicy=org.apache.lucene.index.SnapshotDeletionPolicy@3419adf0
[2016-03-29 17:31:31,244][TRACE][org.elasticsearch.index.engine.lucene.iw.ifd] [node_s0] [test][0] elasticsearch[node_s0][generic][T#2] IFD: now checkpoint "" [0 segments ; isCommit = false]
[2016-03-29 17:31:31,244][TRACE][org.elasticsearch.index.engine.lucene.iw.ifd] [node_s0] [test][0] elasticsearch[node_s0][generic][T#2] IFD: 0 msec to checkpoint
[2016-03-29 17:31:31,244][TRACE][org.elasticsearch.index.engine.lucene.iw] [node_s0] [test][0] elasticsearch[node_s0][generic][T#2] IW: init: create=true
[2016-03-29 17:31:31,244][TRACE][org.elasticsearch.cluster.service] ack received from node [{node_s0}{EGjnhDhvS4u-GyQrwUS02g}{local}{local[417]}[mode=>local]], cluster_state update (version: 76)
[2016-03-29 17:31:31,244][TRACE][org.elasticsearch.cluster.service] all expected nodes acknowledged cluster_state update (version: 76)
[2016-03-29 17:31:31,244][DEBUG][org.elasticsearch.cluster.service] [node_s0] processing [create-index [test], cause [api]]: took 12ms done applying updated cluster_state (version: 76, uuid: PF69iqJRT3iYJf9qEZl3sA)
[2016-03-29 17:31:31,244][TRACE][org.elasticsearch.tasks  ] [node_s0] unregister task for id: 1448
[2016-03-29 17:31:31,244][TRACE][org.elasticsearch.index.engine.lucene.iw] [node_s0] [test][0] elasticsearch[node_s0][generic][T#2] IW: 
dir=store(default(mmapfs(/Users/ogbonnayacngwu/CSE2410_spring2016_projectileDysfunction/core/build/testrun/integTest/J2/temp/org.elasticsearch.indices.settings.UpdateSettingsIT_4AA6DECDBC490785-001/tempDir-001/data/SUITE-CHILD_VM=[2]-CLUSTER_SEED=[-3388738352840537058]-HASH=[14406DDF90606DF0]-cluster/nodes/0/indices/test/0/index),niofs(/Users/ogbonnayacngwu/CSE2410_spring2016_projectileDysfunction/core/build/testrun/integTest/J2/temp/org.elasticsearch.indices.settings.UpdateSettingsIT_4AA6DECDBC490785-001/tempDir-001/data/SUITE-CHILD_VM=[2]-CLUSTER_SEED=[-3388738352840537058]-HASH=[14406DDF90606DF0]-cluster/nodes/0/indices/test/0/index)))
index=
version=5.5.0
analyzer=org.elasticsearch.index.mapper.MapperService$MapperAnalyzerWrapper
ramBufferSizeMB=256.0
maxBufferedDocs=-1
maxBufferedDeleteTerms=-1
mergedSegmentWarmer=org.elasticsearch.index.engine.InternalEngine$1@59891aa6
delPolicy=org.apache.lucene.index.SnapshotDeletionPolicy
commit=null
openMode=CREATE
similarity=org.elasticsearch.index.similarity.SimilarityService$PerFieldSimilarity
mergeScheduler=EngineMergeScheduler: maxThreadCount=1, maxMergeCount=2, ioThrottle=true
default WRITE_LOCK_TIMEOUT=0
writeLockTimeout=5000
codec=Asserting(Lucene54)
infoStream=org.elasticsearch.common.lucene.LoggerInfoStream
mergePolicy=ElasticsearchMergePolicy([TieredMergePolicy: maxMergeAtOnce=2, maxMergeAtOnceExplicit=30, maxMergedSegmentMB=5120.0, floorSegmentMB=2.0, forceMergeDeletesPctAllowed=10.0, segmentsPerTier=2.0, maxCFSSegmentSizeMB=8.796093022207999E12, noCFSRatio=0.1)
indexerThreadPool=org.apache.lucene.index.DocumentsWriterPerThreadPool@23439f9e
readerPooling=false
perThreadHardLimitMB=1945
useCompoundFile=true
commitOnClose=false
writer=org.apache.lucene.index.IndexWriter@55de34ec

[2016-03-29 17:31:31,244][TRACE][org.elasticsearch.index.engine.lucene.iw] [node_s0] [test][0] elasticsearch[node_s0][generic][T#2] IW: MMapDirectory.UNMAP_SUPPORTED=true
[2016-03-29 17:31:31,245][DEBUG][org.elasticsearch.index.translog] [node_s0] [test][0] wipe translog location - creating new translog
[2016-03-29 17:31:31,245][DEBUG][org.elasticsearch.index.engine] [node_s0] [test][0] no translog ID present in the current generation - creating one
[...]
[2016-03-29 17:31:31,249][TRACE][org.elasticsearch.index.engine.lucene.iw] [node_s0] [test][0] elasticsearch[node_s0][generic][T#2] IW: commit: pendingCommit != null
[2016-03-29 17:31:31,249][TRACE][org.elasticsearch.cluster.service] [node_s0] cluster state updated, source [update-settings]
version: 77
state uuid: 36dpcxuuTeaFIldzRAGAkg
from_diff: false
meta data version: 74
nodes: 
   {node_s0}{EGjnhDhvS4u-GyQrwUS02g}{local}{local[417]}[mode=>local], local, master
   {node_s2}{rDZn5I6bRA6RJcSLImjxjg}{local}{local[419]}[data=>false, client=>true, mode=>local]
   {node_s1}{60QseAzmQE6Q-9luecySpQ}{local}{local[418]}[mode=>local]
routing_table (version 50):
-- index [test]
----shard_id [test][0]
--------[test][0], node[EGjnhDhvS4u-GyQrwUS02g], [P], v[1], s[INITIALIZING], a[id=huZwLolUR26i-ms36qRIMA], unassigned_info[[reason=INDEX_CREATED], at[2016-03-29T21:31:31.233Z]]

routing_nodes:
-----node_id[EGjnhDhvS4u-GyQrwUS02g][V]
--------[test][0], node[EGjnhDhvS4u-GyQrwUS02g], [P], v[1], s[INITIALIZING], a[id=huZwLolUR26i-ms36qRIMA], unassigned_info[[reason=INDEX_CREATED], at[2016-03-29T21:31:31.233Z]]
-----node_id[60QseAzmQE6Q-9luecySpQ][V]
---- unassigned

[2016-03-29 17:31:31,249][DEBUG][org.elasticsearch.cluster.service] [node_s0] publishing cluster state version [77]
[2016-03-29 17:31:31,249][TRACE][org.elasticsearch.discovery.local] [node_s0] sending diff cluster state version [77] with size 769 to [node_s1]
[2016-03-29 17:31:31,249][TRACE][org.elasticsearch.cluster.service] [node_s1] will process [local-disco-receive(from master)]
[2016-03-29 17:31:31,250][DEBUG][org.elasticsearch.cluster.service] [node_s1] processing [local-disco-receive(from master)]: execute
[2016-03-29 17:31:31,250][TRACE][org.elasticsearch.cluster.service] [node_s1] cluster state updated, source [local-disco-receive(from master)]
version: 77
state uuid: 36dpcxuuTeaFIldzRAGAkg
from_diff: false
meta data version: 74
nodes: 
   {node_s0}{EGjnhDhvS4u-GyQrwUS02g}{local}{local[417]}[mode=>local], master
   {node_s2}{rDZn5I6bRA6RJcSLImjxjg}{local}{local[419]}[client=>true, data=>false, mode=>local]
   {node_s1}{60QseAzmQE6Q-9luecySpQ}{local}{local[418]}[mode=>local], local
routing_table (version 50):
-- index [test]
----shard_id [test][0]
--------[test][0], node[EGjnhDhvS4u-GyQrwUS02g], [P], v[1], s[INITIALIZING], a[id=huZwLolUR26i-ms36qRIMA], unassigned_info[[reason=INDEX_CREATED], at[2016-03-29T21:31:31.233Z]]

routing_nodes:
-----node_id[EGjnhDhvS4u-GyQrwUS02g][V]
--------[test][0], node[EGjnhDhvS4u-GyQrwUS02g], [P], v[1], s[INITIALIZING], a[id=huZwLolUR26i-ms36qRIMA], unassigned_info[[reason=INDEX_CREATED], at[2016-03-29T21:31:31.233Z]]
-----node_id[60QseAzmQE6Q-9luecySpQ][V]
---- unassigned

[2016-03-29 17:31:31,250][DEBUG][org.elasticsearch.cluster.service] [node_s1] set local cluster state to version 77
[2016-03-29 17:31:31,251][DEBUG][org.elasticsearch.index  ] [node_s1] [test] using [tiered] merge mergePolicy with expunge_deletes_allowed[10.0], floor_segment[2mb], max_merge_at_once[2], max_merge_at_once_explicit[30], max_merged_segment[5gb], segments_per_tier[2.0], reclaim_deletes_weight[2.0]
[2016-03-29 17:31:31,251][TRACE][org.elasticsearch.gateway] [node_s1] [test] writing state, reason [version changed from [1] to [2]]
[2016-03-29 17:31:31,251][TRACE][org.elasticsearch.discovery.local] [node_s0] sending diff cluster state version [77] with size 769 to [node_s2]
[2016-03-29 17:31:31,251][TRACE][org.elasticsearch.cluster.service] [node_s2] will process [local-disco-receive(from master)]
[2016-03-29 17:31:31,251][TRACE][org.elasticsearch.index.engine.lucene.iw] [node_s0] [test][0] elasticsearch[node_s0][generic][T#2] IW: commit: done writing segments file "segments_1"
[2016-03-29 17:31:31,251][DEBUG][org.elasticsearch.cluster.service] [node_s2] processing [local-disco-receive(from master)]: execute
[2016-03-29 17:31:31,252][TRACE][org.elasticsearch.index.engine.lucene.iw.ifd] [node_s0] [test][0] elasticsearch[node_s0][generic][T#2] IFD: now checkpoint "" [0 segments ; isCommit = true]
[2016-03-29 17:31:31,252][TRACE][org.elasticsearch.index.engine.lucene.iw.ifd] [node_s0] [test][0] elasticsearch[node_s0][generic][T#2] IFD: 0 msec to checkpoint
[2016-03-29 17:31:31,252][TRACE][org.elasticsearch.cluster.service] [node_s2] cluster state updated, source [local-disco-receive(from master)]
version: 77
state uuid: 36dpcxuuTeaFIldzRAGAkg
from_diff: false
meta data version: 74
nodes: 
   {node_s0}{EGjnhDhvS4u-GyQrwUS02g}{local}{local[417]}[mode=>local], master
   {node_s2}{rDZn5I6bRA6RJcSLImjxjg}{local}{local[419]}[data=>false, client=>true, mode=>local], local
   {node_s1}{60QseAzmQE6Q-9luecySpQ}{local}{local[418]}[mode=>local]
routing_table (version 50):
-- index [test]
----shard_id [test][0]
--------[test][0], node[EGjnhDhvS4u-GyQrwUS02g], [P], v[1], s[INITIALIZING], a[id=huZwLolUR26i-ms36qRIMA], unassigned_info[[reason=INDEX_CREATED], at[2016-03-29T21:31:31.233Z]]

routing_nodes:
-----node_id[EGjnhDhvS4u-GyQrwUS02g][V]
--------[test][0], node[EGjnhDhvS4u-GyQrwUS02g], [P], v[1], s[INITIALIZING], a[id=huZwLolUR26i-ms36qRIMA], unassigned_info[[reason=INDEX_CREATED], at[2016-03-29T21:31:31.233Z]]
-----node_id[60QseAzmQE6Q-9luecySpQ][V]
---- unassigned

[2016-03-29 17:31:31,252][DEBUG][org.elasticsearch.cluster.service] [node_s2] set local cluster state to version 77
[2016-03-29 17:31:31,252][TRACE][org.elasticsearch.index.engine.lucene.iw] [node_s0] [test][0] elasticsearch[node_s0][generic][T#2] IW: commit: took 5.0 msec
[2016-03-29 17:31:31,252][TRACE][org.elasticsearch.index.engine.lucene.iw] [node_s0] [test][0] elasticsearch[node_s0][generic][T#2] IW: commit: done
[2016-03-29 17:31:31,252][TRACE][org.elasticsearch.index.engine.lucene.iw] [node_s0] [test][0] elasticsearch[node_s0][generic][T#2] IW: flush at getReader
[2016-03-29 17:31:31,252][TRACE][org.elasticsearch.index.engine.lucene.iw] [node_s0] [test][0] elasticsearch[node_s0][generic][T#2] DW: startFullFlush
[2016-03-29 17:31:31,252][TRACE][org.elasticsearch.index.engine.lucene.iw] [node_s0] [test][0] elasticsearch[node_s0][generic][T#2] IW: apply all deletes during flush
[2016-03-29 17:31:31,252][TRACE][org.elasticsearch.index.engine.lucene.iw] [node_s0] [test][0] elasticsearch[node_s0][generic][T#2] IW: now apply all deletes for all segments maxDoc=0
[2016-03-29 17:31:31,252][TRACE][org.elasticsearch.index.engine.lucene.iw] [node_s0] [test][0] elasticsearch[node_s0][generic][T#2] BD: prune sis=segments_1:  minGen=9223372036854775807 packetCount=0
[2016-03-29 17:31:31,252][TRACE][org.elasticsearch.index.engine.lucene.iw] [node_s0] [test][0] elasticsearch[node_s0][generic][T#2] IW: incRefDeleter for NRT reader version=3 segments=
[2016-03-29 17:31:31,252][TRACE][org.elasticsearch.index.engine.lucene.iw] [node_s0] [test][0] elasticsearch[node_s0][generic][T#2] IW: return reader version=3 reader=StandardDirectoryReader(segments_1:3:nrt)
[2016-03-29 17:31:31,252][TRACE][org.elasticsearch.index.engine.lucene.iw] [node_s0] [test][0] elasticsearch[node_s0][generic][T#2] DW: elasticsearch[node_s0][generic][T#2] finishFullFlush success=true
[2016-03-29 17:31:31,252][TRACE][org.elasticsearch.index.engine.lucene.iw] [node_s0] [test][0] elasticsearch[node_s0][generic][T#2] IW: getReader took 0 msec
[2016-03-29 17:31:31,252][TRACE][org.elasticsearch.indices] [node_s0] [test][0] warming [ElasticsearchDirectoryReader()]
[2016-03-29 17:31:31,253][DEBUG][org.elasticsearch.index  ] [node_s2] [test] using [tiered] merge mergePolicy with expunge_deletes_allowed[10.0], floor_segment[2mb], max_merge_at_once[2], max_merge_at_once_explicit[30], max_merged_segment[5gb], segments_per_tier[2.0], reclaim_deletes_weight[2.0]
[2016-03-29 17:31:31,253][TRACE][org.elasticsearch.cluster.service] ack received from node [{node_s1}{60QseAzmQE6Q-9luecySpQ}{local}{local[418]}[mode=>local]], cluster_state update (version: 77)
[2016-03-29 17:31:31,253][TRACE][org.elasticsearch.cluster.service] ack received from node [{node_s2}{rDZn5I6bRA6RJcSLImjxjg}{local}{local[419]}[data=>false, client=>true, mode=>local]], cluster_state update (version: 77)
[2016-03-29 17:31:31,253][DEBUG][org.elasticsearch.cluster.service] [node_s0] set local cluster state to version 77
[2016-03-29 17:31:31,253][DEBUG][org.elasticsearch.cluster.service] [node_s2] processing [local-disco-receive(from master)]: took 1ms done applying updated cluster_state (version: 77, uuid: 36dpcxuuTeaFIldzRAGAkg)
[2016-03-29 17:31:31,253][TRACE][org.elasticsearch.cluster.routing] [node_s0] no need to schedule reroute - no delayed unassigned shards, minDelaySetting [0], scheduled [9223372036854775807]
[2016-03-29 17:31:31,253][DEBUG][org.elasticsearch.cluster.service] [node_s1] processing [local-disco-receive(from master)]: took 2ms done applying updated cluster_state (version: 77, uuid: 36dpcxuuTeaFIldzRAGAkg)
[2016-03-29 17:31:31,253][TRACE][org.elasticsearch.index.warmer] [node_s0] [test][0] warming took [75micros]
[2016-03-29 17:31:31,253][TRACE][org.elasticsearch.indices.cluster] [node_s0] ignoring recovery instruction for an existing shard [test][0] (shard state: [RECOVERING])
[2016-03-29 17:31:31,253][TRACE][org.elasticsearch.indices] [node_s0] [test][0] top warming [ElasticsearchDirectoryReader()]
[2016-03-29 17:31:31,253][TRACE][org.elasticsearch.index.warmer] [node_s0] [test][0] top warming took [10micros]
[2016-03-29 17:31:31,253][TRACE][org.elasticsearch.index.engine] [node_s0] [test][0] created new InternalEngine
[2016-03-29 17:31:31,253][DEBUG][org.elasticsearch.index.shard] [node_s0] [test][0] state: [RECOVERING]->[POST_RECOVERY], reason [post recovery from shard_store]
[2016-03-29 17:31:31,253][TRACE][org.elasticsearch.index.shard] [node_s0] [test][0] recovery completed from shard_store, took [11ms]
    index    : files           [0] with total_size [0b], took[0s]
             : recovered_files [0] with total_size [0b]
             : reusing_files   [0] with total_size [0b]
    verify_index    : took [0s], check_index [0s]
    translog : number_of_operations [0], took [10ms]
[2016-03-29 17:31:31,253][DEBUG][org.elasticsearch.cluster.action.shard] [node_s0] 0 sending [internal:cluster/shard/started] to [EGjnhDhvS4u-GyQrwUS02g] for shard [[test][0], node[EGjnhDhvS4u-GyQrwUS02g], [P], v[1], s[INITIALIZING], a[id=huZwLolUR26i-ms36qRIMA], unassigned_info[[reason=INDEX_CREATED], at[2016-03-29T21:31:31.233Z]], indexUUID [IbpqpzzvSxiiiu62T3erRg], message [after recovery from store], failure [Unknown]]
[2016-03-29 17:31:31,253][INFO ][org.elasticsearch.common.settings] [node_s0] updating [index.merge.scheduler.auto_throttle] from [true] to [false]
[2016-03-29 17:31:31,253][TRACE][org.elasticsearch.tasks  ] [node_s0] register 1451 [direct] [internal:cluster/shard/started] [[test][0], node[EGjnhDhvS4u-GyQrwUS02g], [P], v[1], s[INITIALIZING], a[id=huZwLolUR26i-ms36qRIMA], unassigned_info[[reason=INDEX_CREATED], at[2016-03-29T21:31:31.233Z]], indexUUID [IbpqpzzvSxiiiu62T3erRg], message [after recovery from store], failure [Unknown]]
[2016-03-29 17:31:31,254][DEBUG][org.elasticsearch.cluster.action.shard] [node_s0] [test][0] received shard started for [[test][0], node[EGjnhDhvS4u-GyQrwUS02g], [P], v[1], s[INITIALIZING], a[id=huZwLolUR26i-ms36qRIMA], unassigned_info[[reason=INDEX_CREATED], at[2016-03-29T21:31:31.233Z]], indexUUID [IbpqpzzvSxiiiu62T3erRg], message [after recovery from store], failure [Unknown]]
[2016-03-29 17:31:31,254][TRACE][org.elasticsearch.tasks  ] [node_s0] unregister task for id: 1451
[2016-03-29 17:31:31,254][TRACE][org.elasticsearch.test.transport.tracer] [node_s0] [412][internal:cluster/shard/started] received response from [{node_s0}{EGjnhDhvS4u-GyQrwUS02g}{local}{local[417]}[mode=>local]]
[2016-03-29 17:31:31,255][TRACE][org.elasticsearch.index.engine.lucene.iw] [node_s0] [test][0] elasticsearch[node_s0][clusterService#updateTask][T#1] MS: updateMergeThreads ioThrottle=false targetMBPerSec=20.0 MB/sec
[2016-03-29 17:31:31,256][DEBUG][org.elasticsearch.index  ] [node_s0] [test] using [tiered] merge mergePolicy with expunge_deletes_allowed[10.0], floor_segment[2mb], max_merge_at_once[2], max_merge_at_once_explicit[30], max_merged_segment[5gb], segments_per_tier[2.0], reclaim_deletes_weight[2.0]
[2016-03-29 17:31:31,256][TRACE][org.elasticsearch.gateway] [node_s0] [test] writing state, reason [version changed from [1] to [2]]
[2016-03-29 17:31:31,257][TRACE][org.elasticsearch.cluster.service] ack received from node [{node_s0}{EGjnhDhvS4u-GyQrwUS02g}{local}{local[417]}[mode=>local]], cluster_state update (version: 77)
[2016-03-29 17:31:31,257][TRACE][org.elasticsearch.cluster.service] all expected nodes acknowledged cluster_state update (version: 77)
[2016-03-29 17:31:31,257][DEBUG][org.elasticsearch.cluster.service] [node_s0] processing [update-settings]: took 8ms done applying updated cluster_state (version: 77, uuid: 36dpcxuuTeaFIldzRAGAkg)
[2016-03-29 17:31:31,257][TRACE][org.elasticsearch.tasks  ] [node_s0] unregister task for id: 1450
[2016-03-29 17:31:31,257][TRACE][org.elasticsearch.cluster.service] [node_s0] will process [shard-started ([test][0], node[EGjnhDhvS4u-GyQrwUS02g], [P], v[1], s[INITIALIZING], a[id=huZwLolUR26i-ms36qRIMA], unassigned_info[[reason=INDEX_CREATED], at[2016-03-29T21:31:31.233Z]]), reason [after recovery from store]]
[2016-03-29 17:31:31,257][TRACE][org.elasticsearch.tasks  ] [node_s0] unregister task for id: 1449
[2016-03-29 17:31:31,257][DEBUG][org.elasticsearch.cluster.service] [node_s0] processing [shard-started ([test][0], node[EGjnhDhvS4u-GyQrwUS02g], [P], v[1], s[INITIALIZING], a[id=huZwLolUR26i-ms36qRIMA], unassigned_info[[reason=INDEX_CREATED], at[2016-03-29T21:31:31.233Z]]), reason [after recovery from store]]: execute
[2016-03-29 17:31:31,257][TRACE][org.elasticsearch.test.transport.tracer] [node_s0] [262][indices:admin/settings/update] sent response
[2016-03-29 17:31:31,257][TRACE][org.elasticsearch.test.transport.tracer] [node_s1] [262][indices:admin/settings/update] received response from [{node_s0}{EGjnhDhvS4u-GyQrwUS02g}{local}{local[417]}[mode=>local]]
[2016-03-29 17:31:31,258][TRACE][org.elasticsearch.cluster.routing.allocation] [node_s0] [test][0] marked shard as started (routing: [test][0], node[EGjnhDhvS4u-GyQrwUS02g], [P], v[1], s[INITIALIZING], a[id=huZwLolUR26i-ms36qRIMA], unassigned_info[[reason=INDEX_CREATED], at[2016-03-29T21:31:31.233Z]])
[2016-03-29 17:31:31,258][TRACE][org.elasticsearch.tasks  ] [node_s1] unregister task for id: 313
[2016-03-29 17:31:31,258][TRACE][org.elasticsearch.cluster.routing.allocation.decider] [node_s0] usage without relocations: [EGjnhDhvS4u-GyQrwUS02g][node_s0][/Users/ogbonnayacngwu/CSE2410_spring2016_projectileDysfunction/core/build/testrun/integTest/J2/temp/org.elasticsearch.indices.settings.UpdateSettingsIT_4AA6DECDBC490785-001/tempDir-001/data/SUITE-CHILD_VM=[2]-CLUSTER_SEED=[-3388738352840537058]-HASH=[14406DDF90606DF0]-cluster/nodes/0] free: 236.4gb[63.7%]
[2016-03-29 17:31:31,258][TRACE][org.elasticsearch.tasks  ] [node_s1] unregister task for id: 312
[2016-03-29 17:31:31,258][TRACE][org.elasticsearch.cluster.routing.allocation.decider] [node_s0] usage with relocations: [0 bytes] [EGjnhDhvS4u-GyQrwUS02g][node_s0][/Users/ogbonnayacngwu/CSE2410_spring2016_projectileDysfunction/core/build/testrun/integTest/J2/temp/org.elasticsearch.indices.settings.UpdateSettingsIT_4AA6DECDBC490785-001/tempDir-001/data/SUITE-CHILD_VM=[2]-CLUSTER_SEED=[-3388738352840537058]-HASH=[14406DDF90606DF0]-cluster/nodes/0] free: 236.4gb[63.7%]
[2016-03-29 17:31:31,258][TRACE][org.elasticsearch.test.transport.tracer] [node_s1] [40][indices:admin/settings/update] sent response
[2016-03-29 17:31:31,258][TRACE][org.elasticsearch.cluster.routing.allocation.decider] [node_s0] node [EGjnhDhvS4u-GyQrwUS02g] has 63.742086973862534% free disk (253914099712 bytes)
[2016-03-29 17:31:31,258][TRACE][org.elasticsearch.cluster.routing.allocation.allocator] [node_s0] Start assigning unassigned shards
[2016-03-29 17:31:31,258][TRACE][org.elasticsearch.cluster.routing.allocation.allocator] [node_s0] Start distributing Shards
[2016-03-29 17:31:31,258][TRACE][org.elasticsearch.transport.tracer] [transport_client_node_s1] [40][indices:admin/settings/update] received response from [{node_s1}{60QseAzmQE6Q-9luecySpQ}{local}{local[418]}[mode=>local]]
[2016-03-29 17:31:31,258][TRACE][org.elasticsearch.cluster.routing.allocation.allocator] [node_s0] Assigned shard [[test][0], node[EGjnhDhvS4u-GyQrwUS02g], [P], v[2], s[STARTED], a[id=huZwLolUR26i-ms36qRIMA]] to node [EGjnhDhvS4u-GyQrwUS02g]
[2016-03-29 17:31:31,258][TRACE][org.elasticsearch.cluster.routing.allocation.allocator] [node_s0] Start allocating unassigned shards
[2016-03-29 17:31:31,258][TRACE][org.elasticsearch.tasks  ] [node_s2] register 272 [transport] [indices:monitor/settings/get] [org.elasticsearch.action.admin.indices.settings.get.GetSettingsRequest@17d2d6d6]
[2016-03-29 17:31:31,258][TRACE][org.elasticsearch.test.transport.tracer] [node_s2] [198][indices:monitor/settings/get] sent to [{node_s0}{EGjnhDhvS4u-GyQrwUS02g}{local}{local[417]}[mode=>local]] (timeout: [null])
[2016-03-29 17:31:31,258][TRACE][org.elasticsearch.cluster.routing.allocation.allocator] [node_s0] Stop balancing index [test]  min_node [EGjnhDhvS4u-GyQrwUS02g] weight: [0.5]  max_node [60QseAzmQE6Q-9luecySpQ] weight: [-0.5]  delta: [1.0]
[2016-03-29 17:31:31,258][TRACE][org.elasticsearch.test.transport.tracer] [node_s0] [198][indices:monitor/settings/get] received request
[2016-03-29 17:31:31,258][TRACE][org.elasticsearch.tasks  ] [node_s0] register 1452 [local] [indices:monitor/settings/get] [org.elasticsearch.action.admin.indices.settings.get.GetSettingsRequest@2146a30a]
[2016-03-29 17:31:31,259][TRACE][org.elasticsearch.tasks  ] [node_s0] register 1453 [transport] [indices:monitor/settings/get] [org.elasticsearch.action.admin.indices.settings.get.GetSettingsRequest@2146a30a]
[2016-03-29 17:31:31,259][TRACE][org.elasticsearch.tasks  ] [node_s0] unregister task for id: 1453
[2016-03-29 17:31:31,259][TRACE][org.elasticsearch.tasks  ] [node_s0] unregister task for id: 1452
[2016-03-29 17:31:31,259][INFO ][org.elasticsearch.cluster.routing.allocation] [node_s0] Cluster health status changed from [RED] to [GREEN] (reason: [shards started [[test][0]] ...]).
[2016-03-29 17:31:31,259][TRACE][org.elasticsearch.test.transport.tracer] [node_s0] [198][indices:monitor/settings/get] sent response
[2016-03-29 17:31:31,259][TRACE][org.elasticsearch.test.transport.tracer] [node_s2] [198][indices:monitor/settings/get] received response from [{node_s0}{EGjnhDhvS4u-GyQrwUS02g}{local}{local[417]}[mode=>local]]
[2016-03-29 17:31:31,259][TRACE][org.elasticsearch.cluster.service] [node_s0] cluster state updated, source [shard-started ([test][0], node[EGjnhDhvS4u-GyQrwUS02g], [P], v[1], s[INITIALIZING], a[id=huZwLolUR26i-ms36qRIMA], unassigned_info[[reason=INDEX_CREATED], at[2016-03-29T21:31:31.233Z]]), reason [after recovery from store]]
version: 78
state uuid: gDM8z4ccQROshVKYv4yOqA
from_diff: false
meta data version: 75
nodes: 
   {node_s0}{EGjnhDhvS4u-GyQrwUS02g}{local}{local[417]}[mode=>local], local, master
   {node_s2}{rDZn5I6bRA6RJcSLImjxjg}{local}{local[419]}[data=>false, client=>true, mode=>local]
   {node_s1}{60QseAzmQE6Q-9luecySpQ}{local}{local[418]}[mode=>local]
routing_table (version 51):
-- index [test]
----shard_id [test][0]
--------[test][0], node[EGjnhDhvS4u-GyQrwUS02g], [P], v[2], s[STARTED], a[id=huZwLolUR26i-ms36qRIMA]

routing_nodes:
-----node_id[EGjnhDhvS4u-GyQrwUS02g][V]
--------[test][0], node[EGjnhDhvS4u-GyQrwUS02g], [P], v[2], s[STARTED], a[id=huZwLolUR26i-ms36qRIMA]
-----node_id[60QseAzmQE6Q-9luecySpQ][V]
---- unassigned

[2016-03-29 17:31:31,259][TRACE][org.elasticsearch.tasks  ] [node_s2] unregister task for id: 272
[2016-03-29 17:31:31,259][DEBUG][org.elasticsearch.cluster.service] [node_s0] publishing cluster state version [78]
]]></system-out>
   <system-err><![CDATA[]]></system-err>
</testsuite>