<testsuite errors="0" failures="0" tests="35" skipped="0" name="org.elasticsearch.snapshots.SharedClusterSnapshotRestoreIT" hostname="nohost.nodomain" time="129.755" timestamp="2016-04-18T03:05:03">
   <properties class="java.util.ArrayList">
      <property name="awt.toolkit" value="sun.lwawt.macosx.LWCToolkit"/>
      <property name="es.logger.level" value="WARN"/>
      <property name="file.encoding" value="UTF-8"/>
      <property name="file.encoding.pkg" value="sun.io"/>
      <property name="file.separator" value="/"/>
      <property name="ftp.nonProxyHosts" value="local|*.local|169.254/16|*.169.254/16"/>
      <property name="gopherProxySet" value="false"/>
      <property name="http.nonProxyHosts" value="local|*.local|169.254/16|*.169.254/16"/>
      <property name="java.awt.graphicsenv" value="sun.awt.CGraphicsEnvironment"/>
      <property name="java.awt.headless" value="true"/>
      <property name="java.awt.printerjob" value="sun.lwawt.macosx.CPrinterJob"/>
      <property name="java.class.path" value="/Users/lwiskowski/CSE2410_spring2016_projectileDysfunction/core/build/classes/test:/Users/lwiskowski/CSE2410_spring2016_projectileDysfunction/core/build/resources/test:/Users/lwiskowski/CSE2410_spring2016_projectileDysfunction/core/build/classes/main:/Users/lwiskowski/CSE2410_spring2016_projectileDysfunction/core/build/resources/main:/Users/lwiskowski/.gradle/caches/modules-2/files-2.1/org.apache.lucene/lucene-core/5.5.0-snapshot-1721183/f6854c65c7f4c6d9de583f4daa4fd3ae8a3800f1/lucene-core-5.5.0-snapshot-1721183.jar:/Users/lwiskowski/.gradle/caches/modules-2/files-2.1/org.apache.lucene/lucene-analyzers-common/5.5.0-snapshot-1721183/69e187ef1d2d9c9570363eb4186821e0341df5b8/lucene-analyzers-common-5.5.0-snapshot-1721183.jar:/Users/lwiskowski/.gradle/caches/modules-2/files-2.1/org.apache.lucene/lucene-backward-codecs/5.5.0-snapshot-1721183/fa00a45ff9bc6a4df44db81f2e4e44ea94bf88e/lucene-backward-codecs-5.5.0-snapshot-1721183.jar:/Users/lwiskowski/.gradle/caches/modules-2/files-2.1/org.apache.lucene/lucene-grouping/5.5.0-snapshot-1721183/e996e6c723eb415ba2cfa7f5e98bbf194a4918dd/lucene-grouping-5.5.0-snapshot-1721183.jar:/Users/lwiskowski/.gradle/caches/modules-2/files-2.1/org.apache.lucene/lucene-highlighter/5.5.0-snapshot-1721183/3b7a5d97b10885f16eb53deb15d64c942b9f9fdb/lucene-highlighter-5.5.0-snapshot-1721183.jar:/Users/lwiskowski/.gradle/caches/modules-2/files-2.1/org.apache.lucene/lucene-join/5.5.0-snapshot-1721183/e4dda3eeb76e340aa4713a3b20d68c4a1504e505/lucene-join-5.5.0-snapshot-1721183.jar:/Users/lwiskowski/.gradle/caches/modules-2/files-2.1/org.apache.lucene/lucene-memory/5.5.0-snapshot-1721183/800442a5d7612ce4c8748831871b4d436a50554e/lucene-memory-5.5.0-snapshot-1721183.jar:/Users/lwiskowski/.gradle/caches/modules-2/files-2.1/org.apache.lucene/lucene-misc/5.5.0-snapshot-1721183/bdf184de9b5773c7af3ae908af78eeb1e512470c/lucene-misc-5.5.0-snapshot-1721183.jar:/Users/lwiskowski/.gradle/caches/modules-2/files-2.1/org.apache.lucene/lucene-queries/5.5.0-snapshot-1721183/fc59de52bd2c7e420edfd235723cb8b0dd44e92d/lucene-queries-5.5.0-snapshot-1721183.jar:/Users/lwiskowski/.gradle/caches/modules-2/files-2.1/org.apache.lucene/lucene-queryparser/5.5.0-snapshot-1721183/1d341e6a4f11f3170773ccffdbe6815b45967e3d/lucene-queryparser-5.5.0-snapshot-1721183.jar:/Users/lwiskowski/.gradle/caches/modules-2/files-2.1/org.apache.lucene/lucene-sandbox/5.5.0-snapshot-1721183/a1b02c2b595ac92f45f0d2be03841a3a7fcae1f1/lucene-sandbox-5.5.0-snapshot-1721183.jar:/Users/lwiskowski/.gradle/caches/modules-2/files-2.1/org.apache.lucene/lucene-spatial/5.5.0-snapshot-1721183/e3ea422b56734329fb6974e9cf9f66478adb5793/lucene-spatial-5.5.0-snapshot-1721183.jar:/Users/lwiskowski/.gradle/caches/modules-2/files-2.1/org.apache.lucene/lucene-spatial3d/5.5.0-snapshot-1721183/5eadbd4e63120b59ab6445e39489205f98420471/lucene-spatial3d-5.5.0-snapshot-1721183.jar:/Users/lwiskowski/.gradle/caches/modules-2/files-2.1/org.apache.lucene/lucene-suggest/5.5.0-snapshot-1721183/a336287e65d082535f02a8427666dbe46b1b9b74/lucene-suggest-5.5.0-snapshot-1721183.jar:/Users/lwiskowski/.gradle/caches/modules-2/files-2.1/org.elasticsearch/securesm/1.0/c0c6cf986ba0057390bfcc80c366a0e3157f944b/securesm-1.0.jar:/Users/lwiskowski/.gradle/caches/modules-2/files-2.1/commons-cli/commons-cli/1.3.1/1303efbc4b181e5a58bf2e967dc156a3132b97c0/commons-cli-1.3.1.jar:/Users/lwiskowski/.gradle/caches/modules-2/files-2.1/com.carrotsearch/hppc/0.7.1/8b5057f74ea378c0150a1860874a3ebdcb713767/hppc-0.7.1.jar:/Users/lwiskowski/.gradle/caches/modules-2/files-2.1/joda-time/joda-time/2.8.2/d27c24204c5e507b16fec01006b3d0f1ec42aed4/joda-time-2.8.2.jar:/Users/lwiskowski/.gradle/caches/modules-2/files-2.1/org.joda/joda-convert/1.2/35ec554f0cd00c956cc69051514d9488b1374dec/joda-convert-1.2.jar:/Users/lwiskowski/.gradle/caches/modules-2/files-2.1/com.fasterxml.jackson.core/jackson-core/2.6.2/123f29333b2c6b3516b14252b6e93226bfcd6e37/jackson-core-2.6.2.jar:/Users/lwiskowski/.gradle/caches/modules-2/files-2.1/com.fasterxml.jackson.dataformat/jackson-dataformat-smile/2.6.2/395d18c1a1dd730b8026ee59c4067e5d2b45ba6e/jackson-dataformat-smile-2.6.2.jar:/Users/lwiskowski/.gradle/caches/modules-2/files-2.1/com.fasterxml.jackson.dataformat/jackson-dataformat-yaml/2.6.2/4ae23088dd3fae47c66843f2e4251d7255ee140e/jackson-dataformat-yaml-2.6.2.jar:/Users/lwiskowski/.gradle/caches/modules-2/files-2.1/com.fasterxml.jackson.dataformat/jackson-dataformat-cbor/2.6.2/1e13c575f914c83761bb8e2aca7dfd9e4c647579/jackson-dataformat-cbor-2.6.2.jar:/Users/lwiskowski/.gradle/caches/modules-2/files-2.1/io.netty/netty/3.10.5.Final/9ca7d55d246092bddd29b867706e2f6c7db701a0/netty-3.10.5.Final.jar:/Users/lwiskowski/.gradle/caches/modules-2/files-2.1/com.tdunning/t-digest/3.0/84ccf145ac2215e6bfa63baa3101c0af41017cfc/t-digest-3.0.jar:/Users/lwiskowski/.gradle/caches/modules-2/files-2.1/org.hdrhistogram/HdrHistogram/2.1.6/7495feb7f71ee124bd2a7e7d83590e296d71d80e/HdrHistogram-2.1.6.jar:/Users/lwiskowski/.gradle/caches/modules-2/files-2.1/com.spatial4j/spatial4j/0.5/6e16edaf6b1ba76db7f08c2f3723fce3b358ecc3/spatial4j-0.5.jar:/Users/lwiskowski/.gradle/caches/modules-2/files-2.1/com.vividsolutions/jts/1.13/3ccfb9b60f04d71add996a666ceb8902904fd805/jts-1.13.jar:/Users/lwiskowski/.gradle/caches/modules-2/files-2.1/log4j/log4j/1.2.17/5af35056b4d257e4b64b9e8069c0746e8b08629f/log4j-1.2.17.jar:/Users/lwiskowski/.gradle/caches/modules-2/files-2.1/log4j/apache-log4j-extras/1.2.17/85863614d82185d7e51fe21c00aa9117a523a8b6/apache-log4j-extras-1.2.17.jar:/Users/lwiskowski/.gradle/caches/modules-2/files-2.1/org.slf4j/slf4j-api/1.6.2/8619e95939167fb37245b5670135e4feb0ec7d50/slf4j-api-1.6.2.jar:/Users/lwiskowski/.gradle/caches/modules-2/files-2.1/net.java.dev.jna/jna/4.1.0/1c12d070e602efd8021891cdd7fd18bc129372d4/jna-4.1.0.jar:/Users/lwiskowski/CSE2410_spring2016_projectileDysfunction/test/framework/build/libs/framework-3.0.0-SNAPSHOT.jar:/Users/lwiskowski/.gradle/caches/modules-2/files-2.1/com.carrotsearch.randomizedtesting/randomizedtesting-runner/2.3.2/307965917fe8a22b7ee72deba39ef4b8e6ebc069/randomizedtesting-runner-2.3.2.jar:/Users/lwiskowski/.gradle/caches/modules-2/files-2.1/junit/junit/4.11/4e031bb61df09069aeb2bffb4019e7a5034a4ee0/junit-4.11.jar:/Users/lwiskowski/.gradle/caches/modules-2/files-2.1/org.hamcrest/hamcrest-all/1.3/63a21ebc981131004ad02e0434e799fd7f3a8d5a/hamcrest-all-1.3.jar:/Users/lwiskowski/.gradle/caches/modules-2/files-2.1/org.apache.lucene/lucene-test-framework/5.5.0-snapshot-1721183/a8d851d0ad82182b3a02f4b30c336e7aa0e173cb/lucene-test-framework-5.5.0-snapshot-1721183.jar:/Users/lwiskowski/.gradle/caches/modules-2/files-2.1/org.apache.lucene/lucene-codecs/5.5.0-snapshot-1721183/8aa59442b028c7a2c1a516accb6142a8910ba5fc/lucene-codecs-5.5.0-snapshot-1721183.jar:/Users/lwiskowski/.gradle/caches/modules-2/files-2.1/org.apache.httpcomponents/httpclient/4.3.6/4c47155e3e6c9a41a28db36680b828ced53b8af4/httpclient-4.3.6.jar:/Users/lwiskowski/.gradle/caches/modules-2/files-2.1/org.apache.httpcomponents/httpcore/4.3.3/f91b7a4aadc5cf486df6e4634748d7dd7a73f06d/httpcore-4.3.3.jar:/Users/lwiskowski/.gradle/caches/modules-2/files-2.1/commons-logging/commons-logging/1.1.3/f6f66e966c70a83ffbdb6f17a0919eaf7c8aca7f/commons-logging-1.1.3.jar:/Users/lwiskowski/.gradle/caches/modules-2/files-2.1/commons-codec/commons-codec/1.10/4b95f4897fa13f2cd904aee711aeafc0c5295cd8/commons-codec-1.10.jar:/Users/lwiskowski/.gradle/caches/modules-2/files-2.1/org.elasticsearch/securemock/1.2/98201d4ad5ac93f6b415ae9172d52b5e7cda490e/securemock-1.2.jar:/Users/lwiskowski/.gradle/caches/modules-2/files-2.1/com.carrotsearch.randomizedtesting/junit4-ant/2.3.2/dc8f03f6111974092491f35b8269eb0fc57f52f7/junit4-ant-2.3.2.jar"/>
      <property name="java.class.version" value="52.0"/>
      <property name="java.endorsed.dirs" value="/Library/Java/JavaVirtualMachines/jdk1.8.0_71.jdk/Contents/Home/jre/lib/endorsed"/>
      <property name="java.ext.dirs" value="/Users/lwiskowski/Library/Java/Extensions:/Library/Java/JavaVirtualMachines/jdk1.8.0_71.jdk/Contents/Home/jre/lib/ext:/Library/Java/Extensions:/Network/Library/Java/Extensions:/System/Library/Java/Extensions:/usr/lib/java"/>
      <property name="java.home" value="/Library/Java/JavaVirtualMachines/jdk1.8.0_71.jdk/Contents/Home/jre"/>
      <property name="java.io.tmpdir" value="./temp"/>
      <property name="java.library.path" value="/Users/lwiskowski/Library/Java/Extensions:/Library/Java/Extensions:/Network/Library/Java/Extensions:/System/Library/Java/Extensions:/usr/lib/java:."/>
      <property name="java.runtime.name" value="Java(TM) SE Runtime Environment"/>
      <property name="java.runtime.version" value="1.8.0_71-b15"/>
      <property name="java.specification.name" value="Java Platform API Specification"/>
      <property name="java.specification.vendor" value="Oracle Corporation"/>
      <property name="java.specification.version" value="1.8"/>
      <property name="java.vendor" value="Oracle Corporation"/>
      <property name="java.vendor.url" value="http://java.oracle.com/"/>
      <property name="java.vendor.url.bug" value="http://bugreport.sun.com/bugreport/"/>
      <property name="java.version" value="1.8.0_71"/>
      <property name="java.vm.info" value="mixed mode"/>
      <property name="java.vm.name" value="Java HotSpot(TM) 64-Bit Server VM"/>
      <property name="java.vm.specification.name" value="Java Virtual Machine Specification"/>
      <property name="java.vm.specification.vendor" value="Oracle Corporation"/>
      <property name="java.vm.specification.version" value="1.8"/>
      <property name="java.vm.vendor" value="Oracle Corporation"/>
      <property name="java.vm.version" value="25.71-b15"/>
      <property name="junit4.childvm.count" value="4"/>
      <property name="junit4.childvm.cwd" value="/Users/lwiskowski/CSE2410_spring2016_projectileDysfunction/core/build/testrun/integTest/J1"/>
      <property name="junit4.childvm.id" value="1"/>
      <property name="junit4.memory.total" value="514850816"/>
      <property name="junit4.pidString" value="3682@host238-95.aruba.fit.edu"/>
      <property name="junit4.processors" value="8"/>
      <property name="line.separator" value="
"/>
      <property name="os.arch" value="x86_64"/>
      <property name="os.name" value="Mac OS X"/>
      <property name="os.version" value="10.11.4"/>
      <property name="path.separator" value=":"/>
      <property name="socksNonProxyHosts" value="local|*.local|169.254/16|*.169.254/16"/>
      <property name="sun.arch.data.model" value="64"/>
      <property name="sun.boot.class.path" value="/Library/Java/JavaVirtualMachines/jdk1.8.0_71.jdk/Contents/Home/jre/lib/resources.jar:/Library/Java/JavaVirtualMachines/jdk1.8.0_71.jdk/Contents/Home/jre/lib/rt.jar:/Library/Java/JavaVirtualMachines/jdk1.8.0_71.jdk/Contents/Home/jre/lib/sunrsasign.jar:/Library/Java/JavaVirtualMachines/jdk1.8.0_71.jdk/Contents/Home/jre/lib/jsse.jar:/Library/Java/JavaVirtualMachines/jdk1.8.0_71.jdk/Contents/Home/jre/lib/jce.jar:/Library/Java/JavaVirtualMachines/jdk1.8.0_71.jdk/Contents/Home/jre/lib/charsets.jar:/Library/Java/JavaVirtualMachines/jdk1.8.0_71.jdk/Contents/Home/jre/lib/jfr.jar:/Library/Java/JavaVirtualMachines/jdk1.8.0_71.jdk/Contents/Home/jre/classes"/>
      <property name="sun.boot.library.path" value="/Library/Java/JavaVirtualMachines/jdk1.8.0_71.jdk/Contents/Home/jre/lib"/>
      <property name="sun.cpu.endian" value="little"/>
      <property name="sun.cpu.isalist" value=""/>
      <property name="sun.io.unicode.encoding" value="UnicodeBig"/>
      <property name="sun.java.command" value="com.carrotsearch.ant.tasks.junit4.slave.SlaveMainSafe -eventsfile /Users/lwiskowski/CSE2410_spring2016_projectileDysfunction/core/build/testrun/integTest/temp/junit4-J1-20160418_030118_670.events @/Users/lwiskowski/CSE2410_spring2016_projectileDysfunction/core/build/testrun/integTest/temp/junit4-J1-20160418_030118_670.suites -stdin"/>
      <property name="sun.java.launcher" value="SUN_STANDARD"/>
      <property name="sun.jnu.encoding" value="UTF-8"/>
      <property name="sun.management.compiler" value="HotSpot 64-Bit Tiered Compilers"/>
      <property name="sun.os.patch.level" value="unknown"/>
      <property name="tests.artifact" value="core"/>
      <property name="tests.ifNoTests" value="fail"/>
      <property name="tests.maven" value="true"/>
      <property name="tests.prefix" value="tests"/>
      <property name="tests.security.manager" value="true"/>
      <property name="tests.seed" value="AF876320E2D19F69"/>
      <property name="tests.task" value=":core:integTest"/>
      <property name="user.country" value="US"/>
      <property name="user.dir" value="/Users/lwiskowski/CSE2410_spring2016_projectileDysfunction/core/build/testrun/integTest/J1"/>
      <property name="user.home" value="/Users/lwiskowski"/>
      <property name="user.language" value="en"/>
      <property name="user.name" value="lwiskowski"/>
      <property name="user.timezone" value=""/>
   </properties>
   <testcase classname="org.elasticsearch.snapshots.SharedClusterSnapshotRestoreIT" name="testBatchingShardUpdateTask" time="0.4"/>
   <testcase classname="org.elasticsearch.snapshots.SharedClusterSnapshotRestoreIT" name="testSnapshotStatus" time="0.727"/>
   <testcase classname="org.elasticsearch.snapshots.SharedClusterSnapshotRestoreIT" name="testDataFileFailureDuringSnapshot" time="0.404"/>
   <testcase classname="org.elasticsearch.snapshots.SharedClusterSnapshotRestoreIT" name="testUrlRepository" time="0.497"/>
   <testcase classname="org.elasticsearch.snapshots.SharedClusterSnapshotRestoreIT" name="testSingleGetAfterRestore" time="0.205"/>
   <testcase classname="org.elasticsearch.snapshots.SharedClusterSnapshotRestoreIT" name="testRestoreWithDifferentMappingsAndSettings" time="0.511"/>
   <testcase classname="org.elasticsearch.snapshots.SharedClusterSnapshotRestoreIT" name="testSnapshotName" time="0.047"/>
   <testcase classname="org.elasticsearch.snapshots.SharedClusterSnapshotRestoreIT" name="testSnapshotMoreThanOnce" time="0.259"/>
   <testcase classname="org.elasticsearch.snapshots.SharedClusterSnapshotRestoreIT" name="testDeleteSnapshot" time="5.418"/>
   <testcase classname="org.elasticsearch.snapshots.SharedClusterSnapshotRestoreIT" name="testRenameOnRestore" time="1.076"/>
   <testcase classname="org.elasticsearch.snapshots.SharedClusterSnapshotRestoreIT" name="testSnapshotClosedIndex" time="0.144"/>
   <testcase classname="org.elasticsearch.snapshots.SharedClusterSnapshotRestoreIT" name="testRestoreTemplates" time="0.063"/>
   <testcase classname="org.elasticsearch.snapshots.SharedClusterSnapshotRestoreIT" name="testListCorruptedSnapshot" time="0.415"/>
   <testcase classname="org.elasticsearch.snapshots.SharedClusterSnapshotRestoreIT" name="testDeleteRepositoryWhileSnapshotting" time="0.798"/>
   <testcase classname="org.elasticsearch.snapshots.SharedClusterSnapshotRestoreIT" name="testRecreateBlocksOnRestore" time="0.309"/>
   <testcase classname="org.elasticsearch.snapshots.SharedClusterSnapshotRestoreIT" name="testDeleteSnapshotWithMissingIndexAndShardMetadata" time="0.41"/>
   <testcase classname="org.elasticsearch.snapshots.SharedClusterSnapshotRestoreIT" name="testDeleteSnapshotWithMissingMetadata" time="0.268"/>
   <testcase classname="org.elasticsearch.snapshots.SharedClusterSnapshotRestoreIT" name="testMoveShardWhileSnapshotting" time="0.979"/>
   <testcase classname="org.elasticsearch.snapshots.SharedClusterSnapshotRestoreIT" name="testSnapshotRelocatingPrimary" time="0.645"/>
   <testcase classname="org.elasticsearch.snapshots.SharedClusterSnapshotRestoreIT" name="testDataFileFailureDuringRestore" time="0.328"/>
   <testcase classname="org.elasticsearch.snapshots.SharedClusterSnapshotRestoreIT" name="testBasicWorkFlow" time="1.216"/>
   <testcase classname="org.elasticsearch.snapshots.SharedClusterSnapshotRestoreIT" name="testRestoreAliases" time="0.507"/>
   <testcase classname="org.elasticsearch.snapshots.SharedClusterSnapshotRestoreIT" name="testReadonlyRepository" time="0.331"/>
   <testcase classname="org.elasticsearch.snapshots.SharedClusterSnapshotRestoreIT" name="testEmptySnapshot" time="0.04"/>
   <testcase classname="org.elasticsearch.snapshots.SharedClusterSnapshotRestoreIT" name="testUnallocatedShards" time="0.1"/>
   <testcase classname="org.elasticsearch.snapshots.SharedClusterSnapshotRestoreIT" name="testSnapshotFileFailureDuringSnapshot" time="0.144"/>
   <testcase classname="org.elasticsearch.snapshots.SharedClusterSnapshotRestoreIT" name="testSnapshotSingleClosedIndex" time="0.129"/>
   <testcase classname="org.elasticsearch.snapshots.SharedClusterSnapshotRestoreIT" name="testDeleteOrphanSnapshot" time="0.174"/>
   <testcase classname="org.elasticsearch.snapshots.SharedClusterSnapshotRestoreIT" name="testFreshIndexUUID" time="0.488"/>
   <testcase classname="org.elasticsearch.snapshots.SharedClusterSnapshotRestoreIT" name="testThrottling" time="110.689"/>
   <testcase classname="org.elasticsearch.snapshots.SharedClusterSnapshotRestoreIT" name="testIncludeGlobalState" time="0.258"/>
   <testcase classname="org.elasticsearch.snapshots.SharedClusterSnapshotRestoreIT" name="testDeletionOfFailingToRecoverIndexShouldStopRestore" time="0.292"/>
   <testcase classname="org.elasticsearch.snapshots.SharedClusterSnapshotRestoreIT" name="testChangeSettingsOnRestore" time="0.512"/>
   <testcase classname="org.elasticsearch.snapshots.SharedClusterSnapshotRestoreIT" name="testDeleteSnapshotWithCorruptedSnapshotFile" time="0.243"/>
   <testcase classname="org.elasticsearch.snapshots.SharedClusterSnapshotRestoreIT" name="testDeleteIndexDuringSnapshot" time="0.428"/>
   <system-out><![CDATA[[2016-04-18 03:05:03,133][DEBUG][org.elasticsearch.cluster.routing.allocation.decider] [node_s0] using node_concurrent_outgoing_recoveries [2], node_concurrent_incoming_recoveries [3], node_initial_primaries_recoveries [4]
[2016-04-18 03:05:03,133][DEBUG][org.elasticsearch.cluster.routing.allocation.decider] [node_s0] using [cluster_concurrent_rebalance] with [2]
[2016-04-18 03:05:03,133][DEBUG][org.elasticsearch.cluster.routing.allocation.decider] [node_s0] using [{
  "key" : "cluster.routing.allocation.allow_rebalance",
  "type" : "CLUSTER",
  "dynamic" : true,
  "is_group_setting" : false,
  "default" : "indices_all_active"
}] with [indices_all_active]
[2016-04-18 03:05:03,141][DEBUG][org.elasticsearch.cluster.service] [node_s0] processing [local-disco-initial_connect(master)]: execute
[2016-04-18 03:05:03,141][DEBUG][org.elasticsearch.cluster.service] [node_s0] cluster state updated, version [1], source [local-disco-initial_connect(master)]
[2016-04-18 03:05:03,142][INFO ][org.elasticsearch.cluster.service] [node_s0] new_master {node_s0}{lj75BjuZSd2o_TVaj677gw}{local}{local[285]}[mode=>local], reason: local-disco-initial_connect(master)
[2016-04-18 03:05:03,142][DEBUG][org.elasticsearch.cluster.service] [node_s0] publishing cluster state version [1]
[2016-04-18 03:05:03,142][DEBUG][org.elasticsearch.cluster.service] [node_s0] set local cluster state to version 1
[2016-04-18 03:05:03,142][DEBUG][org.elasticsearch.cluster.service] [node_s0] processing [local-disco-initial_connect(master)]: took 0s done applying updated cluster_state (version: 1, uuid: lX5rg63YRCSb_qFr3g92mw)
[2016-04-18 03:05:03,142][DEBUG][org.elasticsearch.cluster.service] [node_s0] processing [gateway_initial_state_recovery]: execute
[2016-04-18 03:05:03,142][DEBUG][org.elasticsearch.cluster.service] [node_s0] processing [gateway_initial_state_recovery]: took 0s no change in cluster_state
[2016-04-18 03:05:03,143][DEBUG][org.elasticsearch.cluster.service] [node_s0] processing [local-gateway-elected-state]: execute
[2016-04-18 03:05:03,143][DEBUG][org.elasticsearch.cluster.service] [node_s0] cluster state updated, version [2], source [local-gateway-elected-state]
[2016-04-18 03:05:03,143][DEBUG][org.elasticsearch.cluster.service] [node_s0] publishing cluster state version [2]
[2016-04-18 03:05:03,143][DEBUG][org.elasticsearch.cluster.service] [node_s0] set local cluster state to version 2
[2016-04-18 03:05:03,144][DEBUG][org.elasticsearch.cluster.service] [node_s0] processing [local-gateway-elected-state]: took 1ms done applying updated cluster_state (version: 2, uuid: r5XLN59LT1yOU9C3TqRiGA)
[2016-04-18 03:05:03,181][DEBUG][org.elasticsearch.cluster.routing.allocation.decider] [node_s1] using node_concurrent_outgoing_recoveries [2], node_concurrent_incoming_recoveries [3], node_initial_primaries_recoveries [4]
[2016-04-18 03:05:03,181][DEBUG][org.elasticsearch.cluster.routing.allocation.decider] [node_s1] using [cluster_concurrent_rebalance] with [2]
[2016-04-18 03:05:03,181][DEBUG][org.elasticsearch.cluster.routing.allocation.decider] [node_s1] using [{
  "key" : "cluster.routing.allocation.allow_rebalance",
  "type" : "CLUSTER",
  "dynamic" : true,
  "is_group_setting" : false,
  "default" : "indices_all_active"
}] with [indices_all_active]
[2016-04-18 03:05:03,188][DEBUG][org.elasticsearch.cluster.service] [node_s1] processing [local-disco(detected_master)]: execute
[2016-04-18 03:05:03,188][DEBUG][org.elasticsearch.cluster.service] [node_s0] processing [local-disco-receive(from node[{node_s1}{kvvj4_WPRBuQOdgInPNLFg}{local}{local[286]}[mode=>local, data=>false, client=>true]])]: execute
[2016-04-18 03:05:03,188][DEBUG][org.elasticsearch.cluster.service] [node_s1] cluster state updated, version [0], source [local-disco(detected_master)]
[2016-04-18 03:05:03,188][DEBUG][org.elasticsearch.cluster.service] [node_s0] cluster state updated, version [3], source [local-disco-receive(from node[{node_s1}{kvvj4_WPRBuQOdgInPNLFg}{local}{local[286]}[mode=>local, data=>false, client=>true]])]
[2016-04-18 03:05:03,188][DEBUG][org.elasticsearch.cluster.service] [node_s1] set local cluster state to version 0
[2016-04-18 03:05:03,188][INFO ][org.elasticsearch.cluster.service] [node_s0] added {{node_s1}{kvvj4_WPRBuQOdgInPNLFg}{local}{local[286]}[mode=>local, data=>false, client=>true],}, reason: local-disco-receive(from node[{node_s1}{kvvj4_WPRBuQOdgInPNLFg}{local}{local[286]}[mode=>local, data=>false, client=>true]])
[2016-04-18 03:05:03,188][DEBUG][org.elasticsearch.cluster.service] [node_s1] processing [local-disco(detected_master)]: took 0s done applying updated cluster_state (version: 0, uuid: _HvAh6QURtC_dKQ86z3s9g)
[2016-04-18 03:05:03,188][DEBUG][org.elasticsearch.cluster.service] [node_s0] publishing cluster state version [3]
[2016-04-18 03:05:03,188][DEBUG][org.elasticsearch.cluster.service] [node_s1] processing [local-disco-receive(from master)]: execute
[2016-04-18 03:05:03,188][DEBUG][org.elasticsearch.cluster.service] [node_s1] cluster state updated, version [3], source [local-disco-receive(from master)]
[2016-04-18 03:05:03,188][INFO ][org.elasticsearch.cluster.service] [node_s1] detected_master {node_s0}{lj75BjuZSd2o_TVaj677gw}{local}{local[285]}[mode=>local], added {{node_s0}{lj75BjuZSd2o_TVaj677gw}{local}{local[285]}[mode=>local],}, reason: local-disco-receive(from master)
[2016-04-18 03:05:03,189][DEBUG][org.elasticsearch.cluster.service] [node_s1] set local cluster state to version 3
[2016-04-18 03:05:03,189][DEBUG][org.elasticsearch.cluster.service] [node_s1] processing [local-disco-receive(from master)]: took 0s done applying updated cluster_state (version: 3, uuid: B7g4K9NHRUSlV3YRXKDBKA)
[2016-04-18 03:05:03,189][DEBUG][org.elasticsearch.cluster.service] [node_s0] set local cluster state to version 3
[2016-04-18 03:05:03,189][DEBUG][org.elasticsearch.cluster.service] [node_s0] processing [local-disco-receive(from node[{node_s1}{kvvj4_WPRBuQOdgInPNLFg}{local}{local[286]}[mode=>local, data=>false, client=>true]])]: took 0s done applying updated cluster_state (version: 3, uuid: B7g4K9NHRUSlV3YRXKDBKA)
[2016-04-18 03:05:03,189][DEBUG][org.elasticsearch.cluster.service] [node_s0] processing [cluster_reroute(post_node_add)]: execute
[2016-04-18 03:05:03,189][DEBUG][org.elasticsearch.cluster.service] [node_s0] processing [cluster_reroute(post_node_add)]: took 0s no change in cluster_state
[2016-04-18 03:05:03,189][DEBUG][org.elasticsearch.cluster.service] [node_s1] processing [gateway_initial_state_recovery]: execute
[2016-04-18 03:05:03,189][DEBUG][org.elasticsearch.cluster.service] [node_s1] processing [gateway_initial_state_recovery]: took 0s no change in cluster_state
[2016-04-18 03:05:03,201][DEBUG][org.elasticsearch.cluster.service] [node_s0] processing [delete_repository [*]]: execute
[2016-04-18 03:05:03,201][DEBUG][org.elasticsearch.cluster.service] [node_s0] processing [delete_repository [*]]: took 0s no change in cluster_state
[2016-04-18 03:05:03,202][DEBUG][org.elasticsearch.cluster.service] [node_s0] processing [create-index-template [random_index_template], cause [api]]: execute
[2016-04-18 03:05:03,202][DEBUG][org.elasticsearch.cluster.service] [node_s0] cluster state updated, version [4], source [create-index-template [random_index_template], cause [api]]
[2016-04-18 03:05:03,202][DEBUG][org.elasticsearch.cluster.service] [node_s0] publishing cluster state version [4]
[2016-04-18 03:05:03,203][DEBUG][org.elasticsearch.cluster.service] [node_s1] processing [local-disco-receive(from master)]: execute
[2016-04-18 03:05:03,203][DEBUG][org.elasticsearch.cluster.service] [node_s1] cluster state updated, version [4], source [local-disco-receive(from master)]
[2016-04-18 03:05:03,203][DEBUG][org.elasticsearch.cluster.service] [node_s1] set local cluster state to version 4
[2016-04-18 03:05:03,203][DEBUG][org.elasticsearch.cluster.service] [node_s1] processing [local-disco-receive(from master)]: took 0s done applying updated cluster_state (version: 4, uuid: sXjbg3rjQKiyb-Uvt5bq_g)
[2016-04-18 03:05:03,203][DEBUG][org.elasticsearch.cluster.service] [node_s0] set local cluster state to version 4
[2016-04-18 03:05:03,205][DEBUG][org.elasticsearch.cluster.service] [node_s0] processing [create-index-template [random_index_template], cause [api]]: took 2ms done applying updated cluster_state (version: 4, uuid: sXjbg3rjQKiyb-Uvt5bq_g)
[2016-04-18 03:05:03,205][DEBUG][org.elasticsearch.cluster.service] [node_s0] processing [put_repository [test-repo]]: execute
[2016-04-18 03:05:03,207][DEBUG][org.elasticsearch.cluster.service] [node_s0] cluster state updated, version [5], source [put_repository [test-repo]]
[2016-04-18 03:05:03,207][DEBUG][org.elasticsearch.cluster.service] [node_s0] publishing cluster state version [5]
[2016-04-18 03:05:03,207][DEBUG][org.elasticsearch.cluster.service] [node_s1] processing [local-disco-receive(from master)]: execute
[2016-04-18 03:05:03,207][DEBUG][org.elasticsearch.cluster.service] [node_s1] cluster state updated, version [5], source [local-disco-receive(from master)]
[2016-04-18 03:05:03,207][DEBUG][org.elasticsearch.cluster.service] [node_s1] set local cluster state to version 5
[2016-04-18 03:05:03,207][DEBUG][org.elasticsearch.cluster.service] [node_s1] processing [local-disco-receive(from master)]: took 0s done applying updated cluster_state (version: 5, uuid: SwzNiz0dT4Szic0rqKyzIw)
[2016-04-18 03:05:03,207][DEBUG][org.elasticsearch.cluster.service] [node_s0] set local cluster state to version 5
[2016-04-18 03:05:03,212][DEBUG][org.elasticsearch.cluster.service] [node_s0] processing [put_repository [test-repo]]: took 6ms done applying updated cluster_state (version: 5, uuid: SwzNiz0dT4Szic0rqKyzIw)
[2016-04-18 03:05:03,212][DEBUG][org.elasticsearch.cluster.service] [node_s0] processing [create-index [test-idx], cause [api]]: execute
[2016-04-18 03:05:03,214][INFO ][org.elasticsearch.cluster.metadata] [node_s0] [test-idx] creating index, cause [api], templates [random_index_template], shards [3]/[0], mappings [_default_]
[2016-04-18 03:05:03,215][DEBUG][org.elasticsearch.cluster.service] [node_s0] cluster state updated, version [6], source [create-index [test-idx], cause [api]]
[2016-04-18 03:05:03,215][DEBUG][org.elasticsearch.cluster.service] [node_s0] publishing cluster state version [6]
[2016-04-18 03:05:03,215][DEBUG][org.elasticsearch.cluster.service] [node_s1] processing [local-disco-receive(from master)]: execute
[2016-04-18 03:05:03,215][DEBUG][org.elasticsearch.cluster.service] [node_s1] cluster state updated, version [6], source [local-disco-receive(from master)]
[2016-04-18 03:05:03,215][DEBUG][org.elasticsearch.cluster.service] [node_s1] set local cluster state to version 6
[2016-04-18 03:05:03,215][DEBUG][org.elasticsearch.cluster.service] [node_s1] processing [local-disco-receive(from master)]: took 0s done applying updated cluster_state (version: 6, uuid: i0pTvzJKQJOaT50lvN7fjg)
[2016-04-18 03:05:03,216][DEBUG][org.elasticsearch.cluster.service] [node_s0] set local cluster state to version 6
[2016-04-18 03:05:03,224][DEBUG][org.elasticsearch.cluster.action.shard] [node_s0] 2 sending [internal:cluster/shard/started] to [lj75BjuZSd2o_TVaj677gw] for shard [[test-idx][2], node[lj75BjuZSd2o_TVaj677gw], [P], v[1], s[INITIALIZING], a[id=Pf5JJ3VlR0WbJPu6n_z-lw], unassigned_info[[reason=INDEX_CREATED], at[2016-04-18T07:05:03.214Z]], indexUUID [RPAGtvXaT8KDSGvU-6OlIA], message [after recovery from store], failure [Unknown]]
[2016-04-18 03:05:03,233][DEBUG][org.elasticsearch.cluster.action.shard] [node_s0] [test-idx][2] received shard started for [[test-idx][2], node[lj75BjuZSd2o_TVaj677gw], [P], v[1], s[INITIALIZING], a[id=Pf5JJ3VlR0WbJPu6n_z-lw], unassigned_info[[reason=INDEX_CREATED], at[2016-04-18T07:05:03.214Z]], indexUUID [RPAGtvXaT8KDSGvU-6OlIA], message [after recovery from store], failure [Unknown]]
[2016-04-18 03:05:03,234][DEBUG][org.elasticsearch.cluster.service] [node_s0] processing [create-index [test-idx], cause [api]]: took 21ms done applying updated cluster_state (version: 6, uuid: i0pTvzJKQJOaT50lvN7fjg)
[2016-04-18 03:05:03,234][DEBUG][org.elasticsearch.cluster.service] [node_s0] processing [shard-started ([test-idx][2], node[lj75BjuZSd2o_TVaj677gw], [P], v[1], s[INITIALIZING], a[id=Pf5JJ3VlR0WbJPu6n_z-lw], unassigned_info[[reason=INDEX_CREATED], at[2016-04-18T07:05:03.214Z]]), reason [after recovery from store]]: execute
[2016-04-18 03:05:03,234][DEBUG][org.elasticsearch.cluster.service] [node_s0] cluster state updated, version [7], source [shard-started ([test-idx][2], node[lj75BjuZSd2o_TVaj677gw], [P], v[1], s[INITIALIZING], a[id=Pf5JJ3VlR0WbJPu6n_z-lw], unassigned_info[[reason=INDEX_CREATED], at[2016-04-18T07:05:03.214Z]]), reason [after recovery from store]]
[2016-04-18 03:05:03,234][DEBUG][org.elasticsearch.cluster.service] [node_s0] publishing cluster state version [7]
[2016-04-18 03:05:03,234][DEBUG][org.elasticsearch.cluster.service] [node_s1] processing [local-disco-receive(from master)]: execute
[2016-04-18 03:05:03,234][DEBUG][org.elasticsearch.cluster.service] [node_s1] cluster state updated, version [7], source [local-disco-receive(from master)]
[2016-04-18 03:05:03,234][DEBUG][org.elasticsearch.cluster.service] [node_s1] set local cluster state to version 7
[2016-04-18 03:05:03,235][DEBUG][org.elasticsearch.cluster.service] [node_s1] processing [local-disco-receive(from master)]: took 0s done applying updated cluster_state (version: 7, uuid: 0L3souAsSpWhh3jA9-RsXw)
[2016-04-18 03:05:03,235][DEBUG][org.elasticsearch.cluster.service] [node_s0] set local cluster state to version 7
[2016-04-18 03:05:03,238][DEBUG][org.elasticsearch.cluster.action.shard] [node_s0] 0 sending [internal:cluster/shard/started] to [lj75BjuZSd2o_TVaj677gw] for shard [[test-idx][0], node[lj75BjuZSd2o_TVaj677gw], [P], v[1], s[INITIALIZING], a[id=KE6Ui8XNT_eFYpeX7KBuNg], unassigned_info[[reason=INDEX_CREATED], at[2016-04-18T07:05:03.214Z]], indexUUID [RPAGtvXaT8KDSGvU-6OlIA], message [after recovery from store], failure [Unknown]]
[2016-04-18 03:05:03,238][DEBUG][org.elasticsearch.cluster.action.shard] [node_s0] [test-idx][0] received shard started for [[test-idx][0], node[lj75BjuZSd2o_TVaj677gw], [P], v[1], s[INITIALIZING], a[id=KE6Ui8XNT_eFYpeX7KBuNg], unassigned_info[[reason=INDEX_CREATED], at[2016-04-18T07:05:03.214Z]], indexUUID [RPAGtvXaT8KDSGvU-6OlIA], message [after recovery from store], failure [Unknown]]
[2016-04-18 03:05:03,238][DEBUG][org.elasticsearch.cluster.service] [node_s0] processing [shard-started ([test-idx][2], node[lj75BjuZSd2o_TVaj677gw], [P], v[1], s[INITIALIZING], a[id=Pf5JJ3VlR0WbJPu6n_z-lw], unassigned_info[[reason=INDEX_CREATED], at[2016-04-18T07:05:03.214Z]]), reason [after recovery from store]]: took 4ms done applying updated cluster_state (version: 7, uuid: 0L3souAsSpWhh3jA9-RsXw)
[2016-04-18 03:05:03,238][DEBUG][org.elasticsearch.cluster.service] [node_s0] processing [shard-started ([test-idx][0], node[lj75BjuZSd2o_TVaj677gw], [P], v[1], s[INITIALIZING], a[id=KE6Ui8XNT_eFYpeX7KBuNg], unassigned_info[[reason=INDEX_CREATED], at[2016-04-18T07:05:03.214Z]]), reason [after recovery from store]]: execute
[2016-04-18 03:05:03,239][DEBUG][org.elasticsearch.cluster.service] [node_s0] cluster state updated, version [8], source [shard-started ([test-idx][0], node[lj75BjuZSd2o_TVaj677gw], [P], v[1], s[INITIALIZING], a[id=KE6Ui8XNT_eFYpeX7KBuNg], unassigned_info[[reason=INDEX_CREATED], at[2016-04-18T07:05:03.214Z]]), reason [after recovery from store]]
[2016-04-18 03:05:03,239][DEBUG][org.elasticsearch.cluster.service] [node_s0] publishing cluster state version [8]
[2016-04-18 03:05:03,239][DEBUG][org.elasticsearch.cluster.service] [node_s1] processing [local-disco-receive(from master)]: execute
[2016-04-18 03:05:03,239][DEBUG][org.elasticsearch.cluster.service] [node_s1] cluster state updated, version [8], source [local-disco-receive(from master)]
[2016-04-18 03:05:03,239][DEBUG][org.elasticsearch.cluster.service] [node_s1] set local cluster state to version 8
[2016-04-18 03:05:03,239][DEBUG][org.elasticsearch.cluster.service] [node_s1] processing [local-disco-receive(from master)]: took 0s done applying updated cluster_state (version: 8, uuid: vrjXHGZwR62EO_xC4jllGQ)
[2016-04-18 03:05:03,239][DEBUG][org.elasticsearch.cluster.service] [node_s0] set local cluster state to version 8
[2016-04-18 03:05:03,242][DEBUG][org.elasticsearch.cluster.action.shard] [node_s0] 1 sending [internal:cluster/shard/started] to [lj75BjuZSd2o_TVaj677gw] for shard [[test-idx][1], node[lj75BjuZSd2o_TVaj677gw], [P], v[1], s[INITIALIZING], a[id=uKijnOltTZ-vlap1PCFMJg], unassigned_info[[reason=INDEX_CREATED], at[2016-04-18T07:05:03.214Z]], indexUUID [RPAGtvXaT8KDSGvU-6OlIA], message [after recovery from store], failure [Unknown]]
[2016-04-18 03:05:03,242][DEBUG][org.elasticsearch.cluster.action.shard] [node_s0] [test-idx][1] received shard started for [[test-idx][1], node[lj75BjuZSd2o_TVaj677gw], [P], v[1], s[INITIALIZING], a[id=uKijnOltTZ-vlap1PCFMJg], unassigned_info[[reason=INDEX_CREATED], at[2016-04-18T07:05:03.214Z]], indexUUID [RPAGtvXaT8KDSGvU-6OlIA], message [after recovery from store], failure [Unknown]]
[2016-04-18 03:05:03,243][DEBUG][org.elasticsearch.cluster.service] [node_s0] processing [shard-started ([test-idx][0], node[lj75BjuZSd2o_TVaj677gw], [P], v[1], s[INITIALIZING], a[id=KE6Ui8XNT_eFYpeX7KBuNg], unassigned_info[[reason=INDEX_CREATED], at[2016-04-18T07:05:03.214Z]]), reason [after recovery from store]]: took 4ms done applying updated cluster_state (version: 8, uuid: vrjXHGZwR62EO_xC4jllGQ)
[2016-04-18 03:05:03,243][DEBUG][org.elasticsearch.cluster.service] [node_s0] processing [shard-started ([test-idx][1], node[lj75BjuZSd2o_TVaj677gw], [P], v[1], s[INITIALIZING], a[id=uKijnOltTZ-vlap1PCFMJg], unassigned_info[[reason=INDEX_CREATED], at[2016-04-18T07:05:03.214Z]]), reason [after recovery from store]]: execute
[2016-04-18 03:05:03,243][INFO ][org.elasticsearch.cluster.routing.allocation] [node_s0] Cluster health status changed from [RED] to [GREEN] (reason: [shards started [[test-idx][1]] ...]).
[2016-04-18 03:05:03,244][DEBUG][org.elasticsearch.cluster.service] [node_s0] cluster state updated, version [9], source [shard-started ([test-idx][1], node[lj75BjuZSd2o_TVaj677gw], [P], v[1], s[INITIALIZING], a[id=uKijnOltTZ-vlap1PCFMJg], unassigned_info[[reason=INDEX_CREATED], at[2016-04-18T07:05:03.214Z]]), reason [after recovery from store]]
[2016-04-18 03:05:03,244][DEBUG][org.elasticsearch.cluster.service] [node_s0] publishing cluster state version [9]
[2016-04-18 03:05:03,244][DEBUG][org.elasticsearch.cluster.service] [node_s1] processing [local-disco-receive(from master)]: execute
[2016-04-18 03:05:03,244][DEBUG][org.elasticsearch.cluster.service] [node_s1] cluster state updated, version [9], source [local-disco-receive(from master)]
[2016-04-18 03:05:03,244][DEBUG][org.elasticsearch.cluster.service] [node_s1] set local cluster state to version 9
[2016-04-18 03:05:03,244][DEBUG][org.elasticsearch.cluster.service] [node_s1] processing [local-disco-receive(from master)]: took 0s done applying updated cluster_state (version: 9, uuid: EqOxX2gsS76aN4oTTd6ppw)
[2016-04-18 03:05:03,244][DEBUG][org.elasticsearch.cluster.service] [node_s0] set local cluster state to version 9
[2016-04-18 03:05:03,248][DEBUG][org.elasticsearch.cluster.service] [node_s0] processing [shard-started ([test-idx][1], node[lj75BjuZSd2o_TVaj677gw], [P], v[1], s[INITIALIZING], a[id=uKijnOltTZ-vlap1PCFMJg], unassigned_info[[reason=INDEX_CREATED], at[2016-04-18T07:05:03.214Z]]), reason [after recovery from store]]: took 4ms done applying updated cluster_state (version: 9, uuid: EqOxX2gsS76aN4oTTd6ppw)
[2016-04-18 03:05:03,248][DEBUG][org.elasticsearch.cluster.service] [node_s0] processing [cluster_health (wait_for_events [LANGUID])]: execute
[2016-04-18 03:05:03,248][DEBUG][org.elasticsearch.cluster.service] [node_s0] processing [cluster_health (wait_for_events [LANGUID])]: took 0s no change in cluster_state
[2016-04-18 03:05:03,250][DEBUG][org.elasticsearch.cluster.service] [node_s0] processing [put-mapping [RANDOM_BOGUS_TYPE______]]: execute
[2016-04-18 03:05:03,251][DEBUG][org.elasticsearch.cluster.metadata] [node_s0] [test-idx] create_mapping [RANDOM_BOGUS_TYPE______] with source [{"RANDOM_BOGUS_TYPE______":{"dynamic_templates":[{"template-strings":{"mapping":{"fielddata":{"loading":"lazy"}},"match_mapping_type":"string"}},{"template-longs":{"mapping":{"fielddata":{"loading":"eager"}},"match_mapping_type":"long"}},{"template-doubles":{"mapping":{"fielddata":{"loading":"eager"}},"match_mapping_type":"double"}},{"template-geo_points":{"mapping":{"fielddata":{"loading":"eager"}},"match_mapping_type":"geo_point"}},{"template-booleans":{"mapping":{"fielddata":{"loading":"eager"}},"match_mapping_type":"boolean"}}]}}]
[2016-04-18 03:05:03,251][DEBUG][org.elasticsearch.cluster.service] [node_s0] cluster state updated, version [10], source [put-mapping [RANDOM_BOGUS_TYPE______]]
[2016-04-18 03:05:03,251][DEBUG][org.elasticsearch.cluster.service] [node_s0] publishing cluster state version [10]
[2016-04-18 03:05:03,251][DEBUG][org.elasticsearch.cluster.service] [node_s1] processing [local-disco-receive(from master)]: execute
[2016-04-18 03:05:03,251][DEBUG][org.elasticsearch.cluster.service] [node_s1] cluster state updated, version [10], source [local-disco-receive(from master)]
[2016-04-18 03:05:03,251][DEBUG][org.elasticsearch.cluster.service] [node_s1] set local cluster state to version 10
[2016-04-18 03:05:03,251][DEBUG][org.elasticsearch.cluster.service] [node_s1] processing [local-disco-receive(from master)]: took 0s done applying updated cluster_state (version: 10, uuid: htP8gAgpSa-HFsZ0FMpy8Q)
[2016-04-18 03:05:03,252][DEBUG][org.elasticsearch.cluster.service] [node_s0] set local cluster state to version 10
[2016-04-18 03:05:03,253][DEBUG][org.elasticsearch.cluster.service] [node_s0] processing [put-mapping [RANDOM_BOGUS_TYPE______]]: took 3ms done applying updated cluster_state (version: 10, uuid: htP8gAgpSa-HFsZ0FMpy8Q)
[2016-04-18 03:05:03,253][DEBUG][org.elasticsearch.cluster.service] [node_s0] processing [put-mapping [type1],put-mapping [type1],put-mapping [type1]]: execute
[2016-04-18 03:05:03,255][DEBUG][org.elasticsearch.cluster.metadata] [node_s0] [test-idx] create_mapping [type1] with source [{"type1":{"dynamic_templates":[{"template-strings":{"mapping":{"fielddata":{"loading":"lazy"}},"match_mapping_type":"string"}},{"template-longs":{"mapping":{"fielddata":{"loading":"eager"}},"match_mapping_type":"long"}},{"template-doubles":{"mapping":{"fielddata":{"loading":"eager"}},"match_mapping_type":"double"}},{"template-geo_points":{"mapping":{"fielddata":{"loading":"eager"}},"match_mapping_type":"geo_point"}},{"template-booleans":{"mapping":{"fielddata":{"loading":"eager"}},"match_mapping_type":"boolean"}}],"properties":{"field1":{"type":"string","fielddata":{"loading":"lazy"}}}}}]
[2016-04-18 03:05:03,258][DEBUG][org.elasticsearch.cluster.service] [node_s0] cluster state updated, version [11], source [put-mapping [type1],put-mapping [type1],put-mapping [type1]]
[2016-04-18 03:05:03,258][DEBUG][org.elasticsearch.cluster.service] [node_s0] publishing cluster state version [11]
[2016-04-18 03:05:03,259][DEBUG][org.elasticsearch.cluster.service] [node_s1] processing [local-disco-receive(from master)]: execute
[2016-04-18 03:05:03,259][DEBUG][org.elasticsearch.cluster.service] [node_s1] cluster state updated, version [11], source [local-disco-receive(from master)]
[2016-04-18 03:05:03,259][DEBUG][org.elasticsearch.cluster.service] [node_s1] set local cluster state to version 11
[2016-04-18 03:05:03,259][DEBUG][org.elasticsearch.cluster.service] [node_s1] processing [local-disco-receive(from master)]: took 0s done applying updated cluster_state (version: 11, uuid: DNOUBY5dTZyK5bdGA-QSTQ)
[2016-04-18 03:05:03,259][DEBUG][org.elasticsearch.cluster.service] [node_s0] set local cluster state to version 11
[2016-04-18 03:05:03,261][DEBUG][org.elasticsearch.cluster.service] [node_s0] processing [put-mapping [type1],put-mapping [type1],put-mapping [type1]]: took 7ms done applying updated cluster_state (version: 11, uuid: DNOUBY5dTZyK5bdGA-QSTQ)
[2016-04-18 03:05:03,353][DEBUG][org.elasticsearch.cluster.service] [node_s0] processing [create_snapshot [test-snap]]: execute
[2016-04-18 03:05:03,354][DEBUG][org.elasticsearch.cluster.service] [node_s0] cluster state updated, version [12], source [create_snapshot [test-snap]]
[2016-04-18 03:05:03,354][DEBUG][org.elasticsearch.cluster.service] [node_s0] publishing cluster state version [12]
[2016-04-18 03:05:03,354][DEBUG][org.elasticsearch.cluster.service] [node_s1] processing [local-disco-receive(from master)]: execute
[2016-04-18 03:05:03,354][DEBUG][org.elasticsearch.cluster.service] [node_s1] cluster state updated, version [12], source [local-disco-receive(from master)]
[2016-04-18 03:05:03,354][DEBUG][org.elasticsearch.cluster.service] [node_s1] set local cluster state to version 12
[2016-04-18 03:05:03,354][DEBUG][org.elasticsearch.cluster.service] [node_s1] processing [local-disco-receive(from master)]: took 0s done applying updated cluster_state (version: 12, uuid: -kTLB-20S_a6gZhbKSqMFA)
[2016-04-18 03:05:03,354][DEBUG][org.elasticsearch.cluster.service] [node_s0] set local cluster state to version 12
[2016-04-18 03:05:03,354][DEBUG][org.elasticsearch.cluster.service] [node_s0] processing [create_snapshot [test-snap]]: took 0s done applying updated cluster_state (version: 12, uuid: -kTLB-20S_a6gZhbKSqMFA)
[2016-04-18 03:05:03,360][DEBUG][org.elasticsearch.cluster.service] [node_s0] processing [update_snapshot [test-snap]]: execute
[2016-04-18 03:05:03,361][DEBUG][org.elasticsearch.cluster.service] [node_s0] cluster state updated, version [13], source [update_snapshot [test-snap]]
[2016-04-18 03:05:03,361][DEBUG][org.elasticsearch.cluster.service] [node_s0] publishing cluster state version [13]
[2016-04-18 03:05:03,361][DEBUG][org.elasticsearch.cluster.service] [node_s1] processing [local-disco-receive(from master)]: execute
[2016-04-18 03:05:03,361][DEBUG][org.elasticsearch.cluster.service] [node_s1] cluster state updated, version [13], source [local-disco-receive(from master)]
[2016-04-18 03:05:03,361][DEBUG][org.elasticsearch.cluster.service] [node_s1] set local cluster state to version 13
[2016-04-18 03:05:03,361][DEBUG][org.elasticsearch.cluster.service] [node_s1] processing [local-disco-receive(from master)]: took 0s done applying updated cluster_state (version: 13, uuid: iJc3rEVUTJuUas70CURyPQ)
[2016-04-18 03:05:03,361][DEBUG][org.elasticsearch.cluster.service] [node_s0] set local cluster state to version 13
[2016-04-18 03:05:03,362][DEBUG][org.elasticsearch.cluster.service] [node_s0] processing [update_snapshot [test-snap]]: took 1ms done applying updated cluster_state (version: 13, uuid: iJc3rEVUTJuUas70CURyPQ)
[2016-04-18 03:05:03,362][DEBUG][org.elasticsearch.cluster.service] [node_s0] processing [test_block]: execute
[2016-04-18 03:05:03,431][DEBUG][org.elasticsearch.cluster.service] [node_s0] processing [test_block]: took 69ms no change in cluster_state
[2016-04-18 03:05:03,431][DEBUG][org.elasticsearch.cluster.service] [node_s0] processing [update snapshot state]: execute
[2016-04-18 03:05:03,431][DEBUG][org.elasticsearch.cluster.service] [node_s0] cluster state updated, version [14], source [update snapshot state]
[2016-04-18 03:05:03,431][DEBUG][org.elasticsearch.cluster.service] [node_s0] publishing cluster state version [14]
[2016-04-18 03:05:03,431][DEBUG][org.elasticsearch.cluster.service] [node_s1] processing [local-disco-receive(from master)]: execute
[2016-04-18 03:05:03,431][DEBUG][org.elasticsearch.cluster.service] [node_s1] cluster state updated, version [14], source [local-disco-receive(from master)]
[2016-04-18 03:05:03,431][DEBUG][org.elasticsearch.cluster.service] [node_s1] set local cluster state to version 14
[2016-04-18 03:05:03,431][DEBUG][org.elasticsearch.cluster.service] [node_s1] processing [local-disco-receive(from master)]: took 0s done applying updated cluster_state (version: 14, uuid: 2ZlMVvVxSaiv1n_bUG51Vg)
[2016-04-18 03:05:03,431][DEBUG][org.elasticsearch.cluster.service] [node_s0] set local cluster state to version 14
[2016-04-18 03:05:03,432][DEBUG][org.elasticsearch.cluster.service] [node_s0] processing [update snapshot state]: took 1ms done applying updated cluster_state (version: 14, uuid: 2ZlMVvVxSaiv1n_bUG51Vg)
[2016-04-18 03:05:03,432][DEBUG][org.elasticsearch.cluster.service] [node_s0] processing [update snapshot state]: execute
[2016-04-18 03:05:03,432][DEBUG][org.elasticsearch.cluster.service] [node_s0] processing [update snapshot state]: took 0s no change in cluster_state
[2016-04-18 03:05:03,432][DEBUG][org.elasticsearch.cluster.service] [node_s0] processing [update snapshot state]: execute
[2016-04-18 03:05:03,432][DEBUG][org.elasticsearch.cluster.service] [node_s0] processing [update snapshot state]: took 0s no change in cluster_state
[2016-04-18 03:05:03,433][DEBUG][org.elasticsearch.cluster.service] [node_s0] processing [remove snapshot metadata]: execute
[2016-04-18 03:05:03,433][DEBUG][org.elasticsearch.cluster.service] [node_s0] cluster state updated, version [15], source [remove snapshot metadata]
[2016-04-18 03:05:03,433][DEBUG][org.elasticsearch.cluster.service] [node_s0] publishing cluster state version [15]
[2016-04-18 03:05:03,434][DEBUG][org.elasticsearch.cluster.service] [node_s1] processing [local-disco-receive(from master)]: execute
[2016-04-18 03:05:03,434][DEBUG][org.elasticsearch.cluster.service] [node_s1] cluster state updated, version [15], source [local-disco-receive(from master)]
[2016-04-18 03:05:03,434][DEBUG][org.elasticsearch.cluster.service] [node_s1] set local cluster state to version 15
[2016-04-18 03:05:03,434][DEBUG][org.elasticsearch.cluster.service] [node_s1] processing [local-disco-receive(from master)]: took 0s done applying updated cluster_state (version: 15, uuid: mz0nqpm5RVikErwx95YuzA)
[2016-04-18 03:05:03,434][DEBUG][org.elasticsearch.cluster.service] [node_s0] set local cluster state to version 15
[2016-04-18 03:05:03,434][DEBUG][org.elasticsearch.cluster.service] [node_s0] processing [remove snapshot metadata]: took 0s done applying updated cluster_state (version: 15, uuid: mz0nqpm5RVikErwx95YuzA)
[2016-04-18 03:05:03,434][DEBUG][org.elasticsearch.cluster.service] [node_s0] processing [close-indices [test-idx]]: execute
[2016-04-18 03:05:03,434][INFO ][org.elasticsearch.cluster.metadata] [node_s0] closing indices [[test-idx]]
[2016-04-18 03:05:03,435][DEBUG][org.elasticsearch.cluster.service] [node_s0] cluster state updated, version [16], source [close-indices [test-idx]]
[2016-04-18 03:05:03,435][DEBUG][org.elasticsearch.cluster.service] [node_s0] publishing cluster state version [16]
[2016-04-18 03:05:03,435][DEBUG][org.elasticsearch.cluster.service] [node_s1] processing [local-disco-receive(from master)]: execute
[2016-04-18 03:05:03,435][DEBUG][org.elasticsearch.cluster.service] [node_s1] cluster state updated, version [16], source [local-disco-receive(from master)]
[2016-04-18 03:05:03,435][DEBUG][org.elasticsearch.cluster.service] [node_s1] set local cluster state to version 16
[2016-04-18 03:05:03,435][DEBUG][org.elasticsearch.cluster.service] [node_s1] processing [local-disco-receive(from master)]: took 0s done applying updated cluster_state (version: 16, uuid: bcztiE4wSR6vHlUoVZsFsw)
[2016-04-18 03:05:03,435][DEBUG][org.elasticsearch.cluster.service] [node_s0] set local cluster state to version 16
[2016-04-18 03:05:03,438][DEBUG][org.elasticsearch.cluster.service] [node_s0] processing [close-indices [test-idx]]: took 3ms done applying updated cluster_state (version: 16, uuid: bcztiE4wSR6vHlUoVZsFsw)
[2016-04-18 03:05:03,440][DEBUG][org.elasticsearch.cluster.service] [node_s0] processing [restore_snapshot[test-snap]]: execute
[2016-04-18 03:05:03,441][DEBUG][org.elasticsearch.cluster.routing.allocation.allocator] [node_s0] skipping rebalance due to in-flight shard/store fetches
[2016-04-18 03:05:03,441][DEBUG][org.elasticsearch.cluster.service] [node_s0] cluster state updated, version [17], source [restore_snapshot[test-snap]]
[2016-04-18 03:05:03,441][DEBUG][org.elasticsearch.cluster.service] [node_s0] publishing cluster state version [17]
[2016-04-18 03:05:03,442][DEBUG][org.elasticsearch.cluster.service] [node_s1] processing [local-disco-receive(from master)]: execute
[2016-04-18 03:05:03,442][DEBUG][org.elasticsearch.cluster.service] [node_s1] cluster state updated, version [17], source [local-disco-receive(from master)]
[2016-04-18 03:05:03,442][DEBUG][org.elasticsearch.cluster.service] [node_s1] set local cluster state to version 17
[2016-04-18 03:05:03,442][DEBUG][org.elasticsearch.cluster.service] [node_s1] processing [local-disco-receive(from master)]: took 0s done applying updated cluster_state (version: 17, uuid: Ktvyfg0aSi-UgiuIoisNRA)
[2016-04-18 03:05:03,442][DEBUG][org.elasticsearch.cluster.service] [node_s0] set local cluster state to version 17
[2016-04-18 03:05:03,444][DEBUG][org.elasticsearch.cluster.service] [node_s0] processing [restore_snapshot[test-snap]]: took 4ms done applying updated cluster_state (version: 17, uuid: Ktvyfg0aSi-UgiuIoisNRA)
[2016-04-18 03:05:03,444][DEBUG][org.elasticsearch.cluster.service] [node_s0] processing [test_block]: execute
[2016-04-18 03:05:03,444][DEBUG][org.elasticsearch.cluster.service] [node_s0] processing [test_block]: took 0s no change in cluster_state
[2016-04-18 03:05:03,444][DEBUG][org.elasticsearch.cluster.service] [node_s0] processing [cluster_reroute(async_shard_fetch)]: execute
[2016-04-18 03:05:03,445][DEBUG][org.elasticsearch.cluster.service] [node_s0] cluster state updated, version [18], source [cluster_reroute(async_shard_fetch)]
[2016-04-18 03:05:03,445][DEBUG][org.elasticsearch.cluster.service] [node_s0] publishing cluster state version [18]
[2016-04-18 03:05:03,446][DEBUG][org.elasticsearch.cluster.service] [node_s1] processing [local-disco-receive(from master)]: execute
[2016-04-18 03:05:03,446][DEBUG][org.elasticsearch.cluster.service] [node_s1] cluster state updated, version [18], source [local-disco-receive(from master)]
[2016-04-18 03:05:03,446][DEBUG][org.elasticsearch.cluster.service] [node_s1] set local cluster state to version 18
[2016-04-18 03:05:03,446][DEBUG][org.elasticsearch.cluster.service] [node_s1] processing [local-disco-receive(from master)]: took 0s done applying updated cluster_state (version: 18, uuid: jyJDGSzOT7KWHwmLCP1Mgg)
[2016-04-18 03:05:03,446][DEBUG][org.elasticsearch.cluster.service] [node_s0] set local cluster state to version 18
[2016-04-18 03:05:03,456][DEBUG][org.elasticsearch.cluster.service] [node_s0] processing [cluster_reroute(async_shard_fetch)]: took 11ms done applying updated cluster_state (version: 18, uuid: jyJDGSzOT7KWHwmLCP1Mgg)
[2016-04-18 03:05:03,456][DEBUG][org.elasticsearch.cluster.service] [node_s0] processing [test_block]: execute
[2016-04-18 03:05:03,463][DEBUG][org.elasticsearch.cluster.action.shard] [node_s0] 1 sending [internal:cluster/shard/started] to [lj75BjuZSd2o_TVaj677gw] for shard [[test-idx][1], node[lj75BjuZSd2o_TVaj677gw], [P], v[3], restoring[test-repo:test-snap], s[INITIALIZING], a[id=Y9F4m3nsTm6CTun6-B_38w], unassigned_info[[reason=EXISTING_INDEX_RESTORED], at[2016-04-18T07:05:03.440Z], details[restore_source[test-repo/test-snap]]], indexUUID [RPAGtvXaT8KDSGvU-6OlIA], message [after recovery from repository], failure [Unknown]]
[2016-04-18 03:05:03,463][DEBUG][org.elasticsearch.cluster.action.shard] [node_s0] [test-idx][1] received shard started for [[test-idx][1], node[lj75BjuZSd2o_TVaj677gw], [P], v[3], restoring[test-repo:test-snap], s[INITIALIZING], a[id=Y9F4m3nsTm6CTun6-B_38w], unassigned_info[[reason=EXISTING_INDEX_RESTORED], at[2016-04-18T07:05:03.440Z], details[restore_source[test-repo/test-snap]]], indexUUID [RPAGtvXaT8KDSGvU-6OlIA], message [after recovery from repository], failure [Unknown]]
[2016-04-18 03:05:03,463][DEBUG][org.elasticsearch.cluster.action.shard] [node_s0] 2 sending [internal:cluster/shard/started] to [lj75BjuZSd2o_TVaj677gw] for shard [[test-idx][2], node[lj75BjuZSd2o_TVaj677gw], [P], v[3], restoring[test-repo:test-snap], s[INITIALIZING], a[id=VXgDuwi5RbOPtKcFNDx5Cw], unassigned_info[[reason=EXISTING_INDEX_RESTORED], at[2016-04-18T07:05:03.440Z], details[restore_source[test-repo/test-snap]]], indexUUID [RPAGtvXaT8KDSGvU-6OlIA], message [after recovery from repository], failure [Unknown]]
[2016-04-18 03:05:03,463][DEBUG][org.elasticsearch.cluster.action.shard] [node_s0] [test-idx][2] received shard started for [[test-idx][2], node[lj75BjuZSd2o_TVaj677gw], [P], v[3], restoring[test-repo:test-snap], s[INITIALIZING], a[id=VXgDuwi5RbOPtKcFNDx5Cw], unassigned_info[[reason=EXISTING_INDEX_RESTORED], at[2016-04-18T07:05:03.440Z], details[restore_source[test-repo/test-snap]]], indexUUID [RPAGtvXaT8KDSGvU-6OlIA], message [after recovery from repository], failure [Unknown]]
[2016-04-18 03:05:03,473][DEBUG][org.elasticsearch.cluster.action.shard] [node_s0] 0 sending [internal:cluster/shard/started] to [lj75BjuZSd2o_TVaj677gw] for shard [[test-idx][0], node[lj75BjuZSd2o_TVaj677gw], [P], v[3], restoring[test-repo:test-snap], s[INITIALIZING], a[id=1oau2J76TKG2E7JeVD3CRw], unassigned_info[[reason=EXISTING_INDEX_RESTORED], at[2016-04-18T07:05:03.440Z], details[restore_source[test-repo/test-snap]]], indexUUID [RPAGtvXaT8KDSGvU-6OlIA], message [after recovery from repository], failure [Unknown]]
[2016-04-18 03:05:03,473][DEBUG][org.elasticsearch.cluster.action.shard] [node_s0] [test-idx][0] received shard started for [[test-idx][0], node[lj75BjuZSd2o_TVaj677gw], [P], v[3], restoring[test-repo:test-snap], s[INITIALIZING], a[id=1oau2J76TKG2E7JeVD3CRw], unassigned_info[[reason=EXISTING_INDEX_RESTORED], at[2016-04-18T07:05:03.440Z], details[restore_source[test-repo/test-snap]]], indexUUID [RPAGtvXaT8KDSGvU-6OlIA], message [after recovery from repository], failure [Unknown]]
[2016-04-18 03:05:03,475][DEBUG][org.elasticsearch.cluster.service] [node_s0] processing [test_block]: took 19ms no change in cluster_state
[2016-04-18 03:05:03,475][DEBUG][org.elasticsearch.cluster.service] [node_s0] processing [shard-started ([test-idx][1], node[lj75BjuZSd2o_TVaj677gw], [P], v[3], restoring[test-repo:test-snap], s[INITIALIZING], a[id=Y9F4m3nsTm6CTun6-B_38w], unassigned_info[[reason=EXISTING_INDEX_RESTORED], at[2016-04-18T07:05:03.440Z], details[restore_source[test-repo/test-snap]]]), reason [after recovery from repository],shard-started ([test-idx][2], node[lj75BjuZSd2o_TVaj677gw], [P], v[3], restoring[test-repo:test-snap], s[INITIALIZING], a[id=VXgDuwi5RbOPtKcFNDx5Cw], unassigned_info[[reason=EXISTING_INDEX_RESTORED], at[2016-04-18T07:05:03.440Z], details[restore_source[test-repo/test-snap]]]), reason [after recovery from repository],shard-started ([test-idx][0], node[lj75BjuZSd2o_TVaj677gw], [P], v[3], restoring[test-repo:test-snap], s[INITIALIZING], a[id=1oau2J76TKG2E7JeVD3CRw], unassigned_info[[reason=EXISTING_INDEX_RESTORED], at[2016-04-18T07:05:03.440Z], details[restore_source[test-repo/test-snap]]]), reason [after recovery from repository]]: execute
[2016-04-18 03:05:03,476][INFO ][org.elasticsearch.cluster.routing.allocation] [node_s0] Cluster health status changed from [RED] to [GREEN] (reason: [shards started [[test-idx][1], [test-idx][2], [test-idx][0]] ...]).
[2016-04-18 03:05:03,476][DEBUG][org.elasticsearch.cluster.service] [node_s0] cluster state updated, version [19], source [shard-started ([test-idx][1], node[lj75BjuZSd2o_TVaj677gw], [P], v[3], restoring[test-repo:test-snap], s[INITIALIZING], a[id=Y9F4m3nsTm6CTun6-B_38w], unassigned_info[[reason=EXISTING_INDEX_RESTORED], at[2016-04-18T07:05:03.440Z], details[restore_source[test-repo/test-snap]]]), reason [after recovery from repository],shard-started ([test-idx][2], node[lj75BjuZSd2o_TVaj677gw], [P], v[3], restoring[test-repo:test-snap], s[INITIALIZING], a[id=VXgDuwi5RbOPtKcFNDx5Cw], unassigned_info[[reason=EXISTING_INDEX_RESTORED], at[2016-04-18T07:05:03.440Z], details[restore_source[test-repo/test-snap]]]), reason [after recovery from repository],shard-started ([test-idx][0], node[lj75BjuZSd2o_TVaj677gw], [P], v[3], restoring[test-repo:test-snap], s[INITIALIZING], a[id=1oau2J76TKG2E7JeVD3CRw], unassigned_info[[reason=EXISTING_INDEX_RESTORED], at[2016-04-18T07:05:03.440Z], details[restore_source[test-repo/test-snap]]]), reason [after recovery from repository]]
[2016-04-18 03:05:03,476][DEBUG][org.elasticsearch.cluster.service] [node_s0] publishing cluster state version [19]
[2016-04-18 03:05:03,476][DEBUG][org.elasticsearch.cluster.service] [node_s1] processing [local-disco-receive(from master)]: execute
[2016-04-18 03:05:03,476][DEBUG][org.elasticsearch.cluster.service] [node_s1] cluster state updated, version [19], source [local-disco-receive(from master)]
[2016-04-18 03:05:03,476][DEBUG][org.elasticsearch.cluster.service] [node_s1] set local cluster state to version 19
[2016-04-18 03:05:03,477][DEBUG][org.elasticsearch.cluster.service] [node_s1] processing [local-disco-receive(from master)]: took 0s done applying updated cluster_state (version: 19, uuid: -tPLQuFyQdSQGZvmNGJJzQ)
[2016-04-18 03:05:03,477][DEBUG][org.elasticsearch.cluster.service] [node_s0] set local cluster state to version 19
[2016-04-18 03:05:03,483][DEBUG][org.elasticsearch.cluster.service] [node_s0] processing [shard-started ([test-idx][1], node[lj75BjuZSd2o_TVaj677gw], [P], v[3], restoring[test-repo:test-snap], s[INITIALIZING], a[id=Y9F4m3nsTm6CTun6-B_38w], unassigned_info[[reason=EXISTING_INDEX_RESTORED], at[2016-04-18T07:05:03.440Z], details[restore_source[test-repo/test-snap]]]), reason [after recovery from repository],shard-started ([test-idx][2], node[lj75BjuZSd2o_TVaj677gw], [P], v[3], restoring[test-repo:test-snap], s[INITIALIZING], a[id=VXgDuwi5RbOPtKcFNDx5Cw], unassigned_info[[reason=EXISTING_INDEX_RESTORED], at[2016-04-18T07:05:03.440Z], details[restore_source[test-repo/test-snap]]]), reason [after recovery from repository],shard-started ([test-idx][0], node[lj75BjuZSd2o_TVaj677gw], [P], v[3], restoring[test-repo:test-snap], s[INITIALIZING], a[id=1oau2J76TKG2E7JeVD3CRw], unassigned_info[[reason=EXISTING_INDEX_RESTORED], at[2016-04-18T07:05:03.440Z], details[restore_source[test-repo/test-snap]]]), reason [after recovery from repository]]: took 7ms done applying updated cluster_state (version: 19, uuid: -tPLQuFyQdSQGZvmNGJJzQ)
[2016-04-18 03:05:03,483][DEBUG][org.elasticsearch.cluster.service] [node_s0] processing [update snapshot state]: execute
[2016-04-18 03:05:03,484][DEBUG][org.elasticsearch.cluster.service] [node_s0] cluster state updated, version [20], source [update snapshot state]
[2016-04-18 03:05:03,484][DEBUG][org.elasticsearch.cluster.service] [node_s0] publishing cluster state version [20]
[2016-04-18 03:05:03,484][DEBUG][org.elasticsearch.cluster.service] [node_s1] processing [local-disco-receive(from master)]: execute
[2016-04-18 03:05:03,484][DEBUG][org.elasticsearch.cluster.service] [node_s1] cluster state updated, version [20], source [local-disco-receive(from master)]
[2016-04-18 03:05:03,484][DEBUG][org.elasticsearch.cluster.service] [node_s1] set local cluster state to version 20
[2016-04-18 03:05:03,484][DEBUG][org.elasticsearch.cluster.service] [node_s1] processing [local-disco-receive(from master)]: took 0s done applying updated cluster_state (version: 20, uuid: ZdeuJksjSCa9D8ufnqQ8OA)
[2016-04-18 03:05:03,484][DEBUG][org.elasticsearch.cluster.service] [node_s0] set local cluster state to version 20
[2016-04-18 03:05:03,484][DEBUG][org.elasticsearch.cluster.service] [node_s0] processing [update snapshot state]: took 0s done applying updated cluster_state (version: 20, uuid: ZdeuJksjSCa9D8ufnqQ8OA)
[2016-04-18 03:05:03,484][DEBUG][org.elasticsearch.cluster.service] [node_s0] processing [update snapshot state]: execute
[2016-04-18 03:05:03,485][DEBUG][org.elasticsearch.cluster.service] [node_s0] processing [update snapshot state]: took 0s no change in cluster_state
[2016-04-18 03:05:03,485][DEBUG][org.elasticsearch.cluster.service] [node_s0] processing [update snapshot state]: execute
[2016-04-18 03:05:03,485][DEBUG][org.elasticsearch.cluster.service] [node_s0] processing [update snapshot state]: took 0s no change in cluster_state
[2016-04-18 03:05:03,492][DEBUG][org.elasticsearch.cluster.service] [node_s0] processing [delete-index [test-idx]]: execute
[2016-04-18 03:05:03,492][DEBUG][org.elasticsearch.cluster.metadata] [node_s0] [test-idx] deleting index
[2016-04-18 03:05:03,492][DEBUG][org.elasticsearch.cluster.service] [node_s0] cluster state updated, version [21], source [delete-index [test-idx]]
[2016-04-18 03:05:03,492][DEBUG][org.elasticsearch.cluster.service] [node_s0] publishing cluster state version [21]
[2016-04-18 03:05:03,492][DEBUG][org.elasticsearch.cluster.service] [node_s1] processing [local-disco-receive(from master)]: execute
[2016-04-18 03:05:03,492][DEBUG][org.elasticsearch.cluster.service] [node_s1] cluster state updated, version [21], source [local-disco-receive(from master)]
[2016-04-18 03:05:03,492][DEBUG][org.elasticsearch.cluster.service] [node_s1] set local cluster state to version 21
[2016-04-18 03:05:03,492][DEBUG][org.elasticsearch.cluster.service] [node_s1] processing [local-disco-receive(from master)]: took 0s done applying updated cluster_state (version: 21, uuid: YUN6ga3ASQqRlE7U1v55Ww)
[2016-04-18 03:05:03,492][DEBUG][org.elasticsearch.cluster.service] [node_s0] set local cluster state to version 21
[2016-04-18 03:05:03,505][DEBUG][org.elasticsearch.cluster.service] [node_s0] processing [delete-index [test-idx]]: took 13ms done applying updated cluster_state (version: 21, uuid: YUN6ga3ASQqRlE7U1v55Ww)
[2016-04-18 03:05:03,506][DEBUG][org.elasticsearch.cluster.service] [node_s0] processing [remove-index-template [random_index_template]]: execute
[2016-04-18 03:05:03,506][DEBUG][org.elasticsearch.cluster.service] [node_s0] cluster state updated, version [22], source [remove-index-template [random_index_template]]
[2016-04-18 03:05:03,506][DEBUG][org.elasticsearch.cluster.service] [node_s0] publishing cluster state version [22]
[2016-04-18 03:05:03,506][DEBUG][org.elasticsearch.cluster.service] [node_s1] processing [local-disco-receive(from master)]: execute
[2016-04-18 03:05:03,506][DEBUG][org.elasticsearch.cluster.service] [node_s1] cluster state updated, version [22], source [local-disco-receive(from master)]
[2016-04-18 03:05:03,506][DEBUG][org.elasticsearch.cluster.service] [node_s1] set local cluster state to version 22
[2016-04-18 03:05:03,506][DEBUG][org.elasticsearch.cluster.service] [node_s1] processing [local-disco-receive(from master)]: took 0s done applying updated cluster_state (version: 22, uuid: __S0T_EqTm-vHA3hqZ8ucg)
[2016-04-18 03:05:03,506][DEBUG][org.elasticsearch.cluster.service] [node_s0] set local cluster state to version 22
[2016-04-18 03:05:03,508][DEBUG][org.elasticsearch.cluster.service] [node_s0] processing [remove-index-template [random_index_template]]: took 2ms done applying updated cluster_state (version: 22, uuid: __S0T_EqTm-vHA3hqZ8ucg)
[2016-04-18 03:05:03,508][DEBUG][org.elasticsearch.cluster.service] [node_s0] processing [delete_repository [*]]: execute
[2016-04-18 03:05:03,508][DEBUG][org.elasticsearch.cluster.service] [node_s0] cluster state updated, version [23], source [delete_repository [*]]
[2016-04-18 03:05:03,508][DEBUG][org.elasticsearch.cluster.service] [node_s0] publishing cluster state version [23]
[2016-04-18 03:05:03,508][DEBUG][org.elasticsearch.cluster.service] [node_s1] processing [local-disco-receive(from master)]: execute
[2016-04-18 03:05:03,508][DEBUG][org.elasticsearch.cluster.service] [node_s1] cluster state updated, version [23], source [local-disco-receive(from master)]
[2016-04-18 03:05:03,508][DEBUG][org.elasticsearch.cluster.service] [node_s1] set local cluster state to version 23
[2016-04-18 03:05:03,508][DEBUG][org.elasticsearch.cluster.service] [node_s1] processing [local-disco-receive(from master)]: took 0s done applying updated cluster_state (version: 23, uuid: -4WHjwtgQbGBI7jlNQGefA)
[2016-04-18 03:05:03,508][DEBUG][org.elasticsearch.cluster.service] [node_s0] set local cluster state to version 23
[2016-04-18 03:05:03,510][DEBUG][org.elasticsearch.cluster.service] [node_s0] processing [delete_repository [*]]: took 1ms done applying updated cluster_state (version: 23, uuid: -4WHjwtgQbGBI7jlNQGefA)
[2016-04-18 03:05:04,514][WARN ][org.elasticsearch.snapshots] [node_s0] [[test-idx][5]] [test-repo:test-snap] failed to create snapshot
[test-idx][[test-idx][5]] IndexShardSnapshotFailedException[Failed to perform snapshot (index files)]; nested: IOException[Random IOException];
	at org.elasticsearch.index.snapshots.blobstore.BlobStoreIndexShardRepository$SnapshotContext.snapshot(BlobStoreIndexShardRepository.java:600)
	at org.elasticsearch.index.snapshots.blobstore.BlobStoreIndexShardRepository.snapshot(BlobStoreIndexShardRepository.java:183)
	at org.elasticsearch.snapshots.SnapshotShardsService.snapshot(SnapshotShardsService.java:343)
	at org.elasticsearch.snapshots.SnapshotShardsService.access$200(SnapshotShardsService.java:79)
	at org.elasticsearch.snapshots.SnapshotShardsService$1.doRun(SnapshotShardsService.java:299)
	at org.elasticsearch.common.util.concurrent.AbstractRunnable.run(AbstractRunnable.java:37)
	at java.util.concurrent.ThreadPoolExecutor.runWorker(ThreadPoolExecutor.java:1142)
	at java.util.concurrent.ThreadPoolExecutor$Worker.run(ThreadPoolExecutor.java:617)
	at java.lang.Thread.run(Thread.java:745)
Caused by: java.io.IOException: Random IOException
	at org.elasticsearch.snapshots.mockstore.MockRepository$MockBlobStore$MockBlobContainer.maybeIOExceptionOrBlock(MockRepository.java:277)
	at org.elasticsearch.snapshots.mockstore.MockRepository$MockBlobStore$MockBlobContainer.writeBlob(MockRepository.java:363)
	at org.elasticsearch.index.snapshots.blobstore.BlobStoreIndexShardRepository$SnapshotContext.snapshotFile(BlobStoreIndexShardRepository.java:652)
	at org.elasticsearch.index.snapshots.blobstore.BlobStoreIndexShardRepository$SnapshotContext.snapshot(BlobStoreIndexShardRepository.java:598)
	... 8 more
[2016-04-18 03:05:04,514][WARN ][org.elasticsearch.snapshots] [node_s0] [[test-idx][4]] [test-repo:test-snap] failed to create snapshot
[test-idx][[test-idx][4]] IndexShardSnapshotFailedException[Failed to perform snapshot (index files)]; nested: IOException[Random IOException];
	at org.elasticsearch.index.snapshots.blobstore.BlobStoreIndexShardRepository$SnapshotContext.snapshot(BlobStoreIndexShardRepository.java:600)
	at org.elasticsearch.index.snapshots.blobstore.BlobStoreIndexShardRepository.snapshot(BlobStoreIndexShardRepository.java:183)
	at org.elasticsearch.snapshots.SnapshotShardsService.snapshot(SnapshotShardsService.java:343)
	at org.elasticsearch.snapshots.SnapshotShardsService.access$200(SnapshotShardsService.java:79)
	at org.elasticsearch.snapshots.SnapshotShardsService$1.doRun(SnapshotShardsService.java:299)
	at org.elasticsearch.common.util.concurrent.AbstractRunnable.run(AbstractRunnable.java:37)
	at java.util.concurrent.ThreadPoolExecutor.runWorker(ThreadPoolExecutor.java:1142)
	at java.util.concurrent.ThreadPoolExecutor$Worker.run(ThreadPoolExecutor.java:617)
	at java.lang.Thread.run(Thread.java:745)
Caused by: java.io.IOException: Random IOException
	at org.elasticsearch.snapshots.mockstore.MockRepository$MockBlobStore$MockBlobContainer.maybeIOExceptionOrBlock(MockRepository.java:277)
	at org.elasticsearch.snapshots.mockstore.MockRepository$MockBlobStore$MockBlobContainer.writeBlob(MockRepository.java:363)
	at org.elasticsearch.index.snapshots.blobstore.BlobStoreIndexShardRepository$SnapshotContext.snapshotFile(BlobStoreIndexShardRepository.java:652)
	at org.elasticsearch.index.snapshots.blobstore.BlobStoreIndexShardRepository$SnapshotContext.snapshot(BlobStoreIndexShardRepository.java:598)
	... 8 more
[2016-04-18 03:05:04,522][WARN ][org.elasticsearch.snapshots] [node_s0] [[test-idx][3]] [test-repo:test-snap] failed to create snapshot
[test-idx][[test-idx][3]] IndexShardSnapshotFailedException[Failed to perform snapshot (index files)]; nested: IOException[Random IOException];
	at org.elasticsearch.index.snapshots.blobstore.BlobStoreIndexShardRepository$SnapshotContext.snapshot(BlobStoreIndexShardRepository.java:600)
	at org.elasticsearch.index.snapshots.blobstore.BlobStoreIndexShardRepository.snapshot(BlobStoreIndexShardRepository.java:183)
	at org.elasticsearch.snapshots.SnapshotShardsService.snapshot(SnapshotShardsService.java:343)
	at org.elasticsearch.snapshots.SnapshotShardsService.access$200(SnapshotShardsService.java:79)
	at org.elasticsearch.snapshots.SnapshotShardsService$1.doRun(SnapshotShardsService.java:299)
	at org.elasticsearch.common.util.concurrent.AbstractRunnable.run(AbstractRunnable.java:37)
	at java.util.concurrent.ThreadPoolExecutor.runWorker(ThreadPoolExecutor.java:1142)
	at java.util.concurrent.ThreadPoolExecutor$Worker.run(ThreadPoolExecutor.java:617)
	at java.lang.Thread.run(Thread.java:745)
Caused by: java.io.IOException: Random IOException
	at org.elasticsearch.snapshots.mockstore.MockRepository$MockBlobStore$MockBlobContainer.maybeIOExceptionOrBlock(MockRepository.java:277)
	at org.elasticsearch.snapshots.mockstore.MockRepository$MockBlobStore$MockBlobContainer.writeBlob(MockRepository.java:363)
	at org.elasticsearch.index.snapshots.blobstore.BlobStoreIndexShardRepository$SnapshotContext.snapshotFile(BlobStoreIndexShardRepository.java:652)
	at org.elasticsearch.index.snapshots.blobstore.BlobStoreIndexShardRepository$SnapshotContext.snapshot(BlobStoreIndexShardRepository.java:598)
	... 8 more
[2016-04-18 03:05:04,527][WARN ][org.elasticsearch.snapshots] [node_s0] [[test-idx][9]] [test-repo:test-snap] failed to create snapshot
[test-idx][[test-idx][9]] IndexShardSnapshotFailedException[Failed to perform snapshot (index files)]; nested: IOException[Random IOException];
	at org.elasticsearch.index.snapshots.blobstore.BlobStoreIndexShardRepository$SnapshotContext.snapshot(BlobStoreIndexShardRepository.java:600)
	at org.elasticsearch.index.snapshots.blobstore.BlobStoreIndexShardRepository.snapshot(BlobStoreIndexShardRepository.java:183)
	at org.elasticsearch.snapshots.SnapshotShardsService.snapshot(SnapshotShardsService.java:343)
	at org.elasticsearch.snapshots.SnapshotShardsService.access$200(SnapshotShardsService.java:79)
	at org.elasticsearch.snapshots.SnapshotShardsService$1.doRun(SnapshotShardsService.java:299)
	at org.elasticsearch.common.util.concurrent.AbstractRunnable.run(AbstractRunnable.java:37)
	at java.util.concurrent.ThreadPoolExecutor.runWorker(ThreadPoolExecutor.java:1142)
	at java.util.concurrent.ThreadPoolExecutor$Worker.run(ThreadPoolExecutor.java:617)
	at java.lang.Thread.run(Thread.java:745)
Caused by: java.io.IOException: Random IOException
	at org.elasticsearch.snapshots.mockstore.MockRepository$MockBlobStore$MockBlobContainer.maybeIOExceptionOrBlock(MockRepository.java:277)
	at org.elasticsearch.snapshots.mockstore.MockRepository$MockBlobStore$MockBlobContainer.writeBlob(MockRepository.java:363)
	at org.elasticsearch.index.snapshots.blobstore.BlobStoreIndexShardRepository$SnapshotContext.snapshotFile(BlobStoreIndexShardRepository.java:652)
	at org.elasticsearch.index.snapshots.blobstore.BlobStoreIndexShardRepository$SnapshotContext.snapshot(BlobStoreIndexShardRepository.java:598)
	... 8 more
[2016-04-18 03:05:04,531][WARN ][org.elasticsearch.snapshots] [node_s0] [[test-idx][8]] [test-repo:test-snap] failed to create snapshot
[test-idx][[test-idx][8]] IndexShardSnapshotFailedException[Failed to perform snapshot (index files)]; nested: IOException[Random IOException];
	at org.elasticsearch.index.snapshots.blobstore.BlobStoreIndexShardRepository$SnapshotContext.snapshot(BlobStoreIndexShardRepository.java:600)
	at org.elasticsearch.index.snapshots.blobstore.BlobStoreIndexShardRepository.snapshot(BlobStoreIndexShardRepository.java:183)
	at org.elasticsearch.snapshots.SnapshotShardsService.snapshot(SnapshotShardsService.java:343)
	at org.elasticsearch.snapshots.SnapshotShardsService.access$200(SnapshotShardsService.java:79)
	at org.elasticsearch.snapshots.SnapshotShardsService$1.doRun(SnapshotShardsService.java:299)
	at org.elasticsearch.common.util.concurrent.AbstractRunnable.run(AbstractRunnable.java:37)
	at java.util.concurrent.ThreadPoolExecutor.runWorker(ThreadPoolExecutor.java:1142)
	at java.util.concurrent.ThreadPoolExecutor$Worker.run(ThreadPoolExecutor.java:617)
	at java.lang.Thread.run(Thread.java:745)
Caused by: java.io.IOException: Random IOException
	at org.elasticsearch.snapshots.mockstore.MockRepository$MockBlobStore$MockBlobContainer.maybeIOExceptionOrBlock(MockRepository.java:277)
	at org.elasticsearch.snapshots.mockstore.MockRepository$MockBlobStore$MockBlobContainer.writeBlob(MockRepository.java:363)
	at org.elasticsearch.index.snapshots.blobstore.BlobStoreIndexShardRepository$SnapshotContext.snapshotFile(BlobStoreIndexShardRepository.java:652)
	at org.elasticsearch.index.snapshots.blobstore.BlobStoreIndexShardRepository$SnapshotContext.snapshot(BlobStoreIndexShardRepository.java:598)
	... 8 more
[2016-04-18 03:05:04,532][WARN ][org.elasticsearch.snapshots] [node_s0] [[test-idx][7]] [test-repo:test-snap] failed to create snapshot
[test-idx][[test-idx][7]] IndexShardSnapshotFailedException[Failed to perform snapshot (index files)]; nested: IOException[Random IOException];
	at org.elasticsearch.index.snapshots.blobstore.BlobStoreIndexShardRepository$SnapshotContext.snapshot(BlobStoreIndexShardRepository.java:600)
	at org.elasticsearch.index.snapshots.blobstore.BlobStoreIndexShardRepository.snapshot(BlobStoreIndexShardRepository.java:183)
	at org.elasticsearch.snapshots.SnapshotShardsService.snapshot(SnapshotShardsService.java:343)
	at org.elasticsearch.snapshots.SnapshotShardsService.access$200(SnapshotShardsService.java:79)
	at org.elasticsearch.snapshots.SnapshotShardsService$1.doRun(SnapshotShardsService.java:299)
	at org.elasticsearch.common.util.concurrent.AbstractRunnable.run(AbstractRunnable.java:37)
	at java.util.concurrent.ThreadPoolExecutor.runWorker(ThreadPoolExecutor.java:1142)
	at java.util.concurrent.ThreadPoolExecutor$Worker.run(ThreadPoolExecutor.java:617)
	at java.lang.Thread.run(Thread.java:745)
Caused by: java.io.IOException: Random IOException
	at org.elasticsearch.snapshots.mockstore.MockRepository$MockBlobStore$MockBlobContainer.maybeIOExceptionOrBlock(MockRepository.java:277)
	at org.elasticsearch.snapshots.mockstore.MockRepository$MockBlobStore$MockBlobContainer.writeBlob(MockRepository.java:363)
	at org.elasticsearch.index.snapshots.blobstore.BlobStoreIndexShardRepository$SnapshotContext.snapshotFile(BlobStoreIndexShardRepository.java:652)
	at org.elasticsearch.index.snapshots.blobstore.BlobStoreIndexShardRepository$SnapshotContext.snapshot(BlobStoreIndexShardRepository.java:598)
	... 8 more
[2016-04-18 03:05:04,539][WARN ][org.elasticsearch.snapshots] [node_s0] [[test-idx][1]] [test-repo:test-snap] failed to create snapshot
[test-idx][[test-idx][1]] IndexShardSnapshotFailedException[Failed to perform snapshot (index files)]; nested: IOException[Random IOException];
	at org.elasticsearch.index.snapshots.blobstore.BlobStoreIndexShardRepository$SnapshotContext.snapshot(BlobStoreIndexShardRepository.java:600)
	at org.elasticsearch.index.snapshots.blobstore.BlobStoreIndexShardRepository.snapshot(BlobStoreIndexShardRepository.java:183)
	at org.elasticsearch.snapshots.SnapshotShardsService.snapshot(SnapshotShardsService.java:343)
	at org.elasticsearch.snapshots.SnapshotShardsService.access$200(SnapshotShardsService.java:79)
	at org.elasticsearch.snapshots.SnapshotShardsService$1.doRun(SnapshotShardsService.java:299)
	at org.elasticsearch.common.util.concurrent.AbstractRunnable.run(AbstractRunnable.java:37)
	at java.util.concurrent.ThreadPoolExecutor.runWorker(ThreadPoolExecutor.java:1142)
	at java.util.concurrent.ThreadPoolExecutor$Worker.run(ThreadPoolExecutor.java:617)
	at java.lang.Thread.run(Thread.java:745)
Caused by: java.io.IOException: Random IOException
	at org.elasticsearch.snapshots.mockstore.MockRepository$MockBlobStore$MockBlobContainer.maybeIOExceptionOrBlock(MockRepository.java:277)
	at org.elasticsearch.snapshots.mockstore.MockRepository$MockBlobStore$MockBlobContainer.writeBlob(MockRepository.java:363)
	at org.elasticsearch.index.snapshots.blobstore.BlobStoreIndexShardRepository$SnapshotContext.snapshotFile(BlobStoreIndexShardRepository.java:652)
	at org.elasticsearch.index.snapshots.blobstore.BlobStoreIndexShardRepository$SnapshotContext.snapshot(BlobStoreIndexShardRepository.java:598)
	... 8 more
[2016-04-18 03:05:04,540][WARN ][org.elasticsearch.snapshots] [node_s0] [[test-idx][6]] [test-repo:test-snap] failed to create snapshot
[test-idx][[test-idx][6]] IndexShardSnapshotFailedException[Failed to perform snapshot (index files)]; nested: IOException[Random IOException];
	at org.elasticsearch.index.snapshots.blobstore.BlobStoreIndexShardRepository$SnapshotContext.snapshot(BlobStoreIndexShardRepository.java:600)
[...]
	at org.elasticsearch.index.shard.StoreRecovery.executeRecovery(StoreRecovery.java:165)
	at org.elasticsearch.index.shard.StoreRecovery.recoverFromRepository(StoreRecovery.java:97)
	at org.elasticsearch.index.shard.IndexShard.restoreFromRepository(IndexShard.java:1065)
	at org.elasticsearch.indices.cluster.IndicesClusterStateService.lambda$applyInitializingShard$196(IndicesClusterStateService.java:665)
	at java.util.concurrent.ThreadPoolExecutor.runWorker(ThreadPoolExecutor.java:1142)
	at java.util.concurrent.ThreadPoolExecutor$Worker.run(ThreadPoolExecutor.java:617)
	at java.lang.Thread.run(Thread.java:745)
Caused by: [test-idx][[test-idx][0]] IndexShardRestoreFailedException[restore failed]; nested: IndexShardRestoreFailedException[failed to restore snapshot [test-snap]]; nested: IndexShardRestoreFailedException[Failed to recover index]; nested: IOException[Random IOException];
	at org.elasticsearch.index.shard.StoreRecovery.restore(StoreRecovery.java:265)
	at org.elasticsearch.index.shard.StoreRecovery.lambda$recoverFromRepository$190(StoreRecovery.java:99)
	at org.elasticsearch.index.shard.StoreRecovery.executeRecovery(StoreRecovery.java:122)
	... 6 more
Caused by: [test-idx][[test-idx][0]] IndexShardRestoreFailedException[failed to restore snapshot [test-snap]]; nested: IndexShardRestoreFailedException[Failed to recover index]; nested: IOException[Random IOException];
	at org.elasticsearch.index.snapshots.blobstore.BlobStoreIndexShardRepository.restore(BlobStoreIndexShardRepository.java:207)
	at org.elasticsearch.index.shard.StoreRecovery.restore(StoreRecovery.java:260)
	... 8 more
Caused by: [test-idx][[test-idx][0]] IndexShardRestoreFailedException[Failed to recover index]; nested: IOException[Random IOException];
	at org.elasticsearch.index.snapshots.blobstore.BlobStoreIndexShardRepository$RestoreContext.restore(BlobStoreIndexShardRepository.java:866)
	at org.elasticsearch.index.snapshots.blobstore.BlobStoreIndexShardRepository.restore(BlobStoreIndexShardRepository.java:205)
	... 9 more
Caused by: java.io.IOException: Random IOException
	at org.elasticsearch.snapshots.mockstore.MockRepository$MockBlobStore$MockBlobContainer.maybeIOExceptionOrBlock(MockRepository.java:277)
	at org.elasticsearch.snapshots.mockstore.MockRepository$MockBlobStore$MockBlobContainer.readBlob(MockRepository.java:321)
	at org.elasticsearch.index.snapshots.blobstore.BlobStoreIndexShardRepository$PartSliceStream.openSlice(BlobStoreIndexShardRepository.java:768)
	at org.elasticsearch.index.snapshots.blobstore.SlicedInputStream.nextStream(SlicedInputStream.java:53)
	at org.elasticsearch.index.snapshots.blobstore.SlicedInputStream.currentStream(SlicedInputStream.java:67)
	at org.elasticsearch.index.snapshots.blobstore.SlicedInputStream.read(SlicedInputStream.java:88)
	at java.io.FilterInputStream.read(FilterInputStream.java:133)
	at org.elasticsearch.index.snapshots.blobstore.RateLimitingInputStream.read(RateLimitingInputStream.java:69)
	at java.io.FilterInputStream.read(FilterInputStream.java:107)
	at org.elasticsearch.index.snapshots.blobstore.BlobStoreIndexShardRepository$RestoreContext.restoreFile(BlobStoreIndexShardRepository.java:923)
	at org.elasticsearch.index.snapshots.blobstore.BlobStoreIndexShardRepository$RestoreContext.restore(BlobStoreIndexShardRepository.java:863)
	... 10 more
[2016-04-18 03:07:11,294][WARN ][org.elasticsearch.cluster.action.shard] [node_s0] [test-idx][0] received shard failed for [test-idx][0], node[lj75BjuZSd2o_TVaj677gw], [P], v[1], restoring[test-repo:test-snap], s[INITIALIZING], a[id=-sayTtc_RA2Voy2I0VzbHA], unassigned_info[[reason=NEW_INDEX_RESTORED], at[2016-04-18T07:07:11.281Z], details[restore_source[test-repo/test-snap]]], expected_shard_size[4260], indexUUID [nkq1kDqiSTeAHIJ6G6401g], message [failed recovery], failure [IndexShardRecoveryException[failed recovery]; nested: IndexShardRestoreFailedException[restore failed]; nested: IndexShardRestoreFailedException[failed to restore snapshot [test-snap]]; nested: IndexShardRestoreFailedException[Failed to recover index]; nested: IOException[Random IOException]; ]
[test-idx][[test-idx][0]] IndexShardRecoveryException[failed recovery]; nested: IndexShardRestoreFailedException[restore failed]; nested: IndexShardRestoreFailedException[failed to restore snapshot [test-snap]]; nested: IndexShardRestoreFailedException[Failed to recover index]; nested: IOException[Random IOException];
	at org.elasticsearch.index.shard.StoreRecovery.executeRecovery(StoreRecovery.java:165)
	at org.elasticsearch.index.shard.StoreRecovery.recoverFromRepository(StoreRecovery.java:97)
	at org.elasticsearch.index.shard.IndexShard.restoreFromRepository(IndexShard.java:1065)
	at org.elasticsearch.indices.cluster.IndicesClusterStateService.lambda$applyInitializingShard$196(IndicesClusterStateService.java:665)
	at java.util.concurrent.ThreadPoolExecutor.runWorker(ThreadPoolExecutor.java:1142)
	at java.util.concurrent.ThreadPoolExecutor$Worker.run(ThreadPoolExecutor.java:617)
	at java.lang.Thread.run(Thread.java:745)
Caused by: [test-idx][[test-idx][0]] IndexShardRestoreFailedException[restore failed]; nested: IndexShardRestoreFailedException[failed to restore snapshot [test-snap]]; nested: IndexShardRestoreFailedException[Failed to recover index]; nested: IOException[Random IOException];
	at org.elasticsearch.index.shard.StoreRecovery.restore(StoreRecovery.java:265)
	at org.elasticsearch.index.shard.StoreRecovery.lambda$recoverFromRepository$190(StoreRecovery.java:99)
	at org.elasticsearch.index.shard.StoreRecovery.executeRecovery(StoreRecovery.java:122)
	... 6 more
Caused by: [test-idx][[test-idx][0]] IndexShardRestoreFailedException[failed to restore snapshot [test-snap]]; nested: IndexShardRestoreFailedException[Failed to recover index]; nested: IOException[Random IOException];
	at org.elasticsearch.index.snapshots.blobstore.BlobStoreIndexShardRepository.restore(BlobStoreIndexShardRepository.java:207)
	at org.elasticsearch.index.shard.StoreRecovery.restore(StoreRecovery.java:260)
	... 8 more
Caused by: [test-idx][[test-idx][0]] IndexShardRestoreFailedException[Failed to recover index]; nested: IOException[Random IOException];
	at org.elasticsearch.index.snapshots.blobstore.BlobStoreIndexShardRepository$RestoreContext.restore(BlobStoreIndexShardRepository.java:866)
	at org.elasticsearch.index.snapshots.blobstore.BlobStoreIndexShardRepository.restore(BlobStoreIndexShardRepository.java:205)
	... 9 more
Caused by: java.io.IOException: Random IOException
	at org.elasticsearch.snapshots.mockstore.MockRepository$MockBlobStore$MockBlobContainer.maybeIOExceptionOrBlock(MockRepository.java:277)
	at org.elasticsearch.snapshots.mockstore.MockRepository$MockBlobStore$MockBlobContainer.readBlob(MockRepository.java:321)
	at org.elasticsearch.index.snapshots.blobstore.BlobStoreIndexShardRepository$PartSliceStream.openSlice(BlobStoreIndexShardRepository.java:768)
	at org.elasticsearch.index.snapshots.blobstore.SlicedInputStream.nextStream(SlicedInputStream.java:53)
	at org.elasticsearch.index.snapshots.blobstore.SlicedInputStream.currentStream(SlicedInputStream.java:67)
	at org.elasticsearch.index.snapshots.blobstore.SlicedInputStream.read(SlicedInputStream.java:88)
	at java.io.FilterInputStream.read(FilterInputStream.java:133)
	at org.elasticsearch.index.snapshots.blobstore.RateLimitingInputStream.read(RateLimitingInputStream.java:69)
	at java.io.FilterInputStream.read(FilterInputStream.java:107)
	at org.elasticsearch.index.snapshots.blobstore.BlobStoreIndexShardRepository$RestoreContext.restoreFile(BlobStoreIndexShardRepository.java:923)
	at org.elasticsearch.index.snapshots.blobstore.BlobStoreIndexShardRepository$RestoreContext.restore(BlobStoreIndexShardRepository.java:863)
	... 10 more
[2016-04-18 03:07:11,297][WARN ][org.elasticsearch.indices.cluster] [node_s0] [[test-idx][1]] marking and sending shard failed due to [failed recovery]
[test-idx][[test-idx][1]] IndexShardRecoveryException[failed recovery]; nested: IndexShardRestoreFailedException[restore failed]; nested: IndexShardRestoreFailedException[failed to restore snapshot [test-snap]]; nested: IndexShardRestoreFailedException[Failed to recover index]; nested: IOException[Random IOException];
	at org.elasticsearch.index.shard.StoreRecovery.executeRecovery(StoreRecovery.java:165)
	at org.elasticsearch.index.shard.StoreRecovery.recoverFromRepository(StoreRecovery.java:97)
	at org.elasticsearch.index.shard.IndexShard.restoreFromRepository(IndexShard.java:1065)
	at org.elasticsearch.indices.cluster.IndicesClusterStateService.lambda$applyInitializingShard$196(IndicesClusterStateService.java:665)
	at java.util.concurrent.ThreadPoolExecutor.runWorker(ThreadPoolExecutor.java:1142)
	at java.util.concurrent.ThreadPoolExecutor$Worker.run(ThreadPoolExecutor.java:617)
	at java.lang.Thread.run(Thread.java:745)
Caused by: [test-idx][[test-idx][1]] IndexShardRestoreFailedException[restore failed]; nested: IndexShardRestoreFailedException[failed to restore snapshot [test-snap]]; nested: IndexShardRestoreFailedException[Failed to recover index]; nested: IOException[Random IOException];
	at org.elasticsearch.index.shard.StoreRecovery.restore(StoreRecovery.java:265)
	at org.elasticsearch.index.shard.StoreRecovery.lambda$recoverFromRepository$190(StoreRecovery.java:99)
	at org.elasticsearch.index.shard.StoreRecovery.executeRecovery(StoreRecovery.java:122)
	... 6 more
Caused by: [test-idx][[test-idx][1]] IndexShardRestoreFailedException[failed to restore snapshot [test-snap]]; nested: IndexShardRestoreFailedException[Failed to recover index]; nested: IOException[Random IOException];
	at org.elasticsearch.index.snapshots.blobstore.BlobStoreIndexShardRepository.restore(BlobStoreIndexShardRepository.java:207)
	at org.elasticsearch.index.shard.StoreRecovery.restore(StoreRecovery.java:260)
	... 8 more
Caused by: [test-idx][[test-idx][1]] IndexShardRestoreFailedException[Failed to recover index]; nested: IOException[Random IOException];
	at org.elasticsearch.index.snapshots.blobstore.BlobStoreIndexShardRepository$RestoreContext.restore(BlobStoreIndexShardRepository.java:866)
	at org.elasticsearch.index.snapshots.blobstore.BlobStoreIndexShardRepository.restore(BlobStoreIndexShardRepository.java:205)
	... 9 more
Caused by: java.io.IOException: Random IOException
	at org.elasticsearch.snapshots.mockstore.MockRepository$MockBlobStore$MockBlobContainer.maybeIOExceptionOrBlock(MockRepository.java:277)
	at org.elasticsearch.snapshots.mockstore.MockRepository$MockBlobStore$MockBlobContainer.readBlob(MockRepository.java:321)
	at org.elasticsearch.index.snapshots.blobstore.BlobStoreIndexShardRepository$PartSliceStream.openSlice(BlobStoreIndexShardRepository.java:768)
	at org.elasticsearch.index.snapshots.blobstore.SlicedInputStream.nextStream(SlicedInputStream.java:53)
	at org.elasticsearch.index.snapshots.blobstore.SlicedInputStream.currentStream(SlicedInputStream.java:67)
	at org.elasticsearch.index.snapshots.blobstore.SlicedInputStream.read(SlicedInputStream.java:88)
	at java.io.FilterInputStream.read(FilterInputStream.java:133)
	at org.elasticsearch.index.snapshots.blobstore.RateLimitingInputStream.read(RateLimitingInputStream.java:69)
	at java.io.FilterInputStream.read(FilterInputStream.java:107)
	at org.elasticsearch.index.snapshots.blobstore.BlobStoreIndexShardRepository$RestoreContext.restoreFile(BlobStoreIndexShardRepository.java:923)
	at org.elasticsearch.index.snapshots.blobstore.BlobStoreIndexShardRepository$RestoreContext.restore(BlobStoreIndexShardRepository.java:863)
	... 10 more
[2016-04-18 03:07:11,298][WARN ][org.elasticsearch.cluster.action.shard] [node_s0] [test-idx][1] received shard failed for [test-idx][1], node[lj75BjuZSd2o_TVaj677gw], [P], v[1], restoring[test-repo:test-snap], s[INITIALIZING], a[id=JTHft1olSq6l25_GTKldGA], unassigned_info[[reason=NEW_INDEX_RESTORED], at[2016-04-18T07:07:11.281Z], details[restore_source[test-repo/test-snap]]], expected_shard_size[4453], indexUUID [nkq1kDqiSTeAHIJ6G6401g], message [failed recovery], failure [IndexShardRecoveryException[failed recovery]; nested: IndexShardRestoreFailedException[restore failed]; nested: IndexShardRestoreFailedException[failed to restore snapshot [test-snap]]; nested: IndexShardRestoreFailedException[Failed to recover index]; nested: IOException[Random IOException]; ]
[test-idx][[test-idx][1]] IndexShardRecoveryException[failed recovery]; nested: IndexShardRestoreFailedException[restore failed]; nested: IndexShardRestoreFailedException[failed to restore snapshot [test-snap]]; nested: IndexShardRestoreFailedException[Failed to recover index]; nested: IOException[Random IOException];
	at org.elasticsearch.index.shard.StoreRecovery.executeRecovery(StoreRecovery.java:165)
	at org.elasticsearch.index.shard.StoreRecovery.recoverFromRepository(StoreRecovery.java:97)
	at org.elasticsearch.index.shard.IndexShard.restoreFromRepository(IndexShard.java:1065)
	at org.elasticsearch.indices.cluster.IndicesClusterStateService.lambda$applyInitializingShard$196(IndicesClusterStateService.java:665)
	at java.util.concurrent.ThreadPoolExecutor.runWorker(ThreadPoolExecutor.java:1142)
	at java.util.concurrent.ThreadPoolExecutor$Worker.run(ThreadPoolExecutor.java:617)
	at java.lang.Thread.run(Thread.java:745)
Caused by: [test-idx][[test-idx][1]] IndexShardRestoreFailedException[restore failed]; nested: IndexShardRestoreFailedException[failed to restore snapshot [test-snap]]; nested: IndexShardRestoreFailedException[Failed to recover index]; nested: IOException[Random IOException];
	at org.elasticsearch.index.shard.StoreRecovery.restore(StoreRecovery.java:265)
	at org.elasticsearch.index.shard.StoreRecovery.lambda$recoverFromRepository$190(StoreRecovery.java:99)
	at org.elasticsearch.index.shard.StoreRecovery.executeRecovery(StoreRecovery.java:122)
	... 6 more
Caused by: [test-idx][[test-idx][1]] IndexShardRestoreFailedException[failed to restore snapshot [test-snap]]; nested: IndexShardRestoreFailedException[Failed to recover index]; nested: IOException[Random IOException];
	at org.elasticsearch.index.snapshots.blobstore.BlobStoreIndexShardRepository.restore(BlobStoreIndexShardRepository.java:207)
	at org.elasticsearch.index.shard.StoreRecovery.restore(StoreRecovery.java:260)
	... 8 more
Caused by: [test-idx][[test-idx][1]] IndexShardRestoreFailedException[Failed to recover index]; nested: IOException[Random IOException];
	at org.elasticsearch.index.snapshots.blobstore.BlobStoreIndexShardRepository$RestoreContext.restore(BlobStoreIndexShardRepository.java:866)
	at org.elasticsearch.index.snapshots.blobstore.BlobStoreIndexShardRepository.restore(BlobStoreIndexShardRepository.java:205)
	... 9 more
Caused by: java.io.IOException: Random IOException
	at org.elasticsearch.snapshots.mockstore.MockRepository$MockBlobStore$MockBlobContainer.maybeIOExceptionOrBlock(MockRepository.java:277)
	at org.elasticsearch.snapshots.mockstore.MockRepository$MockBlobStore$MockBlobContainer.readBlob(MockRepository.java:321)
	at org.elasticsearch.index.snapshots.blobstore.BlobStoreIndexShardRepository$PartSliceStream.openSlice(BlobStoreIndexShardRepository.java:768)
	at org.elasticsearch.index.snapshots.blobstore.SlicedInputStream.nextStream(SlicedInputStream.java:53)
	at org.elasticsearch.index.snapshots.blobstore.SlicedInputStream.currentStream(SlicedInputStream.java:67)
	at org.elasticsearch.index.snapshots.blobstore.SlicedInputStream.read(SlicedInputStream.java:88)
	at java.io.FilterInputStream.read(FilterInputStream.java:133)
	at org.elasticsearch.index.snapshots.blobstore.RateLimitingInputStream.read(RateLimitingInputStream.java:69)
	at java.io.FilterInputStream.read(FilterInputStream.java:107)
	at org.elasticsearch.index.snapshots.blobstore.BlobStoreIndexShardRepository$RestoreContext.restoreFile(BlobStoreIndexShardRepository.java:923)
	at org.elasticsearch.index.snapshots.blobstore.BlobStoreIndexShardRepository$RestoreContext.restore(BlobStoreIndexShardRepository.java:863)
	... 10 more
[2016-04-18 03:07:11,724][WARN ][org.elasticsearch.snapshots] [node_s0] [test-repo:test-snap] failed to restore snapshot
SnapshotRestoreException[[test-repo:test-snap] cannot modify setting [index.number_of_shards] on restore]
	at org.elasticsearch.snapshots.RestoreService$1.updateIndexSettings(RestoreService.java:416)
	at org.elasticsearch.snapshots.RestoreService$1.execute(RestoreService.java:241)
	at org.elasticsearch.cluster.ClusterStateUpdateTask.execute(ClusterStateUpdateTask.java:45)
	at org.elasticsearch.cluster.service.InternalClusterService.runTasksForExecutor(InternalClusterService.java:447)
	at org.elasticsearch.cluster.service.InternalClusterService$UpdateTask.run(InternalClusterService.java:761)
	at org.elasticsearch.common.util.concurrent.PrioritizedEsThreadPoolExecutor$TieBreakingPrioritizedRunnable.runAndClean(PrioritizedEsThreadPoolExecutor.java:231)
	at org.elasticsearch.common.util.concurrent.PrioritizedEsThreadPoolExecutor$TieBreakingPrioritizedRunnable.run(PrioritizedEsThreadPoolExecutor.java:194)
	at java.util.concurrent.ThreadPoolExecutor.runWorker(ThreadPoolExecutor.java:1142)
	at java.util.concurrent.ThreadPoolExecutor$Worker.run(ThreadPoolExecutor.java:617)
	at java.lang.Thread.run(Thread.java:745)
[2016-04-18 03:07:11,726][WARN ][org.elasticsearch.snapshots] [node_s0] [test-repo:test-snap] failed to restore snapshot
java.lang.IllegalArgumentException: must specify non-negative number of shards for index [test-idx]
	at org.elasticsearch.cluster.metadata.IndexMetaData$Builder.build(IndexMetaData.java:753)
	at org.elasticsearch.snapshots.RestoreService$1.updateIndexSettings(RestoreService.java:422)
	at org.elasticsearch.snapshots.RestoreService$1.execute(RestoreService.java:241)
	at org.elasticsearch.cluster.ClusterStateUpdateTask.execute(ClusterStateUpdateTask.java:45)
	at org.elasticsearch.cluster.service.InternalClusterService.runTasksForExecutor(InternalClusterService.java:447)
	at org.elasticsearch.cluster.service.InternalClusterService$UpdateTask.run(InternalClusterService.java:761)
	at org.elasticsearch.common.util.concurrent.PrioritizedEsThreadPoolExecutor$TieBreakingPrioritizedRunnable.runAndClean(PrioritizedEsThreadPoolExecutor.java:231)
	at org.elasticsearch.common.util.concurrent.PrioritizedEsThreadPoolExecutor$TieBreakingPrioritizedRunnable.run(PrioritizedEsThreadPoolExecutor.java:194)
	at java.util.concurrent.ThreadPoolExecutor.runWorker(ThreadPoolExecutor.java:1142)
	at java.util.concurrent.ThreadPoolExecutor$Worker.run(ThreadPoolExecutor.java:617)
	at java.lang.Thread.run(Thread.java:745)
[2016-04-18 03:07:12,060][WARN ][org.elasticsearch.repositories.fs] [node_s0] cannot read snapshot file [test-repo:test-snap-1]
java.lang.IllegalStateException: class org.apache.lucene.store.BufferedChecksumIndexInput cannot seek backwards (pos=-9 getFilePointer()=0)
	at org.apache.lucene.store.ChecksumIndexInput.seek(ChecksumIndexInput.java:50)
	at org.apache.lucene.codecs.CodecUtil.checksumEntireFile(CodecUtil.java:448)
	at org.elasticsearch.repositories.blobstore.ChecksumBlobStoreFormat.readBlob(ChecksumBlobStoreFormat.java:106)
	at org.elasticsearch.repositories.blobstore.BlobStoreFormat.read(BlobStoreFormat.java:86)
	at org.elasticsearch.repositories.blobstore.BlobStoreRepository.readSnapshot(BlobStoreRepository.java:438)
	at org.elasticsearch.repositories.blobstore.BlobStoreRepository.deleteSnapshot(BlobStoreRepository.java:298)
	at org.elasticsearch.snapshots.SnapshotsService$8.run(SnapshotsService.java:1009)
	at java.util.concurrent.ThreadPoolExecutor.runWorker(ThreadPoolExecutor.java:1142)
	at java.util.concurrent.ThreadPoolExecutor$Worker.run(ThreadPoolExecutor.java:617)
	at java.lang.Thread.run(Thread.java:745)
]]></system-out>
   <system-err><![CDATA[]]></system-err>
</testsuite>